[0.077s] Invoking command in '/home/copperbottoms/code/Copperbottoms/ros_ws/build/robo_rover': CMAKE_PREFIX_PATH=/home/copperbottoms/code/Copperbottoms/ros_ws/install/custom_messages:/home/copperbottoms/code/Copperbottoms/ros_ws/install/rplidar_ros:/home/copperbottoms/code/Copperbottoms/ros_ws/install/amy_test:/home/copperbottoms/code/Copperbottoms/ros_ws/install/robo_rover:/home/copperbottoms/code/Copperbottoms/ros_ws/install/rf2o_laser_odometry:/home/copperbottoms/code/Copperbottoms/ros_ws/install/visualize_sensors:/home/copperbottoms/code/Copperbottoms/ros_ws/install/realsense_publisher:/home/copperbottoms/code/Copperbottoms/ros_ws/install/obstacle_avoidance:/home/copperbottoms/code/Copperbottoms/ros_ws/install/landmark_slam:/home/copperbottoms/code/Copperbottoms/ros_ws/install/imu_pose_estimate:/home/copperbottoms/code/Copperbottoms/ros_ws/install/camera_navigation:/opt/ros/humble LD_LIBRARY_PATH=/home/copperbottoms/code/Copperbottoms/ros_ws/install/custom_messages/lib:/home/copperbottoms/code/Copperbottoms/ros_ws/install/amy_test/lib:/opt/ros/humble/opt/rviz_ogre_vendor/lib:/opt/ros/humble/lib/aarch64-linux-gnu:/opt/ros/humble/lib /usr/bin/cmake --build /home/copperbottoms/code/Copperbottoms/ros_ws/build/robo_rover -- -j4 -l4
[0.360s] Built target ament_cmake_python_copy_robo_rover
[1.840s] running egg_info
[1.843s] writing robo_rover.egg-info/PKG-INFO
[1.844s] writing dependency_links to robo_rover.egg-info/dependency_links.txt
[1.845s] writing top-level names to robo_rover.egg-info/top_level.txt
[1.860s] reading manifest file 'robo_rover.egg-info/SOURCES.txt'
[1.863s] writing manifest file 'robo_rover.egg-info/SOURCES.txt'
[2.007s] Built target ament_cmake_python_build_robo_rover_egg
[2.051s] Invoked command in '/home/copperbottoms/code/Copperbottoms/ros_ws/build/robo_rover' returned '0': CMAKE_PREFIX_PATH=/home/copperbottoms/code/Copperbottoms/ros_ws/install/custom_messages:/home/copperbottoms/code/Copperbottoms/ros_ws/install/rplidar_ros:/home/copperbottoms/code/Copperbottoms/ros_ws/install/amy_test:/home/copperbottoms/code/Copperbottoms/ros_ws/install/robo_rover:/home/copperbottoms/code/Copperbottoms/ros_ws/install/rf2o_laser_odometry:/home/copperbottoms/code/Copperbottoms/ros_ws/install/visualize_sensors:/home/copperbottoms/code/Copperbottoms/ros_ws/install/realsense_publisher:/home/copperbottoms/code/Copperbottoms/ros_ws/install/obstacle_avoidance:/home/copperbottoms/code/Copperbottoms/ros_ws/install/landmark_slam:/home/copperbottoms/code/Copperbottoms/ros_ws/install/imu_pose_estimate:/home/copperbottoms/code/Copperbottoms/ros_ws/install/camera_navigation:/opt/ros/humble LD_LIBRARY_PATH=/home/copperbottoms/code/Copperbottoms/ros_ws/install/custom_messages/lib:/home/copperbottoms/code/Copperbottoms/ros_ws/install/amy_test/lib:/opt/ros/humble/opt/rviz_ogre_vendor/lib:/opt/ros/humble/lib/aarch64-linux-gnu:/opt/ros/humble/lib /usr/bin/cmake --build /home/copperbottoms/code/Copperbottoms/ros_ws/build/robo_rover -- -j4 -l4
[2.098s] Invoking command in '/home/copperbottoms/code/Copperbottoms/ros_ws/build/robo_rover': CMAKE_PREFIX_PATH=/home/copperbottoms/code/Copperbottoms/ros_ws/install/custom_messages:/home/copperbottoms/code/Copperbottoms/ros_ws/install/rplidar_ros:/home/copperbottoms/code/Copperbottoms/ros_ws/install/amy_test:/home/copperbottoms/code/Copperbottoms/ros_ws/install/robo_rover:/home/copperbottoms/code/Copperbottoms/ros_ws/install/rf2o_laser_odometry:/home/copperbottoms/code/Copperbottoms/ros_ws/install/visualize_sensors:/home/copperbottoms/code/Copperbottoms/ros_ws/install/realsense_publisher:/home/copperbottoms/code/Copperbottoms/ros_ws/install/obstacle_avoidance:/home/copperbottoms/code/Copperbottoms/ros_ws/install/landmark_slam:/home/copperbottoms/code/Copperbottoms/ros_ws/install/imu_pose_estimate:/home/copperbottoms/code/Copperbottoms/ros_ws/install/camera_navigation:/opt/ros/humble LD_LIBRARY_PATH=/home/copperbottoms/code/Copperbottoms/ros_ws/install/custom_messages/lib:/home/copperbottoms/code/Copperbottoms/ros_ws/install/amy_test/lib:/opt/ros/humble/opt/rviz_ogre_vendor/lib:/opt/ros/humble/lib/aarch64-linux-gnu:/opt/ros/humble/lib /usr/bin/cmake --install /home/copperbottoms/code/Copperbottoms/ros_ws/build/robo_rover
[2.130s] -- Install configuration: ""
[2.130s] -- Up-to-date: /home/copperbottoms/code/Copperbottoms/ros_ws/install/robo_rover/share/robo_rover/environment/pythonpath.sh
[2.131s] -- Up-to-date: /home/copperbottoms/code/Copperbottoms/ros_ws/install/robo_rover/share/robo_rover/environment/pythonpath.dsv
[2.133s] -- Up-to-date: /home/copperbottoms/code/Copperbottoms/ros_ws/install/robo_rover/local/lib/python3.10/dist-packages/robo_rover-1.0.0-py3.10.egg-info
[2.133s] -- Installing: /home/copperbottoms/code/Copperbottoms/ros_ws/install/robo_rover/local/lib/python3.10/dist-packages/robo_rover-1.0.0-py3.10.egg-info/PKG-INFO
[2.134s] -- Installing: /home/copperbottoms/code/Copperbottoms/ros_ws/install/robo_rover/local/lib/python3.10/dist-packages/robo_rover-1.0.0-py3.10.egg-info/top_level.txt
[2.136s] -- Installing: /home/copperbottoms/code/Copperbottoms/ros_ws/install/robo_rover/local/lib/python3.10/dist-packages/robo_rover-1.0.0-py3.10.egg-info/dependency_links.txt
[2.137s] -- Installing: /home/copperbottoms/code/Copperbottoms/ros_ws/install/robo_rover/local/lib/python3.10/dist-packages/robo_rover-1.0.0-py3.10.egg-info/SOURCES.txt
[2.139s] -- Up-to-date: /home/copperbottoms/code/Copperbottoms/ros_ws/install/robo_rover/local/lib/python3.10/dist-packages/robo_rover
[2.140s] -- Up-to-date: /home/copperbottoms/code/Copperbottoms/ros_ws/install/robo_rover/local/lib/python3.10/dist-packages/robo_rover/__init__.py
[2.140s] -- Installing: /home/copperbottoms/code/Copperbottoms/ros_ws/install/robo_rover/local/lib/python3.10/dist-packages/robo_rover/rover_node.py
[2.353s] Listing '/home/copperbottoms/code/Copperbottoms/ros_ws/install/robo_rover/local/lib/python3.10/dist-packages/robo_rover'...
[2.354s] Compiling '/home/copperbottoms/code/Copperbottoms/ros_ws/install/robo_rover/local/lib/python3.10/dist-packages/robo_rover/rover_node.py'...
[2.380s] -- Installing: /home/copperbottoms/code/Copperbottoms/ros_ws/install/robo_rover/lib/robo_rover/rover_node
[2.382s] -- Up-to-date: /home/copperbottoms/code/Copperbottoms/ros_ws/install/robo_rover/share/robo_rover/launch
[2.382s] -- Up-to-date: /home/copperbottoms/code/Copperbottoms/ros_ws/install/robo_rover/share/robo_rover/launch/rover_launch.py
[2.383s] -- Up-to-date: /home/copperbottoms/code/Copperbottoms/ros_ws/install/robo_rover/share/ament_index/resource_index/package_run_dependencies/robo_rover
[2.384s] -- Up-to-date: /home/copperbottoms/code/Copperbottoms/ros_ws/install/robo_rover/share/ament_index/resource_index/parent_prefix_path/robo_rover
[2.385s] -- Up-to-date: /home/copperbottoms/code/Copperbottoms/ros_ws/install/robo_rover/share/robo_rover/environment/ament_prefix_path.sh
[2.385s] -- Up-to-date: /home/copperbottoms/code/Copperbottoms/ros_ws/install/robo_rover/share/robo_rover/environment/ament_prefix_path.dsv
[2.386s] -- Up-to-date: /home/copperbottoms/code/Copperbottoms/ros_ws/install/robo_rover/share/robo_rover/environment/path.sh
[2.387s] -- Up-to-date: /home/copperbottoms/code/Copperbottoms/ros_ws/install/robo_rover/share/robo_rover/environment/path.dsv
[2.388s] -- Up-to-date: /home/copperbottoms/code/Copperbottoms/ros_ws/install/robo_rover/share/robo_rover/local_setup.bash
[2.388s] -- Up-to-date: /home/copperbottoms/code/Copperbottoms/ros_ws/install/robo_rover/share/robo_rover/local_setup.sh
[2.389s] -- Up-to-date: /home/copperbottoms/code/Copperbottoms/ros_ws/install/robo_rover/share/robo_rover/local_setup.zsh
[2.390s] -- Up-to-date: /home/copperbottoms/code/Copperbottoms/ros_ws/install/robo_rover/share/robo_rover/local_setup.dsv
[2.391s] -- Installing: /home/copperbottoms/code/Copperbottoms/ros_ws/install/robo_rover/share/robo_rover/package.dsv
[2.391s] -- Up-to-date: /home/copperbottoms/code/Copperbottoms/ros_ws/install/robo_rover/share/ament_index/resource_index/packages/robo_rover
[2.392s] -- Up-to-date: /home/copperbottoms/code/Copperbottoms/ros_ws/install/robo_rover/share/robo_rover/cmake/robo_roverConfig.cmake
[2.392s] -- Up-to-date: /home/copperbottoms/code/Copperbottoms/ros_ws/install/robo_rover/share/robo_rover/cmake/robo_roverConfig-version.cmake
[2.393s] -- Up-to-date: /home/copperbottoms/code/Copperbottoms/ros_ws/install/robo_rover/share/robo_rover/package.xml
[2.398s] Invoked command in '/home/copperbottoms/code/Copperbottoms/ros_ws/build/robo_rover' returned '0': CMAKE_PREFIX_PATH=/home/copperbottoms/code/Copperbottoms/ros_ws/install/custom_messages:/home/copperbottoms/code/Copperbottoms/ros_ws/install/rplidar_ros:/home/copperbottoms/code/Copperbottoms/ros_ws/install/amy_test:/home/copperbottoms/code/Copperbottoms/ros_ws/install/robo_rover:/home/copperbottoms/code/Copperbottoms/ros_ws/install/rf2o_laser_odometry:/home/copperbottoms/code/Copperbottoms/ros_ws/install/visualize_sensors:/home/copperbottoms/code/Copperbottoms/ros_ws/install/realsense_publisher:/home/copperbottoms/code/Copperbottoms/ros_ws/install/obstacle_avoidance:/home/copperbottoms/code/Copperbottoms/ros_ws/install/landmark_slam:/home/copperbottoms/code/Copperbottoms/ros_ws/install/imu_pose_estimate:/home/copperbottoms/code/Copperbottoms/ros_ws/install/camera_navigation:/opt/ros/humble LD_LIBRARY_PATH=/home/copperbottoms/code/Copperbottoms/ros_ws/install/custom_messages/lib:/home/copperbottoms/code/Copperbottoms/ros_ws/install/amy_test/lib:/opt/ros/humble/opt/rviz_ogre_vendor/lib:/opt/ros/humble/lib/aarch64-linux-gnu:/opt/ros/humble/lib /usr/bin/cmake --install /home/copperbottoms/code/Copperbottoms/ros_ws/build/robo_rover
