[0.097s] Invoking command in '/home/copperbottoms/code/Copperbottoms/ros_ws/build/waypoint_nav': /usr/bin/cmake /home/copperbottoms/code/Copperbottoms/ros_ws/src/SLAM/waypoint_nav -DCMAKE_INSTALL_PREFIX=/home/copperbottoms/code/Copperbottoms/ros_ws/install/waypoint_nav
[2.020s] -- The C compiler identification is GNU 11.4.0
[3.369s] -- The CXX compiler identification is GNU 11.4.0
[3.560s] -- Detecting C compiler ABI info
[4.088s] -- Detecting C compiler ABI info - done
[4.142s] -- Check for working C compiler: /usr/bin/cc - skipped
[4.165s] -- Detecting C compile features
[4.177s] -- Detecting C compile features - done
[4.239s] -- Detecting CXX compiler ABI info
[4.766s] -- Detecting CXX compiler ABI info - done
[4.793s] -- Check for working CXX compiler: /usr/bin/c++ - skipped
[4.795s] -- Detecting CXX compile features
[4.802s] -- Detecting CXX compile features - done
[4.935s] -- Found ament_cmake: 1.3.12 (/opt/ros/humble/share/ament_cmake/cmake)
[6.139s] -- Found Python3: /usr/bin/python3 (found version "3.10.12") found components: Interpreter 
[7.711s] [31mCMake Error at CMakeLists.txt:15 (find_package):
[7.712s]   By not providing "Findlaunch.cmake" in CMAKE_MODULE_PATH this project has
[7.712s]   asked CMake to find a package configuration file provided by "launch", but
[7.718s]   CMake did not find one.
[7.738s] 
[7.739s]   Could not find a package configuration file provided by "launch" with any
[7.739s]   of the following names:
[7.740s] 
[7.743s]     launchConfig.cmake
[7.744s]     launch-config.cmake
[7.745s] 
[7.745s]   Add the installation prefix of "launch" to CMAKE_PREFIX_PATH or set
[7.746s]   "launch_DIR" to a directory containing one of the above files.  If "launch"
[7.747s]   provides a separate development package or SDK, be sure it has been
[7.747s]   installed.
[7.748s] 
[7.749s] [0m
[7.749s] -- Configuring incomplete, errors occurred!
[7.751s] See also "/home/copperbottoms/code/Copperbottoms/ros_ws/build/waypoint_nav/CMakeFiles/CMakeOutput.log".
[7.752s] Invoked command in '/home/copperbottoms/code/Copperbottoms/ros_ws/build/waypoint_nav' returned '1': /usr/bin/cmake /home/copperbottoms/code/Copperbottoms/ros_ws/src/SLAM/waypoint_nav -DCMAKE_INSTALL_PREFIX=/home/copperbottoms/code/Copperbottoms/ros_ws/install/waypoint_nav
