[21.646s] Invoking command in '/home/copperbottoms/code/Copperbottoms/ros_ws/build/camera_navigation': PYTHONPATH=/home/copperbottoms/code/Copperbottoms/ros_ws/build/camera_navigation/prefix_override:/usr/lib/python3/dist-packages/colcon_core/task/python/colcon_distutils_commands:/home/copperbottoms/code/Copperbottoms/ros_ws/install/camera_navigation/lib/python3.10/site-packages:${PYTHONPATH} /usr/bin/python3 -W ignore:setup.py install is deprecated -W ignore:easy_install command is deprecated setup.py develop --editable --build-directory /home/copperbottoms/code/Copperbottoms/ros_ws/build/camera_navigation/build --no-deps symlink_data
[28.198s] running develop
[32.302s] running egg_info
[32.326s] writing camera_navigation.egg-info/PKG-INFO
[32.333s] writing dependency_links to camera_navigation.egg-info/dependency_links.txt
[32.339s] writing entry points to camera_navigation.egg-info/entry_points.txt
[32.344s] writing requirements to camera_navigation.egg-info/requires.txt
[32.353s] writing top-level names to camera_navigation.egg-info/top_level.txt
[32.368s] reading manifest file 'camera_navigation.egg-info/SOURCES.txt'
[32.377s] writing manifest file 'camera_navigation.egg-info/SOURCES.txt'
[32.388s] running build_ext
[32.393s] Creating /home/copperbottoms/code/Copperbottoms/ros_ws/install/camera_navigation/lib/python3.10/site-packages/camera-navigation.egg-link (link to .)
[32.394s] Installing blue_follow script to /home/copperbottoms/code/Copperbottoms/ros_ws/install/camera_navigation/lib/camera_navigation
[32.395s] Installing follow_the_gap script to /home/copperbottoms/code/Copperbottoms/ros_ws/install/camera_navigation/lib/camera_navigation
[32.397s] Installing line_detection script to /home/copperbottoms/code/Copperbottoms/ros_ws/install/camera_navigation/lib/camera_navigation
[32.404s] Installing line_follow script to /home/copperbottoms/code/Copperbottoms/ros_ws/install/camera_navigation/lib/camera_navigation
[32.442s] Installing line_follow_V2 script to /home/copperbottoms/code/Copperbottoms/ros_ws/install/camera_navigation/lib/camera_navigation
[32.445s] Installing line_follow_daph script to /home/copperbottoms/code/Copperbottoms/ros_ws/install/camera_navigation/lib/camera_navigation
[32.446s] Installing mary_line_follow script to /home/copperbottoms/code/Copperbottoms/ros_ws/install/camera_navigation/lib/camera_navigation
[32.448s] Installing turn_right_node script to /home/copperbottoms/code/Copperbottoms/ros_ws/install/camera_navigation/lib/camera_navigation
[32.451s] 
[32.453s] Installed /home/copperbottoms/code/Copperbottoms/ros_ws/build/camera_navigation
[32.483s] running symlink_data
[32.824s] Invoked command in '/home/copperbottoms/code/Copperbottoms/ros_ws/build/camera_navigation' returned '0': PYTHONPATH=/home/copperbottoms/code/Copperbottoms/ros_ws/build/camera_navigation/prefix_override:/usr/lib/python3/dist-packages/colcon_core/task/python/colcon_distutils_commands:/home/copperbottoms/code/Copperbottoms/ros_ws/install/camera_navigation/lib/python3.10/site-packages:${PYTHONPATH} /usr/bin/python3 -W ignore:setup.py install is deprecated -W ignore:easy_install command is deprecated setup.py develop --editable --build-directory /home/copperbottoms/code/Copperbottoms/ros_ws/build/camera_navigation/build --no-deps symlink_data
