[0.751s] DEBUG:colcon:Command line arguments: ['/usr/bin/colcon', 'build']
[0.751s] DEBUG:colcon:Parsed command line arguments: Namespace(log_base=None, log_level=None, verb_name='build', build_base='build', install_base='install', merge_install=False, symlink_install=False, test_result_base=None, continue_on_error=False, executor='parallel', parallel_workers=4, event_handlers=None, ignore_user_meta=False, metas=['./colcon.meta'], base_paths=['.'], packages_ignore=None, packages_ignore_regex=None, paths=None, packages_up_to=None, packages_up_to_regex=None, packages_above=None, packages_above_and_dependencies=None, packages_above_depth=None, packages_select_by_dep=None, packages_skip_by_dep=None, packages_skip_up_to=None, packages_select_build_failed=False, packages_skip_build_finished=False, packages_select_test_failures=False, packages_skip_test_passed=False, packages_select=None, packages_skip=None, packages_select_regex=None, packages_skip_regex=None, packages_start=None, packages_end=None, allow_overriding=[], cmake_args=None, cmake_target=None, cmake_target_skip_unavailable=False, cmake_clean_cache=False, cmake_clean_first=False, cmake_force_configure=False, ament_cmake_args=None, catkin_cmake_args=None, catkin_skip_building_tests=False, mixin_files=None, mixin=None, verb_parser=<colcon_mixin.mixin.mixin_argument.MixinArgumentDecorator object at 0xffffb194a020>, verb_extension=<colcon_core.verb.build.BuildVerb object at 0xffffb1b065f0>, main=<bound method BuildVerb.main of <colcon_core.verb.build.BuildVerb object at 0xffffb1b065f0>>, mixin_verb=('build',))
[2.227s] Level 1:colcon.colcon_core.package_discovery:discover_packages(colcon_meta) check parameters
[2.228s] Level 1:colcon.colcon_core.package_discovery:discover_packages(recursive) check parameters
[2.228s] Level 1:colcon.colcon_core.package_discovery:discover_packages(ignore) check parameters
[2.228s] Level 1:colcon.colcon_core.package_discovery:discover_packages(path) check parameters
[2.228s] Level 1:colcon.colcon_core.package_discovery:discover_packages(colcon_meta) discover
[2.229s] Level 1:colcon.colcon_core.package_discovery:discover_packages(recursive) discover
[2.229s] INFO:colcon.colcon_core.package_discovery:Crawling recursively for packages in '/home/copperbottoms/code/Copperbottoms/ros_ws/src'
[2.230s] Level 1:colcon.colcon_core.package_identification:_identify(.) by extensions ['ignore', 'ignore_ament_install']
[2.230s] Level 1:colcon.colcon_core.package_identification:_identify(.) by extension 'ignore'
[2.231s] Level 1:colcon.colcon_core.package_identification:_identify(.) by extension 'ignore_ament_install'
[2.231s] Level 1:colcon.colcon_core.package_identification:_identify(.) by extensions ['colcon_pkg']
[2.232s] Level 1:colcon.colcon_core.package_identification:_identify(.) by extension 'colcon_pkg'
[2.232s] Level 1:colcon.colcon_core.package_identification:_identify(.) by extensions ['colcon_meta']
[2.232s] Level 1:colcon.colcon_core.package_identification:_identify(.) by extension 'colcon_meta'
[2.233s] Level 1:colcon.colcon_core.package_identification:_identify(.) by extensions ['ros']
[2.233s] Level 1:colcon.colcon_core.package_identification:_identify(.) by extension 'ros'
[2.307s] Level 1:colcon.colcon_core.package_identification:_identify(.) by extensions ['cmake', 'python']
[2.307s] Level 1:colcon.colcon_core.package_identification:_identify(.) by extension 'cmake'
[2.308s] Level 1:colcon.colcon_core.package_identification:_identify(.) by extension 'python'
[2.308s] Level 1:colcon.colcon_core.package_identification:_identify(.) by extensions ['python_setup_py']
[2.308s] Level 1:colcon.colcon_core.package_identification:_identify(.) by extension 'python_setup_py'
[2.309s] Level 1:colcon.colcon_core.package_identification:_identify(Camera_Navigation) by extensions ['ignore', 'ignore_ament_install']
[2.310s] Level 1:colcon.colcon_core.package_identification:_identify(Camera_Navigation) by extension 'ignore'
[2.310s] Level 1:colcon.colcon_core.package_identification:_identify(Camera_Navigation) by extension 'ignore_ament_install'
[2.311s] Level 1:colcon.colcon_core.package_identification:_identify(Camera_Navigation) by extensions ['colcon_pkg']
[2.311s] Level 1:colcon.colcon_core.package_identification:_identify(Camera_Navigation) by extension 'colcon_pkg'
[2.311s] Level 1:colcon.colcon_core.package_identification:_identify(Camera_Navigation) by extensions ['colcon_meta']
[2.312s] Level 1:colcon.colcon_core.package_identification:_identify(Camera_Navigation) by extension 'colcon_meta'
[2.312s] Level 1:colcon.colcon_core.package_identification:_identify(Camera_Navigation) by extensions ['ros']
[2.312s] Level 1:colcon.colcon_core.package_identification:_identify(Camera_Navigation) by extension 'ros'
[2.313s] Level 1:colcon.colcon_core.package_identification:_identify(Camera_Navigation) by extensions ['cmake', 'python']
[2.313s] Level 1:colcon.colcon_core.package_identification:_identify(Camera_Navigation) by extension 'cmake'
[2.313s] Level 1:colcon.colcon_core.package_identification:_identify(Camera_Navigation) by extension 'python'
[2.314s] Level 1:colcon.colcon_core.package_identification:_identify(Camera_Navigation) by extensions ['python_setup_py']
[2.314s] Level 1:colcon.colcon_core.package_identification:_identify(Camera_Navigation) by extension 'python_setup_py'
[2.315s] Level 1:colcon.colcon_core.package_identification:_identify(__pycache__) by extensions ['ignore', 'ignore_ament_install']
[2.316s] Level 1:colcon.colcon_core.package_identification:_identify(__pycache__) by extension 'ignore'
[2.316s] Level 1:colcon.colcon_core.package_identification:_identify(__pycache__) by extension 'ignore_ament_install'
[2.317s] Level 1:colcon.colcon_core.package_identification:_identify(__pycache__) by extensions ['colcon_pkg']
[2.317s] Level 1:colcon.colcon_core.package_identification:_identify(__pycache__) by extension 'colcon_pkg'
[2.318s] Level 1:colcon.colcon_core.package_identification:_identify(__pycache__) by extensions ['colcon_meta']
[2.318s] Level 1:colcon.colcon_core.package_identification:_identify(__pycache__) by extension 'colcon_meta'
[2.318s] Level 1:colcon.colcon_core.package_identification:_identify(__pycache__) by extensions ['ros']
[2.319s] Level 1:colcon.colcon_core.package_identification:_identify(__pycache__) by extension 'ros'
[2.319s] Level 1:colcon.colcon_core.package_identification:_identify(__pycache__) by extensions ['cmake', 'python']
[2.320s] Level 1:colcon.colcon_core.package_identification:_identify(__pycache__) by extension 'cmake'
[2.320s] Level 1:colcon.colcon_core.package_identification:_identify(__pycache__) by extension 'python'
[2.320s] Level 1:colcon.colcon_core.package_identification:_identify(__pycache__) by extensions ['python_setup_py']
[2.321s] Level 1:colcon.colcon_core.package_identification:_identify(__pycache__) by extension 'python_setup_py'
[2.321s] Level 1:colcon.colcon_core.package_identification:_identify(amy_test) by extensions ['ignore', 'ignore_ament_install']
[2.322s] Level 1:colcon.colcon_core.package_identification:_identify(amy_test) by extension 'ignore'
[2.322s] Level 1:colcon.colcon_core.package_identification:_identify(amy_test) by extension 'ignore_ament_install'
[2.323s] Level 1:colcon.colcon_core.package_identification:_identify(amy_test) by extensions ['colcon_pkg']
[2.323s] Level 1:colcon.colcon_core.package_identification:_identify(amy_test) by extension 'colcon_pkg'
[2.324s] Level 1:colcon.colcon_core.package_identification:_identify(amy_test) by extensions ['colcon_meta']
[2.324s] Level 1:colcon.colcon_core.package_identification:_identify(amy_test) by extension 'colcon_meta'
[2.324s] Level 1:colcon.colcon_core.package_identification:_identify(amy_test) by extensions ['ros']
[2.324s] Level 1:colcon.colcon_core.package_identification:_identify(amy_test) by extension 'ros'
[2.325s] Level 1:colcon.colcon_core.package_identification:_identify(amy_test) by extensions ['cmake', 'python']
[2.325s] Level 1:colcon.colcon_core.package_identification:_identify(amy_test) by extension 'cmake'
[2.326s] Level 1:colcon.colcon_core.package_identification:_identify(amy_test) by extension 'python'
[2.326s] Level 1:colcon.colcon_core.package_identification:_identify(amy_test) by extensions ['python_setup_py']
[2.326s] Level 1:colcon.colcon_core.package_identification:_identify(amy_test) by extension 'python_setup_py'
[2.327s] Level 1:colcon.colcon_core.package_identification:_identify(build) by extensions ['ignore', 'ignore_ament_install']
[2.328s] Level 1:colcon.colcon_core.package_identification:_identify(build) by extension 'ignore'
[2.328s] Level 1:colcon.colcon_core.package_identification:_identify(build) ignored
[2.329s] Level 1:colcon.colcon_core.package_identification:_identify(install) by extensions ['ignore', 'ignore_ament_install']
[2.330s] Level 1:colcon.colcon_core.package_identification:_identify(install) by extension 'ignore'
[2.330s] Level 1:colcon.colcon_core.package_identification:_identify(install) ignored
[2.331s] Level 1:colcon.colcon_core.package_identification:_identify(log) by extensions ['ignore', 'ignore_ament_install']
[2.331s] Level 1:colcon.colcon_core.package_identification:_identify(log) by extension 'ignore'
[2.332s] Level 1:colcon.colcon_core.package_identification:_identify(log) ignored
[2.332s] Level 1:colcon.colcon_core.package_identification:_identify(obstacle_avoidance) by extensions ['ignore', 'ignore_ament_install']
[2.333s] Level 1:colcon.colcon_core.package_identification:_identify(obstacle_avoidance) by extension 'ignore'
[2.333s] Level 1:colcon.colcon_core.package_identification:_identify(obstacle_avoidance) by extension 'ignore_ament_install'
[2.334s] Level 1:colcon.colcon_core.package_identification:_identify(obstacle_avoidance) by extensions ['colcon_pkg']
[2.334s] Level 1:colcon.colcon_core.package_identification:_identify(obstacle_avoidance) by extension 'colcon_pkg'
[2.334s] Level 1:colcon.colcon_core.package_identification:_identify(obstacle_avoidance) by extensions ['colcon_meta']
[2.335s] Level 1:colcon.colcon_core.package_identification:_identify(obstacle_avoidance) by extension 'colcon_meta'
[2.335s] Level 1:colcon.colcon_core.package_identification:_identify(obstacle_avoidance) by extensions ['ros']
[2.335s] Level 1:colcon.colcon_core.package_identification:_identify(obstacle_avoidance) by extension 'ros'
[2.351s] DEBUG:colcon.colcon_core.package_identification:Package 'obstacle_avoidance' with type 'ros.ament_python' and name 'obstacle_avoidance'
[2.352s] Level 1:colcon.colcon_core.package_identification:_identify(provided_robo_rover) by extensions ['ignore', 'ignore_ament_install']
[2.352s] Level 1:colcon.colcon_core.package_identification:_identify(provided_robo_rover) by extension 'ignore'
[2.353s] Level 1:colcon.colcon_core.package_identification:_identify(provided_robo_rover) by extension 'ignore_ament_install'
[2.353s] Level 1:colcon.colcon_core.package_identification:_identify(provided_robo_rover) by extensions ['colcon_pkg']
[2.354s] Level 1:colcon.colcon_core.package_identification:_identify(provided_robo_rover) by extension 'colcon_pkg'
[2.354s] Level 1:colcon.colcon_core.package_identification:_identify(provided_robo_rover) by extensions ['colcon_meta']
[2.354s] Level 1:colcon.colcon_core.package_identification:_identify(provided_robo_rover) by extension 'colcon_meta'
[2.355s] Level 1:colcon.colcon_core.package_identification:_identify(provided_robo_rover) by extensions ['ros']
[2.355s] Level 1:colcon.colcon_core.package_identification:_identify(provided_robo_rover) by extension 'ros'
[2.355s] Level 1:colcon.colcon_core.package_identification:_identify(provided_robo_rover) by extensions ['cmake', 'python']
[2.356s] Level 1:colcon.colcon_core.package_identification:_identify(provided_robo_rover) by extension 'cmake'
[2.356s] Level 1:colcon.colcon_core.package_identification:_identify(provided_robo_rover) by extension 'python'
[2.356s] Level 1:colcon.colcon_core.package_identification:_identify(provided_robo_rover) by extensions ['python_setup_py']
[2.357s] Level 1:colcon.colcon_core.package_identification:_identify(provided_robo_rover) by extension 'python_setup_py'
[2.358s] Level 1:colcon.colcon_core.package_identification:_identify(realsense_publisher) by extensions ['ignore', 'ignore_ament_install']
[2.358s] Level 1:colcon.colcon_core.package_identification:_identify(realsense_publisher) by extension 'ignore'
[2.359s] Level 1:colcon.colcon_core.package_identification:_identify(realsense_publisher) by extension 'ignore_ament_install'
[2.359s] Level 1:colcon.colcon_core.package_identification:_identify(realsense_publisher) by extensions ['colcon_pkg']
[2.359s] Level 1:colcon.colcon_core.package_identification:_identify(realsense_publisher) by extension 'colcon_pkg'
[2.360s] Level 1:colcon.colcon_core.package_identification:_identify(realsense_publisher) by extensions ['colcon_meta']
[2.360s] Level 1:colcon.colcon_core.package_identification:_identify(realsense_publisher) by extension 'colcon_meta'
[2.361s] Level 1:colcon.colcon_core.package_identification:_identify(realsense_publisher) by extensions ['ros']
[2.361s] Level 1:colcon.colcon_core.package_identification:_identify(realsense_publisher) by extension 'ros'
[2.365s] DEBUG:colcon.colcon_core.package_identification:Package 'realsense_publisher' with type 'ros.ament_python' and name 'realsense_publisher'
[2.366s] Level 1:colcon.colcon_core.package_identification:_identify(robo_realsense) by extensions ['ignore', 'ignore_ament_install']
[2.366s] Level 1:colcon.colcon_core.package_identification:_identify(robo_realsense) by extension 'ignore'
[2.367s] Level 1:colcon.colcon_core.package_identification:_identify(robo_realsense) by extension 'ignore_ament_install'
[2.367s] Level 1:colcon.colcon_core.package_identification:_identify(robo_realsense) by extensions ['colcon_pkg']
[2.368s] Level 1:colcon.colcon_core.package_identification:_identify(robo_realsense) by extension 'colcon_pkg'
[2.368s] Level 1:colcon.colcon_core.package_identification:_identify(robo_realsense) by extensions ['colcon_meta']
[2.368s] Level 1:colcon.colcon_core.package_identification:_identify(robo_realsense) by extension 'colcon_meta'
[2.369s] Level 1:colcon.colcon_core.package_identification:_identify(robo_realsense) by extensions ['ros']
[2.369s] Level 1:colcon.colcon_core.package_identification:_identify(robo_realsense) by extension 'ros'
[2.369s] Level 1:colcon.colcon_core.package_identification:_identify(robo_realsense) by extensions ['cmake', 'python']
[2.370s] Level 1:colcon.colcon_core.package_identification:_identify(robo_realsense) by extension 'cmake'
[2.370s] Level 1:colcon.colcon_core.package_identification:_identify(robo_realsense) by extension 'python'
[2.371s] Level 1:colcon.colcon_core.package_identification:_identify(robo_realsense) by extensions ['python_setup_py']
[2.371s] Level 1:colcon.colcon_core.package_identification:_identify(robo_realsense) by extension 'python_setup_py'
[2.372s] Level 1:colcon.colcon_core.package_identification:_identify(robo_realsense/fastsam) by extensions ['ignore', 'ignore_ament_install']
[2.372s] Level 1:colcon.colcon_core.package_identification:_identify(robo_realsense/fastsam) by extension 'ignore'
[2.373s] Level 1:colcon.colcon_core.package_identification:_identify(robo_realsense/fastsam) by extension 'ignore_ament_install'
[2.374s] Level 1:colcon.colcon_core.package_identification:_identify(robo_realsense/fastsam) by extensions ['colcon_pkg']
[2.374s] Level 1:colcon.colcon_core.package_identification:_identify(robo_realsense/fastsam) by extension 'colcon_pkg'
[2.374s] Level 1:colcon.colcon_core.package_identification:_identify(robo_realsense/fastsam) by extensions ['colcon_meta']
[2.375s] Level 1:colcon.colcon_core.package_identification:_identify(robo_realsense/fastsam) by extension 'colcon_meta'
[2.375s] Level 1:colcon.colcon_core.package_identification:_identify(robo_realsense/fastsam) by extensions ['ros']
[2.375s] Level 1:colcon.colcon_core.package_identification:_identify(robo_realsense/fastsam) by extension 'ros'
[2.376s] Level 1:colcon.colcon_core.package_identification:_identify(robo_realsense/fastsam) by extensions ['cmake', 'python']
[2.376s] Level 1:colcon.colcon_core.package_identification:_identify(robo_realsense/fastsam) by extension 'cmake'
[2.377s] Level 1:colcon.colcon_core.package_identification:_identify(robo_realsense/fastsam) by extension 'python'
[2.377s] Level 1:colcon.colcon_core.package_identification:_identify(robo_realsense/fastsam) by extensions ['python_setup_py']
[2.377s] Level 1:colcon.colcon_core.package_identification:_identify(robo_realsense/fastsam) by extension 'python_setup_py'
[2.378s] Level 1:colcon.colcon_core.package_identification:_identify(robo_realsense/fastsam/slam) by extensions ['ignore', 'ignore_ament_install']
[2.379s] Level 1:colcon.colcon_core.package_identification:_identify(robo_realsense/fastsam/slam) by extension 'ignore'
[2.379s] Level 1:colcon.colcon_core.package_identification:_identify(robo_realsense/fastsam/slam) by extension 'ignore_ament_install'
[2.380s] Level 1:colcon.colcon_core.package_identification:_identify(robo_realsense/fastsam/slam) by extensions ['colcon_pkg']
[2.380s] Level 1:colcon.colcon_core.package_identification:_identify(robo_realsense/fastsam/slam) by extension 'colcon_pkg'
[2.380s] Level 1:colcon.colcon_core.package_identification:_identify(robo_realsense/fastsam/slam) by extensions ['colcon_meta']
[2.381s] Level 1:colcon.colcon_core.package_identification:_identify(robo_realsense/fastsam/slam) by extension 'colcon_meta'
[2.381s] Level 1:colcon.colcon_core.package_identification:_identify(robo_realsense/fastsam/slam) by extensions ['ros']
[2.381s] Level 1:colcon.colcon_core.package_identification:_identify(robo_realsense/fastsam/slam) by extension 'ros'
[2.382s] Level 1:colcon.colcon_core.package_identification:_identify(robo_realsense/fastsam/slam) by extensions ['cmake', 'python']
[2.382s] Level 1:colcon.colcon_core.package_identification:_identify(robo_realsense/fastsam/slam) by extension 'cmake'
[2.383s] Level 1:colcon.colcon_core.package_identification:_identify(robo_realsense/fastsam/slam) by extension 'python'
[2.383s] Level 1:colcon.colcon_core.package_identification:_identify(robo_realsense/fastsam/slam) by extensions ['python_setup_py']
[2.383s] Level 1:colcon.colcon_core.package_identification:_identify(robo_realsense/fastsam/slam) by extension 'python_setup_py'
[2.384s] Level 1:colcon.colcon_core.package_identification:_identify(robo_realsense/fastsam/slam/__pycache__) by extensions ['ignore', 'ignore_ament_install']
[2.385s] Level 1:colcon.colcon_core.package_identification:_identify(robo_realsense/fastsam/slam/__pycache__) by extension 'ignore'
[2.385s] Level 1:colcon.colcon_core.package_identification:_identify(robo_realsense/fastsam/slam/__pycache__) by extension 'ignore_ament_install'
[2.386s] Level 1:colcon.colcon_core.package_identification:_identify(robo_realsense/fastsam/slam/__pycache__) by extensions ['colcon_pkg']
[2.386s] Level 1:colcon.colcon_core.package_identification:_identify(robo_realsense/fastsam/slam/__pycache__) by extension 'colcon_pkg'
[2.386s] Level 1:colcon.colcon_core.package_identification:_identify(robo_realsense/fastsam/slam/__pycache__) by extensions ['colcon_meta']
[2.386s] Level 1:colcon.colcon_core.package_identification:_identify(robo_realsense/fastsam/slam/__pycache__) by extension 'colcon_meta'
[2.387s] Level 1:colcon.colcon_core.package_identification:_identify(robo_realsense/fastsam/slam/__pycache__) by extensions ['ros']
[2.387s] Level 1:colcon.colcon_core.package_identification:_identify(robo_realsense/fastsam/slam/__pycache__) by extension 'ros'
[2.388s] Level 1:colcon.colcon_core.package_identification:_identify(robo_realsense/fastsam/slam/__pycache__) by extensions ['cmake', 'python']
[2.388s] Level 1:colcon.colcon_core.package_identification:_identify(robo_realsense/fastsam/slam/__pycache__) by extension 'cmake'
[2.389s] Level 1:colcon.colcon_core.package_identification:_identify(robo_realsense/fastsam/slam/__pycache__) by extension 'python'
[2.389s] Level 1:colcon.colcon_core.package_identification:_identify(robo_realsense/fastsam/slam/__pycache__) by extensions ['python_setup_py']
[2.389s] Level 1:colcon.colcon_core.package_identification:_identify(robo_realsense/fastsam/slam/__pycache__) by extension 'python_setup_py'
[2.390s] Level 1:colcon.colcon_core.package_identification:_identify(robo_realsense/launch) by extensions ['ignore', 'ignore_ament_install']
[2.391s] Level 1:colcon.colcon_core.package_identification:_identify(robo_realsense/launch) by extension 'ignore'
[2.391s] Level 1:colcon.colcon_core.package_identification:_identify(robo_realsense/launch) by extension 'ignore_ament_install'
[2.391s] Level 1:colcon.colcon_core.package_identification:_identify(robo_realsense/launch) by extensions ['colcon_pkg']
[2.392s] Level 1:colcon.colcon_core.package_identification:_identify(robo_realsense/launch) by extension 'colcon_pkg'
[2.392s] Level 1:colcon.colcon_core.package_identification:_identify(robo_realsense/launch) by extensions ['colcon_meta']
[2.392s] Level 1:colcon.colcon_core.package_identification:_identify(robo_realsense/launch) by extension 'colcon_meta'
[2.393s] Level 1:colcon.colcon_core.package_identification:_identify(robo_realsense/launch) by extensions ['ros']
[2.393s] Level 1:colcon.colcon_core.package_identification:_identify(robo_realsense/launch) by extension 'ros'
[2.394s] Level 1:colcon.colcon_core.package_identification:_identify(robo_realsense/launch) by extensions ['cmake', 'python']
[2.394s] Level 1:colcon.colcon_core.package_identification:_identify(robo_realsense/launch) by extension 'cmake'
[2.394s] Level 1:colcon.colcon_core.package_identification:_identify(robo_realsense/launch) by extension 'python'
[2.395s] Level 1:colcon.colcon_core.package_identification:_identify(robo_realsense/launch) by extensions ['python_setup_py']
[2.395s] Level 1:colcon.colcon_core.package_identification:_identify(robo_realsense/launch) by extension 'python_setup_py'
[2.396s] Level 1:colcon.colcon_core.package_identification:_identify(robo_realsense/launch/__pycache__) by extensions ['ignore', 'ignore_ament_install']
[2.396s] Level 1:colcon.colcon_core.package_identification:_identify(robo_realsense/launch/__pycache__) by extension 'ignore'
[2.397s] Level 1:colcon.colcon_core.package_identification:_identify(robo_realsense/launch/__pycache__) by extension 'ignore_ament_install'
[2.397s] Level 1:colcon.colcon_core.package_identification:_identify(robo_realsense/launch/__pycache__) by extensions ['colcon_pkg']
[2.398s] Level 1:colcon.colcon_core.package_identification:_identify(robo_realsense/launch/__pycache__) by extension 'colcon_pkg'
[2.398s] Level 1:colcon.colcon_core.package_identification:_identify(robo_realsense/launch/__pycache__) by extensions ['colcon_meta']
[2.398s] Level 1:colcon.colcon_core.package_identification:_identify(robo_realsense/launch/__pycache__) by extension 'colcon_meta'
[2.399s] Level 1:colcon.colcon_core.package_identification:_identify(robo_realsense/launch/__pycache__) by extensions ['ros']
[2.399s] Level 1:colcon.colcon_core.package_identification:_identify(robo_realsense/launch/__pycache__) by extension 'ros'
[2.400s] Level 1:colcon.colcon_core.package_identification:_identify(robo_realsense/launch/__pycache__) by extensions ['cmake', 'python']
[2.400s] Level 1:colcon.colcon_core.package_identification:_identify(robo_realsense/launch/__pycache__) by extension 'cmake'
[2.400s] Level 1:colcon.colcon_core.package_identification:_identify(robo_realsense/launch/__pycache__) by extension 'python'
[2.401s] Level 1:colcon.colcon_core.package_identification:_identify(robo_realsense/launch/__pycache__) by extensions ['python_setup_py']
[2.401s] Level 1:colcon.colcon_core.package_identification:_identify(robo_realsense/launch/__pycache__) by extension 'python_setup_py'
[2.402s] Level 1:colcon.colcon_core.package_identification:_identify(robo_rover) by extensions ['ignore', 'ignore_ament_install']
[2.402s] Level 1:colcon.colcon_core.package_identification:_identify(robo_rover) by extension 'ignore'
[2.403s] Level 1:colcon.colcon_core.package_identification:_identify(robo_rover) by extension 'ignore_ament_install'
[2.403s] Level 1:colcon.colcon_core.package_identification:_identify(robo_rover) by extensions ['colcon_pkg']
[2.403s] Level 1:colcon.colcon_core.package_identification:_identify(robo_rover) by extension 'colcon_pkg'
[2.404s] Level 1:colcon.colcon_core.package_identification:_identify(robo_rover) by extensions ['colcon_meta']
[2.404s] Level 1:colcon.colcon_core.package_identification:_identify(robo_rover) by extension 'colcon_meta'
[2.405s] Level 1:colcon.colcon_core.package_identification:_identify(robo_rover) by extensions ['ros']
[2.405s] Level 1:colcon.colcon_core.package_identification:_identify(robo_rover) by extension 'ros'
[2.410s] DEBUG:colcon.colcon_core.package_identification:Package 'robo_rover' with type 'ros.ament_cmake' and name 'robo_rover'
[2.411s] Level 1:colcon.colcon_core.package_identification:_identify(rplidar_ros) by extensions ['ignore', 'ignore_ament_install']
[2.411s] Level 1:colcon.colcon_core.package_identification:_identify(rplidar_ros) by extension 'ignore'
[2.412s] Level 1:colcon.colcon_core.package_identification:_identify(rplidar_ros) by extension 'ignore_ament_install'
[2.412s] Level 1:colcon.colcon_core.package_identification:_identify(rplidar_ros) by extensions ['colcon_pkg']
[2.412s] Level 1:colcon.colcon_core.package_identification:_identify(rplidar_ros) by extension 'colcon_pkg'
[2.413s] Level 1:colcon.colcon_core.package_identification:_identify(rplidar_ros) by extensions ['colcon_meta']
[2.413s] Level 1:colcon.colcon_core.package_identification:_identify(rplidar_ros) by extension 'colcon_meta'
[2.413s] Level 1:colcon.colcon_core.package_identification:_identify(rplidar_ros) by extensions ['ros']
[2.414s] Level 1:colcon.colcon_core.package_identification:_identify(rplidar_ros) by extension 'ros'
[2.417s] DEBUG:colcon.colcon_core.package_identification:Package 'rplidar_ros' with type 'ros.ament_cmake' and name 'rplidar_ros'
[2.418s] Level 1:colcon.colcon_core.package_discovery:discover_packages(recursive) using defaults
[2.418s] Level 1:colcon.colcon_core.package_discovery:discover_packages(ignore) discover
[2.418s] Level 1:colcon.colcon_core.package_discovery:discover_packages(ignore) using defaults
[2.419s] Level 1:colcon.colcon_core.package_discovery:discover_packages(path) discover
[2.419s] Level 1:colcon.colcon_core.package_discovery:discover_packages(path) using defaults
[2.621s] Level 1:colcon.colcon_core.package_discovery:discover_packages(prefix_path) check parameters
[2.621s] Level 1:colcon.colcon_core.package_discovery:discover_packages(prefix_path) discover
[2.639s] DEBUG:colcon.colcon_installed_package_information.package_discovery:Found 4 installed packages in /home/copperbottoms/code/Copperbottoms/ros_ws/install
[2.651s] DEBUG:colcon.colcon_installed_package_information.package_discovery:Found 296 installed packages in /opt/ros/humble
[2.658s] Level 1:colcon.colcon_core.package_discovery:discover_packages(prefix_path) using defaults
[2.845s] Level 5:colcon.colcon_core.verb:set package 'obstacle_avoidance' build argument 'cmake_args' from command line to 'None'
[2.845s] Level 5:colcon.colcon_core.verb:set package 'obstacle_avoidance' build argument 'cmake_target' from command line to 'None'
[2.845s] Level 5:colcon.colcon_core.verb:set package 'obstacle_avoidance' build argument 'cmake_target_skip_unavailable' from command line to 'False'
[2.845s] Level 5:colcon.colcon_core.verb:set package 'obstacle_avoidance' build argument 'cmake_clean_cache' from command line to 'False'
[2.846s] Level 5:colcon.colcon_core.verb:set package 'obstacle_avoidance' build argument 'cmake_clean_first' from command line to 'False'
[2.846s] Level 5:colcon.colcon_core.verb:set package 'obstacle_avoidance' build argument 'cmake_force_configure' from command line to 'False'
[2.846s] Level 5:colcon.colcon_core.verb:set package 'obstacle_avoidance' build argument 'ament_cmake_args' from command line to 'None'
[2.846s] Level 5:colcon.colcon_core.verb:set package 'obstacle_avoidance' build argument 'catkin_cmake_args' from command line to 'None'
[2.846s] Level 5:colcon.colcon_core.verb:set package 'obstacle_avoidance' build argument 'catkin_skip_building_tests' from command line to 'False'
[2.846s] DEBUG:colcon.colcon_core.verb:Building package 'obstacle_avoidance' with the following arguments: {'ament_cmake_args': None, 'build_base': '/home/copperbottoms/code/Copperbottoms/ros_ws/src/build/obstacle_avoidance', 'catkin_cmake_args': None, 'catkin_skip_building_tests': False, 'cmake_args': None, 'cmake_clean_cache': False, 'cmake_clean_first': False, 'cmake_force_configure': False, 'cmake_target': None, 'cmake_target_skip_unavailable': False, 'install_base': '/home/copperbottoms/code/Copperbottoms/ros_ws/src/install/obstacle_avoidance', 'merge_install': False, 'path': '/home/copperbottoms/code/Copperbottoms/ros_ws/src/obstacle_avoidance', 'symlink_install': False, 'test_result_base': None}
[2.848s] Level 5:colcon.colcon_core.verb:set package 'realsense_publisher' build argument 'cmake_args' from command line to 'None'
[2.848s] Level 5:colcon.colcon_core.verb:set package 'realsense_publisher' build argument 'cmake_target' from command line to 'None'
[2.848s] Level 5:colcon.colcon_core.verb:set package 'realsense_publisher' build argument 'cmake_target_skip_unavailable' from command line to 'False'
[2.848s] Level 5:colcon.colcon_core.verb:set package 'realsense_publisher' build argument 'cmake_clean_cache' from command line to 'False'
[2.848s] Level 5:colcon.colcon_core.verb:set package 'realsense_publisher' build argument 'cmake_clean_first' from command line to 'False'
[2.848s] Level 5:colcon.colcon_core.verb:set package 'realsense_publisher' build argument 'cmake_force_configure' from command line to 'False'
[2.849s] Level 5:colcon.colcon_core.verb:set package 'realsense_publisher' build argument 'ament_cmake_args' from command line to 'None'
[2.849s] Level 5:colcon.colcon_core.verb:set package 'realsense_publisher' build argument 'catkin_cmake_args' from command line to 'None'
[2.849s] Level 5:colcon.colcon_core.verb:set package 'realsense_publisher' build argument 'catkin_skip_building_tests' from command line to 'False'
[2.849s] DEBUG:colcon.colcon_core.verb:Building package 'realsense_publisher' with the following arguments: {'ament_cmake_args': None, 'build_base': '/home/copperbottoms/code/Copperbottoms/ros_ws/src/build/realsense_publisher', 'catkin_cmake_args': None, 'catkin_skip_building_tests': False, 'cmake_args': None, 'cmake_clean_cache': False, 'cmake_clean_first': False, 'cmake_force_configure': False, 'cmake_target': None, 'cmake_target_skip_unavailable': False, 'install_base': '/home/copperbottoms/code/Copperbottoms/ros_ws/src/install/realsense_publisher', 'merge_install': False, 'path': '/home/copperbottoms/code/Copperbottoms/ros_ws/src/realsense_publisher', 'symlink_install': False, 'test_result_base': None}
[2.850s] Level 5:colcon.colcon_core.verb:set package 'robo_rover' build argument 'cmake_args' from command line to 'None'
[2.851s] Level 5:colcon.colcon_core.verb:set package 'robo_rover' build argument 'cmake_target' from command line to 'None'
[2.851s] Level 5:colcon.colcon_core.verb:set package 'robo_rover' build argument 'cmake_target_skip_unavailable' from command line to 'False'
[2.851s] Level 5:colcon.colcon_core.verb:set package 'robo_rover' build argument 'cmake_clean_cache' from command line to 'False'
[2.851s] Level 5:colcon.colcon_core.verb:set package 'robo_rover' build argument 'cmake_clean_first' from command line to 'False'
[2.851s] Level 5:colcon.colcon_core.verb:set package 'robo_rover' build argument 'cmake_force_configure' from command line to 'False'
[2.851s] Level 5:colcon.colcon_core.verb:set package 'robo_rover' build argument 'ament_cmake_args' from command line to 'None'
[2.851s] Level 5:colcon.colcon_core.verb:set package 'robo_rover' build argument 'catkin_cmake_args' from command line to 'None'
[2.851s] Level 5:colcon.colcon_core.verb:set package 'robo_rover' build argument 'catkin_skip_building_tests' from command line to 'False'
[2.851s] DEBUG:colcon.colcon_core.verb:Building package 'robo_rover' with the following arguments: {'ament_cmake_args': None, 'build_base': '/home/copperbottoms/code/Copperbottoms/ros_ws/src/build/robo_rover', 'catkin_cmake_args': None, 'catkin_skip_building_tests': False, 'cmake_args': None, 'cmake_clean_cache': False, 'cmake_clean_first': False, 'cmake_force_configure': False, 'cmake_target': None, 'cmake_target_skip_unavailable': False, 'install_base': '/home/copperbottoms/code/Copperbottoms/ros_ws/src/install/robo_rover', 'merge_install': False, 'path': '/home/copperbottoms/code/Copperbottoms/ros_ws/src/robo_rover', 'symlink_install': False, 'test_result_base': None}
[2.853s] Level 5:colcon.colcon_core.verb:set package 'rplidar_ros' build argument 'cmake_args' from command line to 'None'
[2.853s] Level 5:colcon.colcon_core.verb:set package 'rplidar_ros' build argument 'cmake_target' from command line to 'None'
[2.853s] Level 5:colcon.colcon_core.verb:set package 'rplidar_ros' build argument 'cmake_target_skip_unavailable' from command line to 'False'
[2.853s] Level 5:colcon.colcon_core.verb:set package 'rplidar_ros' build argument 'cmake_clean_cache' from command line to 'False'
[2.853s] Level 5:colcon.colcon_core.verb:set package 'rplidar_ros' build argument 'cmake_clean_first' from command line to 'False'
[2.854s] Level 5:colcon.colcon_core.verb:set package 'rplidar_ros' build argument 'cmake_force_configure' from command line to 'False'
[2.854s] Level 5:colcon.colcon_core.verb:set package 'rplidar_ros' build argument 'ament_cmake_args' from command line to 'None'
[2.854s] Level 5:colcon.colcon_core.verb:set package 'rplidar_ros' build argument 'catkin_cmake_args' from command line to 'None'
[2.854s] Level 5:colcon.colcon_core.verb:set package 'rplidar_ros' build argument 'catkin_skip_building_tests' from command line to 'False'
[2.854s] DEBUG:colcon.colcon_core.verb:Building package 'rplidar_ros' with the following arguments: {'ament_cmake_args': None, 'build_base': '/home/copperbottoms/code/Copperbottoms/ros_ws/src/build/rplidar_ros', 'catkin_cmake_args': None, 'catkin_skip_building_tests': False, 'cmake_args': None, 'cmake_clean_cache': False, 'cmake_clean_first': False, 'cmake_force_configure': False, 'cmake_target': None, 'cmake_target_skip_unavailable': False, 'install_base': '/home/copperbottoms/code/Copperbottoms/ros_ws/src/install/rplidar_ros', 'merge_install': False, 'path': '/home/copperbottoms/code/Copperbottoms/ros_ws/src/rplidar_ros', 'symlink_install': False, 'test_result_base': None}
[2.855s] INFO:colcon.colcon_core.executor:Executing jobs using 'parallel' executor
[2.858s] DEBUG:colcon.colcon_parallel_executor.executor.parallel:run_until_complete
[2.859s] INFO:colcon.colcon_ros.task.ament_python.build:Building ROS package in '/home/copperbottoms/code/Copperbottoms/ros_ws/src/obstacle_avoidance' with build type 'ament_python'
[2.860s] Level 1:colcon.colcon_core.shell:create_environment_hook('obstacle_avoidance', 'ament_prefix_path')
[2.881s] INFO:colcon.colcon_core.plugin_system:Skipping extension 'colcon_core.shell.bat': Not used on non-Windows systems
[2.882s] INFO:colcon.colcon_core.shell:Creating environment hook '/home/copperbottoms/code/Copperbottoms/ros_ws/src/install/obstacle_avoidance/share/obstacle_avoidance/hook/ament_prefix_path.ps1'
[2.888s] INFO:colcon.colcon_core.shell:Creating environment descriptor '/home/copperbottoms/code/Copperbottoms/ros_ws/src/install/obstacle_avoidance/share/obstacle_avoidance/hook/ament_prefix_path.dsv'
[2.892s] INFO:colcon.colcon_core.shell:Creating environment hook '/home/copperbottoms/code/Copperbottoms/ros_ws/src/install/obstacle_avoidance/share/obstacle_avoidance/hook/ament_prefix_path.sh'
[2.897s] INFO:colcon.colcon_core.shell:Skip shell extension 'powershell' for command environment: Not usable outside of PowerShell
[2.898s] DEBUG:colcon.colcon_core.shell:Skip shell extension 'dsv' for command environment
[2.920s] INFO:colcon.colcon_ros.task.ament_python.build:Building ROS package in '/home/copperbottoms/code/Copperbottoms/ros_ws/src/realsense_publisher' with build type 'ament_python'
[2.921s] Level 1:colcon.colcon_core.shell:create_environment_hook('realsense_publisher', 'ament_prefix_path')
[2.923s] INFO:colcon.colcon_core.shell:Creating environment hook '/home/copperbottoms/code/Copperbottoms/ros_ws/src/install/realsense_publisher/share/realsense_publisher/hook/ament_prefix_path.ps1'
[2.926s] INFO:colcon.colcon_core.shell:Creating environment descriptor '/home/copperbottoms/code/Copperbottoms/ros_ws/src/install/realsense_publisher/share/realsense_publisher/hook/ament_prefix_path.dsv'
[2.928s] INFO:colcon.colcon_core.shell:Creating environment hook '/home/copperbottoms/code/Copperbottoms/ros_ws/src/install/realsense_publisher/share/realsense_publisher/hook/ament_prefix_path.sh'
[2.936s] INFO:colcon.colcon_core.shell:Skip shell extension 'powershell' for command environment: Not usable outside of PowerShell
[2.936s] DEBUG:colcon.colcon_core.shell:Skip shell extension 'dsv' for command environment
[2.960s] INFO:colcon.colcon_ros.task.ament_cmake.build:Building ROS package in '/home/copperbottoms/code/Copperbottoms/ros_ws/src/robo_rover' with build type 'ament_cmake'
[2.960s] INFO:colcon.colcon_cmake.task.cmake.build:Building CMake package in '/home/copperbottoms/code/Copperbottoms/ros_ws/src/robo_rover'
[2.962s] INFO:colcon.colcon_core.shell:Skip shell extension 'powershell' for command environment: Not usable outside of PowerShell
[2.962s] DEBUG:colcon.colcon_core.shell:Skip shell extension 'dsv' for command environment
[2.984s] INFO:colcon.colcon_ros.task.ament_cmake.build:Building ROS package in '/home/copperbottoms/code/Copperbottoms/ros_ws/src/rplidar_ros' with build type 'ament_cmake'
[2.984s] INFO:colcon.colcon_cmake.task.cmake.build:Building CMake package in '/home/copperbottoms/code/Copperbottoms/ros_ws/src/rplidar_ros'
[2.986s] INFO:colcon.colcon_core.shell:Skip shell extension 'powershell' for command environment: Not usable outside of PowerShell
[2.986s] DEBUG:colcon.colcon_core.shell:Skip shell extension 'dsv' for command environment
[4.323s] INFO:colcon.colcon_core.task.python.build:Building Python package in '/home/copperbottoms/code/Copperbottoms/ros_ws/src/obstacle_avoidance'
[4.324s] INFO:colcon.colcon_core.shell:Skip shell extension 'powershell' for command environment: Not usable outside of PowerShell
[4.324s] DEBUG:colcon.colcon_core.shell:Skip shell extension 'dsv' for command environment
[5.632s] INFO:colcon.colcon_core.task.python.build:Building Python package in '/home/copperbottoms/code/Copperbottoms/ros_ws/src/realsense_publisher'
[5.633s] INFO:colcon.colcon_core.shell:Skip shell extension 'powershell' for command environment: Not usable outside of PowerShell
[5.633s] DEBUG:colcon.colcon_core.shell:Skip shell extension 'dsv' for command environment
[5.662s] DEBUG:colcon.colcon_core.event_handler.log_command:Invoking command in '/home/copperbottoms/code/Copperbottoms/ros_ws/src/build/robo_rover': CMAKE_PREFIX_PATH=${CMAKE_PREFIX_PATH}:/home/copperbottoms/code/Copperbottoms/ros_ws/install/realsense_publisher:/home/copperbottoms/code/Copperbottoms/ros_ws/install/obstacle_avoidance:/opt/ros/humble /usr/bin/cmake /home/copperbottoms/code/Copperbottoms/ros_ws/src/robo_rover -DCMAKE_INSTALL_PREFIX=/home/copperbottoms/code/Copperbottoms/ros_ws/src/install/robo_rover
[5.692s] DEBUG:colcon.colcon_core.event_handler.log_command:Invoking command in '/home/copperbottoms/code/Copperbottoms/ros_ws/src/build/rplidar_ros': CMAKE_PREFIX_PATH=${CMAKE_PREFIX_PATH}:/home/copperbottoms/code/Copperbottoms/ros_ws/install/realsense_publisher:/home/copperbottoms/code/Copperbottoms/ros_ws/install/obstacle_avoidance:/opt/ros/humble /usr/bin/cmake /home/copperbottoms/code/Copperbottoms/ros_ws/src/rplidar_ros -DCMAKE_INSTALL_PREFIX=/home/copperbottoms/code/Copperbottoms/ros_ws/src/install/rplidar_ros
[9.097s] DEBUG:colcon.colcon_core.event_handler.log_command:Invoking command in '/home/copperbottoms/code/Copperbottoms/ros_ws/src/realsense_publisher': PYTHONPATH=/home/copperbottoms/code/Copperbottoms/ros_ws/src/build/realsense_publisher/prefix_override:/usr/lib/python3/dist-packages/colcon_core/task/python/colcon_distutils_commands:/home/copperbottoms/code/Copperbottoms/ros_ws/src/install/realsense_publisher/lib/python3.10/site-packages:${PYTHONPATH} /usr/bin/python3 -W ignore:setup.py install is deprecated -W ignore:easy_install command is deprecated setup.py egg_info --egg-base ../build/realsense_publisher build --build-base /home/copperbottoms/code/Copperbottoms/ros_ws/src/build/realsense_publisher/build install --record /home/copperbottoms/code/Copperbottoms/ros_ws/src/build/realsense_publisher/install.log --single-version-externally-managed install_data
[9.129s] DEBUG:colcon.colcon_core.event_handler.log_command:Invoking command in '/home/copperbottoms/code/Copperbottoms/ros_ws/src/build/obstacle_avoidance': PYTHONPATH=/home/copperbottoms/code/Copperbottoms/ros_ws/src/build/obstacle_avoidance/prefix_override:/usr/lib/python3/dist-packages/colcon_core/task/python/colcon_distutils_commands:/home/copperbottoms/code/Copperbottoms/ros_ws/src/install/obstacle_avoidance/lib/python3.10/site-packages:${PYTHONPATH} /usr/bin/python3 -W ignore:setup.py install is deprecated -W ignore:easy_install command is deprecated setup.py develop --uninstall --editable --build-directory /home/copperbottoms/code/Copperbottoms/ros_ws/src/build/obstacle_avoidance/build
[11.492s] DEBUG:colcon.colcon_core.event_handler.log_command:Invoked command in '/home/copperbottoms/code/Copperbottoms/ros_ws/src/realsense_publisher' returned '0': PYTHONPATH=/home/copperbottoms/code/Copperbottoms/ros_ws/src/build/realsense_publisher/prefix_override:/usr/lib/python3/dist-packages/colcon_core/task/python/colcon_distutils_commands:/home/copperbottoms/code/Copperbottoms/ros_ws/src/install/realsense_publisher/lib/python3.10/site-packages:${PYTHONPATH} /usr/bin/python3 -W ignore:setup.py install is deprecated -W ignore:easy_install command is deprecated setup.py egg_info --egg-base ../build/realsense_publisher build --build-base /home/copperbottoms/code/Copperbottoms/ros_ws/src/build/realsense_publisher/build install --record /home/copperbottoms/code/Copperbottoms/ros_ws/src/build/realsense_publisher/install.log --single-version-externally-managed install_data
[11.552s] Level 1:colcon.colcon_core.environment:checking '/home/copperbottoms/code/Copperbottoms/ros_ws/src/install/realsense_publisher' for CMake module files
[11.555s] Level 1:colcon.colcon_core.environment:checking '/home/copperbottoms/code/Copperbottoms/ros_ws/src/install/realsense_publisher' for CMake config files
[11.577s] Level 1:colcon.colcon_core.environment:checking '/home/copperbottoms/code/Copperbottoms/ros_ws/src/install/realsense_publisher/lib'
[11.585s] Level 1:colcon.colcon_core.environment:checking '/home/copperbottoms/code/Copperbottoms/ros_ws/src/install/realsense_publisher/bin'
[11.586s] Level 1:colcon.colcon_core.environment:checking '/home/copperbottoms/code/Copperbottoms/ros_ws/src/install/realsense_publisher/lib/pkgconfig/realsense_publisher.pc'
[11.587s] Level 1:colcon.colcon_core.environment:checking '/home/copperbottoms/code/Copperbottoms/ros_ws/src/install/realsense_publisher/lib/python3.10/site-packages'
[11.588s] Level 1:colcon.colcon_core.shell:create_environment_hook('realsense_publisher', 'pythonpath')
[11.598s] INFO:colcon.colcon_core.shell:Creating environment hook '/home/copperbottoms/code/Copperbottoms/ros_ws/src/install/realsense_publisher/share/realsense_publisher/hook/pythonpath.ps1'
[11.601s] INFO:colcon.colcon_core.shell:Creating environment descriptor '/home/copperbottoms/code/Copperbottoms/ros_ws/src/install/realsense_publisher/share/realsense_publisher/hook/pythonpath.dsv'
[11.603s] INFO:colcon.colcon_core.shell:Creating environment hook '/home/copperbottoms/code/Copperbottoms/ros_ws/src/install/realsense_publisher/share/realsense_publisher/hook/pythonpath.sh'
[11.608s] Level 1:colcon.colcon_core.environment:checking '/home/copperbottoms/code/Copperbottoms/ros_ws/src/install/realsense_publisher/bin'
[11.609s] Level 1:colcon.colcon_core.environment:create_environment_scripts_only(realsense_publisher)
[11.610s] INFO:colcon.colcon_core.shell:Creating package script '/home/copperbottoms/code/Copperbottoms/ros_ws/src/install/realsense_publisher/share/realsense_publisher/package.ps1'
[11.615s] INFO:colcon.colcon_core.shell:Creating package descriptor '/home/copperbottoms/code/Copperbottoms/ros_ws/src/install/realsense_publisher/share/realsense_publisher/package.dsv'
[11.619s] INFO:colcon.colcon_core.shell:Creating package script '/home/copperbottoms/code/Copperbottoms/ros_ws/src/install/realsense_publisher/share/realsense_publisher/package.sh'
[11.625s] INFO:colcon.colcon_core.shell:Creating package script '/home/copperbottoms/code/Copperbottoms/ros_ws/src/install/realsense_publisher/share/realsense_publisher/package.bash'
[11.630s] INFO:colcon.colcon_core.shell:Creating package script '/home/copperbottoms/code/Copperbottoms/ros_ws/src/install/realsense_publisher/share/realsense_publisher/package.zsh'
[11.640s] Level 1:colcon.colcon_core.environment:create_file_with_runtime_dependencies(/home/copperbottoms/code/Copperbottoms/ros_ws/src/install/realsense_publisher/share/colcon-core/packages/realsense_publisher)
[12.824s] DEBUG:colcon.colcon_core.event_handler.log_command:Invoked command in '/home/copperbottoms/code/Copperbottoms/ros_ws/src/build/obstacle_avoidance' returned '0': PYTHONPATH=/home/copperbottoms/code/Copperbottoms/ros_ws/src/build/obstacle_avoidance/prefix_override:/usr/lib/python3/dist-packages/colcon_core/task/python/colcon_distutils_commands:/home/copperbottoms/code/Copperbottoms/ros_ws/src/install/obstacle_avoidance/lib/python3.10/site-packages:${PYTHONPATH} /usr/bin/python3 -W ignore:setup.py install is deprecated -W ignore:easy_install command is deprecated setup.py develop --uninstall --editable --build-directory /home/copperbottoms/code/Copperbottoms/ros_ws/src/build/obstacle_avoidance/build
[12.836s] DEBUG:colcon.colcon_core.event_handler.log_command:Invoking command in '/home/copperbottoms/code/Copperbottoms/ros_ws/src/obstacle_avoidance': PYTHONPATH=/home/copperbottoms/code/Copperbottoms/ros_ws/src/build/obstacle_avoidance/prefix_override:/usr/lib/python3/dist-packages/colcon_core/task/python/colcon_distutils_commands:/home/copperbottoms/code/Copperbottoms/ros_ws/src/install/obstacle_avoidance/lib/python3.10/site-packages:${PYTHONPATH} /usr/bin/python3 -W ignore:setup.py install is deprecated -W ignore:easy_install command is deprecated setup.py egg_info --egg-base ../build/obstacle_avoidance build --build-base /home/copperbottoms/code/Copperbottoms/ros_ws/src/build/obstacle_avoidance/build install --record /home/copperbottoms/code/Copperbottoms/ros_ws/src/build/obstacle_avoidance/install.log --single-version-externally-managed install_data --force
[14.221s] DEBUG:colcon.colcon_core.event_handler.log_command:Invoked command in '/home/copperbottoms/code/Copperbottoms/ros_ws/src/build/robo_rover' returned '0': CMAKE_PREFIX_PATH=${CMAKE_PREFIX_PATH}:/home/copperbottoms/code/Copperbottoms/ros_ws/install/realsense_publisher:/home/copperbottoms/code/Copperbottoms/ros_ws/install/obstacle_avoidance:/opt/ros/humble /usr/bin/cmake /home/copperbottoms/code/Copperbottoms/ros_ws/src/robo_rover -DCMAKE_INSTALL_PREFIX=/home/copperbottoms/code/Copperbottoms/ros_ws/src/install/robo_rover
[14.223s] DEBUG:colcon.colcon_core.event_handler.log_command:Invoking command in '/home/copperbottoms/code/Copperbottoms/ros_ws/src/build/robo_rover': CMAKE_PREFIX_PATH=${CMAKE_PREFIX_PATH}:/home/copperbottoms/code/Copperbottoms/ros_ws/install/realsense_publisher:/home/copperbottoms/code/Copperbottoms/ros_ws/install/obstacle_avoidance:/opt/ros/humble /usr/bin/cmake --build /home/copperbottoms/code/Copperbottoms/ros_ws/src/build/robo_rover -- -j4 -l4
[14.774s] Level 1:colcon.colcon_core.environment:checking '/home/copperbottoms/code/Copperbottoms/ros_ws/src/install/obstacle_avoidance' for CMake module files
[14.777s] DEBUG:colcon.colcon_core.event_handler.log_command:Invoked command in '/home/copperbottoms/code/Copperbottoms/ros_ws/src/obstacle_avoidance' returned '0': PYTHONPATH=/home/copperbottoms/code/Copperbottoms/ros_ws/src/build/obstacle_avoidance/prefix_override:/usr/lib/python3/dist-packages/colcon_core/task/python/colcon_distutils_commands:/home/copperbottoms/code/Copperbottoms/ros_ws/src/install/obstacle_avoidance/lib/python3.10/site-packages:${PYTHONPATH} /usr/bin/python3 -W ignore:setup.py install is deprecated -W ignore:easy_install command is deprecated setup.py egg_info --egg-base ../build/obstacle_avoidance build --build-base /home/copperbottoms/code/Copperbottoms/ros_ws/src/build/obstacle_avoidance/build install --record /home/copperbottoms/code/Copperbottoms/ros_ws/src/build/obstacle_avoidance/install.log --single-version-externally-managed install_data --force
[14.779s] Level 1:colcon.colcon_core.environment:checking '/home/copperbottoms/code/Copperbottoms/ros_ws/src/install/obstacle_avoidance' for CMake config files
[14.785s] Level 1:colcon.colcon_core.environment:checking '/home/copperbottoms/code/Copperbottoms/ros_ws/src/install/obstacle_avoidance/lib'
[14.786s] Level 1:colcon.colcon_core.environment:checking '/home/copperbottoms/code/Copperbottoms/ros_ws/src/install/obstacle_avoidance/bin'
[14.787s] Level 1:colcon.colcon_core.environment:checking '/home/copperbottoms/code/Copperbottoms/ros_ws/src/install/obstacle_avoidance/lib/pkgconfig/obstacle_avoidance.pc'
[14.789s] Level 1:colcon.colcon_core.environment:checking '/home/copperbottoms/code/Copperbottoms/ros_ws/src/install/obstacle_avoidance/lib/python3.10/site-packages'
[14.790s] Level 1:colcon.colcon_core.shell:create_environment_hook('obstacle_avoidance', 'pythonpath')
[14.791s] INFO:colcon.colcon_core.shell:Creating environment hook '/home/copperbottoms/code/Copperbottoms/ros_ws/src/install/obstacle_avoidance/share/obstacle_avoidance/hook/pythonpath.ps1'
[14.796s] INFO:colcon.colcon_core.shell:Creating environment descriptor '/home/copperbottoms/code/Copperbottoms/ros_ws/src/install/obstacle_avoidance/share/obstacle_avoidance/hook/pythonpath.dsv'
[14.800s] INFO:colcon.colcon_core.shell:Creating environment hook '/home/copperbottoms/code/Copperbottoms/ros_ws/src/install/obstacle_avoidance/share/obstacle_avoidance/hook/pythonpath.sh'
[14.806s] Level 1:colcon.colcon_core.environment:checking '/home/copperbottoms/code/Copperbottoms/ros_ws/src/install/obstacle_avoidance/bin'
[14.807s] Level 1:colcon.colcon_core.environment:create_environment_scripts_only(obstacle_avoidance)
[14.809s] INFO:colcon.colcon_core.shell:Creating package script '/home/copperbottoms/code/Copperbottoms/ros_ws/src/install/obstacle_avoidance/share/obstacle_avoidance/package.ps1'
[14.813s] INFO:colcon.colcon_core.shell:Creating package descriptor '/home/copperbottoms/code/Copperbottoms/ros_ws/src/install/obstacle_avoidance/share/obstacle_avoidance/package.dsv'
[14.817s] INFO:colcon.colcon_core.shell:Creating package script '/home/copperbottoms/code/Copperbottoms/ros_ws/src/install/obstacle_avoidance/share/obstacle_avoidance/package.sh'
[14.820s] INFO:colcon.colcon_core.shell:Creating package script '/home/copperbottoms/code/Copperbottoms/ros_ws/src/install/obstacle_avoidance/share/obstacle_avoidance/package.bash'
[14.823s] INFO:colcon.colcon_core.shell:Creating package script '/home/copperbottoms/code/Copperbottoms/ros_ws/src/install/obstacle_avoidance/share/obstacle_avoidance/package.zsh'
[14.825s] Level 1:colcon.colcon_core.environment:create_file_with_runtime_dependencies(/home/copperbottoms/code/Copperbottoms/ros_ws/src/install/obstacle_avoidance/share/colcon-core/packages/obstacle_avoidance)
[16.267s] DEBUG:colcon.colcon_core.event_handler.log_command:Invoked command in '/home/copperbottoms/code/Copperbottoms/ros_ws/src/build/robo_rover' returned '0': CMAKE_PREFIX_PATH=${CMAKE_PREFIX_PATH}:/home/copperbottoms/code/Copperbottoms/ros_ws/install/realsense_publisher:/home/copperbottoms/code/Copperbottoms/ros_ws/install/obstacle_avoidance:/opt/ros/humble /usr/bin/cmake --build /home/copperbottoms/code/Copperbottoms/ros_ws/src/build/robo_rover -- -j4 -l4
[16.309s] DEBUG:colcon.colcon_core.event_handler.log_command:Invoking command in '/home/copperbottoms/code/Copperbottoms/ros_ws/src/build/robo_rover': CMAKE_PREFIX_PATH=${CMAKE_PREFIX_PATH}:/home/copperbottoms/code/Copperbottoms/ros_ws/install/realsense_publisher:/home/copperbottoms/code/Copperbottoms/ros_ws/install/obstacle_avoidance:/opt/ros/humble /usr/bin/cmake --install /home/copperbottoms/code/Copperbottoms/ros_ws/src/build/robo_rover
[16.615s] Level 1:colcon.colcon_core.environment:create_environment_scripts_only(robo_rover)
[16.617s] Level 1:colcon.colcon_core.environment:checking '/home/copperbottoms/code/Copperbottoms/ros_ws/src/install/robo_rover' for CMake module files
[16.618s] DEBUG:colcon.colcon_core.event_handler.log_command:Invoked command in '/home/copperbottoms/code/Copperbottoms/ros_ws/src/build/robo_rover' returned '0': CMAKE_PREFIX_PATH=${CMAKE_PREFIX_PATH}:/home/copperbottoms/code/Copperbottoms/ros_ws/install/realsense_publisher:/home/copperbottoms/code/Copperbottoms/ros_ws/install/obstacle_avoidance:/opt/ros/humble /usr/bin/cmake --install /home/copperbottoms/code/Copperbottoms/ros_ws/src/build/robo_rover
[16.621s] Level 1:colcon.colcon_core.environment:checking '/home/copperbottoms/code/Copperbottoms/ros_ws/src/install/robo_rover' for CMake config files
[16.625s] Level 1:colcon.colcon_core.shell:create_environment_hook('robo_rover', 'cmake_prefix_path')
[16.626s] INFO:colcon.colcon_core.shell:Creating environment hook '/home/copperbottoms/code/Copperbottoms/ros_ws/src/install/robo_rover/share/robo_rover/hook/cmake_prefix_path.ps1'
[16.628s] INFO:colcon.colcon_core.shell:Creating environment descriptor '/home/copperbottoms/code/Copperbottoms/ros_ws/src/install/robo_rover/share/robo_rover/hook/cmake_prefix_path.dsv'
[16.630s] INFO:colcon.colcon_core.shell:Creating environment hook '/home/copperbottoms/code/Copperbottoms/ros_ws/src/install/robo_rover/share/robo_rover/hook/cmake_prefix_path.sh'
[16.633s] Level 1:colcon.colcon_core.environment:checking '/home/copperbottoms/code/Copperbottoms/ros_ws/src/install/robo_rover/lib'
[16.634s] Level 1:colcon.colcon_core.environment:checking '/home/copperbottoms/code/Copperbottoms/ros_ws/src/install/robo_rover/bin'
[16.634s] Level 1:colcon.colcon_core.environment:checking '/home/copperbottoms/code/Copperbottoms/ros_ws/src/install/robo_rover/lib/pkgconfig/robo_rover.pc'
[16.636s] Level 1:colcon.colcon_core.environment:checking '/home/copperbottoms/code/Copperbottoms/ros_ws/src/install/robo_rover/lib/python3.10/site-packages'
[16.638s] Level 1:colcon.colcon_core.environment:checking '/home/copperbottoms/code/Copperbottoms/ros_ws/src/install/robo_rover/bin'
[16.640s] INFO:colcon.colcon_core.shell:Creating package script '/home/copperbottoms/code/Copperbottoms/ros_ws/src/install/robo_rover/share/robo_rover/package.ps1'
[16.642s] INFO:colcon.colcon_core.shell:Creating package descriptor '/home/copperbottoms/code/Copperbottoms/ros_ws/src/install/robo_rover/share/robo_rover/package.dsv'
[16.644s] INFO:colcon.colcon_core.shell:Creating package script '/home/copperbottoms/code/Copperbottoms/ros_ws/src/install/robo_rover/share/robo_rover/package.sh'
[16.647s] INFO:colcon.colcon_core.shell:Creating package script '/home/copperbottoms/code/Copperbottoms/ros_ws/src/install/robo_rover/share/robo_rover/package.bash'
[16.649s] INFO:colcon.colcon_core.shell:Creating package script '/home/copperbottoms/code/Copperbottoms/ros_ws/src/install/robo_rover/share/robo_rover/package.zsh'
[16.650s] Level 1:colcon.colcon_core.environment:create_file_with_runtime_dependencies(/home/copperbottoms/code/Copperbottoms/ros_ws/src/install/robo_rover/share/colcon-core/packages/robo_rover)
[16.654s] Level 1:colcon.colcon_core.environment:create_environment_scripts_only(robo_rover)
[16.655s] Level 1:colcon.colcon_core.environment:checking '/home/copperbottoms/code/Copperbottoms/ros_ws/src/install/robo_rover' for CMake module files
[16.659s] Level 1:colcon.colcon_core.environment:checking '/home/copperbottoms/code/Copperbottoms/ros_ws/src/install/robo_rover' for CMake config files
[16.663s] Level 1:colcon.colcon_core.shell:create_environment_hook('robo_rover', 'cmake_prefix_path')
[16.664s] INFO:colcon.colcon_core.shell:Creating environment hook '/home/copperbottoms/code/Copperbottoms/ros_ws/src/install/robo_rover/share/robo_rover/hook/cmake_prefix_path.ps1'
[16.668s] INFO:colcon.colcon_core.shell:Creating environment descriptor '/home/copperbottoms/code/Copperbottoms/ros_ws/src/install/robo_rover/share/robo_rover/hook/cmake_prefix_path.dsv'
[16.672s] INFO:colcon.colcon_core.shell:Creating environment hook '/home/copperbottoms/code/Copperbottoms/ros_ws/src/install/robo_rover/share/robo_rover/hook/cmake_prefix_path.sh'
[16.678s] Level 1:colcon.colcon_core.environment:checking '/home/copperbottoms/code/Copperbottoms/ros_ws/src/install/robo_rover/lib'
[16.679s] Level 1:colcon.colcon_core.environment:checking '/home/copperbottoms/code/Copperbottoms/ros_ws/src/install/robo_rover/bin'
[16.680s] Level 1:colcon.colcon_core.environment:checking '/home/copperbottoms/code/Copperbottoms/ros_ws/src/install/robo_rover/lib/pkgconfig/robo_rover.pc'
[16.682s] Level 1:colcon.colcon_core.environment:checking '/home/copperbottoms/code/Copperbottoms/ros_ws/src/install/robo_rover/lib/python3.10/site-packages'
[16.685s] Level 1:colcon.colcon_core.environment:checking '/home/copperbottoms/code/Copperbottoms/ros_ws/src/install/robo_rover/bin'
[16.687s] INFO:colcon.colcon_core.shell:Creating package script '/home/copperbottoms/code/Copperbottoms/ros_ws/src/install/robo_rover/share/robo_rover/package.ps1'
[16.692s] INFO:colcon.colcon_core.shell:Creating package descriptor '/home/copperbottoms/code/Copperbottoms/ros_ws/src/install/robo_rover/share/robo_rover/package.dsv'
[16.696s] INFO:colcon.colcon_core.shell:Creating package script '/home/copperbottoms/code/Copperbottoms/ros_ws/src/install/robo_rover/share/robo_rover/package.sh'
[16.699s] INFO:colcon.colcon_core.shell:Creating package script '/home/copperbottoms/code/Copperbottoms/ros_ws/src/install/robo_rover/share/robo_rover/package.bash'
[16.703s] INFO:colcon.colcon_core.shell:Creating package script '/home/copperbottoms/code/Copperbottoms/ros_ws/src/install/robo_rover/share/robo_rover/package.zsh'
[16.708s] Level 1:colcon.colcon_core.environment:create_file_with_runtime_dependencies(/home/copperbottoms/code/Copperbottoms/ros_ws/src/install/robo_rover/share/colcon-core/packages/robo_rover)
[16.935s] DEBUG:colcon.colcon_core.event_handler.log_command:Invoked command in '/home/copperbottoms/code/Copperbottoms/ros_ws/src/build/rplidar_ros' returned '0': CMAKE_PREFIX_PATH=${CMAKE_PREFIX_PATH}:/home/copperbottoms/code/Copperbottoms/ros_ws/install/realsense_publisher:/home/copperbottoms/code/Copperbottoms/ros_ws/install/obstacle_avoidance:/opt/ros/humble /usr/bin/cmake /home/copperbottoms/code/Copperbottoms/ros_ws/src/rplidar_ros -DCMAKE_INSTALL_PREFIX=/home/copperbottoms/code/Copperbottoms/ros_ws/src/install/rplidar_ros
[16.945s] DEBUG:colcon.colcon_core.event_handler.log_command:Invoking command in '/home/copperbottoms/code/Copperbottoms/ros_ws/src/build/rplidar_ros': CMAKE_PREFIX_PATH=${CMAKE_PREFIX_PATH}:/home/copperbottoms/code/Copperbottoms/ros_ws/install/realsense_publisher:/home/copperbottoms/code/Copperbottoms/ros_ws/install/obstacle_avoidance:/opt/ros/humble /usr/bin/cmake --build /home/copperbottoms/code/Copperbottoms/ros_ws/src/build/rplidar_ros -- -j4 -l4
[90.200s] DEBUG:colcon.colcon_core.event_handler.log_command:Invoked command in '/home/copperbottoms/code/Copperbottoms/ros_ws/src/build/rplidar_ros' returned '0': CMAKE_PREFIX_PATH=${CMAKE_PREFIX_PATH}:/home/copperbottoms/code/Copperbottoms/ros_ws/install/realsense_publisher:/home/copperbottoms/code/Copperbottoms/ros_ws/install/obstacle_avoidance:/opt/ros/humble /usr/bin/cmake --build /home/copperbottoms/code/Copperbottoms/ros_ws/src/build/rplidar_ros -- -j4 -l4
[90.209s] DEBUG:colcon.colcon_core.event_handler.log_command:Invoking command in '/home/copperbottoms/code/Copperbottoms/ros_ws/src/build/rplidar_ros': CMAKE_PREFIX_PATH=${CMAKE_PREFIX_PATH}:/home/copperbottoms/code/Copperbottoms/ros_ws/install/realsense_publisher:/home/copperbottoms/code/Copperbottoms/ros_ws/install/obstacle_avoidance:/opt/ros/humble /usr/bin/cmake --install /home/copperbottoms/code/Copperbottoms/ros_ws/src/build/rplidar_ros
[90.362s] Level 1:colcon.colcon_core.environment:create_environment_scripts_only(rplidar_ros)
[90.363s] Level 1:colcon.colcon_core.environment:checking '/home/copperbottoms/code/Copperbottoms/ros_ws/src/install/rplidar_ros' for CMake module files
[90.365s] DEBUG:colcon.colcon_core.event_handler.log_command:Invoked command in '/home/copperbottoms/code/Copperbottoms/ros_ws/src/build/rplidar_ros' returned '0': CMAKE_PREFIX_PATH=${CMAKE_PREFIX_PATH}:/home/copperbottoms/code/Copperbottoms/ros_ws/install/realsense_publisher:/home/copperbottoms/code/Copperbottoms/ros_ws/install/obstacle_avoidance:/opt/ros/humble /usr/bin/cmake --install /home/copperbottoms/code/Copperbottoms/ros_ws/src/build/rplidar_ros
[90.368s] Level 1:colcon.colcon_core.environment:checking '/home/copperbottoms/code/Copperbottoms/ros_ws/src/install/rplidar_ros' for CMake config files
[90.371s] Level 1:colcon.colcon_core.shell:create_environment_hook('rplidar_ros', 'cmake_prefix_path')
[90.372s] INFO:colcon.colcon_core.shell:Creating environment hook '/home/copperbottoms/code/Copperbottoms/ros_ws/src/install/rplidar_ros/share/rplidar_ros/hook/cmake_prefix_path.ps1'
[90.374s] INFO:colcon.colcon_core.shell:Creating environment descriptor '/home/copperbottoms/code/Copperbottoms/ros_ws/src/install/rplidar_ros/share/rplidar_ros/hook/cmake_prefix_path.dsv'
[90.376s] INFO:colcon.colcon_core.shell:Creating environment hook '/home/copperbottoms/code/Copperbottoms/ros_ws/src/install/rplidar_ros/share/rplidar_ros/hook/cmake_prefix_path.sh'
[90.379s] Level 1:colcon.colcon_core.environment:checking '/home/copperbottoms/code/Copperbottoms/ros_ws/src/install/rplidar_ros/lib'
[90.379s] Level 1:colcon.colcon_core.environment:checking '/home/copperbottoms/code/Copperbottoms/ros_ws/src/install/rplidar_ros/bin'
[90.379s] Level 1:colcon.colcon_core.environment:checking '/home/copperbottoms/code/Copperbottoms/ros_ws/src/install/rplidar_ros/lib/pkgconfig/rplidar_ros.pc'
[90.381s] Level 1:colcon.colcon_core.environment:checking '/home/copperbottoms/code/Copperbottoms/ros_ws/src/install/rplidar_ros/lib/python3.10/site-packages'
[90.382s] Level 1:colcon.colcon_core.environment:checking '/home/copperbottoms/code/Copperbottoms/ros_ws/src/install/rplidar_ros/bin'
[90.384s] INFO:colcon.colcon_core.shell:Creating package script '/home/copperbottoms/code/Copperbottoms/ros_ws/src/install/rplidar_ros/share/rplidar_ros/package.ps1'
[90.387s] INFO:colcon.colcon_core.shell:Creating package descriptor '/home/copperbottoms/code/Copperbottoms/ros_ws/src/install/rplidar_ros/share/rplidar_ros/package.dsv'
[90.389s] INFO:colcon.colcon_core.shell:Creating package script '/home/copperbottoms/code/Copperbottoms/ros_ws/src/install/rplidar_ros/share/rplidar_ros/package.sh'
[90.391s] INFO:colcon.colcon_core.shell:Creating package script '/home/copperbottoms/code/Copperbottoms/ros_ws/src/install/rplidar_ros/share/rplidar_ros/package.bash'
[90.393s] INFO:colcon.colcon_core.shell:Creating package script '/home/copperbottoms/code/Copperbottoms/ros_ws/src/install/rplidar_ros/share/rplidar_ros/package.zsh'
[90.394s] Level 1:colcon.colcon_core.environment:create_file_with_runtime_dependencies(/home/copperbottoms/code/Copperbottoms/ros_ws/src/install/rplidar_ros/share/colcon-core/packages/rplidar_ros)
[90.397s] Level 1:colcon.colcon_core.environment:create_environment_scripts_only(rplidar_ros)
[90.398s] Level 1:colcon.colcon_core.environment:checking '/home/copperbottoms/code/Copperbottoms/ros_ws/src/install/rplidar_ros' for CMake module files
[90.402s] Level 1:colcon.colcon_core.environment:checking '/home/copperbottoms/code/Copperbottoms/ros_ws/src/install/rplidar_ros' for CMake config files
[90.405s] Level 1:colcon.colcon_core.shell:create_environment_hook('rplidar_ros', 'cmake_prefix_path')
[90.406s] INFO:colcon.colcon_core.shell:Creating environment hook '/home/copperbottoms/code/Copperbottoms/ros_ws/src/install/rplidar_ros/share/rplidar_ros/hook/cmake_prefix_path.ps1'
[90.408s] INFO:colcon.colcon_core.shell:Creating environment descriptor '/home/copperbottoms/code/Copperbottoms/ros_ws/src/install/rplidar_ros/share/rplidar_ros/hook/cmake_prefix_path.dsv'
[90.410s] INFO:colcon.colcon_core.shell:Creating environment hook '/home/copperbottoms/code/Copperbottoms/ros_ws/src/install/rplidar_ros/share/rplidar_ros/hook/cmake_prefix_path.sh'
[90.413s] Level 1:colcon.colcon_core.environment:checking '/home/copperbottoms/code/Copperbottoms/ros_ws/src/install/rplidar_ros/lib'
[90.413s] Level 1:colcon.colcon_core.environment:checking '/home/copperbottoms/code/Copperbottoms/ros_ws/src/install/rplidar_ros/bin'
[90.413s] Level 1:colcon.colcon_core.environment:checking '/home/copperbottoms/code/Copperbottoms/ros_ws/src/install/rplidar_ros/lib/pkgconfig/rplidar_ros.pc'
[90.414s] Level 1:colcon.colcon_core.environment:checking '/home/copperbottoms/code/Copperbottoms/ros_ws/src/install/rplidar_ros/lib/python3.10/site-packages'
[90.416s] Level 1:colcon.colcon_core.environment:checking '/home/copperbottoms/code/Copperbottoms/ros_ws/src/install/rplidar_ros/bin'
[90.417s] INFO:colcon.colcon_core.shell:Creating package script '/home/copperbottoms/code/Copperbottoms/ros_ws/src/install/rplidar_ros/share/rplidar_ros/package.ps1'
[90.421s] INFO:colcon.colcon_core.shell:Creating package descriptor '/home/copperbottoms/code/Copperbottoms/ros_ws/src/install/rplidar_ros/share/rplidar_ros/package.dsv'
[90.423s] INFO:colcon.colcon_core.shell:Creating package script '/home/copperbottoms/code/Copperbottoms/ros_ws/src/install/rplidar_ros/share/rplidar_ros/package.sh'
[90.425s] INFO:colcon.colcon_core.shell:Creating package script '/home/copperbottoms/code/Copperbottoms/ros_ws/src/install/rplidar_ros/share/rplidar_ros/package.bash'
[90.427s] INFO:colcon.colcon_core.shell:Creating package script '/home/copperbottoms/code/Copperbottoms/ros_ws/src/install/rplidar_ros/share/rplidar_ros/package.zsh'
[90.430s] Level 1:colcon.colcon_core.environment:create_file_with_runtime_dependencies(/home/copperbottoms/code/Copperbottoms/ros_ws/src/install/rplidar_ros/share/colcon-core/packages/rplidar_ros)
[90.431s] DEBUG:colcon.colcon_parallel_executor.executor.parallel:closing loop
[90.432s] DEBUG:colcon.colcon_parallel_executor.executor.parallel:loop closed
[90.432s] DEBUG:colcon.colcon_parallel_executor.executor.parallel:run_until_complete finished with '0'
[90.434s] DEBUG:colcon.colcon_core.event_reactor:joining thread
[90.468s] INFO:colcon.colcon_core.plugin_system:Skipping extension 'colcon_notification.desktop_notification.terminal_notifier': Not used on non-Darwin systems
[90.468s] INFO:colcon.colcon_core.plugin_system:Skipping extension 'colcon_notification.desktop_notification.win32': Not used on non-Windows systems
[90.468s] INFO:colcon.colcon_notification.desktop_notification:Sending desktop notification using 'notify2'
[90.474s] DEBUG:colcon.colcon_notification.desktop_notification.notify2:Failed to initialize notify2: org.freedesktop.DBus.Error.ServiceUnknown: The name org.freedesktop.Notifications was not provided by any .service files
[90.474s] DEBUG:colcon.colcon_core.event_reactor:joined thread
[90.475s] INFO:colcon.colcon_core.shell:Creating prefix script '/home/copperbottoms/code/Copperbottoms/ros_ws/src/install/local_setup.ps1'
[90.480s] INFO:colcon.colcon_core.shell:Creating prefix util module '/home/copperbottoms/code/Copperbottoms/ros_ws/src/install/_local_setup_util_ps1.py'
[90.490s] INFO:colcon.colcon_core.shell:Creating prefix chain script '/home/copperbottoms/code/Copperbottoms/ros_ws/src/install/setup.ps1'
[90.498s] INFO:colcon.colcon_core.shell:Creating prefix script '/home/copperbottoms/code/Copperbottoms/ros_ws/src/install/local_setup.sh'
[90.503s] INFO:colcon.colcon_core.shell:Creating prefix util module '/home/copperbottoms/code/Copperbottoms/ros_ws/src/install/_local_setup_util_sh.py'
[90.506s] INFO:colcon.colcon_core.shell:Creating prefix chain script '/home/copperbottoms/code/Copperbottoms/ros_ws/src/install/setup.sh'
[90.513s] INFO:colcon.colcon_core.shell:Creating prefix script '/home/copperbottoms/code/Copperbottoms/ros_ws/src/install/local_setup.bash'
[90.517s] INFO:colcon.colcon_core.shell:Creating prefix chain script '/home/copperbottoms/code/Copperbottoms/ros_ws/src/install/setup.bash'
[90.525s] INFO:colcon.colcon_core.shell:Creating prefix script '/home/copperbottoms/code/Copperbottoms/ros_ws/src/install/local_setup.zsh'
[90.529s] INFO:colcon.colcon_core.shell:Creating prefix chain script '/home/copperbottoms/code/Copperbottoms/ros_ws/src/install/setup.zsh'
