[0.510s] DEBUG:colcon:Command line arguments: ['/usr/bin/colcon', 'build', '--packages-select', 'amy_test']
[0.510s] DEBUG:colcon:Parsed command line arguments: Namespace(log_base=None, log_level=None, verb_name='build', build_base='build', install_base='install', merge_install=False, symlink_install=False, test_result_base=None, continue_on_error=False, executor='parallel', parallel_workers=4, event_handlers=None, ignore_user_meta=False, metas=['./colcon.meta'], base_paths=['.'], packages_ignore=None, packages_ignore_regex=None, paths=None, packages_up_to=None, packages_up_to_regex=None, packages_above=None, packages_above_and_dependencies=None, packages_above_depth=None, packages_select_by_dep=None, packages_skip_by_dep=None, packages_skip_up_to=None, packages_select_build_failed=False, packages_skip_build_finished=False, packages_select_test_failures=False, packages_skip_test_passed=False, packages_select=['amy_test'], packages_skip=None, packages_select_regex=None, packages_skip_regex=None, packages_start=None, packages_end=None, allow_overriding=[], cmake_args=None, cmake_target=None, cmake_target_skip_unavailable=False, cmake_clean_cache=False, cmake_clean_first=False, cmake_force_configure=False, ament_cmake_args=None, catkin_cmake_args=None, catkin_skip_building_tests=False, mixin_files=None, mixin=None, verb_parser=<colcon_mixin.mixin.mixin_argument.MixinArgumentDecorator object at 0xffff9f4d3a90>, verb_extension=<colcon_core.verb.build.BuildVerb object at 0xffff9f6d0a30>, main=<bound method BuildVerb.main of <colcon_core.verb.build.BuildVerb object at 0xffff9f6d0a30>>, mixin_verb=('build',))
[1.465s] Level 1:colcon.colcon_core.package_discovery:discover_packages(colcon_meta) check parameters
[1.466s] Level 1:colcon.colcon_core.package_discovery:discover_packages(recursive) check parameters
[1.466s] Level 1:colcon.colcon_core.package_discovery:discover_packages(ignore) check parameters
[1.466s] Level 1:colcon.colcon_core.package_discovery:discover_packages(path) check parameters
[1.466s] Level 1:colcon.colcon_core.package_discovery:discover_packages(colcon_meta) discover
[1.466s] Level 1:colcon.colcon_core.package_discovery:discover_packages(recursive) discover
[1.467s] INFO:colcon.colcon_core.package_discovery:Crawling recursively for packages in '/home/copperbottoms/code/Copperbottoms/ros_ws'
[1.467s] Level 1:colcon.colcon_core.package_identification:_identify(.) by extensions ['ignore', 'ignore_ament_install']
[1.468s] Level 1:colcon.colcon_core.package_identification:_identify(.) by extension 'ignore'
[1.468s] Level 1:colcon.colcon_core.package_identification:_identify(.) by extension 'ignore_ament_install'
[1.468s] Level 1:colcon.colcon_core.package_identification:_identify(.) by extensions ['colcon_pkg']
[1.468s] Level 1:colcon.colcon_core.package_identification:_identify(.) by extension 'colcon_pkg'
[1.468s] Level 1:colcon.colcon_core.package_identification:_identify(.) by extensions ['colcon_meta']
[1.469s] Level 1:colcon.colcon_core.package_identification:_identify(.) by extension 'colcon_meta'
[1.469s] Level 1:colcon.colcon_core.package_identification:_identify(.) by extensions ['ros']
[1.469s] Level 1:colcon.colcon_core.package_identification:_identify(.) by extension 'ros'
[1.513s] Level 1:colcon.colcon_core.package_identification:_identify(.) by extensions ['cmake', 'python']
[1.514s] Level 1:colcon.colcon_core.package_identification:_identify(.) by extension 'cmake'
[1.514s] Level 1:colcon.colcon_core.package_identification:_identify(.) by extension 'python'
[1.514s] Level 1:colcon.colcon_core.package_identification:_identify(.) by extensions ['python_setup_py']
[1.514s] Level 1:colcon.colcon_core.package_identification:_identify(.) by extension 'python_setup_py'
[1.515s] Level 1:colcon.colcon_core.package_identification:_identify(build) by extensions ['ignore', 'ignore_ament_install']
[1.515s] Level 1:colcon.colcon_core.package_identification:_identify(build) by extension 'ignore'
[1.515s] Level 1:colcon.colcon_core.package_identification:_identify(build) ignored
[1.516s] Level 1:colcon.colcon_core.package_identification:_identify(install) by extensions ['ignore', 'ignore_ament_install']
[1.517s] Level 1:colcon.colcon_core.package_identification:_identify(install) by extension 'ignore'
[1.517s] Level 1:colcon.colcon_core.package_identification:_identify(install) ignored
[1.518s] Level 1:colcon.colcon_core.package_identification:_identify(log) by extensions ['ignore', 'ignore_ament_install']
[1.518s] Level 1:colcon.colcon_core.package_identification:_identify(log) by extension 'ignore'
[1.518s] Level 1:colcon.colcon_core.package_identification:_identify(log) ignored
[1.519s] Level 1:colcon.colcon_core.package_identification:_identify(rosbag2_2026_04_28-12_33_23) by extensions ['ignore', 'ignore_ament_install']
[1.519s] Level 1:colcon.colcon_core.package_identification:_identify(rosbag2_2026_04_28-12_33_23) by extension 'ignore'
[1.519s] Level 1:colcon.colcon_core.package_identification:_identify(rosbag2_2026_04_28-12_33_23) by extension 'ignore_ament_install'
[1.520s] Level 1:colcon.colcon_core.package_identification:_identify(rosbag2_2026_04_28-12_33_23) by extensions ['colcon_pkg']
[1.520s] Level 1:colcon.colcon_core.package_identification:_identify(rosbag2_2026_04_28-12_33_23) by extension 'colcon_pkg'
[1.520s] Level 1:colcon.colcon_core.package_identification:_identify(rosbag2_2026_04_28-12_33_23) by extensions ['colcon_meta']
[1.520s] Level 1:colcon.colcon_core.package_identification:_identify(rosbag2_2026_04_28-12_33_23) by extension 'colcon_meta'
[1.520s] Level 1:colcon.colcon_core.package_identification:_identify(rosbag2_2026_04_28-12_33_23) by extensions ['ros']
[1.520s] Level 1:colcon.colcon_core.package_identification:_identify(rosbag2_2026_04_28-12_33_23) by extension 'ros'
[1.521s] Level 1:colcon.colcon_core.package_identification:_identify(rosbag2_2026_04_28-12_33_23) by extensions ['cmake', 'python']
[1.521s] Level 1:colcon.colcon_core.package_identification:_identify(rosbag2_2026_04_28-12_33_23) by extension 'cmake'
[1.521s] Level 1:colcon.colcon_core.package_identification:_identify(rosbag2_2026_04_28-12_33_23) by extension 'python'
[1.521s] Level 1:colcon.colcon_core.package_identification:_identify(rosbag2_2026_04_28-12_33_23) by extensions ['python_setup_py']
[1.521s] Level 1:colcon.colcon_core.package_identification:_identify(rosbag2_2026_04_28-12_33_23) by extension 'python_setup_py'
[1.522s] Level 1:colcon.colcon_core.package_identification:_identify(src) by extensions ['ignore', 'ignore_ament_install']
[1.523s] Level 1:colcon.colcon_core.package_identification:_identify(src) by extension 'ignore'
[1.523s] Level 1:colcon.colcon_core.package_identification:_identify(src) by extension 'ignore_ament_install'
[1.523s] Level 1:colcon.colcon_core.package_identification:_identify(src) by extensions ['colcon_pkg']
[1.523s] Level 1:colcon.colcon_core.package_identification:_identify(src) by extension 'colcon_pkg'
[1.523s] Level 1:colcon.colcon_core.package_identification:_identify(src) by extensions ['colcon_meta']
[1.524s] Level 1:colcon.colcon_core.package_identification:_identify(src) by extension 'colcon_meta'
[1.524s] Level 1:colcon.colcon_core.package_identification:_identify(src) by extensions ['ros']
[1.524s] Level 1:colcon.colcon_core.package_identification:_identify(src) by extension 'ros'
[1.524s] Level 1:colcon.colcon_core.package_identification:_identify(src) by extensions ['cmake', 'python']
[1.524s] Level 1:colcon.colcon_core.package_identification:_identify(src) by extension 'cmake'
[1.525s] Level 1:colcon.colcon_core.package_identification:_identify(src) by extension 'python'
[1.525s] Level 1:colcon.colcon_core.package_identification:_identify(src) by extensions ['python_setup_py']
[1.525s] Level 1:colcon.colcon_core.package_identification:_identify(src) by extension 'python_setup_py'
[1.526s] Level 1:colcon.colcon_core.package_identification:_identify(src/Camera_Navigation) by extensions ['ignore', 'ignore_ament_install']
[1.526s] Level 1:colcon.colcon_core.package_identification:_identify(src/Camera_Navigation) by extension 'ignore'
[1.526s] Level 1:colcon.colcon_core.package_identification:_identify(src/Camera_Navigation) by extension 'ignore_ament_install'
[1.527s] Level 1:colcon.colcon_core.package_identification:_identify(src/Camera_Navigation) by extensions ['colcon_pkg']
[1.527s] Level 1:colcon.colcon_core.package_identification:_identify(src/Camera_Navigation) by extension 'colcon_pkg'
[1.527s] Level 1:colcon.colcon_core.package_identification:_identify(src/Camera_Navigation) by extensions ['colcon_meta']
[1.527s] Level 1:colcon.colcon_core.package_identification:_identify(src/Camera_Navigation) by extension 'colcon_meta'
[1.527s] Level 1:colcon.colcon_core.package_identification:_identify(src/Camera_Navigation) by extensions ['ros']
[1.527s] Level 1:colcon.colcon_core.package_identification:_identify(src/Camera_Navigation) by extension 'ros'
[1.537s] DEBUG:colcon.colcon_core.package_identification:Package 'src/Camera_Navigation' with type 'ros.ament_python' and name 'camera_navigation'
[1.539s] Level 1:colcon.colcon_core.package_identification:_identify(src/SLAM) by extensions ['ignore', 'ignore_ament_install']
[1.539s] Level 1:colcon.colcon_core.package_identification:_identify(src/SLAM) by extension 'ignore'
[1.539s] Level 1:colcon.colcon_core.package_identification:_identify(src/SLAM) by extension 'ignore_ament_install'
[1.540s] Level 1:colcon.colcon_core.package_identification:_identify(src/SLAM) by extensions ['colcon_pkg']
[1.540s] Level 1:colcon.colcon_core.package_identification:_identify(src/SLAM) by extension 'colcon_pkg'
[1.540s] Level 1:colcon.colcon_core.package_identification:_identify(src/SLAM) by extensions ['colcon_meta']
[1.540s] Level 1:colcon.colcon_core.package_identification:_identify(src/SLAM) by extension 'colcon_meta'
[1.540s] Level 1:colcon.colcon_core.package_identification:_identify(src/SLAM) by extensions ['ros']
[1.541s] Level 1:colcon.colcon_core.package_identification:_identify(src/SLAM) by extension 'ros'
[1.541s] Level 1:colcon.colcon_core.package_identification:_identify(src/SLAM) by extensions ['cmake', 'python']
[1.541s] Level 1:colcon.colcon_core.package_identification:_identify(src/SLAM) by extension 'cmake'
[1.541s] Level 1:colcon.colcon_core.package_identification:_identify(src/SLAM) by extension 'python'
[1.542s] Level 1:colcon.colcon_core.package_identification:_identify(src/SLAM) by extensions ['python_setup_py']
[1.542s] Level 1:colcon.colcon_core.package_identification:_identify(src/SLAM) by extension 'python_setup_py'
[1.542s] Level 1:colcon.colcon_core.package_identification:_identify(src/SLAM/__pycache__) by extensions ['ignore', 'ignore_ament_install']
[1.543s] Level 1:colcon.colcon_core.package_identification:_identify(src/SLAM/__pycache__) by extension 'ignore'
[1.543s] Level 1:colcon.colcon_core.package_identification:_identify(src/SLAM/__pycache__) by extension 'ignore_ament_install'
[1.543s] Level 1:colcon.colcon_core.package_identification:_identify(src/SLAM/__pycache__) by extensions ['colcon_pkg']
[1.543s] Level 1:colcon.colcon_core.package_identification:_identify(src/SLAM/__pycache__) by extension 'colcon_pkg'
[1.543s] Level 1:colcon.colcon_core.package_identification:_identify(src/SLAM/__pycache__) by extensions ['colcon_meta']
[1.543s] Level 1:colcon.colcon_core.package_identification:_identify(src/SLAM/__pycache__) by extension 'colcon_meta'
[1.544s] Level 1:colcon.colcon_core.package_identification:_identify(src/SLAM/__pycache__) by extensions ['ros']
[1.544s] Level 1:colcon.colcon_core.package_identification:_identify(src/SLAM/__pycache__) by extension 'ros'
[1.544s] Level 1:colcon.colcon_core.package_identification:_identify(src/SLAM/__pycache__) by extensions ['cmake', 'python']
[1.544s] Level 1:colcon.colcon_core.package_identification:_identify(src/SLAM/__pycache__) by extension 'cmake'
[1.545s] Level 1:colcon.colcon_core.package_identification:_identify(src/SLAM/__pycache__) by extension 'python'
[1.545s] Level 1:colcon.colcon_core.package_identification:_identify(src/SLAM/__pycache__) by extensions ['python_setup_py']
[1.545s] Level 1:colcon.colcon_core.package_identification:_identify(src/SLAM/__pycache__) by extension 'python_setup_py'
[1.546s] Level 1:colcon.colcon_core.package_identification:_identify(src/SLAM/waypoint_nav) by extensions ['ignore', 'ignore_ament_install']
[1.546s] Level 1:colcon.colcon_core.package_identification:_identify(src/SLAM/waypoint_nav) by extension 'ignore'
[1.546s] Level 1:colcon.colcon_core.package_identification:_identify(src/SLAM/waypoint_nav) by extension 'ignore_ament_install'
[1.546s] Level 1:colcon.colcon_core.package_identification:_identify(src/SLAM/waypoint_nav) by extensions ['colcon_pkg']
[1.546s] Level 1:colcon.colcon_core.package_identification:_identify(src/SLAM/waypoint_nav) by extension 'colcon_pkg'
[1.547s] Level 1:colcon.colcon_core.package_identification:_identify(src/SLAM/waypoint_nav) by extensions ['colcon_meta']
[1.547s] Level 1:colcon.colcon_core.package_identification:_identify(src/SLAM/waypoint_nav) by extension 'colcon_meta'
[1.547s] Level 1:colcon.colcon_core.package_identification:_identify(src/SLAM/waypoint_nav) by extensions ['ros']
[1.547s] Level 1:colcon.colcon_core.package_identification:_identify(src/SLAM/waypoint_nav) by extension 'ros'
[1.548s] Level 1:colcon.colcon_core.package_identification:_identify(src/SLAM/waypoint_nav) by extensions ['cmake', 'python']
[1.548s] Level 1:colcon.colcon_core.package_identification:_identify(src/SLAM/waypoint_nav) by extension 'cmake'
[1.548s] Level 1:colcon.colcon_core.package_identification:_identify(src/SLAM/waypoint_nav) by extension 'python'
[1.548s] Level 1:colcon.colcon_core.package_identification:_identify(src/SLAM/waypoint_nav) by extensions ['python_setup_py']
[1.548s] Level 1:colcon.colcon_core.package_identification:_identify(src/SLAM/waypoint_nav) by extension 'python_setup_py'
[1.549s] Level 1:colcon.colcon_core.package_identification:_identify(src/__pycache__) by extensions ['ignore', 'ignore_ament_install']
[1.549s] Level 1:colcon.colcon_core.package_identification:_identify(src/__pycache__) by extension 'ignore'
[1.549s] Level 1:colcon.colcon_core.package_identification:_identify(src/__pycache__) by extension 'ignore_ament_install'
[1.550s] Level 1:colcon.colcon_core.package_identification:_identify(src/__pycache__) by extensions ['colcon_pkg']
[1.550s] Level 1:colcon.colcon_core.package_identification:_identify(src/__pycache__) by extension 'colcon_pkg'
[1.550s] Level 1:colcon.colcon_core.package_identification:_identify(src/__pycache__) by extensions ['colcon_meta']
[1.550s] Level 1:colcon.colcon_core.package_identification:_identify(src/__pycache__) by extension 'colcon_meta'
[1.550s] Level 1:colcon.colcon_core.package_identification:_identify(src/__pycache__) by extensions ['ros']
[1.550s] Level 1:colcon.colcon_core.package_identification:_identify(src/__pycache__) by extension 'ros'
[1.551s] Level 1:colcon.colcon_core.package_identification:_identify(src/__pycache__) by extensions ['cmake', 'python']
[1.551s] Level 1:colcon.colcon_core.package_identification:_identify(src/__pycache__) by extension 'cmake'
[1.551s] Level 1:colcon.colcon_core.package_identification:_identify(src/__pycache__) by extension 'python'
[1.551s] Level 1:colcon.colcon_core.package_identification:_identify(src/__pycache__) by extensions ['python_setup_py']
[1.551s] Level 1:colcon.colcon_core.package_identification:_identify(src/__pycache__) by extension 'python_setup_py'
[1.552s] Level 1:colcon.colcon_core.package_identification:_identify(src/amy_test) by extensions ['ignore', 'ignore_ament_install']
[1.552s] Level 1:colcon.colcon_core.package_identification:_identify(src/amy_test) by extension 'ignore'
[1.553s] Level 1:colcon.colcon_core.package_identification:_identify(src/amy_test) by extension 'ignore_ament_install'
[1.553s] Level 1:colcon.colcon_core.package_identification:_identify(src/amy_test) by extensions ['colcon_pkg']
[1.553s] Level 1:colcon.colcon_core.package_identification:_identify(src/amy_test) by extension 'colcon_pkg'
[1.553s] Level 1:colcon.colcon_core.package_identification:_identify(src/amy_test) by extensions ['colcon_meta']
[1.553s] Level 1:colcon.colcon_core.package_identification:_identify(src/amy_test) by extension 'colcon_meta'
[1.554s] Level 1:colcon.colcon_core.package_identification:_identify(src/amy_test) by extensions ['ros']
[1.554s] Level 1:colcon.colcon_core.package_identification:_identify(src/amy_test) by extension 'ros'
[1.556s] DEBUG:colcon.colcon_core.package_identification:Package 'src/amy_test' with type 'ros.ament_cmake' and name 'amy_test'
[1.557s] Level 1:colcon.colcon_core.package_identification:_identify(src/custom_messages) by extensions ['ignore', 'ignore_ament_install']
[1.557s] Level 1:colcon.colcon_core.package_identification:_identify(src/custom_messages) by extension 'ignore'
[1.558s] Level 1:colcon.colcon_core.package_identification:_identify(src/custom_messages) by extension 'ignore_ament_install'
[1.558s] Level 1:colcon.colcon_core.package_identification:_identify(src/custom_messages) by extensions ['colcon_pkg']
[1.558s] Level 1:colcon.colcon_core.package_identification:_identify(src/custom_messages) by extension 'colcon_pkg'
[1.558s] Level 1:colcon.colcon_core.package_identification:_identify(src/custom_messages) by extensions ['colcon_meta']
[1.558s] Level 1:colcon.colcon_core.package_identification:_identify(src/custom_messages) by extension 'colcon_meta'
[1.559s] Level 1:colcon.colcon_core.package_identification:_identify(src/custom_messages) by extensions ['ros']
[1.559s] Level 1:colcon.colcon_core.package_identification:_identify(src/custom_messages) by extension 'ros'
[1.562s] DEBUG:colcon.colcon_core.package_identification:Package 'src/custom_messages' with type 'ros.ament_cmake' and name 'custom_messages'
[1.562s] Level 1:colcon.colcon_core.package_identification:_identify(src/imu_pose_estimate) by extensions ['ignore', 'ignore_ament_install']
[1.563s] Level 1:colcon.colcon_core.package_identification:_identify(src/imu_pose_estimate) by extension 'ignore'
[1.563s] Level 1:colcon.colcon_core.package_identification:_identify(src/imu_pose_estimate) by extension 'ignore_ament_install'
[1.563s] Level 1:colcon.colcon_core.package_identification:_identify(src/imu_pose_estimate) by extensions ['colcon_pkg']
[1.563s] Level 1:colcon.colcon_core.package_identification:_identify(src/imu_pose_estimate) by extension 'colcon_pkg'
[1.563s] Level 1:colcon.colcon_core.package_identification:_identify(src/imu_pose_estimate) by extensions ['colcon_meta']
[1.564s] Level 1:colcon.colcon_core.package_identification:_identify(src/imu_pose_estimate) by extension 'colcon_meta'
[1.564s] Level 1:colcon.colcon_core.package_identification:_identify(src/imu_pose_estimate) by extensions ['ros']
[1.564s] Level 1:colcon.colcon_core.package_identification:_identify(src/imu_pose_estimate) by extension 'ros'
[1.571s] DEBUG:colcon.colcon_core.package_identification:Package 'src/imu_pose_estimate' with type 'ros.ament_python' and name 'imu_pose_estimate'
[1.572s] Level 1:colcon.colcon_core.package_identification:_identify(src/nav2_waypointing) by extensions ['ignore', 'ignore_ament_install']
[1.572s] Level 1:colcon.colcon_core.package_identification:_identify(src/nav2_waypointing) by extension 'ignore'
[1.573s] Level 1:colcon.colcon_core.package_identification:_identify(src/nav2_waypointing) by extension 'ignore_ament_install'
[1.573s] Level 1:colcon.colcon_core.package_identification:_identify(src/nav2_waypointing) by extensions ['colcon_pkg']
[1.573s] Level 1:colcon.colcon_core.package_identification:_identify(src/nav2_waypointing) by extension 'colcon_pkg'
[1.573s] Level 1:colcon.colcon_core.package_identification:_identify(src/nav2_waypointing) by extensions ['colcon_meta']
[1.573s] Level 1:colcon.colcon_core.package_identification:_identify(src/nav2_waypointing) by extension 'colcon_meta'
[1.574s] Level 1:colcon.colcon_core.package_identification:_identify(src/nav2_waypointing) by extensions ['ros']
[1.574s] Level 1:colcon.colcon_core.package_identification:_identify(src/nav2_waypointing) by extension 'ros'
[1.574s] Level 1:colcon.colcon_core.package_identification:_identify(src/nav2_waypointing) by extensions ['cmake', 'python']
[1.574s] Level 1:colcon.colcon_core.package_identification:_identify(src/nav2_waypointing) by extension 'cmake'
[1.574s] Level 1:colcon.colcon_core.package_identification:_identify(src/nav2_waypointing) by extension 'python'
[1.575s] Level 1:colcon.colcon_core.package_identification:_identify(src/nav2_waypointing) by extensions ['python_setup_py']
[1.575s] Level 1:colcon.colcon_core.package_identification:_identify(src/nav2_waypointing) by extension 'python_setup_py'
[1.575s] Level 1:colcon.colcon_core.package_identification:_identify(src/obstacle_avoidance) by extensions ['ignore', 'ignore_ament_install']
[1.576s] Level 1:colcon.colcon_core.package_identification:_identify(src/obstacle_avoidance) by extension 'ignore'
[1.576s] Level 1:colcon.colcon_core.package_identification:_identify(src/obstacle_avoidance) by extension 'ignore_ament_install'
[1.576s] Level 1:colcon.colcon_core.package_identification:_identify(src/obstacle_avoidance) by extensions ['colcon_pkg']
[1.576s] Level 1:colcon.colcon_core.package_identification:_identify(src/obstacle_avoidance) by extension 'colcon_pkg'
[1.576s] Level 1:colcon.colcon_core.package_identification:_identify(src/obstacle_avoidance) by extensions ['colcon_meta']
[1.577s] Level 1:colcon.colcon_core.package_identification:_identify(src/obstacle_avoidance) by extension 'colcon_meta'
[1.577s] Level 1:colcon.colcon_core.package_identification:_identify(src/obstacle_avoidance) by extensions ['ros']
[1.577s] Level 1:colcon.colcon_core.package_identification:_identify(src/obstacle_avoidance) by extension 'ros'
[1.580s] DEBUG:colcon.colcon_core.package_identification:Package 'src/obstacle_avoidance' with type 'ros.ament_python' and name 'obstacle_avoidance'
[1.581s] Level 1:colcon.colcon_core.package_identification:_identify(src/realsense_publisher) by extensions ['ignore', 'ignore_ament_install']
[1.581s] Level 1:colcon.colcon_core.package_identification:_identify(src/realsense_publisher) by extension 'ignore'
[1.581s] Level 1:colcon.colcon_core.package_identification:_identify(src/realsense_publisher) by extension 'ignore_ament_install'
[1.582s] Level 1:colcon.colcon_core.package_identification:_identify(src/realsense_publisher) by extensions ['colcon_pkg']
[1.582s] Level 1:colcon.colcon_core.package_identification:_identify(src/realsense_publisher) by extension 'colcon_pkg'
[1.582s] Level 1:colcon.colcon_core.package_identification:_identify(src/realsense_publisher) by extensions ['colcon_meta']
[1.582s] Level 1:colcon.colcon_core.package_identification:_identify(src/realsense_publisher) by extension 'colcon_meta'
[1.582s] Level 1:colcon.colcon_core.package_identification:_identify(src/realsense_publisher) by extensions ['ros']
[1.583s] Level 1:colcon.colcon_core.package_identification:_identify(src/realsense_publisher) by extension 'ros'
[1.585s] DEBUG:colcon.colcon_core.package_identification:Package 'src/realsense_publisher' with type 'ros.ament_python' and name 'realsense_publisher'
[1.585s] Level 1:colcon.colcon_core.package_identification:_identify(src/rf2o_laser_odometry) by extensions ['ignore', 'ignore_ament_install']
[1.586s] Level 1:colcon.colcon_core.package_identification:_identify(src/rf2o_laser_odometry) by extension 'ignore'
[1.586s] Level 1:colcon.colcon_core.package_identification:_identify(src/rf2o_laser_odometry) by extension 'ignore_ament_install'
[1.586s] Level 1:colcon.colcon_core.package_identification:_identify(src/rf2o_laser_odometry) by extensions ['colcon_pkg']
[1.587s] Level 1:colcon.colcon_core.package_identification:_identify(src/rf2o_laser_odometry) by extension 'colcon_pkg'
[1.587s] Level 1:colcon.colcon_core.package_identification:_identify(src/rf2o_laser_odometry) by extensions ['colcon_meta']
[1.587s] Level 1:colcon.colcon_core.package_identification:_identify(src/rf2o_laser_odometry) by extension 'colcon_meta'
[1.587s] Level 1:colcon.colcon_core.package_identification:_identify(src/rf2o_laser_odometry) by extensions ['ros']
[1.587s] Level 1:colcon.colcon_core.package_identification:_identify(src/rf2o_laser_odometry) by extension 'ros'
[1.591s] DEBUG:colcon.colcon_core.package_identification:Package 'src/rf2o_laser_odometry' with type 'ros.ament_cmake' and name 'rf2o_laser_odometry'
[1.592s] Level 1:colcon.colcon_core.package_identification:_identify(src/robo_realsense) by extensions ['ignore', 'ignore_ament_install']
[1.593s] Level 1:colcon.colcon_core.package_identification:_identify(src/robo_realsense) by extension 'ignore'
[1.593s] Level 1:colcon.colcon_core.package_identification:_identify(src/robo_realsense) by extension 'ignore_ament_install'
[1.593s] Level 1:colcon.colcon_core.package_identification:_identify(src/robo_realsense) by extensions ['colcon_pkg']
[1.593s] Level 1:colcon.colcon_core.package_identification:_identify(src/robo_realsense) by extension 'colcon_pkg'
[1.594s] Level 1:colcon.colcon_core.package_identification:_identify(src/robo_realsense) by extensions ['colcon_meta']
[1.594s] Level 1:colcon.colcon_core.package_identification:_identify(src/robo_realsense) by extension 'colcon_meta'
[1.594s] Level 1:colcon.colcon_core.package_identification:_identify(src/robo_realsense) by extensions ['ros']
[1.595s] Level 1:colcon.colcon_core.package_identification:_identify(src/robo_realsense) by extension 'ros'
[1.595s] Level 1:colcon.colcon_core.package_identification:_identify(src/robo_realsense) by extensions ['cmake', 'python']
[1.596s] Level 1:colcon.colcon_core.package_identification:_identify(src/robo_realsense) by extension 'cmake'
[1.596s] Level 1:colcon.colcon_core.package_identification:_identify(src/robo_realsense) by extension 'python'
[1.596s] Level 1:colcon.colcon_core.package_identification:_identify(src/robo_realsense) by extensions ['python_setup_py']
[1.597s] Level 1:colcon.colcon_core.package_identification:_identify(src/robo_realsense) by extension 'python_setup_py'
[1.598s] Level 1:colcon.colcon_core.package_identification:_identify(src/robo_realsense/fastsam) by extensions ['ignore', 'ignore_ament_install']
[1.598s] Level 1:colcon.colcon_core.package_identification:_identify(src/robo_realsense/fastsam) by extension 'ignore'
[1.599s] Level 1:colcon.colcon_core.package_identification:_identify(src/robo_realsense/fastsam) by extension 'ignore_ament_install'
[1.599s] Level 1:colcon.colcon_core.package_identification:_identify(src/robo_realsense/fastsam) by extensions ['colcon_pkg']
[1.600s] Level 1:colcon.colcon_core.package_identification:_identify(src/robo_realsense/fastsam) by extension 'colcon_pkg'
[1.600s] Level 1:colcon.colcon_core.package_identification:_identify(src/robo_realsense/fastsam) by extensions ['colcon_meta']
[1.600s] Level 1:colcon.colcon_core.package_identification:_identify(src/robo_realsense/fastsam) by extension 'colcon_meta'
[1.601s] Level 1:colcon.colcon_core.package_identification:_identify(src/robo_realsense/fastsam) by extensions ['ros']
[1.601s] Level 1:colcon.colcon_core.package_identification:_identify(src/robo_realsense/fastsam) by extension 'ros'
[1.601s] Level 1:colcon.colcon_core.package_identification:_identify(src/robo_realsense/fastsam) by extensions ['cmake', 'python']
[1.601s] Level 1:colcon.colcon_core.package_identification:_identify(src/robo_realsense/fastsam) by extension 'cmake'
[1.601s] Level 1:colcon.colcon_core.package_identification:_identify(src/robo_realsense/fastsam) by extension 'python'
[1.602s] Level 1:colcon.colcon_core.package_identification:_identify(src/robo_realsense/fastsam) by extensions ['python_setup_py']
[1.602s] Level 1:colcon.colcon_core.package_identification:_identify(src/robo_realsense/fastsam) by extension 'python_setup_py'
[1.602s] Level 1:colcon.colcon_core.package_identification:_identify(src/robo_realsense/fastsam/slam) by extensions ['ignore', 'ignore_ament_install']
[1.603s] Level 1:colcon.colcon_core.package_identification:_identify(src/robo_realsense/fastsam/slam) by extension 'ignore'
[1.603s] Level 1:colcon.colcon_core.package_identification:_identify(src/robo_realsense/fastsam/slam) by extension 'ignore_ament_install'
[1.603s] Level 1:colcon.colcon_core.package_identification:_identify(src/robo_realsense/fastsam/slam) by extensions ['colcon_pkg']
[1.603s] Level 1:colcon.colcon_core.package_identification:_identify(src/robo_realsense/fastsam/slam) by extension 'colcon_pkg'
[1.604s] Level 1:colcon.colcon_core.package_identification:_identify(src/robo_realsense/fastsam/slam) by extensions ['colcon_meta']
[1.604s] Level 1:colcon.colcon_core.package_identification:_identify(src/robo_realsense/fastsam/slam) by extension 'colcon_meta'
[1.604s] Level 1:colcon.colcon_core.package_identification:_identify(src/robo_realsense/fastsam/slam) by extensions ['ros']
[1.604s] Level 1:colcon.colcon_core.package_identification:_identify(src/robo_realsense/fastsam/slam) by extension 'ros'
[1.604s] Level 1:colcon.colcon_core.package_identification:_identify(src/robo_realsense/fastsam/slam) by extensions ['cmake', 'python']
[1.605s] Level 1:colcon.colcon_core.package_identification:_identify(src/robo_realsense/fastsam/slam) by extension 'cmake'
[1.605s] Level 1:colcon.colcon_core.package_identification:_identify(src/robo_realsense/fastsam/slam) by extension 'python'
[1.605s] Level 1:colcon.colcon_core.package_identification:_identify(src/robo_realsense/fastsam/slam) by extensions ['python_setup_py']
[1.606s] Level 1:colcon.colcon_core.package_identification:_identify(src/robo_realsense/fastsam/slam) by extension 'python_setup_py'
[1.606s] Level 1:colcon.colcon_core.package_identification:_identify(src/robo_realsense/fastsam/slam/__pycache__) by extensions ['ignore', 'ignore_ament_install']
[1.607s] Level 1:colcon.colcon_core.package_identification:_identify(src/robo_realsense/fastsam/slam/__pycache__) by extension 'ignore'
[1.607s] Level 1:colcon.colcon_core.package_identification:_identify(src/robo_realsense/fastsam/slam/__pycache__) by extension 'ignore_ament_install'
[1.607s] Level 1:colcon.colcon_core.package_identification:_identify(src/robo_realsense/fastsam/slam/__pycache__) by extensions ['colcon_pkg']
[1.607s] Level 1:colcon.colcon_core.package_identification:_identify(src/robo_realsense/fastsam/slam/__pycache__) by extension 'colcon_pkg'
[1.608s] Level 1:colcon.colcon_core.package_identification:_identify(src/robo_realsense/fastsam/slam/__pycache__) by extensions ['colcon_meta']
[1.608s] Level 1:colcon.colcon_core.package_identification:_identify(src/robo_realsense/fastsam/slam/__pycache__) by extension 'colcon_meta'
[1.608s] Level 1:colcon.colcon_core.package_identification:_identify(src/robo_realsense/fastsam/slam/__pycache__) by extensions ['ros']
[1.608s] Level 1:colcon.colcon_core.package_identification:_identify(src/robo_realsense/fastsam/slam/__pycache__) by extension 'ros'
[1.609s] Level 1:colcon.colcon_core.package_identification:_identify(src/robo_realsense/fastsam/slam/__pycache__) by extensions ['cmake', 'python']
[1.609s] Level 1:colcon.colcon_core.package_identification:_identify(src/robo_realsense/fastsam/slam/__pycache__) by extension 'cmake'
[1.609s] Level 1:colcon.colcon_core.package_identification:_identify(src/robo_realsense/fastsam/slam/__pycache__) by extension 'python'
[1.609s] Level 1:colcon.colcon_core.package_identification:_identify(src/robo_realsense/fastsam/slam/__pycache__) by extensions ['python_setup_py']
[1.609s] Level 1:colcon.colcon_core.package_identification:_identify(src/robo_realsense/fastsam/slam/__pycache__) by extension 'python_setup_py'
[1.610s] Level 1:colcon.colcon_core.package_identification:_identify(src/robo_realsense/launch) by extensions ['ignore', 'ignore_ament_install']
[1.610s] Level 1:colcon.colcon_core.package_identification:_identify(src/robo_realsense/launch) by extension 'ignore'
[1.610s] Level 1:colcon.colcon_core.package_identification:_identify(src/robo_realsense/launch) by extension 'ignore_ament_install'
[1.611s] Level 1:colcon.colcon_core.package_identification:_identify(src/robo_realsense/launch) by extensions ['colcon_pkg']
[1.611s] Level 1:colcon.colcon_core.package_identification:_identify(src/robo_realsense/launch) by extension 'colcon_pkg'
[1.611s] Level 1:colcon.colcon_core.package_identification:_identify(src/robo_realsense/launch) by extensions ['colcon_meta']
[1.611s] Level 1:colcon.colcon_core.package_identification:_identify(src/robo_realsense/launch) by extension 'colcon_meta'
[1.611s] Level 1:colcon.colcon_core.package_identification:_identify(src/robo_realsense/launch) by extensions ['ros']
[1.611s] Level 1:colcon.colcon_core.package_identification:_identify(src/robo_realsense/launch) by extension 'ros'
[1.612s] Level 1:colcon.colcon_core.package_identification:_identify(src/robo_realsense/launch) by extensions ['cmake', 'python']
[1.612s] Level 1:colcon.colcon_core.package_identification:_identify(src/robo_realsense/launch) by extension 'cmake'
[1.612s] Level 1:colcon.colcon_core.package_identification:_identify(src/robo_realsense/launch) by extension 'python'
[1.612s] Level 1:colcon.colcon_core.package_identification:_identify(src/robo_realsense/launch) by extensions ['python_setup_py']
[1.613s] Level 1:colcon.colcon_core.package_identification:_identify(src/robo_realsense/launch) by extension 'python_setup_py'
[1.613s] Level 1:colcon.colcon_core.package_identification:_identify(src/robo_realsense/launch/__pycache__) by extensions ['ignore', 'ignore_ament_install']
[1.613s] Level 1:colcon.colcon_core.package_identification:_identify(src/robo_realsense/launch/__pycache__) by extension 'ignore'
[1.614s] Level 1:colcon.colcon_core.package_identification:_identify(src/robo_realsense/launch/__pycache__) by extension 'ignore_ament_install'
[1.614s] Level 1:colcon.colcon_core.package_identification:_identify(src/robo_realsense/launch/__pycache__) by extensions ['colcon_pkg']
[1.614s] Level 1:colcon.colcon_core.package_identification:_identify(src/robo_realsense/launch/__pycache__) by extension 'colcon_pkg'
[1.614s] Level 1:colcon.colcon_core.package_identification:_identify(src/robo_realsense/launch/__pycache__) by extensions ['colcon_meta']
[1.614s] Level 1:colcon.colcon_core.package_identification:_identify(src/robo_realsense/launch/__pycache__) by extension 'colcon_meta'
[1.615s] Level 1:colcon.colcon_core.package_identification:_identify(src/robo_realsense/launch/__pycache__) by extensions ['ros']
[1.615s] Level 1:colcon.colcon_core.package_identification:_identify(src/robo_realsense/launch/__pycache__) by extension 'ros'
[1.615s] Level 1:colcon.colcon_core.package_identification:_identify(src/robo_realsense/launch/__pycache__) by extensions ['cmake', 'python']
[1.616s] Level 1:colcon.colcon_core.package_identification:_identify(src/robo_realsense/launch/__pycache__) by extension 'cmake'
[1.616s] Level 1:colcon.colcon_core.package_identification:_identify(src/robo_realsense/launch/__pycache__) by extension 'python'
[1.616s] Level 1:colcon.colcon_core.package_identification:_identify(src/robo_realsense/launch/__pycache__) by extensions ['python_setup_py']
[1.616s] Level 1:colcon.colcon_core.package_identification:_identify(src/robo_realsense/launch/__pycache__) by extension 'python_setup_py'
[1.617s] Level 1:colcon.colcon_core.package_identification:_identify(src/robo_rover) by extensions ['ignore', 'ignore_ament_install']
[1.617s] Level 1:colcon.colcon_core.package_identification:_identify(src/robo_rover) by extension 'ignore'
[1.617s] Level 1:colcon.colcon_core.package_identification:_identify(src/robo_rover) by extension 'ignore_ament_install'
[1.618s] Level 1:colcon.colcon_core.package_identification:_identify(src/robo_rover) by extensions ['colcon_pkg']
[1.618s] Level 1:colcon.colcon_core.package_identification:_identify(src/robo_rover) by extension 'colcon_pkg'
[1.618s] Level 1:colcon.colcon_core.package_identification:_identify(src/robo_rover) by extensions ['colcon_meta']
[1.618s] Level 1:colcon.colcon_core.package_identification:_identify(src/robo_rover) by extension 'colcon_meta'
[1.618s] Level 1:colcon.colcon_core.package_identification:_identify(src/robo_rover) by extensions ['ros']
[1.618s] Level 1:colcon.colcon_core.package_identification:_identify(src/robo_rover) by extension 'ros'
[1.657s] DEBUG:colcon.colcon_core.package_identification:Package 'src/robo_rover' with type 'ros.ament_cmake' and name 'robo_rover'
[1.658s] Level 1:colcon.colcon_core.package_identification:_identify(src/rplidar_ros) by extensions ['ignore', 'ignore_ament_install']
[1.659s] Level 1:colcon.colcon_core.package_identification:_identify(src/rplidar_ros) by extension 'ignore'
[1.660s] Level 1:colcon.colcon_core.package_identification:_identify(src/rplidar_ros) by extension 'ignore_ament_install'
[1.660s] Level 1:colcon.colcon_core.package_identification:_identify(src/rplidar_ros) by extensions ['colcon_pkg']
[1.660s] Level 1:colcon.colcon_core.package_identification:_identify(src/rplidar_ros) by extension 'colcon_pkg'
[1.661s] Level 1:colcon.colcon_core.package_identification:_identify(src/rplidar_ros) by extensions ['colcon_meta']
[1.661s] Level 1:colcon.colcon_core.package_identification:_identify(src/rplidar_ros) by extension 'colcon_meta'
[1.661s] Level 1:colcon.colcon_core.package_identification:_identify(src/rplidar_ros) by extensions ['ros']
[1.662s] Level 1:colcon.colcon_core.package_identification:_identify(src/rplidar_ros) by extension 'ros'
[1.665s] DEBUG:colcon.colcon_core.package_identification:Package 'src/rplidar_ros' with type 'ros.ament_cmake' and name 'rplidar_ros'
[1.667s] Level 1:colcon.colcon_core.package_identification:_identify(src/sarina) by extensions ['ignore', 'ignore_ament_install']
[1.668s] Level 1:colcon.colcon_core.package_identification:_identify(src/sarina) by extension 'ignore'
[1.669s] Level 1:colcon.colcon_core.package_identification:_identify(src/sarina) by extension 'ignore_ament_install'
[1.670s] Level 1:colcon.colcon_core.package_identification:_identify(src/sarina) by extensions ['colcon_pkg']
[1.670s] Level 1:colcon.colcon_core.package_identification:_identify(src/sarina) by extension 'colcon_pkg'
[1.671s] Level 1:colcon.colcon_core.package_identification:_identify(src/sarina) by extensions ['colcon_meta']
[1.671s] Level 1:colcon.colcon_core.package_identification:_identify(src/sarina) by extension 'colcon_meta'
[1.672s] Level 1:colcon.colcon_core.package_identification:_identify(src/sarina) by extensions ['ros']
[1.672s] Level 1:colcon.colcon_core.package_identification:_identify(src/sarina) by extension 'ros'
[1.673s] Level 1:colcon.colcon_core.package_identification:_identify(src/sarina) by extensions ['cmake', 'python']
[1.673s] Level 1:colcon.colcon_core.package_identification:_identify(src/sarina) by extension 'cmake'
[1.673s] Level 1:colcon.colcon_core.package_identification:_identify(src/sarina) by extension 'python'
[1.674s] Level 1:colcon.colcon_core.package_identification:_identify(src/sarina) by extensions ['python_setup_py']
[1.674s] Level 1:colcon.colcon_core.package_identification:_identify(src/sarina) by extension 'python_setup_py'
[1.674s] Level 1:colcon.colcon_core.package_identification:_identify(src/stop_sign) by extensions ['ignore', 'ignore_ament_install']
[1.675s] Level 1:colcon.colcon_core.package_identification:_identify(src/stop_sign) by extension 'ignore'
[1.675s] Level 1:colcon.colcon_core.package_identification:_identify(src/stop_sign) by extension 'ignore_ament_install'
[1.675s] Level 1:colcon.colcon_core.package_identification:_identify(src/stop_sign) by extensions ['colcon_pkg']
[1.675s] Level 1:colcon.colcon_core.package_identification:_identify(src/stop_sign) by extension 'colcon_pkg'
[1.676s] Level 1:colcon.colcon_core.package_identification:_identify(src/stop_sign) by extensions ['colcon_meta']
[1.676s] Level 1:colcon.colcon_core.package_identification:_identify(src/stop_sign) by extension 'colcon_meta'
[1.676s] Level 1:colcon.colcon_core.package_identification:_identify(src/stop_sign) by extensions ['ros']
[1.676s] Level 1:colcon.colcon_core.package_identification:_identify(src/stop_sign) by extension 'ros'
[1.679s] DEBUG:colcon.colcon_core.package_identification:Package 'src/stop_sign' with type 'ros.ament_python' and name 'stop_sign'
[1.681s] Level 1:colcon.colcon_core.package_identification:_identify(src/teleop_files) by extensions ['ignore', 'ignore_ament_install']
[1.681s] Level 1:colcon.colcon_core.package_identification:_identify(src/teleop_files) by extension 'ignore'
[1.681s] Level 1:colcon.colcon_core.package_identification:_identify(src/teleop_files) by extension 'ignore_ament_install'
[1.681s] Level 1:colcon.colcon_core.package_identification:_identify(src/teleop_files) by extensions ['colcon_pkg']
[1.682s] Level 1:colcon.colcon_core.package_identification:_identify(src/teleop_files) by extension 'colcon_pkg'
[1.682s] Level 1:colcon.colcon_core.package_identification:_identify(src/teleop_files) by extensions ['colcon_meta']
[1.682s] Level 1:colcon.colcon_core.package_identification:_identify(src/teleop_files) by extension 'colcon_meta'
[1.682s] Level 1:colcon.colcon_core.package_identification:_identify(src/teleop_files) by extensions ['ros']
[1.682s] Level 1:colcon.colcon_core.package_identification:_identify(src/teleop_files) by extension 'ros'
[1.683s] Level 1:colcon.colcon_core.package_identification:_identify(src/teleop_files) by extensions ['cmake', 'python']
[1.683s] Level 1:colcon.colcon_core.package_identification:_identify(src/teleop_files) by extension 'cmake'
[1.683s] Level 1:colcon.colcon_core.package_identification:_identify(src/teleop_files) by extension 'python'
[1.684s] Level 1:colcon.colcon_core.package_identification:_identify(src/teleop_files) by extensions ['python_setup_py']
[1.684s] Level 1:colcon.colcon_core.package_identification:_identify(src/teleop_files) by extension 'python_setup_py'
[1.685s] Level 1:colcon.colcon_core.package_identification:_identify(src/teleop_files/__pycache__) by extensions ['ignore', 'ignore_ament_install']
[1.686s] Level 1:colcon.colcon_core.package_identification:_identify(src/teleop_files/__pycache__) by extension 'ignore'
[1.687s] Level 1:colcon.colcon_core.package_identification:_identify(src/teleop_files/__pycache__) by extension 'ignore_ament_install'
[1.688s] Level 1:colcon.colcon_core.package_identification:_identify(src/teleop_files/__pycache__) by extensions ['colcon_pkg']
[1.688s] Level 1:colcon.colcon_core.package_identification:_identify(src/teleop_files/__pycache__) by extension 'colcon_pkg'
[1.689s] Level 1:colcon.colcon_core.package_identification:_identify(src/teleop_files/__pycache__) by extensions ['colcon_meta']
[1.689s] Level 1:colcon.colcon_core.package_identification:_identify(src/teleop_files/__pycache__) by extension 'colcon_meta'
[1.690s] Level 1:colcon.colcon_core.package_identification:_identify(src/teleop_files/__pycache__) by extensions ['ros']
[1.690s] Level 1:colcon.colcon_core.package_identification:_identify(src/teleop_files/__pycache__) by extension 'ros'
[1.691s] Level 1:colcon.colcon_core.package_identification:_identify(src/teleop_files/__pycache__) by extensions ['cmake', 'python']
[1.692s] Level 1:colcon.colcon_core.package_identification:_identify(src/teleop_files/__pycache__) by extension 'cmake'
[1.693s] Level 1:colcon.colcon_core.package_identification:_identify(src/teleop_files/__pycache__) by extension 'python'
[1.693s] Level 1:colcon.colcon_core.package_identification:_identify(src/teleop_files/__pycache__) by extensions ['python_setup_py']
[1.693s] Level 1:colcon.colcon_core.package_identification:_identify(src/teleop_files/__pycache__) by extension 'python_setup_py'
[1.695s] Level 1:colcon.colcon_core.package_identification:_identify(src/visualize_rf2o) by extensions ['ignore', 'ignore_ament_install']
[1.695s] Level 1:colcon.colcon_core.package_identification:_identify(src/visualize_rf2o) by extension 'ignore'
[1.696s] Level 1:colcon.colcon_core.package_identification:_identify(src/visualize_rf2o) by extension 'ignore_ament_install'
[1.696s] Level 1:colcon.colcon_core.package_identification:_identify(src/visualize_rf2o) by extensions ['colcon_pkg']
[1.696s] Level 1:colcon.colcon_core.package_identification:_identify(src/visualize_rf2o) by extension 'colcon_pkg'
[1.697s] Level 1:colcon.colcon_core.package_identification:_identify(src/visualize_rf2o) by extensions ['colcon_meta']
[1.697s] Level 1:colcon.colcon_core.package_identification:_identify(src/visualize_rf2o) by extension 'colcon_meta'
[1.697s] Level 1:colcon.colcon_core.package_identification:_identify(src/visualize_rf2o) by extensions ['ros']
[1.697s] Level 1:colcon.colcon_core.package_identification:_identify(src/visualize_rf2o) by extension 'ros'
[1.702s] DEBUG:colcon.colcon_core.package_identification:Found ROS schema reference in package manifest in 'src/visualize_rf2o'
[1.702s] WARNING:colcon.colcon_core.package_identification:Failed to parse ROS package manifest in 'src/visualize_rf2o': Error(s) in package 'src/visualize_rf2o/package.xml':
Invalid email "copperbottom" for person "copperbottoms"
[1.704s] Level 1:colcon.colcon_core.package_identification:_identify(src/visualize_rf2o) by extensions ['cmake', 'python']
[1.704s] Level 1:colcon.colcon_core.package_identification:_identify(src/visualize_rf2o) by extension 'cmake'
[1.705s] Level 1:colcon.colcon_core.package_identification:_identify(src/visualize_rf2o) by extension 'python'
[1.706s] DEBUG:colcon.colcon_core.package_identification:Python package in 'src/visualize_rf2o' passes arguments to the setup() function which requires a different identification extension than 'python'
[1.707s] Level 1:colcon.colcon_core.package_identification:_identify(src/visualize_rf2o) by extensions ['python_setup_py']
[1.707s] Level 1:colcon.colcon_core.package_identification:_identify(src/visualize_rf2o) by extension 'python_setup_py'
[3.174s] DEBUG:colcon.colcon_core.package_identification:Package 'src/visualize_rf2o' with type 'python' and name 'visualize_rf2o'
[3.174s] Level 1:colcon.colcon_core.package_identification:_identify(src/visualize_sensors) by extensions ['ignore', 'ignore_ament_install']
[3.175s] Level 1:colcon.colcon_core.package_identification:_identify(src/visualize_sensors) by extension 'ignore'
[3.175s] Level 1:colcon.colcon_core.package_identification:_identify(src/visualize_sensors) by extension 'ignore_ament_install'
[3.175s] Level 1:colcon.colcon_core.package_identification:_identify(src/visualize_sensors) by extensions ['colcon_pkg']
[3.175s] Level 1:colcon.colcon_core.package_identification:_identify(src/visualize_sensors) by extension 'colcon_pkg'
[3.176s] Level 1:colcon.colcon_core.package_identification:_identify(src/visualize_sensors) by extensions ['colcon_meta']
[3.176s] Level 1:colcon.colcon_core.package_identification:_identify(src/visualize_sensors) by extension 'colcon_meta'
[3.176s] Level 1:colcon.colcon_core.package_identification:_identify(src/visualize_sensors) by extensions ['ros']
[3.176s] Level 1:colcon.colcon_core.package_identification:_identify(src/visualize_sensors) by extension 'ros'
[3.178s] DEBUG:colcon.colcon_core.package_identification:Package 'src/visualize_sensors' with type 'ros.ament_python' and name 'visualize_sensors'
[3.179s] Level 1:colcon.colcon_core.package_discovery:discover_packages(recursive) using defaults
[3.179s] Level 1:colcon.colcon_core.package_discovery:discover_packages(ignore) discover
[3.179s] Level 1:colcon.colcon_core.package_discovery:discover_packages(ignore) using defaults
[3.179s] Level 1:colcon.colcon_core.package_discovery:discover_packages(path) discover
[3.179s] Level 1:colcon.colcon_core.package_discovery:discover_packages(path) using defaults
[3.272s] INFO:colcon.colcon_core.package_selection:Skipping not selected package 'camera_navigation' in 'src/Camera_Navigation'
[3.273s] INFO:colcon.colcon_core.package_selection:Skipping not selected package 'custom_messages' in 'src/custom_messages'
[3.273s] INFO:colcon.colcon_core.package_selection:Skipping not selected package 'imu_pose_estimate' in 'src/imu_pose_estimate'
[3.273s] INFO:colcon.colcon_core.package_selection:Skipping not selected package 'realsense_publisher' in 'src/realsense_publisher'
[3.273s] INFO:colcon.colcon_core.package_selection:Skipping not selected package 'rf2o_laser_odometry' in 'src/rf2o_laser_odometry'
[3.273s] INFO:colcon.colcon_core.package_selection:Skipping not selected package 'rplidar_ros' in 'src/rplidar_ros'
[3.273s] INFO:colcon.colcon_core.package_selection:Skipping not selected package 'visualize_rf2o' in 'src/visualize_rf2o'
[3.273s] INFO:colcon.colcon_core.package_selection:Skipping not selected package 'visualize_sensors' in 'src/visualize_sensors'
[3.273s] INFO:colcon.colcon_core.package_selection:Skipping not selected package 'obstacle_avoidance' in 'src/obstacle_avoidance'
[3.274s] INFO:colcon.colcon_core.package_selection:Skipping not selected package 'robo_rover' in 'src/robo_rover'
[3.274s] INFO:colcon.colcon_core.package_selection:Skipping not selected package 'stop_sign' in 'src/stop_sign'
[3.275s] Level 1:colcon.colcon_core.package_discovery:discover_packages(prefix_path) check parameters
[3.276s] Level 1:colcon.colcon_core.package_discovery:discover_packages(prefix_path) discover
[3.289s] DEBUG:colcon.colcon_installed_package_information.package_discovery:Found 12 installed packages in /home/copperbottoms/code/Copperbottoms/ros_ws/install
[3.299s] DEBUG:colcon.colcon_installed_package_information.package_discovery:Found 336 installed packages in /opt/ros/humble
[3.310s] Level 1:colcon.colcon_core.package_discovery:discover_packages(prefix_path) using defaults
[3.519s] Level 5:colcon.colcon_core.verb:set package 'amy_test' build argument 'cmake_args' from command line to 'None'
[3.519s] Level 5:colcon.colcon_core.verb:set package 'amy_test' build argument 'cmake_target' from command line to 'None'
[3.519s] Level 5:colcon.colcon_core.verb:set package 'amy_test' build argument 'cmake_target_skip_unavailable' from command line to 'False'
[3.520s] Level 5:colcon.colcon_core.verb:set package 'amy_test' build argument 'cmake_clean_cache' from command line to 'False'
[3.520s] Level 5:colcon.colcon_core.verb:set package 'amy_test' build argument 'cmake_clean_first' from command line to 'False'
[3.520s] Level 5:colcon.colcon_core.verb:set package 'amy_test' build argument 'cmake_force_configure' from command line to 'False'
[3.520s] Level 5:colcon.colcon_core.verb:set package 'amy_test' build argument 'ament_cmake_args' from command line to 'None'
[3.520s] Level 5:colcon.colcon_core.verb:set package 'amy_test' build argument 'catkin_cmake_args' from command line to 'None'
[3.520s] Level 5:colcon.colcon_core.verb:set package 'amy_test' build argument 'catkin_skip_building_tests' from command line to 'False'
[3.520s] DEBUG:colcon.colcon_core.verb:Building package 'amy_test' with the following arguments: {'ament_cmake_args': None, 'build_base': '/home/copperbottoms/code/Copperbottoms/ros_ws/build/amy_test', 'catkin_cmake_args': None, 'catkin_skip_building_tests': False, 'cmake_args': None, 'cmake_clean_cache': False, 'cmake_clean_first': False, 'cmake_force_configure': False, 'cmake_target': None, 'cmake_target_skip_unavailable': False, 'install_base': '/home/copperbottoms/code/Copperbottoms/ros_ws/install/amy_test', 'merge_install': False, 'path': '/home/copperbottoms/code/Copperbottoms/ros_ws/src/amy_test', 'symlink_install': False, 'test_result_base': None}
[3.521s] INFO:colcon.colcon_core.executor:Executing jobs using 'parallel' executor
[3.524s] DEBUG:colcon.colcon_parallel_executor.executor.parallel:run_until_complete
[3.526s] INFO:colcon.colcon_ros.task.ament_cmake.build:Building ROS package in '/home/copperbottoms/code/Copperbottoms/ros_ws/src/amy_test' with build type 'ament_cmake'
[3.526s] INFO:colcon.colcon_cmake.task.cmake.build:Building CMake package in '/home/copperbottoms/code/Copperbottoms/ros_ws/src/amy_test'
[3.539s] INFO:colcon.colcon_core.plugin_system:Skipping extension 'colcon_core.shell.bat': Not used on non-Windows systems
[3.540s] INFO:colcon.colcon_core.shell:Skip shell extension 'powershell' for command environment: Not usable outside of PowerShell
[3.541s] DEBUG:colcon.colcon_core.shell:Skip shell extension 'dsv' for command environment
[3.612s] DEBUG:colcon.colcon_core.event_handler.log_command:Invoking command in '/home/copperbottoms/code/Copperbottoms/ros_ws/build/amy_test': AMENT_PREFIX_PATH=/home/copperbottoms/code/Copperbottoms/ros_ws/install/realsense_publisher:/home/copperbottoms/code/Copperbottoms/ros_ws/install/visualize_sensors:/home/copperbottoms/code/Copperbottoms/ros_ws/install/rplidar_ros:/home/copperbottoms/code/Copperbottoms/ros_ws/install/amy_test:/home/copperbottoms/code/Copperbottoms/ros_ws/install/robo_rover:/home/copperbottoms/code/Copperbottoms/ros_ws/install/rf2o_laser_odometry:/home/copperbottoms/code/Copperbottoms/ros_ws/install/obstacle_avoidance:/home/copperbottoms/code/Copperbottoms/ros_ws/install/landmark_slam:/home/copperbottoms/code/Copperbottoms/ros_ws/install/imu_pose_estimate:/home/copperbottoms/code/Copperbottoms/ros_ws/install/custom_messages:/home/copperbottoms/code/Copperbottoms/ros_ws/install/camera_navigation:/opt/ros/humble CMAKE_PREFIX_PATH=/home/copperbottoms/code/Copperbottoms/ros_ws/install/robo_rover:/home/copperbottoms/code/Copperbottoms/ros_ws/install/custom_messages:/home/copperbottoms/code/Copperbottoms/ros_ws/install/rplidar_ros:/home/copperbottoms/code/Copperbottoms/ros_ws/install/amy_test:/home/copperbottoms/code/Copperbottoms/ros_ws/install/rf2o_laser_odometry:/home/copperbottoms/code/Copperbottoms/ros_ws/install/visualize_sensors:/home/copperbottoms/code/Copperbottoms/ros_ws/install/realsense_publisher:/home/copperbottoms/code/Copperbottoms/ros_ws/install/obstacle_avoidance:/home/copperbottoms/code/Copperbottoms/ros_ws/install/landmark_slam:/home/copperbottoms/code/Copperbottoms/ros_ws/install/imu_pose_estimate:/home/copperbottoms/code/Copperbottoms/ros_ws/install/camera_navigation:/opt/ros/humble LD_LIBRARY_PATH=/home/copperbottoms/code/Copperbottoms/ros_ws/install/custom_messages/lib:/home/copperbottoms/code/Copperbottoms/ros_ws/install/amy_test/lib:/opt/ros/humble/opt/rviz_ogre_vendor/lib:/opt/ros/humble/lib/aarch64-linux-gnu:/opt/ros/humble/lib PYTHONPATH=/home/copperbottoms/code/Copperbottoms/ros_ws/install/realsense_publisher/lib/python3.10/site-packages:/home/copperbottoms/code/Copperbottoms/ros_ws/install/visualize_sensors/lib/python3.10/site-packages:/home/copperbottoms/code/Copperbottoms/ros_ws/install/stop_sign/lib/python3.10/site-packages:/home/copperbottoms/code/Copperbottoms/ros_ws/install/amy_test/local/lib/python3.10/dist-packages:/home/copperbottoms/code/Copperbottoms/ros_ws/install/amy_test/lib/python3.10/site-packages:/home/copperbottoms/code/Copperbottoms/ros_ws/install/robo_rover/local/lib/python3.10/dist-packages:/home/copperbottoms/code/Copperbottoms/ros_ws/install/obstacle_avoidance/lib/python3.10/site-packages:/home/copperbottoms/code/Copperbottoms/ros_ws/install/landmark_slam/lib/python3.10/site-packages:/home/copperbottoms/code/Copperbottoms/ros_ws/install/imu_pose_estimate/lib/python3.10/site-packages:/home/copperbottoms/code/Copperbottoms/ros_ws/install/custom_messages/local/lib/python3.10/dist-packages:/home/copperbottoms/code/Copperbottoms/ros_ws/install/camera_navigation/lib/python3.10/site-packages:/opt/ros/humble/lib/python3.10/site-packages:/opt/ros/humble/local/lib/python3.10/dist-packages /usr/bin/cmake --build /home/copperbottoms/code/Copperbottoms/ros_ws/build/amy_test -- -j4 -l4
[5.771s] DEBUG:colcon.colcon_core.event_handler.log_command:Invoked command in '/home/copperbottoms/code/Copperbottoms/ros_ws/build/amy_test' returned '0': AMENT_PREFIX_PATH=/home/copperbottoms/code/Copperbottoms/ros_ws/install/realsense_publisher:/home/copperbottoms/code/Copperbottoms/ros_ws/install/visualize_sensors:/home/copperbottoms/code/Copperbottoms/ros_ws/install/rplidar_ros:/home/copperbottoms/code/Copperbottoms/ros_ws/install/amy_test:/home/copperbottoms/code/Copperbottoms/ros_ws/install/robo_rover:/home/copperbottoms/code/Copperbottoms/ros_ws/install/rf2o_laser_odometry:/home/copperbottoms/code/Copperbottoms/ros_ws/install/obstacle_avoidance:/home/copperbottoms/code/Copperbottoms/ros_ws/install/landmark_slam:/home/copperbottoms/code/Copperbottoms/ros_ws/install/imu_pose_estimate:/home/copperbottoms/code/Copperbottoms/ros_ws/install/custom_messages:/home/copperbottoms/code/Copperbottoms/ros_ws/install/camera_navigation:/opt/ros/humble CMAKE_PREFIX_PATH=/home/copperbottoms/code/Copperbottoms/ros_ws/install/robo_rover:/home/copperbottoms/code/Copperbottoms/ros_ws/install/custom_messages:/home/copperbottoms/code/Copperbottoms/ros_ws/install/rplidar_ros:/home/copperbottoms/code/Copperbottoms/ros_ws/install/amy_test:/home/copperbottoms/code/Copperbottoms/ros_ws/install/rf2o_laser_odometry:/home/copperbottoms/code/Copperbottoms/ros_ws/install/visualize_sensors:/home/copperbottoms/code/Copperbottoms/ros_ws/install/realsense_publisher:/home/copperbottoms/code/Copperbottoms/ros_ws/install/obstacle_avoidance:/home/copperbottoms/code/Copperbottoms/ros_ws/install/landmark_slam:/home/copperbottoms/code/Copperbottoms/ros_ws/install/imu_pose_estimate:/home/copperbottoms/code/Copperbottoms/ros_ws/install/camera_navigation:/opt/ros/humble LD_LIBRARY_PATH=/home/copperbottoms/code/Copperbottoms/ros_ws/install/custom_messages/lib:/home/copperbottoms/code/Copperbottoms/ros_ws/install/amy_test/lib:/opt/ros/humble/opt/rviz_ogre_vendor/lib:/opt/ros/humble/lib/aarch64-linux-gnu:/opt/ros/humble/lib PYTHONPATH=/home/copperbottoms/code/Copperbottoms/ros_ws/install/realsense_publisher/lib/python3.10/site-packages:/home/copperbottoms/code/Copperbottoms/ros_ws/install/visualize_sensors/lib/python3.10/site-packages:/home/copperbottoms/code/Copperbottoms/ros_ws/install/stop_sign/lib/python3.10/site-packages:/home/copperbottoms/code/Copperbottoms/ros_ws/install/amy_test/local/lib/python3.10/dist-packages:/home/copperbottoms/code/Copperbottoms/ros_ws/install/amy_test/lib/python3.10/site-packages:/home/copperbottoms/code/Copperbottoms/ros_ws/install/robo_rover/local/lib/python3.10/dist-packages:/home/copperbottoms/code/Copperbottoms/ros_ws/install/obstacle_avoidance/lib/python3.10/site-packages:/home/copperbottoms/code/Copperbottoms/ros_ws/install/landmark_slam/lib/python3.10/site-packages:/home/copperbottoms/code/Copperbottoms/ros_ws/install/imu_pose_estimate/lib/python3.10/site-packages:/home/copperbottoms/code/Copperbottoms/ros_ws/install/custom_messages/local/lib/python3.10/dist-packages:/home/copperbottoms/code/Copperbottoms/ros_ws/install/camera_navigation/lib/python3.10/site-packages:/opt/ros/humble/lib/python3.10/site-packages:/opt/ros/humble/local/lib/python3.10/dist-packages /usr/bin/cmake --build /home/copperbottoms/code/Copperbottoms/ros_ws/build/amy_test -- -j4 -l4
[5.822s] DEBUG:colcon.colcon_core.event_handler.log_command:Invoking command in '/home/copperbottoms/code/Copperbottoms/ros_ws/build/amy_test': AMENT_PREFIX_PATH=/home/copperbottoms/code/Copperbottoms/ros_ws/install/realsense_publisher:/home/copperbottoms/code/Copperbottoms/ros_ws/install/visualize_sensors:/home/copperbottoms/code/Copperbottoms/ros_ws/install/rplidar_ros:/home/copperbottoms/code/Copperbottoms/ros_ws/install/amy_test:/home/copperbottoms/code/Copperbottoms/ros_ws/install/robo_rover:/home/copperbottoms/code/Copperbottoms/ros_ws/install/rf2o_laser_odometry:/home/copperbottoms/code/Copperbottoms/ros_ws/install/obstacle_avoidance:/home/copperbottoms/code/Copperbottoms/ros_ws/install/landmark_slam:/home/copperbottoms/code/Copperbottoms/ros_ws/install/imu_pose_estimate:/home/copperbottoms/code/Copperbottoms/ros_ws/install/custom_messages:/home/copperbottoms/code/Copperbottoms/ros_ws/install/camera_navigation:/opt/ros/humble CMAKE_PREFIX_PATH=/home/copperbottoms/code/Copperbottoms/ros_ws/install/robo_rover:/home/copperbottoms/code/Copperbottoms/ros_ws/install/custom_messages:/home/copperbottoms/code/Copperbottoms/ros_ws/install/rplidar_ros:/home/copperbottoms/code/Copperbottoms/ros_ws/install/amy_test:/home/copperbottoms/code/Copperbottoms/ros_ws/install/rf2o_laser_odometry:/home/copperbottoms/code/Copperbottoms/ros_ws/install/visualize_sensors:/home/copperbottoms/code/Copperbottoms/ros_ws/install/realsense_publisher:/home/copperbottoms/code/Copperbottoms/ros_ws/install/obstacle_avoidance:/home/copperbottoms/code/Copperbottoms/ros_ws/install/landmark_slam:/home/copperbottoms/code/Copperbottoms/ros_ws/install/imu_pose_estimate:/home/copperbottoms/code/Copperbottoms/ros_ws/install/camera_navigation:/opt/ros/humble LD_LIBRARY_PATH=/home/copperbottoms/code/Copperbottoms/ros_ws/install/custom_messages/lib:/home/copperbottoms/code/Copperbottoms/ros_ws/install/amy_test/lib:/opt/ros/humble/opt/rviz_ogre_vendor/lib:/opt/ros/humble/lib/aarch64-linux-gnu:/opt/ros/humble/lib PYTHONPATH=/home/copperbottoms/code/Copperbottoms/ros_ws/install/realsense_publisher/lib/python3.10/site-packages:/home/copperbottoms/code/Copperbottoms/ros_ws/install/visualize_sensors/lib/python3.10/site-packages:/home/copperbottoms/code/Copperbottoms/ros_ws/install/stop_sign/lib/python3.10/site-packages:/home/copperbottoms/code/Copperbottoms/ros_ws/install/amy_test/local/lib/python3.10/dist-packages:/home/copperbottoms/code/Copperbottoms/ros_ws/install/amy_test/lib/python3.10/site-packages:/home/copperbottoms/code/Copperbottoms/ros_ws/install/robo_rover/local/lib/python3.10/dist-packages:/home/copperbottoms/code/Copperbottoms/ros_ws/install/obstacle_avoidance/lib/python3.10/site-packages:/home/copperbottoms/code/Copperbottoms/ros_ws/install/landmark_slam/lib/python3.10/site-packages:/home/copperbottoms/code/Copperbottoms/ros_ws/install/imu_pose_estimate/lib/python3.10/site-packages:/home/copperbottoms/code/Copperbottoms/ros_ws/install/custom_messages/local/lib/python3.10/dist-packages:/home/copperbottoms/code/Copperbottoms/ros_ws/install/camera_navigation/lib/python3.10/site-packages:/opt/ros/humble/lib/python3.10/site-packages:/opt/ros/humble/local/lib/python3.10/dist-packages /usr/bin/cmake --install /home/copperbottoms/code/Copperbottoms/ros_ws/build/amy_test
[6.179s] Level 1:colcon.colcon_core.environment:create_environment_scripts_only(amy_test)
[6.180s] DEBUG:colcon.colcon_core.event_handler.log_command:Invoked command in '/home/copperbottoms/code/Copperbottoms/ros_ws/build/amy_test' returned '0': AMENT_PREFIX_PATH=/home/copperbottoms/code/Copperbottoms/ros_ws/install/realsense_publisher:/home/copperbottoms/code/Copperbottoms/ros_ws/install/visualize_sensors:/home/copperbottoms/code/Copperbottoms/ros_ws/install/rplidar_ros:/home/copperbottoms/code/Copperbottoms/ros_ws/install/amy_test:/home/copperbottoms/code/Copperbottoms/ros_ws/install/robo_rover:/home/copperbottoms/code/Copperbottoms/ros_ws/install/rf2o_laser_odometry:/home/copperbottoms/code/Copperbottoms/ros_ws/install/obstacle_avoidance:/home/copperbottoms/code/Copperbottoms/ros_ws/install/landmark_slam:/home/copperbottoms/code/Copperbottoms/ros_ws/install/imu_pose_estimate:/home/copperbottoms/code/Copperbottoms/ros_ws/install/custom_messages:/home/copperbottoms/code/Copperbottoms/ros_ws/install/camera_navigation:/opt/ros/humble CMAKE_PREFIX_PATH=/home/copperbottoms/code/Copperbottoms/ros_ws/install/robo_rover:/home/copperbottoms/code/Copperbottoms/ros_ws/install/custom_messages:/home/copperbottoms/code/Copperbottoms/ros_ws/install/rplidar_ros:/home/copperbottoms/code/Copperbottoms/ros_ws/install/amy_test:/home/copperbottoms/code/Copperbottoms/ros_ws/install/rf2o_laser_odometry:/home/copperbottoms/code/Copperbottoms/ros_ws/install/visualize_sensors:/home/copperbottoms/code/Copperbottoms/ros_ws/install/realsense_publisher:/home/copperbottoms/code/Copperbottoms/ros_ws/install/obstacle_avoidance:/home/copperbottoms/code/Copperbottoms/ros_ws/install/landmark_slam:/home/copperbottoms/code/Copperbottoms/ros_ws/install/imu_pose_estimate:/home/copperbottoms/code/Copperbottoms/ros_ws/install/camera_navigation:/opt/ros/humble LD_LIBRARY_PATH=/home/copperbottoms/code/Copperbottoms/ros_ws/install/custom_messages/lib:/home/copperbottoms/code/Copperbottoms/ros_ws/install/amy_test/lib:/opt/ros/humble/opt/rviz_ogre_vendor/lib:/opt/ros/humble/lib/aarch64-linux-gnu:/opt/ros/humble/lib PYTHONPATH=/home/copperbottoms/code/Copperbottoms/ros_ws/install/realsense_publisher/lib/python3.10/site-packages:/home/copperbottoms/code/Copperbottoms/ros_ws/install/visualize_sensors/lib/python3.10/site-packages:/home/copperbottoms/code/Copperbottoms/ros_ws/install/stop_sign/lib/python3.10/site-packages:/home/copperbottoms/code/Copperbottoms/ros_ws/install/amy_test/local/lib/python3.10/dist-packages:/home/copperbottoms/code/Copperbottoms/ros_ws/install/amy_test/lib/python3.10/site-packages:/home/copperbottoms/code/Copperbottoms/ros_ws/install/robo_rover/local/lib/python3.10/dist-packages:/home/copperbottoms/code/Copperbottoms/ros_ws/install/obstacle_avoidance/lib/python3.10/site-packages:/home/copperbottoms/code/Copperbottoms/ros_ws/install/landmark_slam/lib/python3.10/site-packages:/home/copperbottoms/code/Copperbottoms/ros_ws/install/imu_pose_estimate/lib/python3.10/site-packages:/home/copperbottoms/code/Copperbottoms/ros_ws/install/custom_messages/local/lib/python3.10/dist-packages:/home/copperbottoms/code/Copperbottoms/ros_ws/install/camera_navigation/lib/python3.10/site-packages:/opt/ros/humble/lib/python3.10/site-packages:/opt/ros/humble/local/lib/python3.10/dist-packages /usr/bin/cmake --install /home/copperbottoms/code/Copperbottoms/ros_ws/build/amy_test
[6.194s] Level 1:colcon.colcon_core.environment:checking '/home/copperbottoms/code/Copperbottoms/ros_ws/install/amy_test' for CMake module files
[6.199s] Level 1:colcon.colcon_core.environment:checking '/home/copperbottoms/code/Copperbottoms/ros_ws/install/amy_test' for CMake config files
[6.206s] Level 1:colcon.colcon_core.shell:create_environment_hook('amy_test', 'cmake_prefix_path')
[6.207s] INFO:colcon.colcon_core.shell:Creating environment hook '/home/copperbottoms/code/Copperbottoms/ros_ws/install/amy_test/share/amy_test/hook/cmake_prefix_path.ps1'
[6.210s] INFO:colcon.colcon_core.shell:Creating environment descriptor '/home/copperbottoms/code/Copperbottoms/ros_ws/install/amy_test/share/amy_test/hook/cmake_prefix_path.dsv'
[6.212s] INFO:colcon.colcon_core.shell:Creating environment hook '/home/copperbottoms/code/Copperbottoms/ros_ws/install/amy_test/share/amy_test/hook/cmake_prefix_path.sh'
[6.216s] Level 1:colcon.colcon_core.environment:checking '/home/copperbottoms/code/Copperbottoms/ros_ws/install/amy_test/lib'
[6.217s] Level 1:colcon.colcon_core.shell:create_environment_hook('amy_test', 'ld_library_path_lib')
[6.218s] INFO:colcon.colcon_core.shell:Creating environment hook '/home/copperbottoms/code/Copperbottoms/ros_ws/install/amy_test/share/amy_test/hook/ld_library_path_lib.ps1'
[6.220s] INFO:colcon.colcon_core.shell:Creating environment descriptor '/home/copperbottoms/code/Copperbottoms/ros_ws/install/amy_test/share/amy_test/hook/ld_library_path_lib.dsv'
[6.222s] INFO:colcon.colcon_core.shell:Creating environment hook '/home/copperbottoms/code/Copperbottoms/ros_ws/install/amy_test/share/amy_test/hook/ld_library_path_lib.sh'
[6.225s] Level 1:colcon.colcon_core.environment:checking '/home/copperbottoms/code/Copperbottoms/ros_ws/install/amy_test/bin'
[6.225s] Level 1:colcon.colcon_core.environment:checking '/home/copperbottoms/code/Copperbottoms/ros_ws/install/amy_test/lib/pkgconfig/amy_test.pc'
[6.226s] Level 1:colcon.colcon_core.environment:checking '/home/copperbottoms/code/Copperbottoms/ros_ws/install/amy_test/lib/python3.10/site-packages'
[6.227s] Level 1:colcon.colcon_core.shell:create_environment_hook('amy_test', 'pythonpath')
[6.228s] INFO:colcon.colcon_core.shell:Creating environment hook '/home/copperbottoms/code/Copperbottoms/ros_ws/install/amy_test/share/amy_test/hook/pythonpath.ps1'
[6.230s] INFO:colcon.colcon_core.shell:Creating environment descriptor '/home/copperbottoms/code/Copperbottoms/ros_ws/install/amy_test/share/amy_test/hook/pythonpath.dsv'
[6.232s] INFO:colcon.colcon_core.shell:Creating environment hook '/home/copperbottoms/code/Copperbottoms/ros_ws/install/amy_test/share/amy_test/hook/pythonpath.sh'
[6.235s] Level 1:colcon.colcon_core.environment:checking '/home/copperbottoms/code/Copperbottoms/ros_ws/install/amy_test/bin'
[6.237s] INFO:colcon.colcon_core.shell:Creating package script '/home/copperbottoms/code/Copperbottoms/ros_ws/install/amy_test/share/amy_test/package.ps1'
[6.241s] INFO:colcon.colcon_core.shell:Creating package descriptor '/home/copperbottoms/code/Copperbottoms/ros_ws/install/amy_test/share/amy_test/package.dsv'
[6.244s] INFO:colcon.colcon_core.shell:Creating package script '/home/copperbottoms/code/Copperbottoms/ros_ws/install/amy_test/share/amy_test/package.sh'
[6.248s] INFO:colcon.colcon_core.shell:Creating package script '/home/copperbottoms/code/Copperbottoms/ros_ws/install/amy_test/share/amy_test/package.bash'
[6.252s] INFO:colcon.colcon_core.shell:Creating package script '/home/copperbottoms/code/Copperbottoms/ros_ws/install/amy_test/share/amy_test/package.zsh'
[6.255s] Level 1:colcon.colcon_core.environment:create_file_with_runtime_dependencies(/home/copperbottoms/code/Copperbottoms/ros_ws/install/amy_test/share/colcon-core/packages/amy_test)
[6.259s] Level 1:colcon.colcon_core.environment:create_environment_scripts_only(amy_test)
[6.260s] Level 1:colcon.colcon_core.environment:checking '/home/copperbottoms/code/Copperbottoms/ros_ws/install/amy_test' for CMake module files
[6.264s] Level 1:colcon.colcon_core.environment:checking '/home/copperbottoms/code/Copperbottoms/ros_ws/install/amy_test' for CMake config files
[6.270s] Level 1:colcon.colcon_core.shell:create_environment_hook('amy_test', 'cmake_prefix_path')
[6.271s] INFO:colcon.colcon_core.shell:Creating environment hook '/home/copperbottoms/code/Copperbottoms/ros_ws/install/amy_test/share/amy_test/hook/cmake_prefix_path.ps1'
[6.273s] INFO:colcon.colcon_core.shell:Creating environment descriptor '/home/copperbottoms/code/Copperbottoms/ros_ws/install/amy_test/share/amy_test/hook/cmake_prefix_path.dsv'
[6.275s] INFO:colcon.colcon_core.shell:Creating environment hook '/home/copperbottoms/code/Copperbottoms/ros_ws/install/amy_test/share/amy_test/hook/cmake_prefix_path.sh'
[6.279s] Level 1:colcon.colcon_core.environment:checking '/home/copperbottoms/code/Copperbottoms/ros_ws/install/amy_test/lib'
[6.279s] Level 1:colcon.colcon_core.shell:create_environment_hook('amy_test', 'ld_library_path_lib')
[6.280s] INFO:colcon.colcon_core.shell:Creating environment hook '/home/copperbottoms/code/Copperbottoms/ros_ws/install/amy_test/share/amy_test/hook/ld_library_path_lib.ps1'
[6.283s] INFO:colcon.colcon_core.shell:Creating environment descriptor '/home/copperbottoms/code/Copperbottoms/ros_ws/install/amy_test/share/amy_test/hook/ld_library_path_lib.dsv'
[6.285s] INFO:colcon.colcon_core.shell:Creating environment hook '/home/copperbottoms/code/Copperbottoms/ros_ws/install/amy_test/share/amy_test/hook/ld_library_path_lib.sh'
[6.287s] Level 1:colcon.colcon_core.environment:checking '/home/copperbottoms/code/Copperbottoms/ros_ws/install/amy_test/bin'
[6.287s] Level 1:colcon.colcon_core.environment:checking '/home/copperbottoms/code/Copperbottoms/ros_ws/install/amy_test/lib/pkgconfig/amy_test.pc'
[6.288s] Level 1:colcon.colcon_core.environment:checking '/home/copperbottoms/code/Copperbottoms/ros_ws/install/amy_test/lib/python3.10/site-packages'
[6.289s] Level 1:colcon.colcon_core.shell:create_environment_hook('amy_test', 'pythonpath')
[6.290s] INFO:colcon.colcon_core.shell:Creating environment hook '/home/copperbottoms/code/Copperbottoms/ros_ws/install/amy_test/share/amy_test/hook/pythonpath.ps1'
[6.292s] INFO:colcon.colcon_core.shell:Creating environment descriptor '/home/copperbottoms/code/Copperbottoms/ros_ws/install/amy_test/share/amy_test/hook/pythonpath.dsv'
[6.294s] INFO:colcon.colcon_core.shell:Creating environment hook '/home/copperbottoms/code/Copperbottoms/ros_ws/install/amy_test/share/amy_test/hook/pythonpath.sh'
[6.297s] Level 1:colcon.colcon_core.environment:checking '/home/copperbottoms/code/Copperbottoms/ros_ws/install/amy_test/bin'
[6.299s] INFO:colcon.colcon_core.shell:Creating package script '/home/copperbottoms/code/Copperbottoms/ros_ws/install/amy_test/share/amy_test/package.ps1'
[6.302s] INFO:colcon.colcon_core.shell:Creating package descriptor '/home/copperbottoms/code/Copperbottoms/ros_ws/install/amy_test/share/amy_test/package.dsv'
[6.305s] INFO:colcon.colcon_core.shell:Creating package script '/home/copperbottoms/code/Copperbottoms/ros_ws/install/amy_test/share/amy_test/package.sh'
[6.308s] INFO:colcon.colcon_core.shell:Creating package script '/home/copperbottoms/code/Copperbottoms/ros_ws/install/amy_test/share/amy_test/package.bash'
[6.310s] INFO:colcon.colcon_core.shell:Creating package script '/home/copperbottoms/code/Copperbottoms/ros_ws/install/amy_test/share/amy_test/package.zsh'
[6.312s] Level 1:colcon.colcon_core.environment:create_file_with_runtime_dependencies(/home/copperbottoms/code/Copperbottoms/ros_ws/install/amy_test/share/colcon-core/packages/amy_test)
[6.313s] DEBUG:colcon.colcon_parallel_executor.executor.parallel:closing loop
[6.315s] DEBUG:colcon.colcon_parallel_executor.executor.parallel:loop closed
[6.316s] DEBUG:colcon.colcon_parallel_executor.executor.parallel:run_until_complete finished with '0'
[6.316s] DEBUG:colcon.colcon_core.event_reactor:joining thread
[6.340s] INFO:colcon.colcon_core.plugin_system:Skipping extension 'colcon_notification.desktop_notification.terminal_notifier': Not used on non-Darwin systems
[6.341s] INFO:colcon.colcon_core.plugin_system:Skipping extension 'colcon_notification.desktop_notification.win32': Not used on non-Windows systems
[6.341s] INFO:colcon.colcon_notification.desktop_notification:Sending desktop notification using 'notify2'
[6.346s] DEBUG:colcon.colcon_notification.desktop_notification.notify2:Failed to initialize notify2: org.freedesktop.DBus.Error.ServiceUnknown: The name org.freedesktop.Notifications was not provided by any .service files
[6.346s] DEBUG:colcon.colcon_core.event_reactor:joined thread
[6.348s] INFO:colcon.colcon_core.shell:Creating prefix script '/home/copperbottoms/code/Copperbottoms/ros_ws/install/local_setup.ps1'
[6.352s] INFO:colcon.colcon_core.shell:Creating prefix util module '/home/copperbottoms/code/Copperbottoms/ros_ws/install/_local_setup_util_ps1.py'
[6.359s] INFO:colcon.colcon_core.shell:Creating prefix chain script '/home/copperbottoms/code/Copperbottoms/ros_ws/install/setup.ps1'
[6.368s] INFO:colcon.colcon_core.shell:Creating prefix script '/home/copperbottoms/code/Copperbottoms/ros_ws/install/local_setup.sh'
[6.371s] INFO:colcon.colcon_core.shell:Creating prefix util module '/home/copperbottoms/code/Copperbottoms/ros_ws/install/_local_setup_util_sh.py'
[6.374s] INFO:colcon.colcon_core.shell:Creating prefix chain script '/home/copperbottoms/code/Copperbottoms/ros_ws/install/setup.sh'
[6.381s] INFO:colcon.colcon_core.shell:Creating prefix script '/home/copperbottoms/code/Copperbottoms/ros_ws/install/local_setup.bash'
[6.384s] INFO:colcon.colcon_core.shell:Creating prefix chain script '/home/copperbottoms/code/Copperbottoms/ros_ws/install/setup.bash'
[6.393s] INFO:colcon.colcon_core.shell:Creating prefix script '/home/copperbottoms/code/Copperbottoms/ros_ws/install/local_setup.zsh'
[6.396s] INFO:colcon.colcon_core.shell:Creating prefix chain script '/home/copperbottoms/code/Copperbottoms/ros_ws/install/setup.zsh'
