[0.512s] DEBUG:colcon:Command line arguments: ['/usr/bin/colcon', 'build', '--packages-select', 'obstacle_avoidance', '--symlink-install']
[0.512s] DEBUG:colcon:Parsed command line arguments: Namespace(log_base=None, log_level=None, verb_name='build', build_base='build', install_base='install', merge_install=False, symlink_install=True, test_result_base=None, continue_on_error=False, executor='parallel', parallel_workers=4, event_handlers=None, ignore_user_meta=False, metas=['./colcon.meta'], base_paths=['.'], packages_ignore=None, packages_ignore_regex=None, paths=None, packages_up_to=None, packages_up_to_regex=None, packages_above=None, packages_above_and_dependencies=None, packages_above_depth=None, packages_select_by_dep=None, packages_skip_by_dep=None, packages_skip_up_to=None, packages_select_build_failed=False, packages_skip_build_finished=False, packages_select_test_failures=False, packages_skip_test_passed=False, packages_select=['obstacle_avoidance'], packages_skip=None, packages_select_regex=None, packages_skip_regex=None, packages_start=None, packages_end=None, allow_overriding=[], cmake_args=None, cmake_target=None, cmake_target_skip_unavailable=False, cmake_clean_cache=False, cmake_clean_first=False, cmake_force_configure=False, ament_cmake_args=None, catkin_cmake_args=None, catkin_skip_building_tests=False, mixin_files=None, mixin=None, verb_parser=<colcon_mixin.mixin.mixin_argument.MixinArgumentDecorator object at 0xffffb275a2f0>, verb_extension=<colcon_core.verb.build.BuildVerb object at 0xffffb29168c0>, main=<bound method BuildVerb.main of <colcon_core.verb.build.BuildVerb object at 0xffffb29168c0>>, mixin_verb=('build',))
[1.451s] Level 1:colcon.colcon_core.package_discovery:discover_packages(colcon_meta) check parameters
[1.451s] Level 1:colcon.colcon_core.package_discovery:discover_packages(recursive) check parameters
[1.452s] Level 1:colcon.colcon_core.package_discovery:discover_packages(ignore) check parameters
[1.452s] Level 1:colcon.colcon_core.package_discovery:discover_packages(path) check parameters
[1.452s] Level 1:colcon.colcon_core.package_discovery:discover_packages(colcon_meta) discover
[1.452s] Level 1:colcon.colcon_core.package_discovery:discover_packages(recursive) discover
[1.452s] INFO:colcon.colcon_core.package_discovery:Crawling recursively for packages in '/home/copperbottoms/code/Copperbottoms/ros_ws/src'
[1.453s] Level 1:colcon.colcon_core.package_identification:_identify(.) by extensions ['ignore', 'ignore_ament_install']
[1.453s] Level 1:colcon.colcon_core.package_identification:_identify(.) by extension 'ignore'
[1.453s] Level 1:colcon.colcon_core.package_identification:_identify(.) by extension 'ignore_ament_install'
[1.454s] Level 1:colcon.colcon_core.package_identification:_identify(.) by extensions ['colcon_pkg']
[1.454s] Level 1:colcon.colcon_core.package_identification:_identify(.) by extension 'colcon_pkg'
[1.454s] Level 1:colcon.colcon_core.package_identification:_identify(.) by extensions ['colcon_meta']
[1.454s] Level 1:colcon.colcon_core.package_identification:_identify(.) by extension 'colcon_meta'
[1.454s] Level 1:colcon.colcon_core.package_identification:_identify(.) by extensions ['ros']
[1.454s] Level 1:colcon.colcon_core.package_identification:_identify(.) by extension 'ros'
[1.501s] Level 1:colcon.colcon_core.package_identification:_identify(.) by extensions ['cmake', 'python']
[1.501s] Level 1:colcon.colcon_core.package_identification:_identify(.) by extension 'cmake'
[1.501s] Level 1:colcon.colcon_core.package_identification:_identify(.) by extension 'python'
[1.501s] Level 1:colcon.colcon_core.package_identification:_identify(.) by extensions ['python_setup_py']
[1.502s] Level 1:colcon.colcon_core.package_identification:_identify(.) by extension 'python_setup_py'
[1.502s] Level 1:colcon.colcon_core.package_identification:_identify(Camera_Navigation) by extensions ['ignore', 'ignore_ament_install']
[1.502s] Level 1:colcon.colcon_core.package_identification:_identify(Camera_Navigation) by extension 'ignore'
[1.503s] Level 1:colcon.colcon_core.package_identification:_identify(Camera_Navigation) by extension 'ignore_ament_install'
[1.503s] Level 1:colcon.colcon_core.package_identification:_identify(Camera_Navigation) by extensions ['colcon_pkg']
[1.503s] Level 1:colcon.colcon_core.package_identification:_identify(Camera_Navigation) by extension 'colcon_pkg'
[1.503s] Level 1:colcon.colcon_core.package_identification:_identify(Camera_Navigation) by extensions ['colcon_meta']
[1.503s] Level 1:colcon.colcon_core.package_identification:_identify(Camera_Navigation) by extension 'colcon_meta'
[1.504s] Level 1:colcon.colcon_core.package_identification:_identify(Camera_Navigation) by extensions ['ros']
[1.504s] Level 1:colcon.colcon_core.package_identification:_identify(Camera_Navigation) by extension 'ros'
[1.504s] Level 1:colcon.colcon_core.package_identification:_identify(Camera_Navigation) by extensions ['cmake', 'python']
[1.504s] Level 1:colcon.colcon_core.package_identification:_identify(Camera_Navigation) by extension 'cmake'
[1.504s] Level 1:colcon.colcon_core.package_identification:_identify(Camera_Navigation) by extension 'python'
[1.504s] Level 1:colcon.colcon_core.package_identification:_identify(Camera_Navigation) by extensions ['python_setup_py']
[1.505s] Level 1:colcon.colcon_core.package_identification:_identify(Camera_Navigation) by extension 'python_setup_py'
[1.505s] Level 1:colcon.colcon_core.package_identification:_identify(__pycache__) by extensions ['ignore', 'ignore_ament_install']
[1.505s] Level 1:colcon.colcon_core.package_identification:_identify(__pycache__) by extension 'ignore'
[1.506s] Level 1:colcon.colcon_core.package_identification:_identify(__pycache__) by extension 'ignore_ament_install'
[1.506s] Level 1:colcon.colcon_core.package_identification:_identify(__pycache__) by extensions ['colcon_pkg']
[1.506s] Level 1:colcon.colcon_core.package_identification:_identify(__pycache__) by extension 'colcon_pkg'
[1.506s] Level 1:colcon.colcon_core.package_identification:_identify(__pycache__) by extensions ['colcon_meta']
[1.506s] Level 1:colcon.colcon_core.package_identification:_identify(__pycache__) by extension 'colcon_meta'
[1.506s] Level 1:colcon.colcon_core.package_identification:_identify(__pycache__) by extensions ['ros']
[1.506s] Level 1:colcon.colcon_core.package_identification:_identify(__pycache__) by extension 'ros'
[1.507s] Level 1:colcon.colcon_core.package_identification:_identify(__pycache__) by extensions ['cmake', 'python']
[1.507s] Level 1:colcon.colcon_core.package_identification:_identify(__pycache__) by extension 'cmake'
[1.507s] Level 1:colcon.colcon_core.package_identification:_identify(__pycache__) by extension 'python'
[1.507s] Level 1:colcon.colcon_core.package_identification:_identify(__pycache__) by extensions ['python_setup_py']
[1.507s] Level 1:colcon.colcon_core.package_identification:_identify(__pycache__) by extension 'python_setup_py'
[1.508s] Level 1:colcon.colcon_core.package_identification:_identify(amy_test) by extensions ['ignore', 'ignore_ament_install']
[1.508s] Level 1:colcon.colcon_core.package_identification:_identify(amy_test) by extension 'ignore'
[1.508s] Level 1:colcon.colcon_core.package_identification:_identify(amy_test) by extension 'ignore_ament_install'
[1.508s] Level 1:colcon.colcon_core.package_identification:_identify(amy_test) by extensions ['colcon_pkg']
[1.509s] Level 1:colcon.colcon_core.package_identification:_identify(amy_test) by extension 'colcon_pkg'
[1.509s] Level 1:colcon.colcon_core.package_identification:_identify(amy_test) by extensions ['colcon_meta']
[1.509s] Level 1:colcon.colcon_core.package_identification:_identify(amy_test) by extension 'colcon_meta'
[1.509s] Level 1:colcon.colcon_core.package_identification:_identify(amy_test) by extensions ['ros']
[1.509s] Level 1:colcon.colcon_core.package_identification:_identify(amy_test) by extension 'ros'
[1.510s] Level 1:colcon.colcon_core.package_identification:_identify(amy_test) by extensions ['cmake', 'python']
[1.510s] Level 1:colcon.colcon_core.package_identification:_identify(amy_test) by extension 'cmake'
[1.510s] Level 1:colcon.colcon_core.package_identification:_identify(amy_test) by extension 'python'
[1.510s] Level 1:colcon.colcon_core.package_identification:_identify(amy_test) by extensions ['python_setup_py']
[1.510s] Level 1:colcon.colcon_core.package_identification:_identify(amy_test) by extension 'python_setup_py'
[1.511s] Level 1:colcon.colcon_core.package_identification:_identify(build) by extensions ['ignore', 'ignore_ament_install']
[1.511s] Level 1:colcon.colcon_core.package_identification:_identify(build) by extension 'ignore'
[1.511s] Level 1:colcon.colcon_core.package_identification:_identify(build) ignored
[1.512s] Level 1:colcon.colcon_core.package_identification:_identify(install) by extensions ['ignore', 'ignore_ament_install']
[1.512s] Level 1:colcon.colcon_core.package_identification:_identify(install) by extension 'ignore'
[1.512s] Level 1:colcon.colcon_core.package_identification:_identify(install) ignored
[1.513s] Level 1:colcon.colcon_core.package_identification:_identify(log) by extensions ['ignore', 'ignore_ament_install']
[1.513s] Level 1:colcon.colcon_core.package_identification:_identify(log) by extension 'ignore'
[1.513s] Level 1:colcon.colcon_core.package_identification:_identify(log) ignored
[1.514s] Level 1:colcon.colcon_core.package_identification:_identify(obstacle_avoidance) by extensions ['ignore', 'ignore_ament_install']
[1.514s] Level 1:colcon.colcon_core.package_identification:_identify(obstacle_avoidance) by extension 'ignore'
[1.514s] Level 1:colcon.colcon_core.package_identification:_identify(obstacle_avoidance) by extension 'ignore_ament_install'
[1.514s] Level 1:colcon.colcon_core.package_identification:_identify(obstacle_avoidance) by extensions ['colcon_pkg']
[1.514s] Level 1:colcon.colcon_core.package_identification:_identify(obstacle_avoidance) by extension 'colcon_pkg'
[1.515s] Level 1:colcon.colcon_core.package_identification:_identify(obstacle_avoidance) by extensions ['colcon_meta']
[1.515s] Level 1:colcon.colcon_core.package_identification:_identify(obstacle_avoidance) by extension 'colcon_meta'
[1.515s] Level 1:colcon.colcon_core.package_identification:_identify(obstacle_avoidance) by extensions ['ros']
[1.515s] Level 1:colcon.colcon_core.package_identification:_identify(obstacle_avoidance) by extension 'ros'
[1.525s] DEBUG:colcon.colcon_core.package_identification:Package 'obstacle_avoidance' with type 'ros.ament_python' and name 'obstacle_avoidance'
[1.525s] Level 1:colcon.colcon_core.package_identification:_identify(provided_robo_rover) by extensions ['ignore', 'ignore_ament_install']
[1.526s] Level 1:colcon.colcon_core.package_identification:_identify(provided_robo_rover) by extension 'ignore'
[1.526s] Level 1:colcon.colcon_core.package_identification:_identify(provided_robo_rover) by extension 'ignore_ament_install'
[1.526s] Level 1:colcon.colcon_core.package_identification:_identify(provided_robo_rover) by extensions ['colcon_pkg']
[1.526s] Level 1:colcon.colcon_core.package_identification:_identify(provided_robo_rover) by extension 'colcon_pkg'
[1.527s] Level 1:colcon.colcon_core.package_identification:_identify(provided_robo_rover) by extensions ['colcon_meta']
[1.527s] Level 1:colcon.colcon_core.package_identification:_identify(provided_robo_rover) by extension 'colcon_meta'
[1.527s] Level 1:colcon.colcon_core.package_identification:_identify(provided_robo_rover) by extensions ['ros']
[1.527s] Level 1:colcon.colcon_core.package_identification:_identify(provided_robo_rover) by extension 'ros'
[1.528s] Level 1:colcon.colcon_core.package_identification:_identify(provided_robo_rover) by extensions ['cmake', 'python']
[1.528s] Level 1:colcon.colcon_core.package_identification:_identify(provided_robo_rover) by extension 'cmake'
[1.528s] Level 1:colcon.colcon_core.package_identification:_identify(provided_robo_rover) by extension 'python'
[1.528s] Level 1:colcon.colcon_core.package_identification:_identify(provided_robo_rover) by extensions ['python_setup_py']
[1.528s] Level 1:colcon.colcon_core.package_identification:_identify(provided_robo_rover) by extension 'python_setup_py'
[1.529s] Level 1:colcon.colcon_core.package_identification:_identify(realsense_publisher) by extensions ['ignore', 'ignore_ament_install']
[1.529s] Level 1:colcon.colcon_core.package_identification:_identify(realsense_publisher) by extension 'ignore'
[1.530s] Level 1:colcon.colcon_core.package_identification:_identify(realsense_publisher) by extension 'ignore_ament_install'
[1.530s] Level 1:colcon.colcon_core.package_identification:_identify(realsense_publisher) by extensions ['colcon_pkg']
[1.530s] Level 1:colcon.colcon_core.package_identification:_identify(realsense_publisher) by extension 'colcon_pkg'
[1.530s] Level 1:colcon.colcon_core.package_identification:_identify(realsense_publisher) by extensions ['colcon_meta']
[1.530s] Level 1:colcon.colcon_core.package_identification:_identify(realsense_publisher) by extension 'colcon_meta'
[1.531s] Level 1:colcon.colcon_core.package_identification:_identify(realsense_publisher) by extensions ['ros']
[1.531s] Level 1:colcon.colcon_core.package_identification:_identify(realsense_publisher) by extension 'ros'
[1.533s] DEBUG:colcon.colcon_core.package_identification:Package 'realsense_publisher' with type 'ros.ament_python' and name 'realsense_publisher'
[1.534s] Level 1:colcon.colcon_core.package_identification:_identify(robo_realsense) by extensions ['ignore', 'ignore_ament_install']
[1.534s] Level 1:colcon.colcon_core.package_identification:_identify(robo_realsense) by extension 'ignore'
[1.535s] Level 1:colcon.colcon_core.package_identification:_identify(robo_realsense) by extension 'ignore_ament_install'
[1.535s] Level 1:colcon.colcon_core.package_identification:_identify(robo_realsense) by extensions ['colcon_pkg']
[1.536s] Level 1:colcon.colcon_core.package_identification:_identify(robo_realsense) by extension 'colcon_pkg'
[1.536s] Level 1:colcon.colcon_core.package_identification:_identify(robo_realsense) by extensions ['colcon_meta']
[1.536s] Level 1:colcon.colcon_core.package_identification:_identify(robo_realsense) by extension 'colcon_meta'
[1.536s] Level 1:colcon.colcon_core.package_identification:_identify(robo_realsense) by extensions ['ros']
[1.537s] Level 1:colcon.colcon_core.package_identification:_identify(robo_realsense) by extension 'ros'
[1.537s] Level 1:colcon.colcon_core.package_identification:_identify(robo_realsense) by extensions ['cmake', 'python']
[1.537s] Level 1:colcon.colcon_core.package_identification:_identify(robo_realsense) by extension 'cmake'
[1.537s] Level 1:colcon.colcon_core.package_identification:_identify(robo_realsense) by extension 'python'
[1.538s] Level 1:colcon.colcon_core.package_identification:_identify(robo_realsense) by extensions ['python_setup_py']
[1.538s] Level 1:colcon.colcon_core.package_identification:_identify(robo_realsense) by extension 'python_setup_py'
[1.538s] Level 1:colcon.colcon_core.package_identification:_identify(robo_realsense/fastsam) by extensions ['ignore', 'ignore_ament_install']
[1.539s] Level 1:colcon.colcon_core.package_identification:_identify(robo_realsense/fastsam) by extension 'ignore'
[1.539s] Level 1:colcon.colcon_core.package_identification:_identify(robo_realsense/fastsam) by extension 'ignore_ament_install'
[1.539s] Level 1:colcon.colcon_core.package_identification:_identify(robo_realsense/fastsam) by extensions ['colcon_pkg']
[1.539s] Level 1:colcon.colcon_core.package_identification:_identify(robo_realsense/fastsam) by extension 'colcon_pkg'
[1.539s] Level 1:colcon.colcon_core.package_identification:_identify(robo_realsense/fastsam) by extensions ['colcon_meta']
[1.539s] Level 1:colcon.colcon_core.package_identification:_identify(robo_realsense/fastsam) by extension 'colcon_meta'
[1.540s] Level 1:colcon.colcon_core.package_identification:_identify(robo_realsense/fastsam) by extensions ['ros']
[1.540s] Level 1:colcon.colcon_core.package_identification:_identify(robo_realsense/fastsam) by extension 'ros'
[1.540s] Level 1:colcon.colcon_core.package_identification:_identify(robo_realsense/fastsam) by extensions ['cmake', 'python']
[1.540s] Level 1:colcon.colcon_core.package_identification:_identify(robo_realsense/fastsam) by extension 'cmake'
[1.540s] Level 1:colcon.colcon_core.package_identification:_identify(robo_realsense/fastsam) by extension 'python'
[1.541s] Level 1:colcon.colcon_core.package_identification:_identify(robo_realsense/fastsam) by extensions ['python_setup_py']
[1.541s] Level 1:colcon.colcon_core.package_identification:_identify(robo_realsense/fastsam) by extension 'python_setup_py'
[1.541s] Level 1:colcon.colcon_core.package_identification:_identify(robo_realsense/fastsam/slam) by extensions ['ignore', 'ignore_ament_install']
[1.542s] Level 1:colcon.colcon_core.package_identification:_identify(robo_realsense/fastsam/slam) by extension 'ignore'
[1.542s] Level 1:colcon.colcon_core.package_identification:_identify(robo_realsense/fastsam/slam) by extension 'ignore_ament_install'
[1.542s] Level 1:colcon.colcon_core.package_identification:_identify(robo_realsense/fastsam/slam) by extensions ['colcon_pkg']
[1.542s] Level 1:colcon.colcon_core.package_identification:_identify(robo_realsense/fastsam/slam) by extension 'colcon_pkg'
[1.542s] Level 1:colcon.colcon_core.package_identification:_identify(robo_realsense/fastsam/slam) by extensions ['colcon_meta']
[1.543s] Level 1:colcon.colcon_core.package_identification:_identify(robo_realsense/fastsam/slam) by extension 'colcon_meta'
[1.543s] Level 1:colcon.colcon_core.package_identification:_identify(robo_realsense/fastsam/slam) by extensions ['ros']
[1.543s] Level 1:colcon.colcon_core.package_identification:_identify(robo_realsense/fastsam/slam) by extension 'ros'
[1.543s] Level 1:colcon.colcon_core.package_identification:_identify(robo_realsense/fastsam/slam) by extensions ['cmake', 'python']
[1.543s] Level 1:colcon.colcon_core.package_identification:_identify(robo_realsense/fastsam/slam) by extension 'cmake'
[1.544s] Level 1:colcon.colcon_core.package_identification:_identify(robo_realsense/fastsam/slam) by extension 'python'
[1.544s] Level 1:colcon.colcon_core.package_identification:_identify(robo_realsense/fastsam/slam) by extensions ['python_setup_py']
[1.544s] Level 1:colcon.colcon_core.package_identification:_identify(robo_realsense/fastsam/slam) by extension 'python_setup_py'
[1.545s] Level 1:colcon.colcon_core.package_identification:_identify(robo_realsense/fastsam/slam/__pycache__) by extensions ['ignore', 'ignore_ament_install']
[1.545s] Level 1:colcon.colcon_core.package_identification:_identify(robo_realsense/fastsam/slam/__pycache__) by extension 'ignore'
[1.545s] Level 1:colcon.colcon_core.package_identification:_identify(robo_realsense/fastsam/slam/__pycache__) by extension 'ignore_ament_install'
[1.546s] Level 1:colcon.colcon_core.package_identification:_identify(robo_realsense/fastsam/slam/__pycache__) by extensions ['colcon_pkg']
[1.546s] Level 1:colcon.colcon_core.package_identification:_identify(robo_realsense/fastsam/slam/__pycache__) by extension 'colcon_pkg'
[1.546s] Level 1:colcon.colcon_core.package_identification:_identify(robo_realsense/fastsam/slam/__pycache__) by extensions ['colcon_meta']
[1.546s] Level 1:colcon.colcon_core.package_identification:_identify(robo_realsense/fastsam/slam/__pycache__) by extension 'colcon_meta'
[1.546s] Level 1:colcon.colcon_core.package_identification:_identify(robo_realsense/fastsam/slam/__pycache__) by extensions ['ros']
[1.547s] Level 1:colcon.colcon_core.package_identification:_identify(robo_realsense/fastsam/slam/__pycache__) by extension 'ros'
[1.547s] Level 1:colcon.colcon_core.package_identification:_identify(robo_realsense/fastsam/slam/__pycache__) by extensions ['cmake', 'python']
[1.547s] Level 1:colcon.colcon_core.package_identification:_identify(robo_realsense/fastsam/slam/__pycache__) by extension 'cmake'
[1.547s] Level 1:colcon.colcon_core.package_identification:_identify(robo_realsense/fastsam/slam/__pycache__) by extension 'python'
[1.548s] Level 1:colcon.colcon_core.package_identification:_identify(robo_realsense/fastsam/slam/__pycache__) by extensions ['python_setup_py']
[1.548s] Level 1:colcon.colcon_core.package_identification:_identify(robo_realsense/fastsam/slam/__pycache__) by extension 'python_setup_py'
[1.548s] Level 1:colcon.colcon_core.package_identification:_identify(robo_realsense/launch) by extensions ['ignore', 'ignore_ament_install']
[1.549s] Level 1:colcon.colcon_core.package_identification:_identify(robo_realsense/launch) by extension 'ignore'
[1.549s] Level 1:colcon.colcon_core.package_identification:_identify(robo_realsense/launch) by extension 'ignore_ament_install'
[1.550s] Level 1:colcon.colcon_core.package_identification:_identify(robo_realsense/launch) by extensions ['colcon_pkg']
[1.550s] Level 1:colcon.colcon_core.package_identification:_identify(robo_realsense/launch) by extension 'colcon_pkg'
[1.550s] Level 1:colcon.colcon_core.package_identification:_identify(robo_realsense/launch) by extensions ['colcon_meta']
[1.551s] Level 1:colcon.colcon_core.package_identification:_identify(robo_realsense/launch) by extension 'colcon_meta'
[1.551s] Level 1:colcon.colcon_core.package_identification:_identify(robo_realsense/launch) by extensions ['ros']
[1.551s] Level 1:colcon.colcon_core.package_identification:_identify(robo_realsense/launch) by extension 'ros'
[1.552s] Level 1:colcon.colcon_core.package_identification:_identify(robo_realsense/launch) by extensions ['cmake', 'python']
[1.552s] Level 1:colcon.colcon_core.package_identification:_identify(robo_realsense/launch) by extension 'cmake'
[1.552s] Level 1:colcon.colcon_core.package_identification:_identify(robo_realsense/launch) by extension 'python'
[1.552s] Level 1:colcon.colcon_core.package_identification:_identify(robo_realsense/launch) by extensions ['python_setup_py']
[1.552s] Level 1:colcon.colcon_core.package_identification:_identify(robo_realsense/launch) by extension 'python_setup_py'
[1.553s] Level 1:colcon.colcon_core.package_identification:_identify(robo_realsense/launch/__pycache__) by extensions ['ignore', 'ignore_ament_install']
[1.553s] Level 1:colcon.colcon_core.package_identification:_identify(robo_realsense/launch/__pycache__) by extension 'ignore'
[1.553s] Level 1:colcon.colcon_core.package_identification:_identify(robo_realsense/launch/__pycache__) by extension 'ignore_ament_install'
[1.554s] Level 1:colcon.colcon_core.package_identification:_identify(robo_realsense/launch/__pycache__) by extensions ['colcon_pkg']
[1.554s] Level 1:colcon.colcon_core.package_identification:_identify(robo_realsense/launch/__pycache__) by extension 'colcon_pkg'
[1.554s] Level 1:colcon.colcon_core.package_identification:_identify(robo_realsense/launch/__pycache__) by extensions ['colcon_meta']
[1.554s] Level 1:colcon.colcon_core.package_identification:_identify(robo_realsense/launch/__pycache__) by extension 'colcon_meta'
[1.554s] Level 1:colcon.colcon_core.package_identification:_identify(robo_realsense/launch/__pycache__) by extensions ['ros']
[1.554s] Level 1:colcon.colcon_core.package_identification:_identify(robo_realsense/launch/__pycache__) by extension 'ros'
[1.555s] Level 1:colcon.colcon_core.package_identification:_identify(robo_realsense/launch/__pycache__) by extensions ['cmake', 'python']
[1.555s] Level 1:colcon.colcon_core.package_identification:_identify(robo_realsense/launch/__pycache__) by extension 'cmake'
[1.555s] Level 1:colcon.colcon_core.package_identification:_identify(robo_realsense/launch/__pycache__) by extension 'python'
[1.555s] Level 1:colcon.colcon_core.package_identification:_identify(robo_realsense/launch/__pycache__) by extensions ['python_setup_py']
[1.555s] Level 1:colcon.colcon_core.package_identification:_identify(robo_realsense/launch/__pycache__) by extension 'python_setup_py'
[1.556s] Level 1:colcon.colcon_core.package_identification:_identify(robo_rover) by extensions ['ignore', 'ignore_ament_install']
[1.556s] Level 1:colcon.colcon_core.package_identification:_identify(robo_rover) by extension 'ignore'
[1.557s] Level 1:colcon.colcon_core.package_identification:_identify(robo_rover) by extension 'ignore_ament_install'
[1.557s] Level 1:colcon.colcon_core.package_identification:_identify(robo_rover) by extensions ['colcon_pkg']
[1.557s] Level 1:colcon.colcon_core.package_identification:_identify(robo_rover) by extension 'colcon_pkg'
[1.557s] Level 1:colcon.colcon_core.package_identification:_identify(robo_rover) by extensions ['colcon_meta']
[1.557s] Level 1:colcon.colcon_core.package_identification:_identify(robo_rover) by extension 'colcon_meta'
[1.558s] Level 1:colcon.colcon_core.package_identification:_identify(robo_rover) by extensions ['ros']
[1.558s] Level 1:colcon.colcon_core.package_identification:_identify(robo_rover) by extension 'ros'
[1.561s] DEBUG:colcon.colcon_core.package_identification:Package 'robo_rover' with type 'ros.ament_cmake' and name 'robo_rover'
[1.562s] Level 1:colcon.colcon_core.package_identification:_identify(rplidar_ros) by extensions ['ignore', 'ignore_ament_install']
[1.562s] Level 1:colcon.colcon_core.package_identification:_identify(rplidar_ros) by extension 'ignore'
[1.562s] Level 1:colcon.colcon_core.package_identification:_identify(rplidar_ros) by extension 'ignore_ament_install'
[1.562s] Level 1:colcon.colcon_core.package_identification:_identify(rplidar_ros) by extensions ['colcon_pkg']
[1.562s] Level 1:colcon.colcon_core.package_identification:_identify(rplidar_ros) by extension 'colcon_pkg'
[1.563s] Level 1:colcon.colcon_core.package_identification:_identify(rplidar_ros) by extensions ['colcon_meta']
[1.563s] Level 1:colcon.colcon_core.package_identification:_identify(rplidar_ros) by extension 'colcon_meta'
[1.563s] Level 1:colcon.colcon_core.package_identification:_identify(rplidar_ros) by extensions ['ros']
[1.563s] Level 1:colcon.colcon_core.package_identification:_identify(rplidar_ros) by extension 'ros'
[1.565s] DEBUG:colcon.colcon_core.package_identification:Package 'rplidar_ros' with type 'ros.ament_cmake' and name 'rplidar_ros'
[1.566s] Level 1:colcon.colcon_core.package_discovery:discover_packages(recursive) using defaults
[1.566s] Level 1:colcon.colcon_core.package_discovery:discover_packages(ignore) discover
[1.566s] Level 1:colcon.colcon_core.package_discovery:discover_packages(ignore) using defaults
[1.566s] Level 1:colcon.colcon_core.package_discovery:discover_packages(path) discover
[1.566s] Level 1:colcon.colcon_core.package_discovery:discover_packages(path) using defaults
[1.692s] INFO:colcon.colcon_core.package_selection:Skipping not selected package 'realsense_publisher' in 'realsense_publisher'
[1.692s] INFO:colcon.colcon_core.package_selection:Skipping not selected package 'robo_rover' in 'robo_rover'
[1.692s] INFO:colcon.colcon_core.package_selection:Skipping not selected package 'rplidar_ros' in 'rplidar_ros'
[1.694s] Level 1:colcon.colcon_core.package_discovery:discover_packages(prefix_path) check parameters
[1.694s] Level 1:colcon.colcon_core.package_discovery:discover_packages(prefix_path) discover
[1.704s] DEBUG:colcon.colcon_installed_package_information.package_discovery:Found 4 installed packages in /home/copperbottoms/code/Copperbottoms/ros_ws/install
[1.713s] DEBUG:colcon.colcon_installed_package_information.package_discovery:Found 296 installed packages in /opt/ros/humble
[1.720s] Level 1:colcon.colcon_core.package_discovery:discover_packages(prefix_path) using defaults
[1.910s] Level 5:colcon.colcon_core.verb:set package 'obstacle_avoidance' build argument 'cmake_args' from command line to 'None'
[1.910s] Level 5:colcon.colcon_core.verb:set package 'obstacle_avoidance' build argument 'cmake_target' from command line to 'None'
[1.910s] Level 5:colcon.colcon_core.verb:set package 'obstacle_avoidance' build argument 'cmake_target_skip_unavailable' from command line to 'False'
[1.911s] Level 5:colcon.colcon_core.verb:set package 'obstacle_avoidance' build argument 'cmake_clean_cache' from command line to 'False'
[1.911s] Level 5:colcon.colcon_core.verb:set package 'obstacle_avoidance' build argument 'cmake_clean_first' from command line to 'False'
[1.911s] Level 5:colcon.colcon_core.verb:set package 'obstacle_avoidance' build argument 'cmake_force_configure' from command line to 'False'
[1.911s] Level 5:colcon.colcon_core.verb:set package 'obstacle_avoidance' build argument 'ament_cmake_args' from command line to 'None'
[1.911s] Level 5:colcon.colcon_core.verb:set package 'obstacle_avoidance' build argument 'catkin_cmake_args' from command line to 'None'
[1.911s] Level 5:colcon.colcon_core.verb:set package 'obstacle_avoidance' build argument 'catkin_skip_building_tests' from command line to 'False'
[1.911s] DEBUG:colcon.colcon_core.verb:Building package 'obstacle_avoidance' with the following arguments: {'ament_cmake_args': None, 'build_base': '/home/copperbottoms/code/Copperbottoms/ros_ws/src/build/obstacle_avoidance', 'catkin_cmake_args': None, 'catkin_skip_building_tests': False, 'cmake_args': None, 'cmake_clean_cache': False, 'cmake_clean_first': False, 'cmake_force_configure': False, 'cmake_target': None, 'cmake_target_skip_unavailable': False, 'install_base': '/home/copperbottoms/code/Copperbottoms/ros_ws/src/install/obstacle_avoidance', 'merge_install': False, 'path': '/home/copperbottoms/code/Copperbottoms/ros_ws/src/obstacle_avoidance', 'symlink_install': True, 'test_result_base': None}
[1.912s] INFO:colcon.colcon_core.executor:Executing jobs using 'parallel' executor
[1.915s] DEBUG:colcon.colcon_parallel_executor.executor.parallel:run_until_complete
[1.916s] INFO:colcon.colcon_ros.task.ament_python.build:Building ROS package in '/home/copperbottoms/code/Copperbottoms/ros_ws/src/obstacle_avoidance' with build type 'ament_python'
[1.916s] Level 1:colcon.colcon_core.shell:create_environment_hook('obstacle_avoidance', 'ament_prefix_path')
[1.927s] INFO:colcon.colcon_core.plugin_system:Skipping extension 'colcon_core.shell.bat': Not used on non-Windows systems
[1.928s] INFO:colcon.colcon_core.shell:Creating environment hook '/home/copperbottoms/code/Copperbottoms/ros_ws/src/install/obstacle_avoidance/share/obstacle_avoidance/hook/ament_prefix_path.ps1'
[1.932s] INFO:colcon.colcon_core.shell:Creating environment descriptor '/home/copperbottoms/code/Copperbottoms/ros_ws/src/install/obstacle_avoidance/share/obstacle_avoidance/hook/ament_prefix_path.dsv'
[1.935s] INFO:colcon.colcon_core.shell:Creating environment hook '/home/copperbottoms/code/Copperbottoms/ros_ws/src/install/obstacle_avoidance/share/obstacle_avoidance/hook/ament_prefix_path.sh'
[1.939s] INFO:colcon.colcon_core.shell:Skip shell extension 'powershell' for command environment: Not usable outside of PowerShell
[1.940s] DEBUG:colcon.colcon_core.shell:Skip shell extension 'dsv' for command environment
[3.329s] INFO:colcon.colcon_core.task.python.build:Building Python package in '/home/copperbottoms/code/Copperbottoms/ros_ws/src/obstacle_avoidance'
[3.330s] INFO:colcon.colcon_core.shell:Skip shell extension 'powershell' for command environment: Not usable outside of PowerShell
[3.331s] DEBUG:colcon.colcon_core.shell:Skip shell extension 'dsv' for command environment
[5.199s] DEBUG:colcon.colcon_core.event_handler.log_command:Invoking command in '/home/copperbottoms/code/Copperbottoms/ros_ws/src/build/obstacle_avoidance': PYTHONPATH=/home/copperbottoms/code/Copperbottoms/ros_ws/src/build/obstacle_avoidance/prefix_override:/usr/lib/python3/dist-packages/colcon_core/task/python/colcon_distutils_commands:/home/copperbottoms/code/Copperbottoms/ros_ws/src/install/obstacle_avoidance/lib/python3.10/site-packages:${PYTHONPATH} /usr/bin/python3 -W ignore:setup.py install is deprecated -W ignore:easy_install command is deprecated setup.py develop --editable --build-directory /home/copperbottoms/code/Copperbottoms/ros_ws/src/build/obstacle_avoidance/build --no-deps symlink_data
[7.732s] Level 1:colcon.colcon_core.shell:create_environment_hook('obstacle_avoidance', 'pythonpath_develop')
[7.733s] INFO:colcon.colcon_core.shell:Creating environment hook '/home/copperbottoms/code/Copperbottoms/ros_ws/src/build/obstacle_avoidance/share/obstacle_avoidance/hook/pythonpath_develop.ps1'
[7.736s] DEBUG:colcon.colcon_core.event_handler.log_command:Invoked command in '/home/copperbottoms/code/Copperbottoms/ros_ws/src/build/obstacle_avoidance' returned '0': PYTHONPATH=/home/copperbottoms/code/Copperbottoms/ros_ws/src/build/obstacle_avoidance/prefix_override:/usr/lib/python3/dist-packages/colcon_core/task/python/colcon_distutils_commands:/home/copperbottoms/code/Copperbottoms/ros_ws/src/install/obstacle_avoidance/lib/python3.10/site-packages:${PYTHONPATH} /usr/bin/python3 -W ignore:setup.py install is deprecated -W ignore:easy_install command is deprecated setup.py develop --editable --build-directory /home/copperbottoms/code/Copperbottoms/ros_ws/src/build/obstacle_avoidance/build --no-deps symlink_data
[7.737s] INFO:colcon.colcon_core.shell:Creating environment descriptor '/home/copperbottoms/code/Copperbottoms/ros_ws/src/build/obstacle_avoidance/share/obstacle_avoidance/hook/pythonpath_develop.dsv'
[7.738s] INFO:colcon.colcon_core.shell:Creating environment hook '/home/copperbottoms/code/Copperbottoms/ros_ws/src/build/obstacle_avoidance/share/obstacle_avoidance/hook/pythonpath_develop.sh'
[7.752s] Level 1:colcon.colcon_core.environment:checking '/home/copperbottoms/code/Copperbottoms/ros_ws/src/install/obstacle_avoidance' for CMake module files
[7.754s] Level 1:colcon.colcon_core.environment:checking '/home/copperbottoms/code/Copperbottoms/ros_ws/src/install/obstacle_avoidance' for CMake config files
[7.758s] Level 1:colcon.colcon_core.environment:checking '/home/copperbottoms/code/Copperbottoms/ros_ws/src/install/obstacle_avoidance/lib'
[7.759s] Level 1:colcon.colcon_core.environment:checking '/home/copperbottoms/code/Copperbottoms/ros_ws/src/install/obstacle_avoidance/bin'
[7.759s] Level 1:colcon.colcon_core.environment:checking '/home/copperbottoms/code/Copperbottoms/ros_ws/src/install/obstacle_avoidance/lib/pkgconfig/obstacle_avoidance.pc'
[7.760s] Level 1:colcon.colcon_core.environment:checking '/home/copperbottoms/code/Copperbottoms/ros_ws/src/install/obstacle_avoidance/lib/python3.10/site-packages'
[7.760s] Level 1:colcon.colcon_core.shell:create_environment_hook('obstacle_avoidance', 'pythonpath')
[7.761s] INFO:colcon.colcon_core.shell:Creating environment hook '/home/copperbottoms/code/Copperbottoms/ros_ws/src/install/obstacle_avoidance/share/obstacle_avoidance/hook/pythonpath.ps1'
[7.763s] INFO:colcon.colcon_core.shell:Creating environment descriptor '/home/copperbottoms/code/Copperbottoms/ros_ws/src/install/obstacle_avoidance/share/obstacle_avoidance/hook/pythonpath.dsv'
[7.765s] INFO:colcon.colcon_core.shell:Creating environment hook '/home/copperbottoms/code/Copperbottoms/ros_ws/src/install/obstacle_avoidance/share/obstacle_avoidance/hook/pythonpath.sh'
[7.769s] Level 1:colcon.colcon_core.environment:checking '/home/copperbottoms/code/Copperbottoms/ros_ws/src/install/obstacle_avoidance/bin'
[7.769s] Level 1:colcon.colcon_core.environment:create_environment_scripts_only(obstacle_avoidance)
[7.771s] INFO:colcon.colcon_core.shell:Creating package script '/home/copperbottoms/code/Copperbottoms/ros_ws/src/install/obstacle_avoidance/share/obstacle_avoidance/package.ps1'
[7.774s] INFO:colcon.colcon_core.shell:Creating package descriptor '/home/copperbottoms/code/Copperbottoms/ros_ws/src/install/obstacle_avoidance/share/obstacle_avoidance/package.dsv'
[7.777s] INFO:colcon.colcon_core.shell:Creating package script '/home/copperbottoms/code/Copperbottoms/ros_ws/src/install/obstacle_avoidance/share/obstacle_avoidance/package.sh'
[7.781s] INFO:colcon.colcon_core.shell:Creating package script '/home/copperbottoms/code/Copperbottoms/ros_ws/src/install/obstacle_avoidance/share/obstacle_avoidance/package.bash'
[7.785s] INFO:colcon.colcon_core.shell:Creating package script '/home/copperbottoms/code/Copperbottoms/ros_ws/src/install/obstacle_avoidance/share/obstacle_avoidance/package.zsh'
[7.788s] Level 1:colcon.colcon_core.environment:create_file_with_runtime_dependencies(/home/copperbottoms/code/Copperbottoms/ros_ws/src/install/obstacle_avoidance/share/colcon-core/packages/obstacle_avoidance)
[7.790s] DEBUG:colcon.colcon_parallel_executor.executor.parallel:closing loop
[7.791s] DEBUG:colcon.colcon_parallel_executor.executor.parallel:loop closed
[7.791s] DEBUG:colcon.colcon_parallel_executor.executor.parallel:run_until_complete finished with '0'
[7.792s] DEBUG:colcon.colcon_core.event_reactor:joining thread
[7.814s] INFO:colcon.colcon_core.plugin_system:Skipping extension 'colcon_notification.desktop_notification.terminal_notifier': Not used on non-Darwin systems
[7.814s] INFO:colcon.colcon_core.plugin_system:Skipping extension 'colcon_notification.desktop_notification.win32': Not used on non-Windows systems
[7.814s] INFO:colcon.colcon_notification.desktop_notification:Sending desktop notification using 'notify2'
[7.820s] DEBUG:colcon.colcon_notification.desktop_notification.notify2:Failed to initialize notify2: org.freedesktop.DBus.Error.ServiceUnknown: The name org.freedesktop.Notifications was not provided by any .service files
[7.821s] DEBUG:colcon.colcon_core.event_reactor:joined thread
[7.822s] INFO:colcon.colcon_core.shell:Creating prefix script '/home/copperbottoms/code/Copperbottoms/ros_ws/src/install/local_setup.ps1'
[7.826s] INFO:colcon.colcon_core.shell:Creating prefix util module '/home/copperbottoms/code/Copperbottoms/ros_ws/src/install/_local_setup_util_ps1.py'
[7.834s] INFO:colcon.colcon_core.shell:Creating prefix chain script '/home/copperbottoms/code/Copperbottoms/ros_ws/src/install/setup.ps1'
[7.840s] INFO:colcon.colcon_core.shell:Creating prefix script '/home/copperbottoms/code/Copperbottoms/ros_ws/src/install/local_setup.sh'
[7.843s] INFO:colcon.colcon_core.shell:Creating prefix util module '/home/copperbottoms/code/Copperbottoms/ros_ws/src/install/_local_setup_util_sh.py'
[7.846s] INFO:colcon.colcon_core.shell:Creating prefix chain script '/home/copperbottoms/code/Copperbottoms/ros_ws/src/install/setup.sh'
[7.851s] INFO:colcon.colcon_core.shell:Creating prefix script '/home/copperbottoms/code/Copperbottoms/ros_ws/src/install/local_setup.bash'
[7.854s] INFO:colcon.colcon_core.shell:Creating prefix chain script '/home/copperbottoms/code/Copperbottoms/ros_ws/src/install/setup.bash'
[7.860s] INFO:colcon.colcon_core.shell:Creating prefix script '/home/copperbottoms/code/Copperbottoms/ros_ws/src/install/local_setup.zsh'
[7.862s] INFO:colcon.colcon_core.shell:Creating prefix chain script '/home/copperbottoms/code/Copperbottoms/ros_ws/src/install/setup.zsh'
