[0.227s] Invoking command in '/home/copperbottoms/code/Copperbottoms/ros_ws/build/rf2o_laser_odometry': CMAKE_PREFIX_PATH=${CMAKE_PREFIX_PATH}:/home/copperbottoms/code/Copperbottoms/ros_ws/install/visualize_sensors:/home/copperbottoms/code/Copperbottoms/ros_ws/install/realsense_publisher:/home/copperbottoms/code/Copperbottoms/ros_ws/install/obstacle_avoidance:/home/copperbottoms/code/Copperbottoms/ros_ws/install/landmark_slam:/home/copperbottoms/code/Copperbottoms/ros_ws/install/imu_pose_estimate:/home/copperbottoms/code/Copperbottoms/ros_ws/install/camera_navigation:/opt/ros/humble /usr/bin/cmake --build /home/copperbottoms/code/Copperbottoms/ros_ws/build/rf2o_laser_odometry -- -j4 -l4
[0.942s] -- Found ament_cmake: 1.3.12 (/opt/ros/humble/share/ament_cmake/cmake)
[3.031s] -- Found rclcpp: 16.0.17 (/opt/ros/humble/share/rclcpp/cmake)
[3.649s] -- Found rosidl_generator_c: 3.1.8 (/opt/ros/humble/share/rosidl_generator_c/cmake)
[3.695s] -- Found rosidl_adapter: 3.1.8 (/opt/ros/humble/share/rosidl_adapter/cmake)
[3.755s] -- Found rosidl_generator_cpp: 3.1.8 (/opt/ros/humble/share/rosidl_generator_cpp/cmake)
[3.844s] -- Using all available rosidl_typesupport_c: rosidl_typesupport_fastrtps_c;rosidl_typesupport_introspection_c
[4.030s] -- Using all available rosidl_typesupport_cpp: rosidl_typesupport_fastrtps_cpp;rosidl_typesupport_introspection_cpp
[4.816s] -- Found rmw_implementation_cmake: 6.1.2 (/opt/ros/humble/share/rmw_implementation_cmake/cmake)
[4.840s] -- Found rmw_fastrtps_cpp: 6.2.9 (/opt/ros/humble/share/rmw_fastrtps_cpp/cmake)
[6.941s] -- Using RMW implementation 'rmw_fastrtps_cpp' as default
[7.846s] -- Found geometry_msgs: 4.9.0 (/opt/ros/humble/share/geometry_msgs/cmake)
[8.013s] -- Found tf2_geometry_msgs: 0.25.18 (/opt/ros/humble/share/tf2_geometry_msgs/cmake)
[8.079s] -- Found eigen3_cmake_module: 0.1.1 (/opt/ros/humble/share/eigen3_cmake_module/cmake)
[8.088s] -- Ensuring Eigen3 include directory is part of orocos-kdl CMake target
[9.407s] -- Found sensor_msgs: 4.9.0 (/opt/ros/humble/share/sensor_msgs/cmake)
[9.568s] -- Found nav_msgs: 4.9.0 (/opt/ros/humble/share/nav_msgs/cmake)
[10.624s] -- Configuring done
[11.431s] -- Generating done
[11.588s] -- Build files have been written to: /home/copperbottoms/code/Copperbottoms/ros_ws/build/rf2o_laser_odometry
[11.860s] [35m[1mConsolidate compiler generated dependencies of target rf2o_laser_odometry_node[0m
[12.793s] [ 20%] [32mBuilding CXX object CMakeFiles/rf2o_laser_odometry_node.dir/src/CLaserOdometry2DNode.cpp.o[0m
[142.108s] [ 40%] [32mBuilding CXX object CMakeFiles/rf2o_laser_odometry_node.dir/src/CLaserOdometry2D.cpp.o[0m
[279.024s] [ 60%] [32m[1mLinking CXX executable rf2o_laser_odometry_node[0m
[287.076s] [ 60%] Built target rf2o_laser_odometry_node
[287.138s] [35m[1mConsolidate compiler generated dependencies of target rf2o_laser_odometry[0m
[287.357s] [ 80%] [32mBuilding CXX object CMakeFiles/rf2o_laser_odometry.dir/src/CLaserOdometry2D.cpp.o[0m
[393.267s] [100%] [32m[1mLinking CXX static library librf2o_laser_odometry.a[0m
[397.166s] [100%] Built target rf2o_laser_odometry
[398.209s] Invoked command in '/home/copperbottoms/code/Copperbottoms/ros_ws/build/rf2o_laser_odometry' returned '0': CMAKE_PREFIX_PATH=${CMAKE_PREFIX_PATH}:/home/copperbottoms/code/Copperbottoms/ros_ws/install/visualize_sensors:/home/copperbottoms/code/Copperbottoms/ros_ws/install/realsense_publisher:/home/copperbottoms/code/Copperbottoms/ros_ws/install/obstacle_avoidance:/home/copperbottoms/code/Copperbottoms/ros_ws/install/landmark_slam:/home/copperbottoms/code/Copperbottoms/ros_ws/install/imu_pose_estimate:/home/copperbottoms/code/Copperbottoms/ros_ws/install/camera_navigation:/opt/ros/humble /usr/bin/cmake --build /home/copperbottoms/code/Copperbottoms/ros_ws/build/rf2o_laser_odometry -- -j4 -l4
[398.287s] Invoking command in '/home/copperbottoms/code/Copperbottoms/ros_ws/build/rf2o_laser_odometry': CMAKE_PREFIX_PATH=${CMAKE_PREFIX_PATH}:/home/copperbottoms/code/Copperbottoms/ros_ws/install/visualize_sensors:/home/copperbottoms/code/Copperbottoms/ros_ws/install/realsense_publisher:/home/copperbottoms/code/Copperbottoms/ros_ws/install/obstacle_avoidance:/home/copperbottoms/code/Copperbottoms/ros_ws/install/landmark_slam:/home/copperbottoms/code/Copperbottoms/ros_ws/install/imu_pose_estimate:/home/copperbottoms/code/Copperbottoms/ros_ws/install/camera_navigation:/opt/ros/humble /usr/bin/cmake --install /home/copperbottoms/code/Copperbottoms/ros_ws/build/rf2o_laser_odometry
[398.445s] -- Install configuration: ""
[398.466s] -- Installing: /home/copperbottoms/code/Copperbottoms/ros_ws/install/rf2o_laser_odometry/lib/rf2o_laser_odometry/rf2o_laser_odometry_node
[398.871s] -- Set runtime path of "/home/copperbottoms/code/Copperbottoms/ros_ws/install/rf2o_laser_odometry/lib/rf2o_laser_odometry/rf2o_laser_odometry_node" to ""
[398.871s] -- Up-to-date: /home/copperbottoms/code/Copperbottoms/ros_ws/install/rf2o_laser_odometry/share/rf2o_laser_odometry/launch
[398.880s] -- Installing: /home/copperbottoms/code/Copperbottoms/ros_ws/install/rf2o_laser_odometry/share/rf2o_laser_odometry/launch/__pycache__
[398.880s] -- Installing: /home/copperbottoms/code/Copperbottoms/ros_ws/install/rf2o_laser_odometry/share/rf2o_laser_odometry/launch/__pycache__/rf2o_laser_odometry.launch.cpython-310.pyc
[398.884s] -- Up-to-date: /home/copperbottoms/code/Copperbottoms/ros_ws/install/rf2o_laser_odometry/share/rf2o_laser_odometry/launch/rf2o_laser_odometry.launch.py
[398.884s] -- Installing: /home/copperbottoms/code/Copperbottoms/ros_ws/install/rf2o_laser_odometry/share/ament_index/resource_index/package_run_dependencies/rf2o_laser_odometry
[398.907s] -- Installing: /home/copperbottoms/code/Copperbottoms/ros_ws/install/rf2o_laser_odometry/share/ament_index/resource_index/parent_prefix_path/rf2o_laser_odometry
[398.914s] -- Installing: /home/copperbottoms/code/Copperbottoms/ros_ws/install/rf2o_laser_odometry/share/rf2o_laser_odometry/environment/ament_prefix_path.sh
[398.923s] -- Installing: /home/copperbottoms/code/Copperbottoms/ros_ws/install/rf2o_laser_odometry/share/rf2o_laser_odometry/environment/ament_prefix_path.dsv
[398.924s] -- Installing: /home/copperbottoms/code/Copperbottoms/ros_ws/install/rf2o_laser_odometry/share/rf2o_laser_odometry/environment/path.sh
[398.926s] -- Installing: /home/copperbottoms/code/Copperbottoms/ros_ws/install/rf2o_laser_odometry/share/rf2o_laser_odometry/environment/path.dsv
[398.937s] -- Installing: /home/copperbottoms/code/Copperbottoms/ros_ws/install/rf2o_laser_odometry/share/rf2o_laser_odometry/local_setup.bash
[398.947s] -- Installing: /home/copperbottoms/code/Copperbottoms/ros_ws/install/rf2o_laser_odometry/share/rf2o_laser_odometry/local_setup.sh
[398.948s] -- Installing: /home/copperbottoms/code/Copperbottoms/ros_ws/install/rf2o_laser_odometry/share/rf2o_laser_odometry/local_setup.zsh
[398.948s] -- Installing: /home/copperbottoms/code/Copperbottoms/ros_ws/install/rf2o_laser_odometry/share/rf2o_laser_odometry/local_setup.dsv
[398.949s] -- Installing: /home/copperbottoms/code/Copperbottoms/ros_ws/install/rf2o_laser_odometry/share/rf2o_laser_odometry/package.dsv
[398.957s] -- Installing: /home/copperbottoms/code/Copperbottoms/ros_ws/install/rf2o_laser_odometry/share/ament_index/resource_index/packages/rf2o_laser_odometry
[398.961s] -- Installing: /home/copperbottoms/code/Copperbottoms/ros_ws/install/rf2o_laser_odometry/share/rf2o_laser_odometry/cmake/rf2o_laser_odometryConfig.cmake
[398.961s] -- Installing: /home/copperbottoms/code/Copperbottoms/ros_ws/install/rf2o_laser_odometry/share/rf2o_laser_odometry/cmake/rf2o_laser_odometryConfig-version.cmake
[398.970s] -- Up-to-date: /home/copperbottoms/code/Copperbottoms/ros_ws/install/rf2o_laser_odometry/share/rf2o_laser_odometry/package.xml
[398.994s] Invoked command in '/home/copperbottoms/code/Copperbottoms/ros_ws/build/rf2o_laser_odometry' returned '0': CMAKE_PREFIX_PATH=${CMAKE_PREFIX_PATH}:/home/copperbottoms/code/Copperbottoms/ros_ws/install/visualize_sensors:/home/copperbottoms/code/Copperbottoms/ros_ws/install/realsense_publisher:/home/copperbottoms/code/Copperbottoms/ros_ws/install/obstacle_avoidance:/home/copperbottoms/code/Copperbottoms/ros_ws/install/landmark_slam:/home/copperbottoms/code/Copperbottoms/ros_ws/install/imu_pose_estimate:/home/copperbottoms/code/Copperbottoms/ros_ws/install/camera_navigation:/opt/ros/humble /usr/bin/cmake --install /home/copperbottoms/code/Copperbottoms/ros_ws/build/rf2o_laser_odometry
