[3.372s] Invoking command in '/home/copperbottoms/code/Copperbottoms/ros_ws/src/obstacle_avoidance': AMENT_PREFIX_PATH=/home/copperbottoms/code/Copperbottoms/ros_ws/install/custom_messages:${AMENT_PREFIX_PATH} CMAKE_PREFIX_PATH=/home/copperbottoms/code/Copperbottoms/ros_ws/install/custom_messages:${CMAKE_PREFIX_PATH} LD_LIBRARY_PATH=/home/copperbottoms/code/Copperbottoms/ros_ws/install/custom_messages/lib:${LD_LIBRARY_PATH} PYTHONPATH=/home/copperbottoms/code/Copperbottoms/ros_ws/build/obstacle_avoidance/prefix_override:/usr/lib/python3/dist-packages/colcon_core/task/python/colcon_distutils_commands:/home/copperbottoms/code/Copperbottoms/ros_ws/install/obstacle_avoidance/lib/python3.10/site-packages:/home/copperbottoms/code/Copperbottoms/ros_ws/install/custom_messages/local/lib/python3.10/dist-packages:${PYTHONPATH} /usr/bin/python3 -W ignore:setup.py install is deprecated -W ignore:easy_install command is deprecated setup.py egg_info --egg-base ../../build/obstacle_avoidance build --build-base /home/copperbottoms/code/Copperbottoms/ros_ws/build/obstacle_avoidance/build install --record /home/copperbottoms/code/Copperbottoms/ros_ws/build/obstacle_avoidance/install.log --single-version-externally-managed install_data
[5.037s] running egg_info
[5.040s] writing ../../build/obstacle_avoidance/obstacle_avoidance.egg-info/PKG-INFO
[5.041s] writing dependency_links to ../../build/obstacle_avoidance/obstacle_avoidance.egg-info/dependency_links.txt
[5.042s] writing entry points to ../../build/obstacle_avoidance/obstacle_avoidance.egg-info/entry_points.txt
[5.043s] writing requirements to ../../build/obstacle_avoidance/obstacle_avoidance.egg-info/requires.txt
[5.044s] writing top-level names to ../../build/obstacle_avoidance/obstacle_avoidance.egg-info/top_level.txt
[5.053s] reading manifest file '../../build/obstacle_avoidance/obstacle_avoidance.egg-info/SOURCES.txt'
[5.055s] adding license file 'LICENSE'
[5.057s] writing manifest file '../../build/obstacle_avoidance/obstacle_avoidance.egg-info/SOURCES.txt'
[5.058s] running build
[5.058s] running build_py
[5.060s] running install
[5.061s] running install_lib
[5.067s] running install_data
[5.069s] copying package.xml -> /home/copperbottoms/code/Copperbottoms/ros_ws/install/obstacle_avoidance/share/obstacle_avoidance
[5.069s] running install_egg_info
[5.076s] removing '/home/copperbottoms/code/Copperbottoms/ros_ws/install/obstacle_avoidance/lib/python3.10/site-packages/obstacle_avoidance-0.0.0-py3.10.egg-info' (and everything under it)
[5.079s] Copying ../../build/obstacle_avoidance/obstacle_avoidance.egg-info to /home/copperbottoms/code/Copperbottoms/ros_ws/install/obstacle_avoidance/lib/python3.10/site-packages/obstacle_avoidance-0.0.0-py3.10.egg-info
[5.088s] running install_scripts
[5.171s] Installing collision script to /home/copperbottoms/code/Copperbottoms/ros_ws/install/obstacle_avoidance/lib/obstacle_avoidance
[5.173s] writing list of installed files to '/home/copperbottoms/code/Copperbottoms/ros_ws/build/obstacle_avoidance/install.log'
[5.294s] Invoked command in '/home/copperbottoms/code/Copperbottoms/ros_ws/src/obstacle_avoidance' returned '0': AMENT_PREFIX_PATH=/home/copperbottoms/code/Copperbottoms/ros_ws/install/custom_messages:${AMENT_PREFIX_PATH} CMAKE_PREFIX_PATH=/home/copperbottoms/code/Copperbottoms/ros_ws/install/custom_messages:${CMAKE_PREFIX_PATH} LD_LIBRARY_PATH=/home/copperbottoms/code/Copperbottoms/ros_ws/install/custom_messages/lib:${LD_LIBRARY_PATH} PYTHONPATH=/home/copperbottoms/code/Copperbottoms/ros_ws/build/obstacle_avoidance/prefix_override:/usr/lib/python3/dist-packages/colcon_core/task/python/colcon_distutils_commands:/home/copperbottoms/code/Copperbottoms/ros_ws/install/obstacle_avoidance/lib/python3.10/site-packages:/home/copperbottoms/code/Copperbottoms/ros_ws/install/custom_messages/local/lib/python3.10/dist-packages:${PYTHONPATH} /usr/bin/python3 -W ignore:setup.py install is deprecated -W ignore:easy_install command is deprecated setup.py egg_info --egg-base ../../build/obstacle_avoidance build --build-base /home/copperbottoms/code/Copperbottoms/ros_ws/build/obstacle_avoidance/build install --record /home/copperbottoms/code/Copperbottoms/ros_ws/build/obstacle_avoidance/install.log --single-version-externally-managed install_data
