[0.209s] Invoking command in '/home/copperbottoms/code/Copperbottoms/ros_ws/build/custom_messages': CMAKE_PREFIX_PATH=${CMAKE_PREFIX_PATH}:/home/copperbottoms/code/Copperbottoms/ros_ws/install/realsense_publisher:/home/copperbottoms/code/Copperbottoms/ros_ws/install/obstacle_avoidance:/home/copperbottoms/code/Copperbottoms/ros_ws/install/landmark_slam:/home/copperbottoms/code/Copperbottoms/ros_ws/install/camera_navigation:/opt/ros/humble /usr/bin/cmake --build /home/copperbottoms/code/Copperbottoms/ros_ws/build/custom_messages -- -j4 -l4
[3.851s] [  2%] Built target custom_messages__cpp
[3.855s] [  2%] Built target ament_cmake_python_symlink_custom_messages
[3.857s] [ 12%] Built target custom_messages__rosidl_generator_c
[3.858s] [ 23%] Built target custom_messages__rosidl_typesupport_cpp
[3.858s] [ 34%] Built target custom_messages__rosidl_typesupport_fastrtps_cpp
[3.859s] [ 44%] Built target custom_messages__rosidl_typesupport_introspection_cpp
[3.859s] [ 55%] Built target custom_messages__rosidl_typesupport_fastrtps_c
[3.860s] [ 65%] Built target custom_messages__rosidl_typesupport_introspection_c
[3.865s] [ 76%] Built target custom_messages__rosidl_typesupport_c
[3.865s] [ 76%] Built target custom_messages
[3.865s] [ 78%] Built target custom_messages__py
[3.866s] [ 87%] Built target custom_messages__rosidl_generator_py
[3.866s] [ 91%] Built target custom_messages__rosidl_typesupport_introspection_c__pyext
[3.867s] [ 95%] Built target custom_messages__rosidl_typesupport_c__pyext
[3.867s] [100%] Built target custom_messages__rosidl_typesupport_fastrtps_c__pyext
[3.868s] running egg_info
[3.868s] writing custom_messages.egg-info/PKG-INFO
[3.869s] writing dependency_links to custom_messages.egg-info/dependency_links.txt
[3.870s] writing top-level names to custom_messages.egg-info/top_level.txt
[3.871s] reading manifest file 'custom_messages.egg-info/SOURCES.txt'
[3.872s] writing manifest file 'custom_messages.egg-info/SOURCES.txt'
[3.872s] [100%] Built target ament_cmake_python_build_custom_messages_egg
[5.294s] Invoked command in '/home/copperbottoms/code/Copperbottoms/ros_ws/build/custom_messages' returned '0': CMAKE_PREFIX_PATH=${CMAKE_PREFIX_PATH}:/home/copperbottoms/code/Copperbottoms/ros_ws/install/realsense_publisher:/home/copperbottoms/code/Copperbottoms/ros_ws/install/obstacle_avoidance:/home/copperbottoms/code/Copperbottoms/ros_ws/install/landmark_slam:/home/copperbottoms/code/Copperbottoms/ros_ws/install/camera_navigation:/opt/ros/humble /usr/bin/cmake --build /home/copperbottoms/code/Copperbottoms/ros_ws/build/custom_messages -- -j4 -l4
[5.343s] Invoking command in '/home/copperbottoms/code/Copperbottoms/ros_ws/build/custom_messages': CMAKE_PREFIX_PATH=${CMAKE_PREFIX_PATH}:/home/copperbottoms/code/Copperbottoms/ros_ws/install/realsense_publisher:/home/copperbottoms/code/Copperbottoms/ros_ws/install/obstacle_avoidance:/home/copperbottoms/code/Copperbottoms/ros_ws/install/landmark_slam:/home/copperbottoms/code/Copperbottoms/ros_ws/install/camera_navigation:/opt/ros/humble /usr/bin/cmake --install /home/copperbottoms/code/Copperbottoms/ros_ws/build/custom_messages
[5.395s] -- Install configuration: ""
[5.401s] -- Execute custom install script
[5.404s] -- Up-to-date symlink: /home/copperbottoms/code/Copperbottoms/ros_ws/install/custom_messages/share/ament_index/resource_index/rosidl_interfaces/custom_messages
[5.409s] -- Up-to-date symlink: /home/copperbottoms/code/Copperbottoms/ros_ws/install/custom_messages/include/custom_messages/custom_messages/msg/detail/latency_stats__functions.h
[5.412s] -- Up-to-date symlink: /home/copperbottoms/code/Copperbottoms/ros_ws/install/custom_messages/include/custom_messages/custom_messages/msg/detail/latency_stats__struct.h
[5.414s] -- Up-to-date symlink: /home/copperbottoms/code/Copperbottoms/ros_ws/install/custom_messages/include/custom_messages/custom_messages/msg/detail/latency_stats__type_support.h
[5.417s] -- Up-to-date symlink: /home/copperbottoms/code/Copperbottoms/ros_ws/install/custom_messages/include/custom_messages/custom_messages/msg/detail/rate_stats__functions.h
[5.419s] -- Up-to-date symlink: /home/copperbottoms/code/Copperbottoms/ros_ws/install/custom_messages/include/custom_messages/custom_messages/msg/detail/rate_stats__struct.h
[5.422s] -- Up-to-date symlink: /home/copperbottoms/code/Copperbottoms/ros_ws/install/custom_messages/include/custom_messages/custom_messages/msg/detail/rate_stats__type_support.h
[5.425s] -- Up-to-date symlink: /home/copperbottoms/code/Copperbottoms/ros_ws/install/custom_messages/include/custom_messages/custom_messages/msg/detail/slow__functions.h
[5.428s] -- Up-to-date symlink: /home/copperbottoms/code/Copperbottoms/ros_ws/install/custom_messages/include/custom_messages/custom_messages/msg/detail/slow__struct.h
[5.432s] -- Up-to-date symlink: /home/copperbottoms/code/Copperbottoms/ros_ws/install/custom_messages/include/custom_messages/custom_messages/msg/detail/slow__type_support.h
[5.435s] -- Up-to-date symlink: /home/copperbottoms/code/Copperbottoms/ros_ws/install/custom_messages/include/custom_messages/custom_messages/msg/latency_stats.h
[5.440s] -- Up-to-date symlink: /home/copperbottoms/code/Copperbottoms/ros_ws/install/custom_messages/include/custom_messages/custom_messages/msg/rate_stats.h
[5.443s] -- Up-to-date symlink: /home/copperbottoms/code/Copperbottoms/ros_ws/install/custom_messages/include/custom_messages/custom_messages/msg/rosidl_generator_c__visibility_control.h
[5.445s] -- Up-to-date symlink: /home/copperbottoms/code/Copperbottoms/ros_ws/install/custom_messages/include/custom_messages/custom_messages/msg/slow.h
[5.450s] -- Up-to-date symlink: /home/copperbottoms/code/Copperbottoms/ros_ws/install/custom_messages/share/custom_messages/environment/library_path.sh
[5.454s] -- Up-to-date symlink: /home/copperbottoms/code/Copperbottoms/ros_ws/install/custom_messages/share/custom_messages/environment/library_path.dsv
[5.457s] -- Up-to-date symlink: /home/copperbottoms/code/Copperbottoms/ros_ws/install/custom_messages/include/custom_messages/custom_messages/msg/detail/latency_stats__rosidl_typesupport_fastrtps_c.h
[5.463s] -- Up-to-date symlink: /home/copperbottoms/code/Copperbottoms/ros_ws/install/custom_messages/include/custom_messages/custom_messages/msg/detail/rate_stats__rosidl_typesupport_fastrtps_c.h
[5.469s] -- Up-to-date symlink: /home/copperbottoms/code/Copperbottoms/ros_ws/install/custom_messages/include/custom_messages/custom_messages/msg/detail/slow__rosidl_typesupport_fastrtps_c.h
[5.471s] -- Up-to-date symlink: /home/copperbottoms/code/Copperbottoms/ros_ws/install/custom_messages/include/custom_messages/custom_messages/msg/rosidl_typesupport_fastrtps_c__visibility_control.h
[5.474s] -- Up-to-date symlink: /home/copperbottoms/code/Copperbottoms/ros_ws/install/custom_messages/include/custom_messages/custom_messages/msg/detail/latency_stats__rosidl_typesupport_introspection_c.h
[5.477s] -- Up-to-date symlink: /home/copperbottoms/code/Copperbottoms/ros_ws/install/custom_messages/include/custom_messages/custom_messages/msg/detail/rate_stats__rosidl_typesupport_introspection_c.h
[5.479s] -- Up-to-date symlink: /home/copperbottoms/code/Copperbottoms/ros_ws/install/custom_messages/include/custom_messages/custom_messages/msg/detail/slow__rosidl_typesupport_introspection_c.h
[5.481s] -- Up-to-date symlink: /home/copperbottoms/code/Copperbottoms/ros_ws/install/custom_messages/include/custom_messages/custom_messages/msg/rosidl_typesupport_introspection_c__visibility_control.h
[5.484s] -- Up-to-date symlink: /home/copperbottoms/code/Copperbottoms/ros_ws/install/custom_messages/include/custom_messages/custom_messages/msg/detail/latency_stats__builder.hpp
[5.486s] -- Up-to-date symlink: /home/copperbottoms/code/Copperbottoms/ros_ws/install/custom_messages/include/custom_messages/custom_messages/msg/detail/latency_stats__struct.hpp
[5.488s] -- Up-to-date symlink: /home/copperbottoms/code/Copperbottoms/ros_ws/install/custom_messages/include/custom_messages/custom_messages/msg/detail/latency_stats__traits.hpp
[5.491s] -- Up-to-date symlink: /home/copperbottoms/code/Copperbottoms/ros_ws/install/custom_messages/include/custom_messages/custom_messages/msg/detail/latency_stats__type_support.hpp
[5.494s] -- Up-to-date symlink: /home/copperbottoms/code/Copperbottoms/ros_ws/install/custom_messages/include/custom_messages/custom_messages/msg/detail/rate_stats__builder.hpp
[5.496s] -- Up-to-date symlink: /home/copperbottoms/code/Copperbottoms/ros_ws/install/custom_messages/include/custom_messages/custom_messages/msg/detail/rate_stats__struct.hpp
[5.498s] -- Up-to-date symlink: /home/copperbottoms/code/Copperbottoms/ros_ws/install/custom_messages/include/custom_messages/custom_messages/msg/detail/rate_stats__traits.hpp
[5.502s] -- Up-to-date symlink: /home/copperbottoms/code/Copperbottoms/ros_ws/install/custom_messages/include/custom_messages/custom_messages/msg/detail/rate_stats__type_support.hpp
[5.505s] -- Up-to-date symlink: /home/copperbottoms/code/Copperbottoms/ros_ws/install/custom_messages/include/custom_messages/custom_messages/msg/detail/slow__builder.hpp
[5.507s] -- Up-to-date symlink: /home/copperbottoms/code/Copperbottoms/ros_ws/install/custom_messages/include/custom_messages/custom_messages/msg/detail/slow__struct.hpp
[5.509s] -- Up-to-date symlink: /home/copperbottoms/code/Copperbottoms/ros_ws/install/custom_messages/include/custom_messages/custom_messages/msg/detail/slow__traits.hpp
[5.511s] -- Up-to-date symlink: /home/copperbottoms/code/Copperbottoms/ros_ws/install/custom_messages/include/custom_messages/custom_messages/msg/detail/slow__type_support.hpp
[5.514s] -- Up-to-date symlink: /home/copperbottoms/code/Copperbottoms/ros_ws/install/custom_messages/include/custom_messages/custom_messages/msg/latency_stats.hpp
[5.516s] -- Up-to-date symlink: /home/copperbottoms/code/Copperbottoms/ros_ws/install/custom_messages/include/custom_messages/custom_messages/msg/rate_stats.hpp
[5.519s] -- Up-to-date symlink: /home/copperbottoms/code/Copperbottoms/ros_ws/install/custom_messages/include/custom_messages/custom_messages/msg/rosidl_generator_cpp__visibility_control.hpp
[5.521s] -- Up-to-date symlink: /home/copperbottoms/code/Copperbottoms/ros_ws/install/custom_messages/include/custom_messages/custom_messages/msg/slow.hpp
[5.523s] -- Up-to-date symlink: /home/copperbottoms/code/Copperbottoms/ros_ws/install/custom_messages/include/custom_messages/custom_messages/msg/detail/latency_stats__rosidl_typesupport_fastrtps_cpp.hpp
[5.525s] -- Up-to-date symlink: /home/copperbottoms/code/Copperbottoms/ros_ws/install/custom_messages/include/custom_messages/custom_messages/msg/detail/rate_stats__rosidl_typesupport_fastrtps_cpp.hpp
[5.528s] -- Up-to-date symlink: /home/copperbottoms/code/Copperbottoms/ros_ws/install/custom_messages/include/custom_messages/custom_messages/msg/detail/slow__rosidl_typesupport_fastrtps_cpp.hpp
[5.530s] -- Up-to-date symlink: /home/copperbottoms/code/Copperbottoms/ros_ws/install/custom_messages/include/custom_messages/custom_messages/msg/rosidl_typesupport_fastrtps_cpp__visibility_control.h
[5.532s] -- Up-to-date symlink: /home/copperbottoms/code/Copperbottoms/ros_ws/install/custom_messages/include/custom_messages/custom_messages/msg/detail/latency_stats__rosidl_typesupport_introspection_cpp.hpp
[5.534s] -- Up-to-date symlink: /home/copperbottoms/code/Copperbottoms/ros_ws/install/custom_messages/include/custom_messages/custom_messages/msg/detail/rate_stats__rosidl_typesupport_introspection_cpp.hpp
[5.536s] -- Up-to-date symlink: /home/copperbottoms/code/Copperbottoms/ros_ws/install/custom_messages/include/custom_messages/custom_messages/msg/detail/slow__rosidl_typesupport_introspection_cpp.hpp
[5.538s] -- Up-to-date symlink: /home/copperbottoms/code/Copperbottoms/ros_ws/install/custom_messages/share/custom_messages/environment/pythonpath.sh
[5.540s] -- Up-to-date symlink: /home/copperbottoms/code/Copperbottoms/ros_ws/install/custom_messages/share/custom_messages/environment/pythonpath.dsv
[5.542s] -- Up-to-date symlink: /home/copperbottoms/code/Copperbottoms/ros_ws/install/custom_messages/local/lib/python3.10/dist-packages/custom_messages-0.0.0-py3.10.egg-info/PKG-INFO
[5.545s] -- Up-to-date symlink: /home/copperbottoms/code/Copperbottoms/ros_ws/install/custom_messages/local/lib/python3.10/dist-packages/custom_messages-0.0.0-py3.10.egg-info/SOURCES.txt
[5.546s] -- Up-to-date symlink: /home/copperbottoms/code/Copperbottoms/ros_ws/install/custom_messages/local/lib/python3.10/dist-packages/custom_messages-0.0.0-py3.10.egg-info/dependency_links.txt
[5.546s] -- Up-to-date symlink: /home/copperbottoms/code/Copperbottoms/ros_ws/install/custom_messages/local/lib/python3.10/dist-packages/custom_messages-0.0.0-py3.10.egg-info/top_level.txt
[5.547s] -- Up-to-date symlink: /home/copperbottoms/code/Copperbottoms/ros_ws/install/custom_messages/local/lib/python3.10/dist-packages/custom_messages/__init__.py
[5.547s] -- Up-to-date symlink: /home/copperbottoms/code/Copperbottoms/ros_ws/install/custom_messages/local/lib/python3.10/dist-packages/custom_messages/_custom_messages_s.ep.rosidl_typesupport_c.c
[5.548s] -- Up-to-date symlink: /home/copperbottoms/code/Copperbottoms/ros_ws/install/custom_messages/local/lib/python3.10/dist-packages/custom_messages/_custom_messages_s.ep.rosidl_typesupport_fastrtps_c.c
[5.549s] -- Up-to-date symlink: /home/copperbottoms/code/Copperbottoms/ros_ws/install/custom_messages/local/lib/python3.10/dist-packages/custom_messages/_custom_messages_s.ep.rosidl_typesupport_introspection_c.c
[5.550s] -- Up-to-date symlink: /home/copperbottoms/code/Copperbottoms/ros_ws/install/custom_messages/local/lib/python3.10/dist-packages/custom_messages/custom_messages_s__rosidl_typesupport_c.cpython-310-aarch64-linux-gnu.so
[5.550s] -- Up-to-date symlink: /home/copperbottoms/code/Copperbottoms/ros_ws/install/custom_messages/local/lib/python3.10/dist-packages/custom_messages/custom_messages_s__rosidl_typesupport_fastrtps_c.cpython-310-aarch64-linux-gnu.so
[5.551s] -- Up-to-date symlink: /home/copperbottoms/code/Copperbottoms/ros_ws/install/custom_messages/local/lib/python3.10/dist-packages/custom_messages/custom_messages_s__rosidl_typesupport_introspection_c.cpython-310-aarch64-linux-gnu.so
[5.552s] -- Up-to-date symlink: /home/copperbottoms/code/Copperbottoms/ros_ws/install/custom_messages/local/lib/python3.10/dist-packages/custom_messages/libcustom_messages__rosidl_generator_py.so
[5.552s] -- Up-to-date symlink: /home/copperbottoms/code/Copperbottoms/ros_ws/install/custom_messages/local/lib/python3.10/dist-packages/custom_messages/msg/__init__.py
[5.553s] -- Up-to-date symlink: /home/copperbottoms/code/Copperbottoms/ros_ws/install/custom_messages/local/lib/python3.10/dist-packages/custom_messages/msg/_latency_stats.py
[5.553s] -- Up-to-date symlink: /home/copperbottoms/code/Copperbottoms/ros_ws/install/custom_messages/local/lib/python3.10/dist-packages/custom_messages/msg/_latency_stats_s.c
[5.553s] -- Up-to-date symlink: /home/copperbottoms/code/Copperbottoms/ros_ws/install/custom_messages/local/lib/python3.10/dist-packages/custom_messages/msg/_rate_stats.py
[5.554s] -- Up-to-date symlink: /home/copperbottoms/code/Copperbottoms/ros_ws/install/custom_messages/local/lib/python3.10/dist-packages/custom_messages/msg/_rate_stats_s.c
[5.554s] -- Up-to-date symlink: /home/copperbottoms/code/Copperbottoms/ros_ws/install/custom_messages/local/lib/python3.10/dist-packages/custom_messages/msg/_slow.py
[5.555s] -- Up-to-date symlink: /home/copperbottoms/code/Copperbottoms/ros_ws/install/custom_messages/local/lib/python3.10/dist-packages/custom_messages/msg/_slow_s.c
[5.555s] -- Up-to-date symlink: /home/copperbottoms/code/Copperbottoms/ros_ws/install/custom_messages/local/lib/python3.10/dist-packages/custom_messages/custom_messages_s__rosidl_typesupport_fastrtps_c.cpython-310-aarch64-linux-gnu.so
[5.556s] -- Up-to-date symlink: /home/copperbottoms/code/Copperbottoms/ros_ws/install/custom_messages/local/lib/python3.10/dist-packages/custom_messages/custom_messages_s__rosidl_typesupport_introspection_c.cpython-310-aarch64-linux-gnu.so
[5.556s] -- Up-to-date symlink: /home/copperbottoms/code/Copperbottoms/ros_ws/install/custom_messages/local/lib/python3.10/dist-packages/custom_messages/custom_messages_s__rosidl_typesupport_c.cpython-310-aarch64-linux-gnu.so
[5.557s] -- Up-to-date symlink: /home/copperbottoms/code/Copperbottoms/ros_ws/install/custom_messages/share/custom_messages/msg/Slow.idl
[5.558s] -- Up-to-date symlink: /home/copperbottoms/code/Copperbottoms/ros_ws/install/custom_messages/share/custom_messages/msg/LatencyStats.idl
[5.560s] -- Up-to-date symlink: /home/copperbottoms/code/Copperbottoms/ros_ws/install/custom_messages/share/custom_messages/msg/RateStats.idl
[5.561s] -- Up-to-date symlink: /home/copperbottoms/code/Copperbottoms/ros_ws/install/custom_messages/share/custom_messages/msg/Slow.msg
[5.561s] -- Up-to-date symlink: /home/copperbottoms/code/Copperbottoms/ros_ws/install/custom_messages/share/custom_messages/msg/LatencyStats.msg
[5.562s] -- Up-to-date symlink: /home/copperbottoms/code/Copperbottoms/ros_ws/install/custom_messages/share/custom_messages/msg/RateStats.msg
[5.563s] -- Up-to-date symlink: /home/copperbottoms/code/Copperbottoms/ros_ws/install/custom_messages/share/ament_index/resource_index/package_run_dependencies/custom_messages
[5.563s] -- Up-to-date symlink: /home/copperbottoms/code/Copperbottoms/ros_ws/install/custom_messages/share/ament_index/resource_index/parent_prefix_path/custom_messages
[5.565s] -- Up-to-date symlink: /home/copperbottoms/code/Copperbottoms/ros_ws/install/custom_messages/share/custom_messages/environment/ament_prefix_path.sh
[5.566s] -- Up-to-date symlink: /home/copperbottoms/code/Copperbottoms/ros_ws/install/custom_messages/share/custom_messages/environment/ament_prefix_path.dsv
[5.568s] -- Up-to-date symlink: /home/copperbottoms/code/Copperbottoms/ros_ws/install/custom_messages/share/custom_messages/environment/path.sh
[5.568s] -- Up-to-date symlink: /home/copperbottoms/code/Copperbottoms/ros_ws/install/custom_messages/share/custom_messages/environment/path.dsv
[5.569s] -- Up-to-date symlink: /home/copperbottoms/code/Copperbottoms/ros_ws/install/custom_messages/share/custom_messages/local_setup.bash
[5.571s] -- Up-to-date symlink: /home/copperbottoms/code/Copperbottoms/ros_ws/install/custom_messages/share/custom_messages/local_setup.sh
[5.573s] -- Up-to-date symlink: /home/copperbottoms/code/Copperbottoms/ros_ws/install/custom_messages/share/custom_messages/local_setup.zsh
[5.575s] -- Up-to-date symlink: /home/copperbottoms/code/Copperbottoms/ros_ws/install/custom_messages/share/custom_messages/local_setup.dsv
[5.576s] -- Symlinking: /home/copperbottoms/code/Copperbottoms/ros_ws/install/custom_messages/share/custom_messages/package.dsv
[5.637s] -- Up-to-date symlink: /home/copperbottoms/code/Copperbottoms/ros_ws/install/custom_messages/share/ament_index/resource_index/packages/custom_messages
[5.640s] -- Up-to-date symlink: /home/copperbottoms/code/Copperbottoms/ros_ws/install/custom_messages/share/custom_messages/cmake/rosidl_cmake-extras.cmake
[5.643s] -- Up-to-date symlink: /home/copperbottoms/code/Copperbottoms/ros_ws/install/custom_messages/share/custom_messages/cmake/ament_cmake_export_dependencies-extras.cmake
[5.649s] -- Up-to-date symlink: /home/copperbottoms/code/Copperbottoms/ros_ws/install/custom_messages/share/custom_messages/cmake/ament_cmake_export_include_directories-extras.cmake
[5.652s] -- Up-to-date symlink: /home/copperbottoms/code/Copperbottoms/ros_ws/install/custom_messages/share/custom_messages/cmake/ament_cmake_export_libraries-extras.cmake
[5.655s] -- Up-to-date symlink: /home/copperbottoms/code/Copperbottoms/ros_ws/install/custom_messages/share/custom_messages/cmake/ament_cmake_export_targets-extras.cmake
[5.658s] -- Up-to-date symlink: /home/copperbottoms/code/Copperbottoms/ros_ws/install/custom_messages/share/custom_messages/cmake/rosidl_cmake_export_typesupport_targets-extras.cmake
[5.662s] -- Up-to-date symlink: /home/copperbottoms/code/Copperbottoms/ros_ws/install/custom_messages/share/custom_messages/cmake/rosidl_cmake_export_typesupport_libraries-extras.cmake
[5.667s] -- Up-to-date symlink: /home/copperbottoms/code/Copperbottoms/ros_ws/install/custom_messages/share/custom_messages/cmake/custom_messagesConfig.cmake
[5.669s] -- Up-to-date symlink: /home/copperbottoms/code/Copperbottoms/ros_ws/install/custom_messages/share/custom_messages/cmake/custom_messagesConfig-version.cmake
[5.672s] -- Up-to-date symlink: /home/copperbottoms/code/Copperbottoms/ros_ws/install/custom_messages/share/custom_messages/package.xml
[5.678s] -- Up-to-date: /home/copperbottoms/code/Copperbottoms/ros_ws/install/custom_messages/lib/libcustom_messages__rosidl_generator_c.so
[5.684s] -- Up-to-date: /home/copperbottoms/code/Copperbottoms/ros_ws/install/custom_messages/lib/libcustom_messages__rosidl_typesupport_fastrtps_c.so
[5.689s] -- Up-to-date: /home/copperbottoms/code/Copperbottoms/ros_ws/install/custom_messages/lib/libcustom_messages__rosidl_typesupport_introspection_c.so
[5.694s] -- Up-to-date: /home/copperbottoms/code/Copperbottoms/ros_ws/install/custom_messages/lib/libcustom_messages__rosidl_typesupport_c.so
[5.701s] -- Up-to-date: /home/copperbottoms/code/Copperbottoms/ros_ws/install/custom_messages/lib/libcustom_messages__rosidl_typesupport_fastrtps_cpp.so
[5.708s] -- Up-to-date: /home/copperbottoms/code/Copperbottoms/ros_ws/install/custom_messages/lib/libcustom_messages__rosidl_typesupport_introspection_cpp.so
[5.714s] -- Up-to-date: /home/copperbottoms/code/Copperbottoms/ros_ws/install/custom_messages/lib/libcustom_messages__rosidl_typesupport_cpp.so
[6.000s] Listing '/home/copperbottoms/code/Copperbottoms/ros_ws/install/custom_messages/local/lib/python3.10/dist-packages/custom_messages'...
[6.000s] Listing '/home/copperbottoms/code/Copperbottoms/ros_ws/install/custom_messages/local/lib/python3.10/dist-packages/custom_messages/msg'...
[6.046s] -- Up-to-date: /home/copperbottoms/code/Copperbottoms/ros_ws/install/custom_messages/lib/libcustom_messages__rosidl_generator_py.so
[6.052s] -- Up-to-date: /home/copperbottoms/code/Copperbottoms/ros_ws/install/custom_messages/share/custom_messages/cmake/export_custom_messages__rosidl_generator_cExport.cmake
[6.054s] -- Up-to-date: /home/copperbottoms/code/Copperbottoms/ros_ws/install/custom_messages/share/custom_messages/cmake/export_custom_messages__rosidl_generator_cExport-noconfig.cmake
[6.059s] -- Up-to-date: /home/copperbottoms/code/Copperbottoms/ros_ws/install/custom_messages/share/custom_messages/cmake/export_custom_messages__rosidl_typesupport_fastrtps_cExport.cmake
[6.061s] -- Up-to-date: /home/copperbottoms/code/Copperbottoms/ros_ws/install/custom_messages/share/custom_messages/cmake/export_custom_messages__rosidl_typesupport_fastrtps_cExport-noconfig.cmake
[6.067s] -- Up-to-date: /home/copperbottoms/code/Copperbottoms/ros_ws/install/custom_messages/share/custom_messages/cmake/custom_messages__rosidl_typesupport_introspection_cExport.cmake
[6.069s] -- Up-to-date: /home/copperbottoms/code/Copperbottoms/ros_ws/install/custom_messages/share/custom_messages/cmake/custom_messages__rosidl_typesupport_introspection_cExport-noconfig.cmake
[6.074s] -- Up-to-date: /home/copperbottoms/code/Copperbottoms/ros_ws/install/custom_messages/share/custom_messages/cmake/custom_messages__rosidl_typesupport_cExport.cmake
[6.077s] -- Up-to-date: /home/copperbottoms/code/Copperbottoms/ros_ws/install/custom_messages/share/custom_messages/cmake/custom_messages__rosidl_typesupport_cExport-noconfig.cmake
[6.081s] -- Up-to-date: /home/copperbottoms/code/Copperbottoms/ros_ws/install/custom_messages/share/custom_messages/cmake/export_custom_messages__rosidl_generator_cppExport.cmake
[6.085s] -- Up-to-date: /home/copperbottoms/code/Copperbottoms/ros_ws/install/custom_messages/share/custom_messages/cmake/export_custom_messages__rosidl_typesupport_fastrtps_cppExport.cmake
[6.088s] -- Up-to-date: /home/copperbottoms/code/Copperbottoms/ros_ws/install/custom_messages/share/custom_messages/cmake/export_custom_messages__rosidl_typesupport_fastrtps_cppExport-noconfig.cmake
[6.092s] -- Up-to-date: /home/copperbottoms/code/Copperbottoms/ros_ws/install/custom_messages/share/custom_messages/cmake/custom_messages__rosidl_typesupport_introspection_cppExport.cmake
[6.095s] -- Up-to-date: /home/copperbottoms/code/Copperbottoms/ros_ws/install/custom_messages/share/custom_messages/cmake/custom_messages__rosidl_typesupport_introspection_cppExport-noconfig.cmake
[6.100s] -- Up-to-date: /home/copperbottoms/code/Copperbottoms/ros_ws/install/custom_messages/share/custom_messages/cmake/custom_messages__rosidl_typesupport_cppExport.cmake
[6.102s] -- Up-to-date: /home/copperbottoms/code/Copperbottoms/ros_ws/install/custom_messages/share/custom_messages/cmake/custom_messages__rosidl_typesupport_cppExport-noconfig.cmake
[6.108s] -- Up-to-date: /home/copperbottoms/code/Copperbottoms/ros_ws/install/custom_messages/share/custom_messages/cmake/export_custom_messages__rosidl_generator_pyExport.cmake
[6.109s] -- Up-to-date: /home/copperbottoms/code/Copperbottoms/ros_ws/install/custom_messages/share/custom_messages/cmake/export_custom_messages__rosidl_generator_pyExport-noconfig.cmake
[6.123s] Invoked command in '/home/copperbottoms/code/Copperbottoms/ros_ws/build/custom_messages' returned '0': CMAKE_PREFIX_PATH=${CMAKE_PREFIX_PATH}:/home/copperbottoms/code/Copperbottoms/ros_ws/install/realsense_publisher:/home/copperbottoms/code/Copperbottoms/ros_ws/install/obstacle_avoidance:/home/copperbottoms/code/Copperbottoms/ros_ws/install/landmark_slam:/home/copperbottoms/code/Copperbottoms/ros_ws/install/camera_navigation:/opt/ros/humble /usr/bin/cmake --install /home/copperbottoms/code/Copperbottoms/ros_ws/build/custom_messages
