[0.848s] DEBUG:colcon:Command line arguments: ['/usr/bin/colcon', 'build', '--packages-select', 'amy_test']
[0.848s] DEBUG:colcon:Parsed command line arguments: Namespace(log_base=None, log_level=None, verb_name='build', build_base='build', install_base='install', merge_install=False, symlink_install=False, test_result_base=None, continue_on_error=False, executor='parallel', parallel_workers=4, event_handlers=None, ignore_user_meta=False, metas=['./colcon.meta'], base_paths=['.'], packages_ignore=None, packages_ignore_regex=None, paths=None, packages_up_to=None, packages_up_to_regex=None, packages_above=None, packages_above_and_dependencies=None, packages_above_depth=None, packages_select_by_dep=None, packages_skip_by_dep=None, packages_skip_up_to=None, packages_select_build_failed=False, packages_skip_build_finished=False, packages_select_test_failures=False, packages_skip_test_passed=False, packages_select=['amy_test'], packages_skip=None, packages_select_regex=None, packages_skip_regex=None, packages_start=None, packages_end=None, allow_overriding=[], cmake_args=None, cmake_target=None, cmake_target_skip_unavailable=False, cmake_clean_cache=False, cmake_clean_first=False, cmake_force_configure=False, ament_cmake_args=None, catkin_cmake_args=None, catkin_skip_building_tests=False, mixin_files=None, mixin=None, verb_parser=<colcon_mixin.mixin.mixin_argument.MixinArgumentDecorator object at 0xffff96db7be0>, verb_extension=<colcon_core.verb.build.BuildVerb object at 0xffff96fb4b80>, main=<bound method BuildVerb.main of <colcon_core.verb.build.BuildVerb object at 0xffff96fb4b80>>, mixin_verb=('build',))
[2.438s] Level 1:colcon.colcon_core.package_discovery:discover_packages(colcon_meta) check parameters
[2.439s] Level 1:colcon.colcon_core.package_discovery:discover_packages(recursive) check parameters
[2.440s] Level 1:colcon.colcon_core.package_discovery:discover_packages(ignore) check parameters
[2.440s] Level 1:colcon.colcon_core.package_discovery:discover_packages(path) check parameters
[2.440s] Level 1:colcon.colcon_core.package_discovery:discover_packages(colcon_meta) discover
[2.441s] Level 1:colcon.colcon_core.package_discovery:discover_packages(recursive) discover
[2.441s] INFO:colcon.colcon_core.package_discovery:Crawling recursively for packages in '/home/copperbottoms/code/Copperbottoms/ros_ws'
[2.442s] Level 1:colcon.colcon_core.package_identification:_identify(.) by extensions ['ignore', 'ignore_ament_install']
[2.443s] Level 1:colcon.colcon_core.package_identification:_identify(.) by extension 'ignore'
[2.443s] Level 1:colcon.colcon_core.package_identification:_identify(.) by extension 'ignore_ament_install'
[2.444s] Level 1:colcon.colcon_core.package_identification:_identify(.) by extensions ['colcon_pkg']
[2.444s] Level 1:colcon.colcon_core.package_identification:_identify(.) by extension 'colcon_pkg'
[2.444s] Level 1:colcon.colcon_core.package_identification:_identify(.) by extensions ['colcon_meta']
[2.445s] Level 1:colcon.colcon_core.package_identification:_identify(.) by extension 'colcon_meta'
[2.445s] Level 1:colcon.colcon_core.package_identification:_identify(.) by extensions ['ros']
[2.445s] Level 1:colcon.colcon_core.package_identification:_identify(.) by extension 'ros'
[2.502s] Level 1:colcon.colcon_core.package_identification:_identify(.) by extensions ['cmake', 'python']
[2.503s] Level 1:colcon.colcon_core.package_identification:_identify(.) by extension 'cmake'
[2.503s] Level 1:colcon.colcon_core.package_identification:_identify(.) by extension 'python'
[2.504s] Level 1:colcon.colcon_core.package_identification:_identify(.) by extensions ['python_setup_py']
[2.504s] Level 1:colcon.colcon_core.package_identification:_identify(.) by extension 'python_setup_py'
[2.505s] Level 1:colcon.colcon_core.package_identification:_identify(build) by extensions ['ignore', 'ignore_ament_install']
[2.505s] Level 1:colcon.colcon_core.package_identification:_identify(build) by extension 'ignore'
[2.506s] Level 1:colcon.colcon_core.package_identification:_identify(build) ignored
[2.507s] Level 1:colcon.colcon_core.package_identification:_identify(install) by extensions ['ignore', 'ignore_ament_install']
[2.508s] Level 1:colcon.colcon_core.package_identification:_identify(install) by extension 'ignore'
[2.508s] Level 1:colcon.colcon_core.package_identification:_identify(install) ignored
[2.509s] Level 1:colcon.colcon_core.package_identification:_identify(log) by extensions ['ignore', 'ignore_ament_install']
[2.510s] Level 1:colcon.colcon_core.package_identification:_identify(log) by extension 'ignore'
[2.510s] Level 1:colcon.colcon_core.package_identification:_identify(log) ignored
[2.511s] Level 1:colcon.colcon_core.package_identification:_identify(rosbag2_2026_04_28-12_33_23) by extensions ['ignore', 'ignore_ament_install']
[2.511s] Level 1:colcon.colcon_core.package_identification:_identify(rosbag2_2026_04_28-12_33_23) by extension 'ignore'
[2.512s] Level 1:colcon.colcon_core.package_identification:_identify(rosbag2_2026_04_28-12_33_23) by extension 'ignore_ament_install'
[2.512s] Level 1:colcon.colcon_core.package_identification:_identify(rosbag2_2026_04_28-12_33_23) by extensions ['colcon_pkg']
[2.513s] Level 1:colcon.colcon_core.package_identification:_identify(rosbag2_2026_04_28-12_33_23) by extension 'colcon_pkg'
[2.513s] Level 1:colcon.colcon_core.package_identification:_identify(rosbag2_2026_04_28-12_33_23) by extensions ['colcon_meta']
[2.513s] Level 1:colcon.colcon_core.package_identification:_identify(rosbag2_2026_04_28-12_33_23) by extension 'colcon_meta'
[2.513s] Level 1:colcon.colcon_core.package_identification:_identify(rosbag2_2026_04_28-12_33_23) by extensions ['ros']
[2.514s] Level 1:colcon.colcon_core.package_identification:_identify(rosbag2_2026_04_28-12_33_23) by extension 'ros'
[2.514s] Level 1:colcon.colcon_core.package_identification:_identify(rosbag2_2026_04_28-12_33_23) by extensions ['cmake', 'python']
[2.515s] Level 1:colcon.colcon_core.package_identification:_identify(rosbag2_2026_04_28-12_33_23) by extension 'cmake'
[2.515s] Level 1:colcon.colcon_core.package_identification:_identify(rosbag2_2026_04_28-12_33_23) by extension 'python'
[2.515s] Level 1:colcon.colcon_core.package_identification:_identify(rosbag2_2026_04_28-12_33_23) by extensions ['python_setup_py']
[2.516s] Level 1:colcon.colcon_core.package_identification:_identify(rosbag2_2026_04_28-12_33_23) by extension 'python_setup_py'
[2.517s] Level 1:colcon.colcon_core.package_identification:_identify(src) by extensions ['ignore', 'ignore_ament_install']
[2.518s] Level 1:colcon.colcon_core.package_identification:_identify(src) by extension 'ignore'
[2.518s] Level 1:colcon.colcon_core.package_identification:_identify(src) by extension 'ignore_ament_install'
[2.519s] Level 1:colcon.colcon_core.package_identification:_identify(src) by extensions ['colcon_pkg']
[2.519s] Level 1:colcon.colcon_core.package_identification:_identify(src) by extension 'colcon_pkg'
[2.520s] Level 1:colcon.colcon_core.package_identification:_identify(src) by extensions ['colcon_meta']
[2.520s] Level 1:colcon.colcon_core.package_identification:_identify(src) by extension 'colcon_meta'
[2.520s] Level 1:colcon.colcon_core.package_identification:_identify(src) by extensions ['ros']
[2.521s] Level 1:colcon.colcon_core.package_identification:_identify(src) by extension 'ros'
[2.521s] Level 1:colcon.colcon_core.package_identification:_identify(src) by extensions ['cmake', 'python']
[2.522s] Level 1:colcon.colcon_core.package_identification:_identify(src) by extension 'cmake'
[2.522s] Level 1:colcon.colcon_core.package_identification:_identify(src) by extension 'python'
[2.522s] Level 1:colcon.colcon_core.package_identification:_identify(src) by extensions ['python_setup_py']
[2.523s] Level 1:colcon.colcon_core.package_identification:_identify(src) by extension 'python_setup_py'
[2.524s] Level 1:colcon.colcon_core.package_identification:_identify(src/Camera_Navigation) by extensions ['ignore', 'ignore_ament_install']
[2.524s] Level 1:colcon.colcon_core.package_identification:_identify(src/Camera_Navigation) by extension 'ignore'
[2.525s] Level 1:colcon.colcon_core.package_identification:_identify(src/Camera_Navigation) by extension 'ignore_ament_install'
[2.525s] Level 1:colcon.colcon_core.package_identification:_identify(src/Camera_Navigation) by extensions ['colcon_pkg']
[2.526s] Level 1:colcon.colcon_core.package_identification:_identify(src/Camera_Navigation) by extension 'colcon_pkg'
[2.526s] Level 1:colcon.colcon_core.package_identification:_identify(src/Camera_Navigation) by extensions ['colcon_meta']
[2.526s] Level 1:colcon.colcon_core.package_identification:_identify(src/Camera_Navigation) by extension 'colcon_meta'
[2.527s] Level 1:colcon.colcon_core.package_identification:_identify(src/Camera_Navigation) by extensions ['ros']
[2.527s] Level 1:colcon.colcon_core.package_identification:_identify(src/Camera_Navigation) by extension 'ros'
[2.544s] DEBUG:colcon.colcon_core.package_identification:Package 'src/Camera_Navigation' with type 'ros.ament_python' and name 'camera_navigation'
[2.546s] Level 1:colcon.colcon_core.package_identification:_identify(src/SLAM) by extensions ['ignore', 'ignore_ament_install']
[2.547s] Level 1:colcon.colcon_core.package_identification:_identify(src/SLAM) by extension 'ignore'
[2.547s] Level 1:colcon.colcon_core.package_identification:_identify(src/SLAM) by extension 'ignore_ament_install'
[2.548s] Level 1:colcon.colcon_core.package_identification:_identify(src/SLAM) by extensions ['colcon_pkg']
[2.548s] Level 1:colcon.colcon_core.package_identification:_identify(src/SLAM) by extension 'colcon_pkg'
[2.548s] Level 1:colcon.colcon_core.package_identification:_identify(src/SLAM) by extensions ['colcon_meta']
[2.549s] Level 1:colcon.colcon_core.package_identification:_identify(src/SLAM) by extension 'colcon_meta'
[2.549s] Level 1:colcon.colcon_core.package_identification:_identify(src/SLAM) by extensions ['ros']
[2.549s] Level 1:colcon.colcon_core.package_identification:_identify(src/SLAM) by extension 'ros'
[2.550s] Level 1:colcon.colcon_core.package_identification:_identify(src/SLAM) by extensions ['cmake', 'python']
[2.550s] Level 1:colcon.colcon_core.package_identification:_identify(src/SLAM) by extension 'cmake'
[2.551s] Level 1:colcon.colcon_core.package_identification:_identify(src/SLAM) by extension 'python'
[2.551s] Level 1:colcon.colcon_core.package_identification:_identify(src/SLAM) by extensions ['python_setup_py']
[2.551s] Level 1:colcon.colcon_core.package_identification:_identify(src/SLAM) by extension 'python_setup_py'
[2.552s] Level 1:colcon.colcon_core.package_identification:_identify(src/SLAM/__pycache__) by extensions ['ignore', 'ignore_ament_install']
[2.553s] Level 1:colcon.colcon_core.package_identification:_identify(src/SLAM/__pycache__) by extension 'ignore'
[2.553s] Level 1:colcon.colcon_core.package_identification:_identify(src/SLAM/__pycache__) by extension 'ignore_ament_install'
[2.554s] Level 1:colcon.colcon_core.package_identification:_identify(src/SLAM/__pycache__) by extensions ['colcon_pkg']
[2.554s] Level 1:colcon.colcon_core.package_identification:_identify(src/SLAM/__pycache__) by extension 'colcon_pkg'
[2.554s] Level 1:colcon.colcon_core.package_identification:_identify(src/SLAM/__pycache__) by extensions ['colcon_meta']
[2.555s] Level 1:colcon.colcon_core.package_identification:_identify(src/SLAM/__pycache__) by extension 'colcon_meta'
[2.555s] Level 1:colcon.colcon_core.package_identification:_identify(src/SLAM/__pycache__) by extensions ['ros']
[2.555s] Level 1:colcon.colcon_core.package_identification:_identify(src/SLAM/__pycache__) by extension 'ros'
[2.556s] Level 1:colcon.colcon_core.package_identification:_identify(src/SLAM/__pycache__) by extensions ['cmake', 'python']
[2.556s] Level 1:colcon.colcon_core.package_identification:_identify(src/SLAM/__pycache__) by extension 'cmake'
[2.557s] Level 1:colcon.colcon_core.package_identification:_identify(src/SLAM/__pycache__) by extension 'python'
[2.557s] Level 1:colcon.colcon_core.package_identification:_identify(src/SLAM/__pycache__) by extensions ['python_setup_py']
[2.558s] Level 1:colcon.colcon_core.package_identification:_identify(src/SLAM/__pycache__) by extension 'python_setup_py'
[2.559s] Level 1:colcon.colcon_core.package_identification:_identify(src/SLAM/waypoint_nav) by extensions ['ignore', 'ignore_ament_install']
[2.559s] Level 1:colcon.colcon_core.package_identification:_identify(src/SLAM/waypoint_nav) by extension 'ignore'
[2.560s] Level 1:colcon.colcon_core.package_identification:_identify(src/SLAM/waypoint_nav) by extension 'ignore_ament_install'
[2.560s] Level 1:colcon.colcon_core.package_identification:_identify(src/SLAM/waypoint_nav) by extensions ['colcon_pkg']
[2.561s] Level 1:colcon.colcon_core.package_identification:_identify(src/SLAM/waypoint_nav) by extension 'colcon_pkg'
[2.561s] Level 1:colcon.colcon_core.package_identification:_identify(src/SLAM/waypoint_nav) by extensions ['colcon_meta']
[2.562s] Level 1:colcon.colcon_core.package_identification:_identify(src/SLAM/waypoint_nav) by extension 'colcon_meta'
[2.562s] Level 1:colcon.colcon_core.package_identification:_identify(src/SLAM/waypoint_nav) by extensions ['ros']
[2.563s] Level 1:colcon.colcon_core.package_identification:_identify(src/SLAM/waypoint_nav) by extension 'ros'
[2.563s] Level 1:colcon.colcon_core.package_identification:_identify(src/SLAM/waypoint_nav) by extensions ['cmake', 'python']
[2.564s] Level 1:colcon.colcon_core.package_identification:_identify(src/SLAM/waypoint_nav) by extension 'cmake'
[2.564s] Level 1:colcon.colcon_core.package_identification:_identify(src/SLAM/waypoint_nav) by extension 'python'
[2.565s] Level 1:colcon.colcon_core.package_identification:_identify(src/SLAM/waypoint_nav) by extensions ['python_setup_py']
[2.565s] Level 1:colcon.colcon_core.package_identification:_identify(src/SLAM/waypoint_nav) by extension 'python_setup_py'
[2.566s] Level 1:colcon.colcon_core.package_identification:_identify(src/__pycache__) by extensions ['ignore', 'ignore_ament_install']
[2.567s] Level 1:colcon.colcon_core.package_identification:_identify(src/__pycache__) by extension 'ignore'
[2.567s] Level 1:colcon.colcon_core.package_identification:_identify(src/__pycache__) by extension 'ignore_ament_install'
[2.568s] Level 1:colcon.colcon_core.package_identification:_identify(src/__pycache__) by extensions ['colcon_pkg']
[2.568s] Level 1:colcon.colcon_core.package_identification:_identify(src/__pycache__) by extension 'colcon_pkg'
[2.568s] Level 1:colcon.colcon_core.package_identification:_identify(src/__pycache__) by extensions ['colcon_meta']
[2.568s] Level 1:colcon.colcon_core.package_identification:_identify(src/__pycache__) by extension 'colcon_meta'
[2.569s] Level 1:colcon.colcon_core.package_identification:_identify(src/__pycache__) by extensions ['ros']
[2.569s] Level 1:colcon.colcon_core.package_identification:_identify(src/__pycache__) by extension 'ros'
[2.570s] Level 1:colcon.colcon_core.package_identification:_identify(src/__pycache__) by extensions ['cmake', 'python']
[2.570s] Level 1:colcon.colcon_core.package_identification:_identify(src/__pycache__) by extension 'cmake'
[2.571s] Level 1:colcon.colcon_core.package_identification:_identify(src/__pycache__) by extension 'python'
[2.572s] Level 1:colcon.colcon_core.package_identification:_identify(src/__pycache__) by extensions ['python_setup_py']
[2.573s] Level 1:colcon.colcon_core.package_identification:_identify(src/__pycache__) by extension 'python_setup_py'
[2.574s] Level 1:colcon.colcon_core.package_identification:_identify(src/amy_test) by extensions ['ignore', 'ignore_ament_install']
[2.575s] Level 1:colcon.colcon_core.package_identification:_identify(src/amy_test) by extension 'ignore'
[2.575s] Level 1:colcon.colcon_core.package_identification:_identify(src/amy_test) by extension 'ignore_ament_install'
[2.576s] Level 1:colcon.colcon_core.package_identification:_identify(src/amy_test) by extensions ['colcon_pkg']
[2.576s] Level 1:colcon.colcon_core.package_identification:_identify(src/amy_test) by extension 'colcon_pkg'
[2.577s] Level 1:colcon.colcon_core.package_identification:_identify(src/amy_test) by extensions ['colcon_meta']
[2.577s] Level 1:colcon.colcon_core.package_identification:_identify(src/amy_test) by extension 'colcon_meta'
[2.578s] Level 1:colcon.colcon_core.package_identification:_identify(src/amy_test) by extensions ['ros']
[2.578s] Level 1:colcon.colcon_core.package_identification:_identify(src/amy_test) by extension 'ros'
[2.582s] DEBUG:colcon.colcon_core.package_identification:Package 'src/amy_test' with type 'ros.ament_cmake' and name 'amy_test'
[2.583s] Level 1:colcon.colcon_core.package_identification:_identify(src/custom_messages) by extensions ['ignore', 'ignore_ament_install']
[2.584s] Level 1:colcon.colcon_core.package_identification:_identify(src/custom_messages) by extension 'ignore'
[2.584s] Level 1:colcon.colcon_core.package_identification:_identify(src/custom_messages) by extension 'ignore_ament_install'
[2.585s] Level 1:colcon.colcon_core.package_identification:_identify(src/custom_messages) by extensions ['colcon_pkg']
[2.585s] Level 1:colcon.colcon_core.package_identification:_identify(src/custom_messages) by extension 'colcon_pkg'
[2.586s] Level 1:colcon.colcon_core.package_identification:_identify(src/custom_messages) by extensions ['colcon_meta']
[2.586s] Level 1:colcon.colcon_core.package_identification:_identify(src/custom_messages) by extension 'colcon_meta'
[2.586s] Level 1:colcon.colcon_core.package_identification:_identify(src/custom_messages) by extensions ['ros']
[2.587s] Level 1:colcon.colcon_core.package_identification:_identify(src/custom_messages) by extension 'ros'
[2.591s] DEBUG:colcon.colcon_core.package_identification:Package 'src/custom_messages' with type 'ros.ament_cmake' and name 'custom_messages'
[2.592s] Level 1:colcon.colcon_core.package_identification:_identify(src/imu_pose_estimate) by extensions ['ignore', 'ignore_ament_install']
[2.592s] Level 1:colcon.colcon_core.package_identification:_identify(src/imu_pose_estimate) by extension 'ignore'
[2.593s] Level 1:colcon.colcon_core.package_identification:_identify(src/imu_pose_estimate) by extension 'ignore_ament_install'
[2.594s] Level 1:colcon.colcon_core.package_identification:_identify(src/imu_pose_estimate) by extensions ['colcon_pkg']
[2.594s] Level 1:colcon.colcon_core.package_identification:_identify(src/imu_pose_estimate) by extension 'colcon_pkg'
[2.594s] Level 1:colcon.colcon_core.package_identification:_identify(src/imu_pose_estimate) by extensions ['colcon_meta']
[2.595s] Level 1:colcon.colcon_core.package_identification:_identify(src/imu_pose_estimate) by extension 'colcon_meta'
[2.595s] Level 1:colcon.colcon_core.package_identification:_identify(src/imu_pose_estimate) by extensions ['ros']
[2.595s] Level 1:colcon.colcon_core.package_identification:_identify(src/imu_pose_estimate) by extension 'ros'
[2.606s] DEBUG:colcon.colcon_core.package_identification:Package 'src/imu_pose_estimate' with type 'ros.ament_python' and name 'imu_pose_estimate'
[2.607s] Level 1:colcon.colcon_core.package_identification:_identify(src/nav2_waypointing) by extensions ['ignore', 'ignore_ament_install']
[2.614s] Level 1:colcon.colcon_core.package_identification:_identify(src/nav2_waypointing) by extension 'ignore'
[2.614s] Level 1:colcon.colcon_core.package_identification:_identify(src/nav2_waypointing) by extension 'ignore_ament_install'
[2.615s] Level 1:colcon.colcon_core.package_identification:_identify(src/nav2_waypointing) by extensions ['colcon_pkg']
[2.615s] Level 1:colcon.colcon_core.package_identification:_identify(src/nav2_waypointing) by extension 'colcon_pkg'
[2.616s] Level 1:colcon.colcon_core.package_identification:_identify(src/nav2_waypointing) by extensions ['colcon_meta']
[2.616s] Level 1:colcon.colcon_core.package_identification:_identify(src/nav2_waypointing) by extension 'colcon_meta'
[2.617s] Level 1:colcon.colcon_core.package_identification:_identify(src/nav2_waypointing) by extensions ['ros']
[2.618s] Level 1:colcon.colcon_core.package_identification:_identify(src/nav2_waypointing) by extension 'ros'
[2.619s] Level 1:colcon.colcon_core.package_identification:_identify(src/nav2_waypointing) by extensions ['cmake', 'python']
[2.619s] Level 1:colcon.colcon_core.package_identification:_identify(src/nav2_waypointing) by extension 'cmake'
[2.620s] Level 1:colcon.colcon_core.package_identification:_identify(src/nav2_waypointing) by extension 'python'
[2.620s] Level 1:colcon.colcon_core.package_identification:_identify(src/nav2_waypointing) by extensions ['python_setup_py']
[2.621s] Level 1:colcon.colcon_core.package_identification:_identify(src/nav2_waypointing) by extension 'python_setup_py'
[2.621s] Level 1:colcon.colcon_core.package_identification:_identify(src/obstacle_avoidance) by extensions ['ignore', 'ignore_ament_install']
[2.622s] Level 1:colcon.colcon_core.package_identification:_identify(src/obstacle_avoidance) by extension 'ignore'
[2.622s] Level 1:colcon.colcon_core.package_identification:_identify(src/obstacle_avoidance) by extension 'ignore_ament_install'
[2.623s] Level 1:colcon.colcon_core.package_identification:_identify(src/obstacle_avoidance) by extensions ['colcon_pkg']
[2.623s] Level 1:colcon.colcon_core.package_identification:_identify(src/obstacle_avoidance) by extension 'colcon_pkg'
[2.624s] Level 1:colcon.colcon_core.package_identification:_identify(src/obstacle_avoidance) by extensions ['colcon_meta']
[2.624s] Level 1:colcon.colcon_core.package_identification:_identify(src/obstacle_avoidance) by extension 'colcon_meta'
[2.624s] Level 1:colcon.colcon_core.package_identification:_identify(src/obstacle_avoidance) by extensions ['ros']
[2.625s] Level 1:colcon.colcon_core.package_identification:_identify(src/obstacle_avoidance) by extension 'ros'
[2.630s] DEBUG:colcon.colcon_core.package_identification:Package 'src/obstacle_avoidance' with type 'ros.ament_python' and name 'obstacle_avoidance'
[2.632s] Level 1:colcon.colcon_core.package_identification:_identify(src/realsense_publisher) by extensions ['ignore', 'ignore_ament_install']
[2.632s] Level 1:colcon.colcon_core.package_identification:_identify(src/realsense_publisher) by extension 'ignore'
[2.633s] Level 1:colcon.colcon_core.package_identification:_identify(src/realsense_publisher) by extension 'ignore_ament_install'
[2.634s] Level 1:colcon.colcon_core.package_identification:_identify(src/realsense_publisher) by extensions ['colcon_pkg']
[2.634s] Level 1:colcon.colcon_core.package_identification:_identify(src/realsense_publisher) by extension 'colcon_pkg'
[2.634s] Level 1:colcon.colcon_core.package_identification:_identify(src/realsense_publisher) by extensions ['colcon_meta']
[2.635s] Level 1:colcon.colcon_core.package_identification:_identify(src/realsense_publisher) by extension 'colcon_meta'
[2.635s] Level 1:colcon.colcon_core.package_identification:_identify(src/realsense_publisher) by extensions ['ros']
[2.635s] Level 1:colcon.colcon_core.package_identification:_identify(src/realsense_publisher) by extension 'ros'
[2.638s] DEBUG:colcon.colcon_core.package_identification:Package 'src/realsense_publisher' with type 'ros.ament_python' and name 'realsense_publisher'
[2.639s] Level 1:colcon.colcon_core.package_identification:_identify(src/rf2o_laser_odometry) by extensions ['ignore', 'ignore_ament_install']
[2.640s] Level 1:colcon.colcon_core.package_identification:_identify(src/rf2o_laser_odometry) by extension 'ignore'
[2.640s] Level 1:colcon.colcon_core.package_identification:_identify(src/rf2o_laser_odometry) by extension 'ignore_ament_install'
[2.641s] Level 1:colcon.colcon_core.package_identification:_identify(src/rf2o_laser_odometry) by extensions ['colcon_pkg']
[2.641s] Level 1:colcon.colcon_core.package_identification:_identify(src/rf2o_laser_odometry) by extension 'colcon_pkg'
[2.641s] Level 1:colcon.colcon_core.package_identification:_identify(src/rf2o_laser_odometry) by extensions ['colcon_meta']
[2.641s] Level 1:colcon.colcon_core.package_identification:_identify(src/rf2o_laser_odometry) by extension 'colcon_meta'
[2.642s] Level 1:colcon.colcon_core.package_identification:_identify(src/rf2o_laser_odometry) by extensions ['ros']
[2.642s] Level 1:colcon.colcon_core.package_identification:_identify(src/rf2o_laser_odometry) by extension 'ros'
[2.647s] DEBUG:colcon.colcon_core.package_identification:Package 'src/rf2o_laser_odometry' with type 'ros.ament_cmake' and name 'rf2o_laser_odometry'
[2.648s] Level 1:colcon.colcon_core.package_identification:_identify(src/robo_realsense) by extensions ['ignore', 'ignore_ament_install']
[2.648s] Level 1:colcon.colcon_core.package_identification:_identify(src/robo_realsense) by extension 'ignore'
[2.648s] Level 1:colcon.colcon_core.package_identification:_identify(src/robo_realsense) by extension 'ignore_ament_install'
[2.649s] Level 1:colcon.colcon_core.package_identification:_identify(src/robo_realsense) by extensions ['colcon_pkg']
[2.649s] Level 1:colcon.colcon_core.package_identification:_identify(src/robo_realsense) by extension 'colcon_pkg'
[2.649s] Level 1:colcon.colcon_core.package_identification:_identify(src/robo_realsense) by extensions ['colcon_meta']
[2.649s] Level 1:colcon.colcon_core.package_identification:_identify(src/robo_realsense) by extension 'colcon_meta'
[2.650s] Level 1:colcon.colcon_core.package_identification:_identify(src/robo_realsense) by extensions ['ros']
[2.650s] Level 1:colcon.colcon_core.package_identification:_identify(src/robo_realsense) by extension 'ros'
[2.650s] Level 1:colcon.colcon_core.package_identification:_identify(src/robo_realsense) by extensions ['cmake', 'python']
[2.650s] Level 1:colcon.colcon_core.package_identification:_identify(src/robo_realsense) by extension 'cmake'
[2.651s] Level 1:colcon.colcon_core.package_identification:_identify(src/robo_realsense) by extension 'python'
[2.651s] Level 1:colcon.colcon_core.package_identification:_identify(src/robo_realsense) by extensions ['python_setup_py']
[2.651s] Level 1:colcon.colcon_core.package_identification:_identify(src/robo_realsense) by extension 'python_setup_py'
[2.652s] Level 1:colcon.colcon_core.package_identification:_identify(src/robo_realsense/fastsam) by extensions ['ignore', 'ignore_ament_install']
[2.652s] Level 1:colcon.colcon_core.package_identification:_identify(src/robo_realsense/fastsam) by extension 'ignore'
[2.652s] Level 1:colcon.colcon_core.package_identification:_identify(src/robo_realsense/fastsam) by extension 'ignore_ament_install'
[2.653s] Level 1:colcon.colcon_core.package_identification:_identify(src/robo_realsense/fastsam) by extensions ['colcon_pkg']
[2.653s] Level 1:colcon.colcon_core.package_identification:_identify(src/robo_realsense/fastsam) by extension 'colcon_pkg'
[2.653s] Level 1:colcon.colcon_core.package_identification:_identify(src/robo_realsense/fastsam) by extensions ['colcon_meta']
[2.653s] Level 1:colcon.colcon_core.package_identification:_identify(src/robo_realsense/fastsam) by extension 'colcon_meta'
[2.654s] Level 1:colcon.colcon_core.package_identification:_identify(src/robo_realsense/fastsam) by extensions ['ros']
[2.654s] Level 1:colcon.colcon_core.package_identification:_identify(src/robo_realsense/fastsam) by extension 'ros'
[2.654s] Level 1:colcon.colcon_core.package_identification:_identify(src/robo_realsense/fastsam) by extensions ['cmake', 'python']
[2.654s] Level 1:colcon.colcon_core.package_identification:_identify(src/robo_realsense/fastsam) by extension 'cmake'
[2.655s] Level 1:colcon.colcon_core.package_identification:_identify(src/robo_realsense/fastsam) by extension 'python'
[2.655s] Level 1:colcon.colcon_core.package_identification:_identify(src/robo_realsense/fastsam) by extensions ['python_setup_py']
[2.655s] Level 1:colcon.colcon_core.package_identification:_identify(src/robo_realsense/fastsam) by extension 'python_setup_py'
[2.656s] Level 1:colcon.colcon_core.package_identification:_identify(src/robo_realsense/fastsam/slam) by extensions ['ignore', 'ignore_ament_install']
[2.656s] Level 1:colcon.colcon_core.package_identification:_identify(src/robo_realsense/fastsam/slam) by extension 'ignore'
[2.657s] Level 1:colcon.colcon_core.package_identification:_identify(src/robo_realsense/fastsam/slam) by extension 'ignore_ament_install'
[2.657s] Level 1:colcon.colcon_core.package_identification:_identify(src/robo_realsense/fastsam/slam) by extensions ['colcon_pkg']
[2.657s] Level 1:colcon.colcon_core.package_identification:_identify(src/robo_realsense/fastsam/slam) by extension 'colcon_pkg'
[2.658s] Level 1:colcon.colcon_core.package_identification:_identify(src/robo_realsense/fastsam/slam) by extensions ['colcon_meta']
[2.658s] Level 1:colcon.colcon_core.package_identification:_identify(src/robo_realsense/fastsam/slam) by extension 'colcon_meta'
[2.659s] Level 1:colcon.colcon_core.package_identification:_identify(src/robo_realsense/fastsam/slam) by extensions ['ros']
[2.659s] Level 1:colcon.colcon_core.package_identification:_identify(src/robo_realsense/fastsam/slam) by extension 'ros'
[2.659s] Level 1:colcon.colcon_core.package_identification:_identify(src/robo_realsense/fastsam/slam) by extensions ['cmake', 'python']
[2.660s] Level 1:colcon.colcon_core.package_identification:_identify(src/robo_realsense/fastsam/slam) by extension 'cmake'
[2.660s] Level 1:colcon.colcon_core.package_identification:_identify(src/robo_realsense/fastsam/slam) by extension 'python'
[2.660s] Level 1:colcon.colcon_core.package_identification:_identify(src/robo_realsense/fastsam/slam) by extensions ['python_setup_py']
[2.661s] Level 1:colcon.colcon_core.package_identification:_identify(src/robo_realsense/fastsam/slam) by extension 'python_setup_py'
[2.661s] Level 1:colcon.colcon_core.package_identification:_identify(src/robo_realsense/fastsam/slam/__pycache__) by extensions ['ignore', 'ignore_ament_install']
[2.662s] Level 1:colcon.colcon_core.package_identification:_identify(src/robo_realsense/fastsam/slam/__pycache__) by extension 'ignore'
[2.662s] Level 1:colcon.colcon_core.package_identification:_identify(src/robo_realsense/fastsam/slam/__pycache__) by extension 'ignore_ament_install'
[2.663s] Level 1:colcon.colcon_core.package_identification:_identify(src/robo_realsense/fastsam/slam/__pycache__) by extensions ['colcon_pkg']
[2.663s] Level 1:colcon.colcon_core.package_identification:_identify(src/robo_realsense/fastsam/slam/__pycache__) by extension 'colcon_pkg'
[2.663s] Level 1:colcon.colcon_core.package_identification:_identify(src/robo_realsense/fastsam/slam/__pycache__) by extensions ['colcon_meta']
[2.663s] Level 1:colcon.colcon_core.package_identification:_identify(src/robo_realsense/fastsam/slam/__pycache__) by extension 'colcon_meta'
[2.664s] Level 1:colcon.colcon_core.package_identification:_identify(src/robo_realsense/fastsam/slam/__pycache__) by extensions ['ros']
[2.664s] Level 1:colcon.colcon_core.package_identification:_identify(src/robo_realsense/fastsam/slam/__pycache__) by extension 'ros'
[2.665s] Level 1:colcon.colcon_core.package_identification:_identify(src/robo_realsense/fastsam/slam/__pycache__) by extensions ['cmake', 'python']
[2.665s] Level 1:colcon.colcon_core.package_identification:_identify(src/robo_realsense/fastsam/slam/__pycache__) by extension 'cmake'
[2.665s] Level 1:colcon.colcon_core.package_identification:_identify(src/robo_realsense/fastsam/slam/__pycache__) by extension 'python'
[2.665s] Level 1:colcon.colcon_core.package_identification:_identify(src/robo_realsense/fastsam/slam/__pycache__) by extensions ['python_setup_py']
[2.666s] Level 1:colcon.colcon_core.package_identification:_identify(src/robo_realsense/fastsam/slam/__pycache__) by extension 'python_setup_py'
[2.666s] Level 1:colcon.colcon_core.package_identification:_identify(src/robo_realsense/launch) by extensions ['ignore', 'ignore_ament_install']
[2.667s] Level 1:colcon.colcon_core.package_identification:_identify(src/robo_realsense/launch) by extension 'ignore'
[2.667s] Level 1:colcon.colcon_core.package_identification:_identify(src/robo_realsense/launch) by extension 'ignore_ament_install'
[2.667s] Level 1:colcon.colcon_core.package_identification:_identify(src/robo_realsense/launch) by extensions ['colcon_pkg']
[2.667s] Level 1:colcon.colcon_core.package_identification:_identify(src/robo_realsense/launch) by extension 'colcon_pkg'
[2.668s] Level 1:colcon.colcon_core.package_identification:_identify(src/robo_realsense/launch) by extensions ['colcon_meta']
[2.668s] Level 1:colcon.colcon_core.package_identification:_identify(src/robo_realsense/launch) by extension 'colcon_meta'
[2.668s] Level 1:colcon.colcon_core.package_identification:_identify(src/robo_realsense/launch) by extensions ['ros']
[2.668s] Level 1:colcon.colcon_core.package_identification:_identify(src/robo_realsense/launch) by extension 'ros'
[2.669s] Level 1:colcon.colcon_core.package_identification:_identify(src/robo_realsense/launch) by extensions ['cmake', 'python']
[2.669s] Level 1:colcon.colcon_core.package_identification:_identify(src/robo_realsense/launch) by extension 'cmake'
[2.669s] Level 1:colcon.colcon_core.package_identification:_identify(src/robo_realsense/launch) by extension 'python'
[2.669s] Level 1:colcon.colcon_core.package_identification:_identify(src/robo_realsense/launch) by extensions ['python_setup_py']
[2.669s] Level 1:colcon.colcon_core.package_identification:_identify(src/robo_realsense/launch) by extension 'python_setup_py'
[2.670s] Level 1:colcon.colcon_core.package_identification:_identify(src/robo_realsense/launch/__pycache__) by extensions ['ignore', 'ignore_ament_install']
[2.670s] Level 1:colcon.colcon_core.package_identification:_identify(src/robo_realsense/launch/__pycache__) by extension 'ignore'
[2.671s] Level 1:colcon.colcon_core.package_identification:_identify(src/robo_realsense/launch/__pycache__) by extension 'ignore_ament_install'
[2.671s] Level 1:colcon.colcon_core.package_identification:_identify(src/robo_realsense/launch/__pycache__) by extensions ['colcon_pkg']
[2.671s] Level 1:colcon.colcon_core.package_identification:_identify(src/robo_realsense/launch/__pycache__) by extension 'colcon_pkg'
[2.671s] Level 1:colcon.colcon_core.package_identification:_identify(src/robo_realsense/launch/__pycache__) by extensions ['colcon_meta']
[2.671s] Level 1:colcon.colcon_core.package_identification:_identify(src/robo_realsense/launch/__pycache__) by extension 'colcon_meta'
[2.672s] Level 1:colcon.colcon_core.package_identification:_identify(src/robo_realsense/launch/__pycache__) by extensions ['ros']
[2.672s] Level 1:colcon.colcon_core.package_identification:_identify(src/robo_realsense/launch/__pycache__) by extension 'ros'
[2.673s] Level 1:colcon.colcon_core.package_identification:_identify(src/robo_realsense/launch/__pycache__) by extensions ['cmake', 'python']
[2.673s] Level 1:colcon.colcon_core.package_identification:_identify(src/robo_realsense/launch/__pycache__) by extension 'cmake'
[2.673s] Level 1:colcon.colcon_core.package_identification:_identify(src/robo_realsense/launch/__pycache__) by extension 'python'
[2.673s] Level 1:colcon.colcon_core.package_identification:_identify(src/robo_realsense/launch/__pycache__) by extensions ['python_setup_py']
[2.673s] Level 1:colcon.colcon_core.package_identification:_identify(src/robo_realsense/launch/__pycache__) by extension 'python_setup_py'
[2.674s] Level 1:colcon.colcon_core.package_identification:_identify(src/robo_rover) by extensions ['ignore', 'ignore_ament_install']
[2.675s] Level 1:colcon.colcon_core.package_identification:_identify(src/robo_rover) by extension 'ignore'
[2.675s] Level 1:colcon.colcon_core.package_identification:_identify(src/robo_rover) by extension 'ignore_ament_install'
[2.676s] Level 1:colcon.colcon_core.package_identification:_identify(src/robo_rover) by extensions ['colcon_pkg']
[2.676s] Level 1:colcon.colcon_core.package_identification:_identify(src/robo_rover) by extension 'colcon_pkg'
[2.676s] Level 1:colcon.colcon_core.package_identification:_identify(src/robo_rover) by extensions ['colcon_meta']
[2.676s] Level 1:colcon.colcon_core.package_identification:_identify(src/robo_rover) by extension 'colcon_meta'
[2.676s] Level 1:colcon.colcon_core.package_identification:_identify(src/robo_rover) by extensions ['ros']
[2.677s] Level 1:colcon.colcon_core.package_identification:_identify(src/robo_rover) by extension 'ros'
[2.718s] DEBUG:colcon.colcon_core.package_identification:Package 'src/robo_rover' with type 'ros.ament_cmake' and name 'robo_rover'
[2.719s] Level 1:colcon.colcon_core.package_identification:_identify(src/rplidar_ros) by extensions ['ignore', 'ignore_ament_install']
[2.720s] Level 1:colcon.colcon_core.package_identification:_identify(src/rplidar_ros) by extension 'ignore'
[2.720s] Level 1:colcon.colcon_core.package_identification:_identify(src/rplidar_ros) by extension 'ignore_ament_install'
[2.721s] Level 1:colcon.colcon_core.package_identification:_identify(src/rplidar_ros) by extensions ['colcon_pkg']
[2.721s] Level 1:colcon.colcon_core.package_identification:_identify(src/rplidar_ros) by extension 'colcon_pkg'
[2.721s] Level 1:colcon.colcon_core.package_identification:_identify(src/rplidar_ros) by extensions ['colcon_meta']
[2.721s] Level 1:colcon.colcon_core.package_identification:_identify(src/rplidar_ros) by extension 'colcon_meta'
[2.721s] Level 1:colcon.colcon_core.package_identification:_identify(src/rplidar_ros) by extensions ['ros']
[2.722s] Level 1:colcon.colcon_core.package_identification:_identify(src/rplidar_ros) by extension 'ros'
[2.725s] DEBUG:colcon.colcon_core.package_identification:Package 'src/rplidar_ros' with type 'ros.ament_cmake' and name 'rplidar_ros'
[2.725s] Level 1:colcon.colcon_core.package_identification:_identify(src/sarina) by extensions ['ignore', 'ignore_ament_install']
[2.726s] Level 1:colcon.colcon_core.package_identification:_identify(src/sarina) by extension 'ignore'
[2.726s] Level 1:colcon.colcon_core.package_identification:_identify(src/sarina) by extension 'ignore_ament_install'
[2.726s] Level 1:colcon.colcon_core.package_identification:_identify(src/sarina) by extensions ['colcon_pkg']
[2.727s] Level 1:colcon.colcon_core.package_identification:_identify(src/sarina) by extension 'colcon_pkg'
[2.727s] Level 1:colcon.colcon_core.package_identification:_identify(src/sarina) by extensions ['colcon_meta']
[2.727s] Level 1:colcon.colcon_core.package_identification:_identify(src/sarina) by extension 'colcon_meta'
[2.727s] Level 1:colcon.colcon_core.package_identification:_identify(src/sarina) by extensions ['ros']
[2.727s] Level 1:colcon.colcon_core.package_identification:_identify(src/sarina) by extension 'ros'
[2.728s] Level 1:colcon.colcon_core.package_identification:_identify(src/sarina) by extensions ['cmake', 'python']
[2.728s] Level 1:colcon.colcon_core.package_identification:_identify(src/sarina) by extension 'cmake'
[2.728s] Level 1:colcon.colcon_core.package_identification:_identify(src/sarina) by extension 'python'
[2.728s] Level 1:colcon.colcon_core.package_identification:_identify(src/sarina) by extensions ['python_setup_py']
[2.729s] Level 1:colcon.colcon_core.package_identification:_identify(src/sarina) by extension 'python_setup_py'
[2.729s] Level 1:colcon.colcon_core.package_identification:_identify(src/stop_sign) by extensions ['ignore', 'ignore_ament_install']
[2.730s] Level 1:colcon.colcon_core.package_identification:_identify(src/stop_sign) by extension 'ignore'
[2.730s] Level 1:colcon.colcon_core.package_identification:_identify(src/stop_sign) by extension 'ignore_ament_install'
[2.730s] Level 1:colcon.colcon_core.package_identification:_identify(src/stop_sign) by extensions ['colcon_pkg']
[2.730s] Level 1:colcon.colcon_core.package_identification:_identify(src/stop_sign) by extension 'colcon_pkg'
[2.731s] Level 1:colcon.colcon_core.package_identification:_identify(src/stop_sign) by extensions ['colcon_meta']
[2.731s] Level 1:colcon.colcon_core.package_identification:_identify(src/stop_sign) by extension 'colcon_meta'
[2.731s] Level 1:colcon.colcon_core.package_identification:_identify(src/stop_sign) by extensions ['ros']
[2.731s] Level 1:colcon.colcon_core.package_identification:_identify(src/stop_sign) by extension 'ros'
[2.735s] DEBUG:colcon.colcon_core.package_identification:Package 'src/stop_sign' with type 'ros.ament_python' and name 'stop_sign'
[2.737s] Level 1:colcon.colcon_core.package_identification:_identify(src/teleop_files) by extensions ['ignore', 'ignore_ament_install']
[2.737s] Level 1:colcon.colcon_core.package_identification:_identify(src/teleop_files) by extension 'ignore'
[2.737s] Level 1:colcon.colcon_core.package_identification:_identify(src/teleop_files) by extension 'ignore_ament_install'
[2.738s] Level 1:colcon.colcon_core.package_identification:_identify(src/teleop_files) by extensions ['colcon_pkg']
[2.738s] Level 1:colcon.colcon_core.package_identification:_identify(src/teleop_files) by extension 'colcon_pkg'
[2.739s] Level 1:colcon.colcon_core.package_identification:_identify(src/teleop_files) by extensions ['colcon_meta']
[2.739s] Level 1:colcon.colcon_core.package_identification:_identify(src/teleop_files) by extension 'colcon_meta'
[2.739s] Level 1:colcon.colcon_core.package_identification:_identify(src/teleop_files) by extensions ['ros']
[2.740s] Level 1:colcon.colcon_core.package_identification:_identify(src/teleop_files) by extension 'ros'
[2.740s] Level 1:colcon.colcon_core.package_identification:_identify(src/teleop_files) by extensions ['cmake', 'python']
[2.740s] Level 1:colcon.colcon_core.package_identification:_identify(src/teleop_files) by extension 'cmake'
[2.741s] Level 1:colcon.colcon_core.package_identification:_identify(src/teleop_files) by extension 'python'
[2.741s] Level 1:colcon.colcon_core.package_identification:_identify(src/teleop_files) by extensions ['python_setup_py']
[2.741s] Level 1:colcon.colcon_core.package_identification:_identify(src/teleop_files) by extension 'python_setup_py'
[2.742s] Level 1:colcon.colcon_core.package_identification:_identify(src/teleop_files/__pycache__) by extensions ['ignore', 'ignore_ament_install']
[2.742s] Level 1:colcon.colcon_core.package_identification:_identify(src/teleop_files/__pycache__) by extension 'ignore'
[2.742s] Level 1:colcon.colcon_core.package_identification:_identify(src/teleop_files/__pycache__) by extension 'ignore_ament_install'
[2.743s] Level 1:colcon.colcon_core.package_identification:_identify(src/teleop_files/__pycache__) by extensions ['colcon_pkg']
[2.743s] Level 1:colcon.colcon_core.package_identification:_identify(src/teleop_files/__pycache__) by extension 'colcon_pkg'
[2.743s] Level 1:colcon.colcon_core.package_identification:_identify(src/teleop_files/__pycache__) by extensions ['colcon_meta']
[2.743s] Level 1:colcon.colcon_core.package_identification:_identify(src/teleop_files/__pycache__) by extension 'colcon_meta'
[2.744s] Level 1:colcon.colcon_core.package_identification:_identify(src/teleop_files/__pycache__) by extensions ['ros']
[2.744s] Level 1:colcon.colcon_core.package_identification:_identify(src/teleop_files/__pycache__) by extension 'ros'
[2.744s] Level 1:colcon.colcon_core.package_identification:_identify(src/teleop_files/__pycache__) by extensions ['cmake', 'python']
[2.744s] Level 1:colcon.colcon_core.package_identification:_identify(src/teleop_files/__pycache__) by extension 'cmake'
[2.745s] Level 1:colcon.colcon_core.package_identification:_identify(src/teleop_files/__pycache__) by extension 'python'
[2.745s] Level 1:colcon.colcon_core.package_identification:_identify(src/teleop_files/__pycache__) by extensions ['python_setup_py']
[2.745s] Level 1:colcon.colcon_core.package_identification:_identify(src/teleop_files/__pycache__) by extension 'python_setup_py'
[2.746s] Level 1:colcon.colcon_core.package_identification:_identify(src/visualize_rf2o) by extensions ['ignore', 'ignore_ament_install']
[2.746s] Level 1:colcon.colcon_core.package_identification:_identify(src/visualize_rf2o) by extension 'ignore'
[2.746s] Level 1:colcon.colcon_core.package_identification:_identify(src/visualize_rf2o) by extension 'ignore_ament_install'
[2.747s] Level 1:colcon.colcon_core.package_identification:_identify(src/visualize_rf2o) by extensions ['colcon_pkg']
[2.747s] Level 1:colcon.colcon_core.package_identification:_identify(src/visualize_rf2o) by extension 'colcon_pkg'
[2.747s] Level 1:colcon.colcon_core.package_identification:_identify(src/visualize_rf2o) by extensions ['colcon_meta']
[2.747s] Level 1:colcon.colcon_core.package_identification:_identify(src/visualize_rf2o) by extension 'colcon_meta'
[2.747s] Level 1:colcon.colcon_core.package_identification:_identify(src/visualize_rf2o) by extensions ['ros']
[2.748s] Level 1:colcon.colcon_core.package_identification:_identify(src/visualize_rf2o) by extension 'ros'
[2.752s] DEBUG:colcon.colcon_core.package_identification:Found ROS schema reference in package manifest in 'src/visualize_rf2o'
[2.752s] WARNING:colcon.colcon_core.package_identification:Failed to parse ROS package manifest in 'src/visualize_rf2o': Error(s) in package 'src/visualize_rf2o/package.xml':
Invalid email "copperbottom" for person "copperbottoms"
[2.752s] Level 1:colcon.colcon_core.package_identification:_identify(src/visualize_rf2o) by extensions ['cmake', 'python']
[2.753s] Level 1:colcon.colcon_core.package_identification:_identify(src/visualize_rf2o) by extension 'cmake'
[2.753s] Level 1:colcon.colcon_core.package_identification:_identify(src/visualize_rf2o) by extension 'python'
[2.754s] DEBUG:colcon.colcon_core.package_identification:Python package in 'src/visualize_rf2o' passes arguments to the setup() function which requires a different identification extension than 'python'
[2.754s] Level 1:colcon.colcon_core.package_identification:_identify(src/visualize_rf2o) by extensions ['python_setup_py']
[2.755s] Level 1:colcon.colcon_core.package_identification:_identify(src/visualize_rf2o) by extension 'python_setup_py'
[4.219s] DEBUG:colcon.colcon_core.package_identification:Package 'src/visualize_rf2o' with type 'python' and name 'visualize_rf2o'
[4.220s] Level 1:colcon.colcon_core.package_identification:_identify(src/visualize_sensors) by extensions ['ignore', 'ignore_ament_install']
[4.220s] Level 1:colcon.colcon_core.package_identification:_identify(src/visualize_sensors) by extension 'ignore'
[4.221s] Level 1:colcon.colcon_core.package_identification:_identify(src/visualize_sensors) by extension 'ignore_ament_install'
[4.221s] Level 1:colcon.colcon_core.package_identification:_identify(src/visualize_sensors) by extensions ['colcon_pkg']
[4.221s] Level 1:colcon.colcon_core.package_identification:_identify(src/visualize_sensors) by extension 'colcon_pkg'
[4.221s] Level 1:colcon.colcon_core.package_identification:_identify(src/visualize_sensors) by extensions ['colcon_meta']
[4.222s] Level 1:colcon.colcon_core.package_identification:_identify(src/visualize_sensors) by extension 'colcon_meta'
[4.222s] Level 1:colcon.colcon_core.package_identification:_identify(src/visualize_sensors) by extensions ['ros']
[4.222s] Level 1:colcon.colcon_core.package_identification:_identify(src/visualize_sensors) by extension 'ros'
[4.225s] DEBUG:colcon.colcon_core.package_identification:Package 'src/visualize_sensors' with type 'ros.ament_python' and name 'visualize_sensors'
[4.225s] Level 1:colcon.colcon_core.package_discovery:discover_packages(recursive) using defaults
[4.225s] Level 1:colcon.colcon_core.package_discovery:discover_packages(ignore) discover
[4.226s] Level 1:colcon.colcon_core.package_discovery:discover_packages(ignore) using defaults
[4.226s] Level 1:colcon.colcon_core.package_discovery:discover_packages(path) discover
[4.226s] Level 1:colcon.colcon_core.package_discovery:discover_packages(path) using defaults
[4.359s] INFO:colcon.colcon_core.package_selection:Skipping not selected package 'camera_navigation' in 'src/Camera_Navigation'
[4.359s] INFO:colcon.colcon_core.package_selection:Skipping not selected package 'custom_messages' in 'src/custom_messages'
[4.360s] INFO:colcon.colcon_core.package_selection:Skipping not selected package 'imu_pose_estimate' in 'src/imu_pose_estimate'
[4.360s] INFO:colcon.colcon_core.package_selection:Skipping not selected package 'realsense_publisher' in 'src/realsense_publisher'
[4.360s] INFO:colcon.colcon_core.package_selection:Skipping not selected package 'rf2o_laser_odometry' in 'src/rf2o_laser_odometry'
[4.360s] INFO:colcon.colcon_core.package_selection:Skipping not selected package 'rplidar_ros' in 'src/rplidar_ros'
[4.361s] INFO:colcon.colcon_core.package_selection:Skipping not selected package 'visualize_rf2o' in 'src/visualize_rf2o'
[4.361s] INFO:colcon.colcon_core.package_selection:Skipping not selected package 'visualize_sensors' in 'src/visualize_sensors'
[4.361s] INFO:colcon.colcon_core.package_selection:Skipping not selected package 'obstacle_avoidance' in 'src/obstacle_avoidance'
[4.361s] INFO:colcon.colcon_core.package_selection:Skipping not selected package 'robo_rover' in 'src/robo_rover'
[4.361s] INFO:colcon.colcon_core.package_selection:Skipping not selected package 'stop_sign' in 'src/stop_sign'
[4.364s] Level 1:colcon.colcon_core.package_discovery:discover_packages(prefix_path) check parameters
[4.365s] Level 1:colcon.colcon_core.package_discovery:discover_packages(prefix_path) discover
[4.386s] DEBUG:colcon.colcon_installed_package_information.package_discovery:Found 12 installed packages in /home/copperbottoms/code/Copperbottoms/ros_ws/install
[4.398s] DEBUG:colcon.colcon_installed_package_information.package_discovery:Found 336 installed packages in /opt/ros/humble
[4.409s] Level 1:colcon.colcon_core.package_discovery:discover_packages(prefix_path) using defaults
[4.637s] Level 5:colcon.colcon_core.verb:set package 'amy_test' build argument 'cmake_args' from command line to 'None'
[4.637s] Level 5:colcon.colcon_core.verb:set package 'amy_test' build argument 'cmake_target' from command line to 'None'
[4.638s] Level 5:colcon.colcon_core.verb:set package 'amy_test' build argument 'cmake_target_skip_unavailable' from command line to 'False'
[4.638s] Level 5:colcon.colcon_core.verb:set package 'amy_test' build argument 'cmake_clean_cache' from command line to 'False'
[4.638s] Level 5:colcon.colcon_core.verb:set package 'amy_test' build argument 'cmake_clean_first' from command line to 'False'
[4.638s] Level 5:colcon.colcon_core.verb:set package 'amy_test' build argument 'cmake_force_configure' from command line to 'False'
[4.638s] Level 5:colcon.colcon_core.verb:set package 'amy_test' build argument 'ament_cmake_args' from command line to 'None'
[4.639s] Level 5:colcon.colcon_core.verb:set package 'amy_test' build argument 'catkin_cmake_args' from command line to 'None'
[4.639s] Level 5:colcon.colcon_core.verb:set package 'amy_test' build argument 'catkin_skip_building_tests' from command line to 'False'
[4.639s] DEBUG:colcon.colcon_core.verb:Building package 'amy_test' with the following arguments: {'ament_cmake_args': None, 'build_base': '/home/copperbottoms/code/Copperbottoms/ros_ws/build/amy_test', 'catkin_cmake_args': None, 'catkin_skip_building_tests': False, 'cmake_args': None, 'cmake_clean_cache': False, 'cmake_clean_first': False, 'cmake_force_configure': False, 'cmake_target': None, 'cmake_target_skip_unavailable': False, 'install_base': '/home/copperbottoms/code/Copperbottoms/ros_ws/install/amy_test', 'merge_install': False, 'path': '/home/copperbottoms/code/Copperbottoms/ros_ws/src/amy_test', 'symlink_install': False, 'test_result_base': None}
[4.640s] INFO:colcon.colcon_core.executor:Executing jobs using 'parallel' executor
[4.643s] DEBUG:colcon.colcon_parallel_executor.executor.parallel:run_until_complete
[4.645s] INFO:colcon.colcon_ros.task.ament_cmake.build:Building ROS package in '/home/copperbottoms/code/Copperbottoms/ros_ws/src/amy_test' with build type 'ament_cmake'
[4.645s] INFO:colcon.colcon_cmake.task.cmake.build:Building CMake package in '/home/copperbottoms/code/Copperbottoms/ros_ws/src/amy_test'
[4.671s] INFO:colcon.colcon_core.plugin_system:Skipping extension 'colcon_core.shell.bat': Not used on non-Windows systems
[4.672s] INFO:colcon.colcon_core.shell:Skip shell extension 'powershell' for command environment: Not usable outside of PowerShell
[4.672s] DEBUG:colcon.colcon_core.shell:Skip shell extension 'dsv' for command environment
[4.768s] DEBUG:colcon.colcon_core.event_handler.log_command:Invoking command in '/home/copperbottoms/code/Copperbottoms/ros_ws/build/amy_test': AMENT_PREFIX_PATH=/home/copperbottoms/code/Copperbottoms/ros_ws/install/realsense_publisher:/home/copperbottoms/code/Copperbottoms/ros_ws/install/visualize_sensors:/home/copperbottoms/code/Copperbottoms/ros_ws/install/rplidar_ros:/home/copperbottoms/code/Copperbottoms/ros_ws/install/amy_test:/home/copperbottoms/code/Copperbottoms/ros_ws/install/robo_rover:/home/copperbottoms/code/Copperbottoms/ros_ws/install/rf2o_laser_odometry:/home/copperbottoms/code/Copperbottoms/ros_ws/install/obstacle_avoidance:/home/copperbottoms/code/Copperbottoms/ros_ws/install/landmark_slam:/home/copperbottoms/code/Copperbottoms/ros_ws/install/imu_pose_estimate:/home/copperbottoms/code/Copperbottoms/ros_ws/install/custom_messages:/home/copperbottoms/code/Copperbottoms/ros_ws/install/camera_navigation:/opt/ros/humble CMAKE_PREFIX_PATH=/home/copperbottoms/code/Copperbottoms/ros_ws/install/robo_rover:/home/copperbottoms/code/Copperbottoms/ros_ws/install/custom_messages:/home/copperbottoms/code/Copperbottoms/ros_ws/install/rplidar_ros:/home/copperbottoms/code/Copperbottoms/ros_ws/install/amy_test:/home/copperbottoms/code/Copperbottoms/ros_ws/install/rf2o_laser_odometry:/home/copperbottoms/code/Copperbottoms/ros_ws/install/visualize_sensors:/home/copperbottoms/code/Copperbottoms/ros_ws/install/realsense_publisher:/home/copperbottoms/code/Copperbottoms/ros_ws/install/obstacle_avoidance:/home/copperbottoms/code/Copperbottoms/ros_ws/install/landmark_slam:/home/copperbottoms/code/Copperbottoms/ros_ws/install/imu_pose_estimate:/home/copperbottoms/code/Copperbottoms/ros_ws/install/camera_navigation:/opt/ros/humble LD_LIBRARY_PATH=/home/copperbottoms/code/Copperbottoms/ros_ws/install/custom_messages/lib:/home/copperbottoms/code/Copperbottoms/ros_ws/install/amy_test/lib:/opt/ros/humble/opt/rviz_ogre_vendor/lib:/opt/ros/humble/lib/aarch64-linux-gnu:/opt/ros/humble/lib PYTHONPATH=/home/copperbottoms/code/Copperbottoms/ros_ws/install/realsense_publisher/lib/python3.10/site-packages:/home/copperbottoms/code/Copperbottoms/ros_ws/install/visualize_sensors/lib/python3.10/site-packages:/home/copperbottoms/code/Copperbottoms/ros_ws/install/stop_sign/lib/python3.10/site-packages:/home/copperbottoms/code/Copperbottoms/ros_ws/install/amy_test/local/lib/python3.10/dist-packages:/home/copperbottoms/code/Copperbottoms/ros_ws/install/amy_test/lib/python3.10/site-packages:/home/copperbottoms/code/Copperbottoms/ros_ws/install/robo_rover/local/lib/python3.10/dist-packages:/home/copperbottoms/code/Copperbottoms/ros_ws/install/obstacle_avoidance/lib/python3.10/site-packages:/home/copperbottoms/code/Copperbottoms/ros_ws/install/landmark_slam/lib/python3.10/site-packages:/home/copperbottoms/code/Copperbottoms/ros_ws/install/imu_pose_estimate/lib/python3.10/site-packages:/home/copperbottoms/code/Copperbottoms/ros_ws/install/custom_messages/local/lib/python3.10/dist-packages:/home/copperbottoms/code/Copperbottoms/ros_ws/install/camera_navigation/lib/python3.10/site-packages:/opt/ros/humble/lib/python3.10/site-packages:/opt/ros/humble/local/lib/python3.10/dist-packages /usr/bin/cmake --build /home/copperbottoms/code/Copperbottoms/ros_ws/build/amy_test -- -j4 -l4
[7.323s] DEBUG:colcon.colcon_core.event_handler.log_command:Invoked command in '/home/copperbottoms/code/Copperbottoms/ros_ws/build/amy_test' returned '0': AMENT_PREFIX_PATH=/home/copperbottoms/code/Copperbottoms/ros_ws/install/realsense_publisher:/home/copperbottoms/code/Copperbottoms/ros_ws/install/visualize_sensors:/home/copperbottoms/code/Copperbottoms/ros_ws/install/rplidar_ros:/home/copperbottoms/code/Copperbottoms/ros_ws/install/amy_test:/home/copperbottoms/code/Copperbottoms/ros_ws/install/robo_rover:/home/copperbottoms/code/Copperbottoms/ros_ws/install/rf2o_laser_odometry:/home/copperbottoms/code/Copperbottoms/ros_ws/install/obstacle_avoidance:/home/copperbottoms/code/Copperbottoms/ros_ws/install/landmark_slam:/home/copperbottoms/code/Copperbottoms/ros_ws/install/imu_pose_estimate:/home/copperbottoms/code/Copperbottoms/ros_ws/install/custom_messages:/home/copperbottoms/code/Copperbottoms/ros_ws/install/camera_navigation:/opt/ros/humble CMAKE_PREFIX_PATH=/home/copperbottoms/code/Copperbottoms/ros_ws/install/robo_rover:/home/copperbottoms/code/Copperbottoms/ros_ws/install/custom_messages:/home/copperbottoms/code/Copperbottoms/ros_ws/install/rplidar_ros:/home/copperbottoms/code/Copperbottoms/ros_ws/install/amy_test:/home/copperbottoms/code/Copperbottoms/ros_ws/install/rf2o_laser_odometry:/home/copperbottoms/code/Copperbottoms/ros_ws/install/visualize_sensors:/home/copperbottoms/code/Copperbottoms/ros_ws/install/realsense_publisher:/home/copperbottoms/code/Copperbottoms/ros_ws/install/obstacle_avoidance:/home/copperbottoms/code/Copperbottoms/ros_ws/install/landmark_slam:/home/copperbottoms/code/Copperbottoms/ros_ws/install/imu_pose_estimate:/home/copperbottoms/code/Copperbottoms/ros_ws/install/camera_navigation:/opt/ros/humble LD_LIBRARY_PATH=/home/copperbottoms/code/Copperbottoms/ros_ws/install/custom_messages/lib:/home/copperbottoms/code/Copperbottoms/ros_ws/install/amy_test/lib:/opt/ros/humble/opt/rviz_ogre_vendor/lib:/opt/ros/humble/lib/aarch64-linux-gnu:/opt/ros/humble/lib PYTHONPATH=/home/copperbottoms/code/Copperbottoms/ros_ws/install/realsense_publisher/lib/python3.10/site-packages:/home/copperbottoms/code/Copperbottoms/ros_ws/install/visualize_sensors/lib/python3.10/site-packages:/home/copperbottoms/code/Copperbottoms/ros_ws/install/stop_sign/lib/python3.10/site-packages:/home/copperbottoms/code/Copperbottoms/ros_ws/install/amy_test/local/lib/python3.10/dist-packages:/home/copperbottoms/code/Copperbottoms/ros_ws/install/amy_test/lib/python3.10/site-packages:/home/copperbottoms/code/Copperbottoms/ros_ws/install/robo_rover/local/lib/python3.10/dist-packages:/home/copperbottoms/code/Copperbottoms/ros_ws/install/obstacle_avoidance/lib/python3.10/site-packages:/home/copperbottoms/code/Copperbottoms/ros_ws/install/landmark_slam/lib/python3.10/site-packages:/home/copperbottoms/code/Copperbottoms/ros_ws/install/imu_pose_estimate/lib/python3.10/site-packages:/home/copperbottoms/code/Copperbottoms/ros_ws/install/custom_messages/local/lib/python3.10/dist-packages:/home/copperbottoms/code/Copperbottoms/ros_ws/install/camera_navigation/lib/python3.10/site-packages:/opt/ros/humble/lib/python3.10/site-packages:/opt/ros/humble/local/lib/python3.10/dist-packages /usr/bin/cmake --build /home/copperbottoms/code/Copperbottoms/ros_ws/build/amy_test -- -j4 -l4
[7.376s] DEBUG:colcon.colcon_core.event_handler.log_command:Invoking command in '/home/copperbottoms/code/Copperbottoms/ros_ws/build/amy_test': AMENT_PREFIX_PATH=/home/copperbottoms/code/Copperbottoms/ros_ws/install/realsense_publisher:/home/copperbottoms/code/Copperbottoms/ros_ws/install/visualize_sensors:/home/copperbottoms/code/Copperbottoms/ros_ws/install/rplidar_ros:/home/copperbottoms/code/Copperbottoms/ros_ws/install/amy_test:/home/copperbottoms/code/Copperbottoms/ros_ws/install/robo_rover:/home/copperbottoms/code/Copperbottoms/ros_ws/install/rf2o_laser_odometry:/home/copperbottoms/code/Copperbottoms/ros_ws/install/obstacle_avoidance:/home/copperbottoms/code/Copperbottoms/ros_ws/install/landmark_slam:/home/copperbottoms/code/Copperbottoms/ros_ws/install/imu_pose_estimate:/home/copperbottoms/code/Copperbottoms/ros_ws/install/custom_messages:/home/copperbottoms/code/Copperbottoms/ros_ws/install/camera_navigation:/opt/ros/humble CMAKE_PREFIX_PATH=/home/copperbottoms/code/Copperbottoms/ros_ws/install/robo_rover:/home/copperbottoms/code/Copperbottoms/ros_ws/install/custom_messages:/home/copperbottoms/code/Copperbottoms/ros_ws/install/rplidar_ros:/home/copperbottoms/code/Copperbottoms/ros_ws/install/amy_test:/home/copperbottoms/code/Copperbottoms/ros_ws/install/rf2o_laser_odometry:/home/copperbottoms/code/Copperbottoms/ros_ws/install/visualize_sensors:/home/copperbottoms/code/Copperbottoms/ros_ws/install/realsense_publisher:/home/copperbottoms/code/Copperbottoms/ros_ws/install/obstacle_avoidance:/home/copperbottoms/code/Copperbottoms/ros_ws/install/landmark_slam:/home/copperbottoms/code/Copperbottoms/ros_ws/install/imu_pose_estimate:/home/copperbottoms/code/Copperbottoms/ros_ws/install/camera_navigation:/opt/ros/humble LD_LIBRARY_PATH=/home/copperbottoms/code/Copperbottoms/ros_ws/install/custom_messages/lib:/home/copperbottoms/code/Copperbottoms/ros_ws/install/amy_test/lib:/opt/ros/humble/opt/rviz_ogre_vendor/lib:/opt/ros/humble/lib/aarch64-linux-gnu:/opt/ros/humble/lib PYTHONPATH=/home/copperbottoms/code/Copperbottoms/ros_ws/install/realsense_publisher/lib/python3.10/site-packages:/home/copperbottoms/code/Copperbottoms/ros_ws/install/visualize_sensors/lib/python3.10/site-packages:/home/copperbottoms/code/Copperbottoms/ros_ws/install/stop_sign/lib/python3.10/site-packages:/home/copperbottoms/code/Copperbottoms/ros_ws/install/amy_test/local/lib/python3.10/dist-packages:/home/copperbottoms/code/Copperbottoms/ros_ws/install/amy_test/lib/python3.10/site-packages:/home/copperbottoms/code/Copperbottoms/ros_ws/install/robo_rover/local/lib/python3.10/dist-packages:/home/copperbottoms/code/Copperbottoms/ros_ws/install/obstacle_avoidance/lib/python3.10/site-packages:/home/copperbottoms/code/Copperbottoms/ros_ws/install/landmark_slam/lib/python3.10/site-packages:/home/copperbottoms/code/Copperbottoms/ros_ws/install/imu_pose_estimate/lib/python3.10/site-packages:/home/copperbottoms/code/Copperbottoms/ros_ws/install/custom_messages/local/lib/python3.10/dist-packages:/home/copperbottoms/code/Copperbottoms/ros_ws/install/camera_navigation/lib/python3.10/site-packages:/opt/ros/humble/lib/python3.10/site-packages:/opt/ros/humble/local/lib/python3.10/dist-packages /usr/bin/cmake --install /home/copperbottoms/code/Copperbottoms/ros_ws/build/amy_test
[7.890s] Level 1:colcon.colcon_core.environment:create_environment_scripts_only(amy_test)
[7.893s] DEBUG:colcon.colcon_core.event_handler.log_command:Invoked command in '/home/copperbottoms/code/Copperbottoms/ros_ws/build/amy_test' returned '0': AMENT_PREFIX_PATH=/home/copperbottoms/code/Copperbottoms/ros_ws/install/realsense_publisher:/home/copperbottoms/code/Copperbottoms/ros_ws/install/visualize_sensors:/home/copperbottoms/code/Copperbottoms/ros_ws/install/rplidar_ros:/home/copperbottoms/code/Copperbottoms/ros_ws/install/amy_test:/home/copperbottoms/code/Copperbottoms/ros_ws/install/robo_rover:/home/copperbottoms/code/Copperbottoms/ros_ws/install/rf2o_laser_odometry:/home/copperbottoms/code/Copperbottoms/ros_ws/install/obstacle_avoidance:/home/copperbottoms/code/Copperbottoms/ros_ws/install/landmark_slam:/home/copperbottoms/code/Copperbottoms/ros_ws/install/imu_pose_estimate:/home/copperbottoms/code/Copperbottoms/ros_ws/install/custom_messages:/home/copperbottoms/code/Copperbottoms/ros_ws/install/camera_navigation:/opt/ros/humble CMAKE_PREFIX_PATH=/home/copperbottoms/code/Copperbottoms/ros_ws/install/robo_rover:/home/copperbottoms/code/Copperbottoms/ros_ws/install/custom_messages:/home/copperbottoms/code/Copperbottoms/ros_ws/install/rplidar_ros:/home/copperbottoms/code/Copperbottoms/ros_ws/install/amy_test:/home/copperbottoms/code/Copperbottoms/ros_ws/install/rf2o_laser_odometry:/home/copperbottoms/code/Copperbottoms/ros_ws/install/visualize_sensors:/home/copperbottoms/code/Copperbottoms/ros_ws/install/realsense_publisher:/home/copperbottoms/code/Copperbottoms/ros_ws/install/obstacle_avoidance:/home/copperbottoms/code/Copperbottoms/ros_ws/install/landmark_slam:/home/copperbottoms/code/Copperbottoms/ros_ws/install/imu_pose_estimate:/home/copperbottoms/code/Copperbottoms/ros_ws/install/camera_navigation:/opt/ros/humble LD_LIBRARY_PATH=/home/copperbottoms/code/Copperbottoms/ros_ws/install/custom_messages/lib:/home/copperbottoms/code/Copperbottoms/ros_ws/install/amy_test/lib:/opt/ros/humble/opt/rviz_ogre_vendor/lib:/opt/ros/humble/lib/aarch64-linux-gnu:/opt/ros/humble/lib PYTHONPATH=/home/copperbottoms/code/Copperbottoms/ros_ws/install/realsense_publisher/lib/python3.10/site-packages:/home/copperbottoms/code/Copperbottoms/ros_ws/install/visualize_sensors/lib/python3.10/site-packages:/home/copperbottoms/code/Copperbottoms/ros_ws/install/stop_sign/lib/python3.10/site-packages:/home/copperbottoms/code/Copperbottoms/ros_ws/install/amy_test/local/lib/python3.10/dist-packages:/home/copperbottoms/code/Copperbottoms/ros_ws/install/amy_test/lib/python3.10/site-packages:/home/copperbottoms/code/Copperbottoms/ros_ws/install/robo_rover/local/lib/python3.10/dist-packages:/home/copperbottoms/code/Copperbottoms/ros_ws/install/obstacle_avoidance/lib/python3.10/site-packages:/home/copperbottoms/code/Copperbottoms/ros_ws/install/landmark_slam/lib/python3.10/site-packages:/home/copperbottoms/code/Copperbottoms/ros_ws/install/imu_pose_estimate/lib/python3.10/site-packages:/home/copperbottoms/code/Copperbottoms/ros_ws/install/custom_messages/local/lib/python3.10/dist-packages:/home/copperbottoms/code/Copperbottoms/ros_ws/install/camera_navigation/lib/python3.10/site-packages:/opt/ros/humble/lib/python3.10/site-packages:/opt/ros/humble/local/lib/python3.10/dist-packages /usr/bin/cmake --install /home/copperbottoms/code/Copperbottoms/ros_ws/build/amy_test
[7.935s] Level 1:colcon.colcon_core.environment:checking '/home/copperbottoms/code/Copperbottoms/ros_ws/install/amy_test' for CMake module files
[7.941s] Level 1:colcon.colcon_core.environment:checking '/home/copperbottoms/code/Copperbottoms/ros_ws/install/amy_test' for CMake config files
[7.950s] Level 1:colcon.colcon_core.shell:create_environment_hook('amy_test', 'cmake_prefix_path')
[7.952s] INFO:colcon.colcon_core.shell:Creating environment hook '/home/copperbottoms/code/Copperbottoms/ros_ws/install/amy_test/share/amy_test/hook/cmake_prefix_path.ps1'
[7.960s] INFO:colcon.colcon_core.shell:Creating environment descriptor '/home/copperbottoms/code/Copperbottoms/ros_ws/install/amy_test/share/amy_test/hook/cmake_prefix_path.dsv'
[7.966s] INFO:colcon.colcon_core.shell:Creating environment hook '/home/copperbottoms/code/Copperbottoms/ros_ws/install/amy_test/share/amy_test/hook/cmake_prefix_path.sh'
[7.976s] Level 1:colcon.colcon_core.environment:checking '/home/copperbottoms/code/Copperbottoms/ros_ws/install/amy_test/lib'
[7.978s] Level 1:colcon.colcon_core.shell:create_environment_hook('amy_test', 'ld_library_path_lib')
[7.979s] INFO:colcon.colcon_core.shell:Creating environment hook '/home/copperbottoms/code/Copperbottoms/ros_ws/install/amy_test/share/amy_test/hook/ld_library_path_lib.ps1'
[7.983s] INFO:colcon.colcon_core.shell:Creating environment descriptor '/home/copperbottoms/code/Copperbottoms/ros_ws/install/amy_test/share/amy_test/hook/ld_library_path_lib.dsv'
[7.985s] INFO:colcon.colcon_core.shell:Creating environment hook '/home/copperbottoms/code/Copperbottoms/ros_ws/install/amy_test/share/amy_test/hook/ld_library_path_lib.sh'
[7.989s] Level 1:colcon.colcon_core.environment:checking '/home/copperbottoms/code/Copperbottoms/ros_ws/install/amy_test/bin'
[7.989s] Level 1:colcon.colcon_core.environment:checking '/home/copperbottoms/code/Copperbottoms/ros_ws/install/amy_test/lib/pkgconfig/amy_test.pc'
[7.991s] Level 1:colcon.colcon_core.environment:checking '/home/copperbottoms/code/Copperbottoms/ros_ws/install/amy_test/lib/python3.10/site-packages'
[7.991s] Level 1:colcon.colcon_core.shell:create_environment_hook('amy_test', 'pythonpath')
[7.993s] INFO:colcon.colcon_core.shell:Creating environment hook '/home/copperbottoms/code/Copperbottoms/ros_ws/install/amy_test/share/amy_test/hook/pythonpath.ps1'
[7.995s] INFO:colcon.colcon_core.shell:Creating environment descriptor '/home/copperbottoms/code/Copperbottoms/ros_ws/install/amy_test/share/amy_test/hook/pythonpath.dsv'
[7.998s] INFO:colcon.colcon_core.shell:Creating environment hook '/home/copperbottoms/code/Copperbottoms/ros_ws/install/amy_test/share/amy_test/hook/pythonpath.sh'
[8.003s] Level 1:colcon.colcon_core.environment:checking '/home/copperbottoms/code/Copperbottoms/ros_ws/install/amy_test/bin'
[8.005s] INFO:colcon.colcon_core.shell:Creating package script '/home/copperbottoms/code/Copperbottoms/ros_ws/install/amy_test/share/amy_test/package.ps1'
[8.011s] INFO:colcon.colcon_core.shell:Creating package descriptor '/home/copperbottoms/code/Copperbottoms/ros_ws/install/amy_test/share/amy_test/package.dsv'
[8.019s] INFO:colcon.colcon_core.shell:Creating package script '/home/copperbottoms/code/Copperbottoms/ros_ws/install/amy_test/share/amy_test/package.sh'
[8.028s] INFO:colcon.colcon_core.shell:Creating package script '/home/copperbottoms/code/Copperbottoms/ros_ws/install/amy_test/share/amy_test/package.bash'
[8.038s] INFO:colcon.colcon_core.shell:Creating package script '/home/copperbottoms/code/Copperbottoms/ros_ws/install/amy_test/share/amy_test/package.zsh'
[8.047s] Level 1:colcon.colcon_core.environment:create_file_with_runtime_dependencies(/home/copperbottoms/code/Copperbottoms/ros_ws/install/amy_test/share/colcon-core/packages/amy_test)
[8.052s] Level 1:colcon.colcon_core.environment:create_environment_scripts_only(amy_test)
[8.053s] Level 1:colcon.colcon_core.environment:checking '/home/copperbottoms/code/Copperbottoms/ros_ws/install/amy_test' for CMake module files
[8.060s] Level 1:colcon.colcon_core.environment:checking '/home/copperbottoms/code/Copperbottoms/ros_ws/install/amy_test' for CMake config files
[8.069s] Level 1:colcon.colcon_core.shell:create_environment_hook('amy_test', 'cmake_prefix_path')
[8.070s] INFO:colcon.colcon_core.shell:Creating environment hook '/home/copperbottoms/code/Copperbottoms/ros_ws/install/amy_test/share/amy_test/hook/cmake_prefix_path.ps1'
[8.074s] INFO:colcon.colcon_core.shell:Creating environment descriptor '/home/copperbottoms/code/Copperbottoms/ros_ws/install/amy_test/share/amy_test/hook/cmake_prefix_path.dsv'
[8.077s] INFO:colcon.colcon_core.shell:Creating environment hook '/home/copperbottoms/code/Copperbottoms/ros_ws/install/amy_test/share/amy_test/hook/cmake_prefix_path.sh'
[8.081s] Level 1:colcon.colcon_core.environment:checking '/home/copperbottoms/code/Copperbottoms/ros_ws/install/amy_test/lib'
[8.082s] Level 1:colcon.colcon_core.shell:create_environment_hook('amy_test', 'ld_library_path_lib')
[8.083s] INFO:colcon.colcon_core.shell:Creating environment hook '/home/copperbottoms/code/Copperbottoms/ros_ws/install/amy_test/share/amy_test/hook/ld_library_path_lib.ps1'
[8.087s] INFO:colcon.colcon_core.shell:Creating environment descriptor '/home/copperbottoms/code/Copperbottoms/ros_ws/install/amy_test/share/amy_test/hook/ld_library_path_lib.dsv'
[8.090s] INFO:colcon.colcon_core.shell:Creating environment hook '/home/copperbottoms/code/Copperbottoms/ros_ws/install/amy_test/share/amy_test/hook/ld_library_path_lib.sh'
[8.093s] Level 1:colcon.colcon_core.environment:checking '/home/copperbottoms/code/Copperbottoms/ros_ws/install/amy_test/bin'
[8.094s] Level 1:colcon.colcon_core.environment:checking '/home/copperbottoms/code/Copperbottoms/ros_ws/install/amy_test/lib/pkgconfig/amy_test.pc'
[8.095s] Level 1:colcon.colcon_core.environment:checking '/home/copperbottoms/code/Copperbottoms/ros_ws/install/amy_test/lib/python3.10/site-packages'
[8.096s] Level 1:colcon.colcon_core.shell:create_environment_hook('amy_test', 'pythonpath')
[8.097s] INFO:colcon.colcon_core.shell:Creating environment hook '/home/copperbottoms/code/Copperbottoms/ros_ws/install/amy_test/share/amy_test/hook/pythonpath.ps1'
[8.101s] INFO:colcon.colcon_core.shell:Creating environment descriptor '/home/copperbottoms/code/Copperbottoms/ros_ws/install/amy_test/share/amy_test/hook/pythonpath.dsv'
[8.103s] INFO:colcon.colcon_core.shell:Creating environment hook '/home/copperbottoms/code/Copperbottoms/ros_ws/install/amy_test/share/amy_test/hook/pythonpath.sh'
[8.107s] Level 1:colcon.colcon_core.environment:checking '/home/copperbottoms/code/Copperbottoms/ros_ws/install/amy_test/bin'
[8.109s] INFO:colcon.colcon_core.shell:Creating package script '/home/copperbottoms/code/Copperbottoms/ros_ws/install/amy_test/share/amy_test/package.ps1'
[8.113s] INFO:colcon.colcon_core.shell:Creating package descriptor '/home/copperbottoms/code/Copperbottoms/ros_ws/install/amy_test/share/amy_test/package.dsv'
[8.116s] INFO:colcon.colcon_core.shell:Creating package script '/home/copperbottoms/code/Copperbottoms/ros_ws/install/amy_test/share/amy_test/package.sh'
[8.120s] INFO:colcon.colcon_core.shell:Creating package script '/home/copperbottoms/code/Copperbottoms/ros_ws/install/amy_test/share/amy_test/package.bash'
[8.122s] INFO:colcon.colcon_core.shell:Creating package script '/home/copperbottoms/code/Copperbottoms/ros_ws/install/amy_test/share/amy_test/package.zsh'
[8.126s] Level 1:colcon.colcon_core.environment:create_file_with_runtime_dependencies(/home/copperbottoms/code/Copperbottoms/ros_ws/install/amy_test/share/colcon-core/packages/amy_test)
[8.127s] DEBUG:colcon.colcon_parallel_executor.executor.parallel:closing loop
[8.129s] DEBUG:colcon.colcon_parallel_executor.executor.parallel:loop closed
[8.130s] DEBUG:colcon.colcon_parallel_executor.executor.parallel:run_until_complete finished with '0'
[8.130s] DEBUG:colcon.colcon_core.event_reactor:joining thread
[8.166s] INFO:colcon.colcon_core.plugin_system:Skipping extension 'colcon_notification.desktop_notification.terminal_notifier': Not used on non-Darwin systems
[8.167s] INFO:colcon.colcon_core.plugin_system:Skipping extension 'colcon_notification.desktop_notification.win32': Not used on non-Windows systems
[8.168s] INFO:colcon.colcon_notification.desktop_notification:Sending desktop notification using 'notify2'
[8.174s] DEBUG:colcon.colcon_notification.desktop_notification.notify2:Failed to initialize notify2: org.freedesktop.DBus.Error.ServiceUnknown: The name org.freedesktop.Notifications was not provided by any .service files
[8.174s] DEBUG:colcon.colcon_core.event_reactor:joined thread
[8.175s] INFO:colcon.colcon_core.shell:Creating prefix script '/home/copperbottoms/code/Copperbottoms/ros_ws/install/local_setup.ps1'
[8.181s] INFO:colcon.colcon_core.shell:Creating prefix util module '/home/copperbottoms/code/Copperbottoms/ros_ws/install/_local_setup_util_ps1.py'
[8.194s] INFO:colcon.colcon_core.shell:Creating prefix chain script '/home/copperbottoms/code/Copperbottoms/ros_ws/install/setup.ps1'
[8.205s] INFO:colcon.colcon_core.shell:Creating prefix script '/home/copperbottoms/code/Copperbottoms/ros_ws/install/local_setup.sh'
[8.212s] INFO:colcon.colcon_core.shell:Creating prefix util module '/home/copperbottoms/code/Copperbottoms/ros_ws/install/_local_setup_util_sh.py'
[8.216s] INFO:colcon.colcon_core.shell:Creating prefix chain script '/home/copperbottoms/code/Copperbottoms/ros_ws/install/setup.sh'
[8.228s] INFO:colcon.colcon_core.shell:Creating prefix script '/home/copperbottoms/code/Copperbottoms/ros_ws/install/local_setup.bash'
[8.235s] INFO:colcon.colcon_core.shell:Creating prefix chain script '/home/copperbottoms/code/Copperbottoms/ros_ws/install/setup.bash'
[8.245s] INFO:colcon.colcon_core.shell:Creating prefix script '/home/copperbottoms/code/Copperbottoms/ros_ws/install/local_setup.zsh'
[8.252s] INFO:colcon.colcon_core.shell:Creating prefix chain script '/home/copperbottoms/code/Copperbottoms/ros_ws/install/setup.zsh'
