-- The C compiler identification is GNU 11.4.0
-- The CXX compiler identification is GNU 11.4.0
-- Detecting C compiler ABI info
-- Detecting C compiler ABI info - done
-- Check for working C compiler: /usr/bin/cc - skipped
-- Detecting C compile features
-- Detecting C compile features - done
-- Detecting CXX compiler ABI info
-- Detecting CXX compiler ABI info - done
-- Check for working CXX compiler: /usr/bin/c++ - skipped
-- Detecting CXX compile features
-- Detecting CXX compile features - done
-- Found ament_cmake: 1.3.12 (/opt/ros/humble/share/ament_cmake/cmake)
-- Found Python3: /usr/bin/python3 (found version "3.10.12") found components: Interpreter 
-- Override CMake install command with custom implementation using symlinks instead of copying resources
-- Found rosidl_default_generators: 1.2.0 (/opt/ros/humble/share/rosidl_default_generators/cmake)
-- Using all available rosidl_typesupport_c: rosidl_typesupport_fastrtps_c;rosidl_typesupport_introspection_c
-- Found rosidl_adapter: 3.1.8 (/opt/ros/humble/share/rosidl_adapter/cmake)
-- Using all available rosidl_typesupport_cpp: rosidl_typesupport_fastrtps_cpp;rosidl_typesupport_introspection_cpp
-- Found ament_cmake_ros: 0.10.0 (/opt/ros/humble/share/ament_cmake_ros/cmake)
-- Using all available rosidl_typesupport_c: rosidl_typesupport_fastrtps_c;rosidl_typesupport_introspection_c
-- Using all available rosidl_typesupport_cpp: rosidl_typesupport_fastrtps_cpp;rosidl_typesupport_introspection_cpp
-- Found PythonInterp: /usr/bin/python3 (found suitable version "3.10.12", minimum required is "3.6") 
-- Found python_cmake_module: 0.10.0 (/opt/ros/humble/share/python_cmake_module/cmake)
-- Found PythonLibs: /usr/lib/aarch64-linux-gnu/libpython3.10.so (found suitable version "3.10.12", minimum required is "3.5") 
-- Using PYTHON_EXECUTABLE: /usr/bin/python3
-- Using PYTHON_INCLUDE_DIRS: /usr/include/python3.10
-- Using PYTHON_LIBRARIES: /usr/lib/aarch64-linux-gnu/libpython3.10.so
-- Found PythonExtra: .so  
-- Found ament_lint_auto: 0.12.14 (/opt/ros/humble/share/ament_lint_auto/cmake)
-- Added test 'lint_cmake' to check CMake code style
-- Added test 'xmllint' to check XML markup files
-- Configuring done
-- Generating done
-- Build files have been written to: /home/copperbottoms/code/Copperbottoms/ros_ws/build/custom_messages
[  3%] [34m[1mGenerating C code for ROS interfaces[0m
[  6%] [34m[1mGenerating C++ code for ROS interfaces[0m
[  6%] Built target ament_cmake_python_symlink_custom_messages
[  6%] Built target custom_messages__cpp
[  9%] [32mBuilding C object CMakeFiles/custom_messages__rosidl_generator_c.dir/rosidl_generator_c/custom_messages/msg/detail/slow__functions.c.o[0m
[ 12%] [34m[1mGenerating C++ introspection for ROS interfaces[0m
[ 16%] [34m[1mGenerating C++ type support dispatch for ROS interfaces[0m
[ 19%] [32m[1mLinking C shared library libcustom_messages__rosidl_generator_c.so[0m
running egg_info
creating custom_messages.egg-info
writing custom_messages.egg-info/PKG-INFO
writing dependency_links to custom_messages.egg-info/dependency_links.txt
writing top-level names to custom_messages.egg-info/top_level.txt
writing manifest file 'custom_messages.egg-info/SOURCES.txt'
reading manifest file 'custom_messages.egg-info/SOURCES.txt'
writing manifest file 'custom_messages.egg-info/SOURCES.txt'
[ 19%] Built target custom_messages__rosidl_generator_c
[ 22%] [34m[1mGenerating C++ type support for eProsima Fast-RTPS[0m
[ 22%] Built target ament_cmake_python_build_custom_messages_egg
[ 25%] [34m[1mGenerating C type support for eProsima Fast-RTPS[0m
[ 29%] [32mBuilding CXX object CMakeFiles/custom_messages__rosidl_typesupport_cpp.dir/rosidl_typesupport_cpp/custom_messages/msg/slow__type_support.cpp.o[0m
[ 32%] [32mBuilding CXX object CMakeFiles/custom_messages__rosidl_typesupport_introspection_cpp.dir/rosidl_typesupport_introspection_cpp/custom_messages/msg/detail/slow__type_support.cpp.o[0m
[ 35%] [32mBuilding CXX object CMakeFiles/custom_messages__rosidl_typesupport_fastrtps_c.dir/rosidl_typesupport_fastrtps_c/custom_messages/msg/detail/slow__type_support_c.cpp.o[0m
[ 38%] [32mBuilding CXX object CMakeFiles/custom_messages__rosidl_typesupport_fastrtps_cpp.dir/rosidl_typesupport_fastrtps_cpp/custom_messages/msg/detail/dds_fastrtps/slow__type_support.cpp.o[0m
[ 41%] [32m[1mLinking CXX shared library libcustom_messages__rosidl_typesupport_cpp.so[0m
[ 41%] Built target custom_messages__rosidl_typesupport_cpp
[ 45%] [34m[1mGenerating C introspection for ROS interfaces[0m
[ 48%] [32m[1mLinking CXX shared library libcustom_messages__rosidl_typesupport_introspection_cpp.so[0m
[ 48%] Built target custom_messages__rosidl_typesupport_introspection_cpp
[ 51%] [34m[1mGenerating C type support dispatch for ROS interfaces[0m
[ 54%] [32m[1mLinking CXX shared library libcustom_messages__rosidl_typesupport_fastrtps_c.so[0m
[ 58%] [32m[1mLinking CXX shared library libcustom_messages__rosidl_typesupport_fastrtps_cpp.so[0m
[ 61%] [32mBuilding C object CMakeFiles/custom_messages__rosidl_typesupport_introspection_c.dir/rosidl_typesupport_introspection_c/custom_messages/msg/detail/slow__type_support.c.o[0m
[ 61%] Built target custom_messages__rosidl_typesupport_fastrtps_c
[ 61%] Built target custom_messages__rosidl_typesupport_fastrtps_cpp
[ 64%] [32m[1mLinking C shared library libcustom_messages__rosidl_typesupport_introspection_c.so[0m
[ 64%] Built target custom_messages__rosidl_typesupport_introspection_c
[ 67%] [32mBuilding CXX object CMakeFiles/custom_messages__rosidl_typesupport_c.dir/rosidl_typesupport_c/custom_messages/msg/slow__type_support.cpp.o[0m
[ 70%] [32m[1mLinking CXX shared library libcustom_messages__rosidl_typesupport_c.so[0m
[ 70%] Built target custom_messages__rosidl_typesupport_c
[ 70%] Built target custom_messages
[ 74%] [34m[1mGenerating Python code for ROS interfaces[0m
[ 74%] Built target custom_messages__py
[ 77%] [32mBuilding C object CMakeFiles/custom_messages__rosidl_generator_py.dir/rosidl_generator_py/custom_messages/msg/_slow_s.c.o[0m
[ 80%] [32m[1mLinking C shared library rosidl_generator_py/custom_messages/libcustom_messages__rosidl_generator_py.so[0m
[ 80%] Built target custom_messages__rosidl_generator_py
[ 83%] [32mBuilding C object CMakeFiles/custom_messages__rosidl_typesupport_fastrtps_c__pyext.dir/rosidl_generator_py/custom_messages/_custom_messages_s.ep.rosidl_typesupport_fastrtps_c.c.o[0m
[ 87%] [32mBuilding C object CMakeFiles/custom_messages__rosidl_typesupport_introspection_c__pyext.dir/rosidl_generator_py/custom_messages/_custom_messages_s.ep.rosidl_typesupport_introspection_c.c.o[0m
[ 90%] [32mBuilding C object CMakeFiles/custom_messages__rosidl_typesupport_c__pyext.dir/rosidl_generator_py/custom_messages/_custom_messages_s.ep.rosidl_typesupport_c.c.o[0m
[ 93%] [32m[1mLinking C shared library rosidl_generator_py/custom_messages/custom_messages_s__rosidl_typesupport_c.cpython-310-aarch64-linux-gnu.so[0m
[ 96%] [32m[1mLinking C shared library rosidl_generator_py/custom_messages/custom_messages_s__rosidl_typesupport_fastrtps_c.cpython-310-aarch64-linux-gnu.so[0m
[100%] [32m[1mLinking C shared library rosidl_generator_py/custom_messages/custom_messages_s__rosidl_typesupport_introspection_c.cpython-310-aarch64-linux-gnu.so[0m
[100%] Built target custom_messages__rosidl_typesupport_c__pyext
[100%] Built target custom_messages__rosidl_typesupport_introspection_c__pyext
[100%] Built target custom_messages__rosidl_typesupport_fastrtps_c__pyext
-- Install configuration: ""
-- Execute custom install script
-- Symlinking: /home/copperbottoms/code/Copperbottoms/ros_ws/install/custom_messages/share/ament_index/resource_index/rosidl_interfaces/custom_messages
-- Symlinking: /home/copperbottoms/code/Copperbottoms/ros_ws/install/custom_messages/include/custom_messages/custom_messages/msg/detail/slow__functions.h
-- Symlinking: /home/copperbottoms/code/Copperbottoms/ros_ws/install/custom_messages/include/custom_messages/custom_messages/msg/detail/slow__struct.h
-- Symlinking: /home/copperbottoms/code/Copperbottoms/ros_ws/install/custom_messages/include/custom_messages/custom_messages/msg/detail/slow__type_support.h
-- Symlinking: /home/copperbottoms/code/Copperbottoms/ros_ws/install/custom_messages/include/custom_messages/custom_messages/msg/rosidl_generator_c__visibility_control.h
-- Symlinking: /home/copperbottoms/code/Copperbottoms/ros_ws/install/custom_messages/include/custom_messages/custom_messages/msg/slow.h
-- Symlinking: /home/copperbottoms/code/Copperbottoms/ros_ws/install/custom_messages/share/custom_messages/environment/library_path.sh
-- Symlinking: /home/copperbottoms/code/Copperbottoms/ros_ws/install/custom_messages/share/custom_messages/environment/library_path.dsv
-- Symlinking: /home/copperbottoms/code/Copperbottoms/ros_ws/install/custom_messages/include/custom_messages/custom_messages/msg/detail/slow__rosidl_typesupport_fastrtps_c.h
-- Symlinking: /home/copperbottoms/code/Copperbottoms/ros_ws/install/custom_messages/include/custom_messages/custom_messages/msg/rosidl_typesupport_fastrtps_c__visibility_control.h
-- Symlinking: /home/copperbottoms/code/Copperbottoms/ros_ws/install/custom_messages/include/custom_messages/custom_messages/msg/detail/slow__rosidl_typesupport_introspection_c.h
-- Symlinking: /home/copperbottoms/code/Copperbottoms/ros_ws/install/custom_messages/include/custom_messages/custom_messages/msg/rosidl_typesupport_introspection_c__visibility_control.h
-- Symlinking: /home/copperbottoms/code/Copperbottoms/ros_ws/install/custom_messages/include/custom_messages/custom_messages/msg/detail/slow__builder.hpp
-- Symlinking: /home/copperbottoms/code/Copperbottoms/ros_ws/install/custom_messages/include/custom_messages/custom_messages/msg/detail/slow__struct.hpp
-- Symlinking: /home/copperbottoms/code/Copperbottoms/ros_ws/install/custom_messages/include/custom_messages/custom_messages/msg/detail/slow__traits.hpp
-- Symlinking: /home/copperbottoms/code/Copperbottoms/ros_ws/install/custom_messages/include/custom_messages/custom_messages/msg/detail/slow__type_support.hpp
-- Symlinking: /home/copperbottoms/code/Copperbottoms/ros_ws/install/custom_messages/include/custom_messages/custom_messages/msg/rosidl_generator_cpp__visibility_control.hpp
-- Symlinking: /home/copperbottoms/code/Copperbottoms/ros_ws/install/custom_messages/include/custom_messages/custom_messages/msg/slow.hpp
-- Symlinking: /home/copperbottoms/code/Copperbottoms/ros_ws/install/custom_messages/include/custom_messages/custom_messages/msg/detail/slow__rosidl_typesupport_fastrtps_cpp.hpp
-- Symlinking: /home/copperbottoms/code/Copperbottoms/ros_ws/install/custom_messages/include/custom_messages/custom_messages/msg/rosidl_typesupport_fastrtps_cpp__visibility_control.h
-- Symlinking: /home/copperbottoms/code/Copperbottoms/ros_ws/install/custom_messages/include/custom_messages/custom_messages/msg/detail/slow__rosidl_typesupport_introspection_cpp.hpp
-- Symlinking: /home/copperbottoms/code/Copperbottoms/ros_ws/install/custom_messages/share/custom_messages/environment/pythonpath.sh
-- Symlinking: /home/copperbottoms/code/Copperbottoms/ros_ws/install/custom_messages/share/custom_messages/environment/pythonpath.dsv
-- Symlinking: /home/copperbottoms/code/Copperbottoms/ros_ws/install/custom_messages/local/lib/python3.10/dist-packages/custom_messages-0.0.0-py3.10.egg-info/PKG-INFO
-- Symlinking: /home/copperbottoms/code/Copperbottoms/ros_ws/install/custom_messages/local/lib/python3.10/dist-packages/custom_messages-0.0.0-py3.10.egg-info/SOURCES.txt
-- Symlinking: /home/copperbottoms/code/Copperbottoms/ros_ws/install/custom_messages/local/lib/python3.10/dist-packages/custom_messages-0.0.0-py3.10.egg-info/dependency_links.txt
-- Symlinking: /home/copperbottoms/code/Copperbottoms/ros_ws/install/custom_messages/local/lib/python3.10/dist-packages/custom_messages-0.0.0-py3.10.egg-info/top_level.txt
-- Symlinking: /home/copperbottoms/code/Copperbottoms/ros_ws/install/custom_messages/local/lib/python3.10/dist-packages/custom_messages/__init__.py
-- Symlinking: /home/copperbottoms/code/Copperbottoms/ros_ws/install/custom_messages/local/lib/python3.10/dist-packages/custom_messages/_custom_messages_s.ep.rosidl_typesupport_c.c
-- Symlinking: /home/copperbottoms/code/Copperbottoms/ros_ws/install/custom_messages/local/lib/python3.10/dist-packages/custom_messages/_custom_messages_s.ep.rosidl_typesupport_fastrtps_c.c
-- Symlinking: /home/copperbottoms/code/Copperbottoms/ros_ws/install/custom_messages/local/lib/python3.10/dist-packages/custom_messages/_custom_messages_s.ep.rosidl_typesupport_introspection_c.c
-- Symlinking: /home/copperbottoms/code/Copperbottoms/ros_ws/install/custom_messages/local/lib/python3.10/dist-packages/custom_messages/custom_messages_s__rosidl_typesupport_c.cpython-310-aarch64-linux-gnu.so
-- Symlinking: /home/copperbottoms/code/Copperbottoms/ros_ws/install/custom_messages/local/lib/python3.10/dist-packages/custom_messages/custom_messages_s__rosidl_typesupport_fastrtps_c.cpython-310-aarch64-linux-gnu.so
-- Symlinking: /home/copperbottoms/code/Copperbottoms/ros_ws/install/custom_messages/local/lib/python3.10/dist-packages/custom_messages/custom_messages_s__rosidl_typesupport_introspection_c.cpython-310-aarch64-linux-gnu.so
-- Symlinking: /home/copperbottoms/code/Copperbottoms/ros_ws/install/custom_messages/local/lib/python3.10/dist-packages/custom_messages/libcustom_messages__rosidl_generator_py.so
-- Symlinking: /home/copperbottoms/code/Copperbottoms/ros_ws/install/custom_messages/local/lib/python3.10/dist-packages/custom_messages/msg/__init__.py
-- Symlinking: /home/copperbottoms/code/Copperbottoms/ros_ws/install/custom_messages/local/lib/python3.10/dist-packages/custom_messages/msg/_slow.py
-- Symlinking: /home/copperbottoms/code/Copperbottoms/ros_ws/install/custom_messages/local/lib/python3.10/dist-packages/custom_messages/msg/_slow_s.c
-- Up-to-date symlink: /home/copperbottoms/code/Copperbottoms/ros_ws/install/custom_messages/local/lib/python3.10/dist-packages/custom_messages/custom_messages_s__rosidl_typesupport_fastrtps_c.cpython-310-aarch64-linux-gnu.so
-- Up-to-date symlink: /home/copperbottoms/code/Copperbottoms/ros_ws/install/custom_messages/local/lib/python3.10/dist-packages/custom_messages/custom_messages_s__rosidl_typesupport_introspection_c.cpython-310-aarch64-linux-gnu.so
-- Up-to-date symlink: /home/copperbottoms/code/Copperbottoms/ros_ws/install/custom_messages/local/lib/python3.10/dist-packages/custom_messages/custom_messages_s__rosidl_typesupport_c.cpython-310-aarch64-linux-gnu.so
-- Symlinking: /home/copperbottoms/code/Copperbottoms/ros_ws/install/custom_messages/share/custom_messages/msg/Slow.idl
-- Symlinking: /home/copperbottoms/code/Copperbottoms/ros_ws/install/custom_messages/share/custom_messages/msg/Slow.msg
-- Symlinking: /home/copperbottoms/code/Copperbottoms/ros_ws/install/custom_messages/share/ament_index/resource_index/package_run_dependencies/custom_messages
-- Symlinking: /home/copperbottoms/code/Copperbottoms/ros_ws/install/custom_messages/share/ament_index/resource_index/parent_prefix_path/custom_messages
-- Symlinking: /home/copperbottoms/code/Copperbottoms/ros_ws/install/custom_messages/share/custom_messages/environment/ament_prefix_path.sh
-- Symlinking: /home/copperbottoms/code/Copperbottoms/ros_ws/install/custom_messages/share/custom_messages/environment/ament_prefix_path.dsv
-- Symlinking: /home/copperbottoms/code/Copperbottoms/ros_ws/install/custom_messages/share/custom_messages/environment/path.sh
-- Symlinking: /home/copperbottoms/code/Copperbottoms/ros_ws/install/custom_messages/share/custom_messages/environment/path.dsv
-- Symlinking: /home/copperbottoms/code/Copperbottoms/ros_ws/install/custom_messages/share/custom_messages/local_setup.bash
-- Symlinking: /home/copperbottoms/code/Copperbottoms/ros_ws/install/custom_messages/share/custom_messages/local_setup.sh
-- Symlinking: /home/copperbottoms/code/Copperbottoms/ros_ws/install/custom_messages/share/custom_messages/local_setup.zsh
-- Symlinking: /home/copperbottoms/code/Copperbottoms/ros_ws/install/custom_messages/share/custom_messages/local_setup.dsv
-- Symlinking: /home/copperbottoms/code/Copperbottoms/ros_ws/install/custom_messages/share/custom_messages/package.dsv
-- Symlinking: /home/copperbottoms/code/Copperbottoms/ros_ws/install/custom_messages/share/ament_index/resource_index/packages/custom_messages
-- Symlinking: /home/copperbottoms/code/Copperbottoms/ros_ws/install/custom_messages/share/custom_messages/cmake/rosidl_cmake-extras.cmake
-- Symlinking: /home/copperbottoms/code/Copperbottoms/ros_ws/install/custom_messages/share/custom_messages/cmake/ament_cmake_export_include_directories-extras.cmake
-- Symlinking: /home/copperbottoms/code/Copperbottoms/ros_ws/install/custom_messages/share/custom_messages/cmake/ament_cmake_export_libraries-extras.cmake
-- Symlinking: /home/copperbottoms/code/Copperbottoms/ros_ws/install/custom_messages/share/custom_messages/cmake/ament_cmake_export_targets-extras.cmake
-- Symlinking: /home/copperbottoms/code/Copperbottoms/ros_ws/install/custom_messages/share/custom_messages/cmake/rosidl_cmake_export_typesupport_targets-extras.cmake
-- Symlinking: /home/copperbottoms/code/Copperbottoms/ros_ws/install/custom_messages/share/custom_messages/cmake/ament_cmake_export_dependencies-extras.cmake
-- Symlinking: /home/copperbottoms/code/Copperbottoms/ros_ws/install/custom_messages/share/custom_messages/cmake/rosidl_cmake_export_typesupport_libraries-extras.cmake
-- Symlinking: /home/copperbottoms/code/Copperbottoms/ros_ws/install/custom_messages/share/custom_messages/cmake/custom_messagesConfig.cmake
-- Symlinking: /home/copperbottoms/code/Copperbottoms/ros_ws/install/custom_messages/share/custom_messages/cmake/custom_messagesConfig-version.cmake
-- Symlinking: /home/copperbottoms/code/Copperbottoms/ros_ws/install/custom_messages/share/custom_messages/package.xml
-- Installing: /home/copperbottoms/code/Copperbottoms/ros_ws/install/custom_messages/lib/libcustom_messages__rosidl_generator_c.so
-- Set runtime path of "/home/copperbottoms/code/Copperbottoms/ros_ws/install/custom_messages/lib/libcustom_messages__rosidl_generator_c.so" to ""
-- Installing: /home/copperbottoms/code/Copperbottoms/ros_ws/install/custom_messages/lib/libcustom_messages__rosidl_typesupport_fastrtps_c.so
-- Set runtime path of "/home/copperbottoms/code/Copperbottoms/ros_ws/install/custom_messages/lib/libcustom_messages__rosidl_typesupport_fastrtps_c.so" to ""
-- Installing: /home/copperbottoms/code/Copperbottoms/ros_ws/install/custom_messages/lib/libcustom_messages__rosidl_typesupport_introspection_c.so
-- Set runtime path of "/home/copperbottoms/code/Copperbottoms/ros_ws/install/custom_messages/lib/libcustom_messages__rosidl_typesupport_introspection_c.so" to ""
-- Installing: /home/copperbottoms/code/Copperbottoms/ros_ws/install/custom_messages/lib/libcustom_messages__rosidl_typesupport_c.so
-- Set runtime path of "/home/copperbottoms/code/Copperbottoms/ros_ws/install/custom_messages/lib/libcustom_messages__rosidl_typesupport_c.so" to ""
-- Installing: /home/copperbottoms/code/Copperbottoms/ros_ws/install/custom_messages/lib/libcustom_messages__rosidl_typesupport_fastrtps_cpp.so
-- Set runtime path of "/home/copperbottoms/code/Copperbottoms/ros_ws/install/custom_messages/lib/libcustom_messages__rosidl_typesupport_fastrtps_cpp.so" to ""
-- Installing: /home/copperbottoms/code/Copperbottoms/ros_ws/install/custom_messages/lib/libcustom_messages__rosidl_typesupport_introspection_cpp.so
-- Set runtime path of "/home/copperbottoms/code/Copperbottoms/ros_ws/install/custom_messages/lib/libcustom_messages__rosidl_typesupport_introspection_cpp.so" to ""
-- Installing: /home/copperbottoms/code/Copperbottoms/ros_ws/install/custom_messages/lib/libcustom_messages__rosidl_typesupport_cpp.so
-- Set runtime path of "/home/copperbottoms/code/Copperbottoms/ros_ws/install/custom_messages/lib/libcustom_messages__rosidl_typesupport_cpp.so" to ""
Listing '/home/copperbottoms/code/Copperbottoms/ros_ws/install/custom_messages/local/lib/python3.10/dist-packages/custom_messages'...
Compiling '/home/copperbottoms/code/Copperbottoms/ros_ws/install/custom_messages/local/lib/python3.10/dist-packages/custom_messages/__init__.py'...
Listing '/home/copperbottoms/code/Copperbottoms/ros_ws/install/custom_messages/local/lib/python3.10/dist-packages/custom_messages/msg'...
Compiling '/home/copperbottoms/code/Copperbottoms/ros_ws/install/custom_messages/local/lib/python3.10/dist-packages/custom_messages/msg/__init__.py'...
Compiling '/home/copperbottoms/code/Copperbottoms/ros_ws/install/custom_messages/local/lib/python3.10/dist-packages/custom_messages/msg/_slow.py'...
-- Installing: /home/copperbottoms/code/Copperbottoms/ros_ws/install/custom_messages/lib/libcustom_messages__rosidl_generator_py.so
-- Set runtime path of "/home/copperbottoms/code/Copperbottoms/ros_ws/install/custom_messages/lib/libcustom_messages__rosidl_generator_py.so" to ""
-- Installing: /home/copperbottoms/code/Copperbottoms/ros_ws/install/custom_messages/share/custom_messages/cmake/export_custom_messages__rosidl_generator_cExport.cmake
-- Installing: /home/copperbottoms/code/Copperbottoms/ros_ws/install/custom_messages/share/custom_messages/cmake/export_custom_messages__rosidl_generator_cExport-noconfig.cmake
-- Installing: /home/copperbottoms/code/Copperbottoms/ros_ws/install/custom_messages/share/custom_messages/cmake/export_custom_messages__rosidl_typesupport_fastrtps_cExport.cmake
-- Installing: /home/copperbottoms/code/Copperbottoms/ros_ws/install/custom_messages/share/custom_messages/cmake/export_custom_messages__rosidl_typesupport_fastrtps_cExport-noconfig.cmake
-- Installing: /home/copperbottoms/code/Copperbottoms/ros_ws/install/custom_messages/share/custom_messages/cmake/custom_messages__rosidl_typesupport_introspection_cExport.cmake
-- Installing: /home/copperbottoms/code/Copperbottoms/ros_ws/install/custom_messages/share/custom_messages/cmake/custom_messages__rosidl_typesupport_introspection_cExport-noconfig.cmake
-- Installing: /home/copperbottoms/code/Copperbottoms/ros_ws/install/custom_messages/share/custom_messages/cmake/custom_messages__rosidl_typesupport_cExport.cmake
-- Installing: /home/copperbottoms/code/Copperbottoms/ros_ws/install/custom_messages/share/custom_messages/cmake/custom_messages__rosidl_typesupport_cExport-noconfig.cmake
-- Installing: /home/copperbottoms/code/Copperbottoms/ros_ws/install/custom_messages/share/custom_messages/cmake/export_custom_messages__rosidl_generator_cppExport.cmake
-- Installing: /home/copperbottoms/code/Copperbottoms/ros_ws/install/custom_messages/share/custom_messages/cmake/export_custom_messages__rosidl_typesupport_fastrtps_cppExport.cmake
-- Installing: /home/copperbottoms/code/Copperbottoms/ros_ws/install/custom_messages/share/custom_messages/cmake/export_custom_messages__rosidl_typesupport_fastrtps_cppExport-noconfig.cmake
-- Installing: /home/copperbottoms/code/Copperbottoms/ros_ws/install/custom_messages/share/custom_messages/cmake/custom_messages__rosidl_typesupport_introspection_cppExport.cmake
-- Installing: /home/copperbottoms/code/Copperbottoms/ros_ws/install/custom_messages/share/custom_messages/cmake/custom_messages__rosidl_typesupport_introspection_cppExport-noconfig.cmake
-- Installing: /home/copperbottoms/code/Copperbottoms/ros_ws/install/custom_messages/share/custom_messages/cmake/custom_messages__rosidl_typesupport_cppExport.cmake
-- Installing: /home/copperbottoms/code/Copperbottoms/ros_ws/install/custom_messages/share/custom_messages/cmake/custom_messages__rosidl_typesupport_cppExport-noconfig.cmake
-- Installing: /home/copperbottoms/code/Copperbottoms/ros_ws/install/custom_messages/share/custom_messages/cmake/export_custom_messages__rosidl_generator_pyExport.cmake
-- Installing: /home/copperbottoms/code/Copperbottoms/ros_ws/install/custom_messages/share/custom_messages/cmake/export_custom_messages__rosidl_generator_pyExport-noconfig.cmake
