[4.782s] Invoking command in '/home/copperbottoms/code/Copperbottoms/ros_ws/src/stop_sign': PYTHONPATH=/home/copperbottoms/code/Copperbottoms/ros_ws/src/stop_sign/build/stop_sign/prefix_override:/usr/lib/python3/dist-packages/colcon_core/task/python/colcon_distutils_commands:/home/copperbottoms/code/Copperbottoms/ros_ws/src/stop_sign/install/stop_sign/lib/python3.10/site-packages:${PYTHONPATH} /usr/bin/python3 -W ignore:setup.py install is deprecated -W ignore:easy_install command is deprecated setup.py egg_info --egg-base build/stop_sign build --build-base /home/copperbottoms/code/Copperbottoms/ros_ws/src/stop_sign/build/stop_sign/build install --record /home/copperbottoms/code/Copperbottoms/ros_ws/src/stop_sign/build/stop_sign/install.log --single-version-externally-managed install_data
[6.522s] running egg_info
[6.527s] writing build/stop_sign/stop_sign.egg-info/PKG-INFO
[6.529s] writing dependency_links to build/stop_sign/stop_sign.egg-info/dependency_links.txt
[6.531s] writing entry points to build/stop_sign/stop_sign.egg-info/entry_points.txt
[6.533s] writing requirements to build/stop_sign/stop_sign.egg-info/requires.txt
[6.534s] writing top-level names to build/stop_sign/stop_sign.egg-info/top_level.txt
[6.545s] reading manifest file 'build/stop_sign/stop_sign.egg-info/SOURCES.txt'
[6.545s] adding license file 'LICENSE'
[6.549s] writing manifest file 'build/stop_sign/stop_sign.egg-info/SOURCES.txt'
[6.549s] running build
[6.550s] running build_py
[6.550s] copying stop_sign_detect/stop_sign_detect.py -> /home/copperbottoms/code/Copperbottoms/ros_ws/src/stop_sign/build/stop_sign/build/lib/stop_sign_detect
[6.552s] running install
[6.555s] running install_lib
[6.559s] copying /home/copperbottoms/code/Copperbottoms/ros_ws/src/stop_sign/build/stop_sign/build/lib/stop_sign_detect/stop_sign_detect.py -> /home/copperbottoms/code/Copperbottoms/ros_ws/src/stop_sign/install/stop_sign/lib/python3.10/site-packages/stop_sign_detect
[6.564s] byte-compiling /home/copperbottoms/code/Copperbottoms/ros_ws/src/stop_sign/install/stop_sign/lib/python3.10/site-packages/stop_sign_detect/stop_sign_detect.py to stop_sign_detect.cpython-310.pyc
[6.570s] running install_data
[6.573s] running install_egg_info
[6.583s] removing '/home/copperbottoms/code/Copperbottoms/ros_ws/src/stop_sign/install/stop_sign/lib/python3.10/site-packages/stop_sign-0.0.0-py3.10.egg-info' (and everything under it)
[6.585s] Copying build/stop_sign/stop_sign.egg-info to /home/copperbottoms/code/Copperbottoms/ros_ws/src/stop_sign/install/stop_sign/lib/python3.10/site-packages/stop_sign-0.0.0-py3.10.egg-info
[6.596s] running install_scripts
[6.716s] Installing stop_sign_detect script to /home/copperbottoms/code/Copperbottoms/ros_ws/src/stop_sign/install/stop_sign/lib/stop_sign
[6.720s] writing list of installed files to '/home/copperbottoms/code/Copperbottoms/ros_ws/src/stop_sign/build/stop_sign/install.log'
[6.886s] Invoked command in '/home/copperbottoms/code/Copperbottoms/ros_ws/src/stop_sign' returned '0': PYTHONPATH=/home/copperbottoms/code/Copperbottoms/ros_ws/src/stop_sign/build/stop_sign/prefix_override:/usr/lib/python3/dist-packages/colcon_core/task/python/colcon_distutils_commands:/home/copperbottoms/code/Copperbottoms/ros_ws/src/stop_sign/install/stop_sign/lib/python3.10/site-packages:${PYTHONPATH} /usr/bin/python3 -W ignore:setup.py install is deprecated -W ignore:easy_install command is deprecated setup.py egg_info --egg-base build/stop_sign build --build-base /home/copperbottoms/code/Copperbottoms/ros_ws/src/stop_sign/build/stop_sign/build install --record /home/copperbottoms/code/Copperbottoms/ros_ws/src/stop_sign/build/stop_sign/install.log --single-version-externally-managed install_data
