[8.278s] Invoking command in '/home/copperbottoms/code/Copperbottoms/ros_ws/build/camera_navigation': PYTHONPATH=/home/copperbottoms/code/Copperbottoms/ros_ws/build/camera_navigation/prefix_override:/usr/lib/python3/dist-packages/colcon_core/task/python/colcon_distutils_commands:/home/copperbottoms/code/Copperbottoms/ros_ws/install/camera_navigation/lib/python3.10/site-packages:${PYTHONPATH} /usr/bin/python3 -W ignore:setup.py install is deprecated -W ignore:easy_install command is deprecated setup.py develop --editable --build-directory /home/copperbottoms/code/Copperbottoms/ros_ws/build/camera_navigation/build --no-deps symlink_data
[11.012s] running develop
[13.791s] running egg_info
[13.794s] writing camera_navigation.egg-info/PKG-INFO
[13.798s] writing dependency_links to camera_navigation.egg-info/dependency_links.txt
[13.803s] writing entry points to camera_navigation.egg-info/entry_points.txt
[13.806s] writing requirements to camera_navigation.egg-info/requires.txt
[13.810s] writing top-level names to camera_navigation.egg-info/top_level.txt
[13.824s] reading manifest file 'camera_navigation.egg-info/SOURCES.txt'
[13.838s] writing manifest file 'camera_navigation.egg-info/SOURCES.txt'
[13.853s] running build_ext
[13.856s] Creating /home/copperbottoms/code/Copperbottoms/ros_ws/install/camera_navigation/lib/python3.10/site-packages/camera-navigation.egg-link (link to .)
[13.869s] Installing blue_follow script to /home/copperbottoms/code/Copperbottoms/ros_ws/install/camera_navigation/lib/camera_navigation
[13.881s] Installing follow_the_gap script to /home/copperbottoms/code/Copperbottoms/ros_ws/install/camera_navigation/lib/camera_navigation
[13.887s] Installing line_detection script to /home/copperbottoms/code/Copperbottoms/ros_ws/install/camera_navigation/lib/camera_navigation
[13.890s] Installing line_follow script to /home/copperbottoms/code/Copperbottoms/ros_ws/install/camera_navigation/lib/camera_navigation
[13.894s] Installing line_follow_V2 script to /home/copperbottoms/code/Copperbottoms/ros_ws/install/camera_navigation/lib/camera_navigation
[13.899s] Installing line_follow_daph script to /home/copperbottoms/code/Copperbottoms/ros_ws/install/camera_navigation/lib/camera_navigation
[13.901s] Installing mary_line_follow script to /home/copperbottoms/code/Copperbottoms/ros_ws/install/camera_navigation/lib/camera_navigation
[13.904s] Installing turn_right_node script to /home/copperbottoms/code/Copperbottoms/ros_ws/install/camera_navigation/lib/camera_navigation
[13.907s] 
[13.909s] Installed /home/copperbottoms/code/Copperbottoms/ros_ws/build/camera_navigation
[13.912s] running symlink_data
[15.972s] Invoked command in '/home/copperbottoms/code/Copperbottoms/ros_ws/build/camera_navigation' returned '0': PYTHONPATH=/home/copperbottoms/code/Copperbottoms/ros_ws/build/camera_navigation/prefix_override:/usr/lib/python3/dist-packages/colcon_core/task/python/colcon_distutils_commands:/home/copperbottoms/code/Copperbottoms/ros_ws/install/camera_navigation/lib/python3.10/site-packages:${PYTHONPATH} /usr/bin/python3 -W ignore:setup.py install is deprecated -W ignore:easy_install command is deprecated setup.py develop --editable --build-directory /home/copperbottoms/code/Copperbottoms/ros_ws/build/camera_navigation/build --no-deps symlink_data
