[3.924s] Invoking command in '/home/copperbottoms/code/Copperbottoms/ros_ws/src/waypoint_nav': PYTHONPATH=/home/copperbottoms/code/Copperbottoms/ros_ws/build/waypoint_nav/prefix_override:/usr/lib/python3/dist-packages/colcon_core/task/python/colcon_distutils_commands:/home/copperbottoms/code/Copperbottoms/ros_ws/install/waypoint_nav/lib/python3.10/site-packages:${PYTHONPATH} /usr/bin/python3 -W ignore:setup.py install is deprecated -W ignore:easy_install command is deprecated setup.py egg_info --egg-base ../../build/waypoint_nav build --build-base /home/copperbottoms/code/Copperbottoms/ros_ws/build/waypoint_nav/build install --record /home/copperbottoms/code/Copperbottoms/ros_ws/build/waypoint_nav/install.log --single-version-externally-managed install_data
[5.506s] running egg_info
[5.509s] writing ../../build/waypoint_nav/waypoint_nav.egg-info/PKG-INFO
[5.510s] writing dependency_links to ../../build/waypoint_nav/waypoint_nav.egg-info/dependency_links.txt
[5.512s] writing entry points to ../../build/waypoint_nav/waypoint_nav.egg-info/entry_points.txt
[5.513s] writing requirements to ../../build/waypoint_nav/waypoint_nav.egg-info/requires.txt
[5.515s] writing top-level names to ../../build/waypoint_nav/waypoint_nav.egg-info/top_level.txt
[5.519s] reading manifest file '../../build/waypoint_nav/waypoint_nav.egg-info/SOURCES.txt'
[5.523s] writing manifest file '../../build/waypoint_nav/waypoint_nav.egg-info/SOURCES.txt'
[5.524s] running build
[5.526s] running install
[5.527s] running install_data
[5.530s] copying resource/waypoint_nav -> /home/copperbottoms/code/Copperbottoms/ros_ws/install/waypoint_nav/share/ament_index/resource_index/packages
[5.532s] copying package.xml -> /home/copperbottoms/code/Copperbottoms/ros_ws/install/waypoint_nav/share/waypoint_nav
[5.533s] running install_egg_info
[5.541s] Copying ../../build/waypoint_nav/waypoint_nav.egg-info to /home/copperbottoms/code/Copperbottoms/ros_ws/install/waypoint_nav/lib/python3.10/site-packages/waypoint_nav-0.0.0-py3.10.egg-info
[5.558s] running install_scripts
[5.649s] Installing waypoint_nav script to /home/copperbottoms/code/Copperbottoms/ros_ws/install/waypoint_nav/lib/waypoint_nav
[5.650s] writing list of installed files to '/home/copperbottoms/code/Copperbottoms/ros_ws/build/waypoint_nav/install.log'
[5.796s] Invoked command in '/home/copperbottoms/code/Copperbottoms/ros_ws/src/waypoint_nav' returned '0': PYTHONPATH=/home/copperbottoms/code/Copperbottoms/ros_ws/build/waypoint_nav/prefix_override:/usr/lib/python3/dist-packages/colcon_core/task/python/colcon_distutils_commands:/home/copperbottoms/code/Copperbottoms/ros_ws/install/waypoint_nav/lib/python3.10/site-packages:${PYTHONPATH} /usr/bin/python3 -W ignore:setup.py install is deprecated -W ignore:easy_install command is deprecated setup.py egg_info --egg-base ../../build/waypoint_nav build --build-base /home/copperbottoms/code/Copperbottoms/ros_ws/build/waypoint_nav/build install --record /home/copperbottoms/code/Copperbottoms/ros_ws/build/waypoint_nav/install.log --single-version-externally-managed install_data
