[0.652s] DEBUG:colcon:Command line arguments: ['/usr/bin/colcon', 'build', '--packages-select', 'stop_sign']
[0.653s] DEBUG:colcon:Parsed command line arguments: Namespace(log_base=None, log_level=None, verb_name='build', build_base='build', install_base='install', merge_install=False, symlink_install=False, test_result_base=None, continue_on_error=False, executor='parallel', parallel_workers=4, event_handlers=None, ignore_user_meta=False, metas=['./colcon.meta'], base_paths=['.'], packages_ignore=None, packages_ignore_regex=None, paths=None, packages_up_to=None, packages_up_to_regex=None, packages_above=None, packages_above_and_dependencies=None, packages_above_depth=None, packages_select_by_dep=None, packages_skip_by_dep=None, packages_skip_up_to=None, packages_select_build_failed=False, packages_skip_build_finished=False, packages_select_test_failures=False, packages_skip_test_passed=False, packages_select=['stop_sign'], packages_skip=None, packages_select_regex=None, packages_skip_regex=None, packages_start=None, packages_end=None, allow_overriding=[], cmake_args=None, cmake_target=None, cmake_target_skip_unavailable=False, cmake_clean_cache=False, cmake_clean_first=False, cmake_force_configure=False, ament_cmake_args=None, catkin_cmake_args=None, catkin_skip_building_tests=False, mixin_files=None, mixin=None, verb_parser=<colcon_mixin.mixin.mixin_argument.MixinArgumentDecorator object at 0xffff9b8239a0>, verb_extension=<colcon_core.verb.build.BuildVerb object at 0xffff9ba20940>, main=<bound method BuildVerb.main of <colcon_core.verb.build.BuildVerb object at 0xffff9ba20940>>, mixin_verb=('build',))
[1.838s] Level 1:colcon.colcon_core.package_discovery:discover_packages(colcon_meta) check parameters
[1.839s] Level 1:colcon.colcon_core.package_discovery:discover_packages(recursive) check parameters
[1.839s] Level 1:colcon.colcon_core.package_discovery:discover_packages(ignore) check parameters
[1.839s] Level 1:colcon.colcon_core.package_discovery:discover_packages(path) check parameters
[1.840s] Level 1:colcon.colcon_core.package_discovery:discover_packages(colcon_meta) discover
[1.840s] Level 1:colcon.colcon_core.package_discovery:discover_packages(recursive) discover
[1.841s] INFO:colcon.colcon_core.package_discovery:Crawling recursively for packages in '/home/copperbottoms/code/Copperbottoms/ros_ws/src/stop_sign'
[1.841s] Level 1:colcon.colcon_core.package_identification:_identify(.) by extensions ['ignore', 'ignore_ament_install']
[1.842s] Level 1:colcon.colcon_core.package_identification:_identify(.) by extension 'ignore'
[1.844s] Level 1:colcon.colcon_core.package_identification:_identify(.) by extension 'ignore_ament_install'
[1.845s] Level 1:colcon.colcon_core.package_identification:_identify(.) by extensions ['colcon_pkg']
[1.845s] Level 1:colcon.colcon_core.package_identification:_identify(.) by extension 'colcon_pkg'
[1.846s] Level 1:colcon.colcon_core.package_identification:_identify(.) by extensions ['colcon_meta']
[1.847s] Level 1:colcon.colcon_core.package_identification:_identify(.) by extension 'colcon_meta'
[1.847s] Level 1:colcon.colcon_core.package_identification:_identify(.) by extensions ['ros']
[1.848s] Level 1:colcon.colcon_core.package_identification:_identify(.) by extension 'ros'
[1.929s] DEBUG:colcon.colcon_core.package_identification:Package '.' with type 'ros.ament_python' and name 'stop_sign'
[1.929s] Level 1:colcon.colcon_core.package_discovery:discover_packages(recursive) using defaults
[1.930s] Level 1:colcon.colcon_core.package_discovery:discover_packages(ignore) discover
[1.930s] Level 1:colcon.colcon_core.package_discovery:discover_packages(ignore) using defaults
[1.931s] Level 1:colcon.colcon_core.package_discovery:discover_packages(path) discover
[1.931s] Level 1:colcon.colcon_core.package_discovery:discover_packages(path) using defaults
[2.134s] Level 1:colcon.colcon_core.package_discovery:discover_packages(prefix_path) check parameters
[2.135s] Level 1:colcon.colcon_core.package_discovery:discover_packages(prefix_path) discover
[2.149s] DEBUG:colcon.colcon_installed_package_information.package_discovery:Found 1 installed packages in /home/copperbottoms/code/Copperbottoms/ros_ws/src/stop_sign/install
[2.154s] DEBUG:colcon.colcon_installed_package_information.package_discovery:Found 11 installed packages in /home/copperbottoms/code/Copperbottoms/ros_ws/install
[2.164s] DEBUG:colcon.colcon_installed_package_information.package_discovery:Found 297 installed packages in /opt/ros/humble
[2.172s] Level 1:colcon.colcon_core.package_discovery:discover_packages(prefix_path) using defaults
[2.480s] Level 5:colcon.colcon_core.verb:set package 'stop_sign' build argument 'cmake_args' from command line to 'None'
[2.480s] Level 5:colcon.colcon_core.verb:set package 'stop_sign' build argument 'cmake_target' from command line to 'None'
[2.480s] Level 5:colcon.colcon_core.verb:set package 'stop_sign' build argument 'cmake_target_skip_unavailable' from command line to 'False'
[2.481s] Level 5:colcon.colcon_core.verb:set package 'stop_sign' build argument 'cmake_clean_cache' from command line to 'False'
[2.481s] Level 5:colcon.colcon_core.verb:set package 'stop_sign' build argument 'cmake_clean_first' from command line to 'False'
[2.481s] Level 5:colcon.colcon_core.verb:set package 'stop_sign' build argument 'cmake_force_configure' from command line to 'False'
[2.481s] Level 5:colcon.colcon_core.verb:set package 'stop_sign' build argument 'ament_cmake_args' from command line to 'None'
[2.481s] Level 5:colcon.colcon_core.verb:set package 'stop_sign' build argument 'catkin_cmake_args' from command line to 'None'
[2.481s] Level 5:colcon.colcon_core.verb:set package 'stop_sign' build argument 'catkin_skip_building_tests' from command line to 'False'
[2.482s] DEBUG:colcon.colcon_core.verb:Building package 'stop_sign' with the following arguments: {'ament_cmake_args': None, 'build_base': '/home/copperbottoms/code/Copperbottoms/ros_ws/src/stop_sign/build/stop_sign', 'catkin_cmake_args': None, 'catkin_skip_building_tests': False, 'cmake_args': None, 'cmake_clean_cache': False, 'cmake_clean_first': False, 'cmake_force_configure': False, 'cmake_target': None, 'cmake_target_skip_unavailable': False, 'install_base': '/home/copperbottoms/code/Copperbottoms/ros_ws/src/stop_sign/install/stop_sign', 'merge_install': False, 'path': '/home/copperbottoms/code/Copperbottoms/ros_ws/src/stop_sign', 'symlink_install': False, 'test_result_base': None}
[2.482s] INFO:colcon.colcon_core.executor:Executing jobs using 'parallel' executor
[2.487s] DEBUG:colcon.colcon_parallel_executor.executor.parallel:run_until_complete
[2.489s] INFO:colcon.colcon_ros.task.ament_python.build:Building ROS package in '/home/copperbottoms/code/Copperbottoms/ros_ws/src/stop_sign' with build type 'ament_python'
[2.490s] Level 1:colcon.colcon_core.shell:create_environment_hook('stop_sign', 'ament_prefix_path')
[2.505s] INFO:colcon.colcon_core.plugin_system:Skipping extension 'colcon_core.shell.bat': Not used on non-Windows systems
[2.506s] INFO:colcon.colcon_core.shell:Creating environment hook '/home/copperbottoms/code/Copperbottoms/ros_ws/src/stop_sign/install/stop_sign/share/stop_sign/hook/ament_prefix_path.ps1'
[2.510s] INFO:colcon.colcon_core.shell:Creating environment descriptor '/home/copperbottoms/code/Copperbottoms/ros_ws/src/stop_sign/install/stop_sign/share/stop_sign/hook/ament_prefix_path.dsv'
[2.513s] INFO:colcon.colcon_core.shell:Creating environment hook '/home/copperbottoms/code/Copperbottoms/ros_ws/src/stop_sign/install/stop_sign/share/stop_sign/hook/ament_prefix_path.sh'
[2.517s] INFO:colcon.colcon_core.shell:Skip shell extension 'powershell' for command environment: Not usable outside of PowerShell
[2.518s] DEBUG:colcon.colcon_core.shell:Skip shell extension 'dsv' for command environment
[4.671s] DEBUG:colcon.colcon_parallel_executor.executor.parallel:closing loop
[4.671s] DEBUG:colcon.colcon_parallel_executor.executor.parallel:loop closed
[4.672s] DEBUG:colcon.colcon_parallel_executor.executor.parallel:run_until_complete finished with 'Command '['/usr/bin/python3', '-c', 'import sys;from contextlib import suppress;exec("with suppress(ImportError):    from setuptools.extern.packaging.specifiers    import SpecifierSet");exec("with suppress(ImportError):    from packaging.specifiers import SpecifierSet");from distutils.core import run_setup;dist = run_setup(    \'setup.py\', script_args=(\'--dry-run\',), stop_after=\'config\');skip_keys = (\'cmdclass\', \'distclass\', \'ext_modules\', \'metadata\');data = {    key: value for key, value in dist.__dict__.items()     if (        not key.startswith(\'_\') and         not callable(value) and         key not in skip_keys and         key not in dist.display_option_names    )};data[\'metadata\'] = {    k: v for k, v in dist.metadata.__dict__.items()     if k not in (\'license_files\', \'provides_extras\')};sys.stdout.buffer.write(repr(data).encode(\'utf-8\'))']' returned non-zero exit status 1.'
[4.672s] DEBUG:colcon.colcon_core.event_reactor:joining thread
[4.707s] INFO:colcon.colcon_core.plugin_system:Skipping extension 'colcon_notification.desktop_notification.terminal_notifier': Not used on non-Darwin systems
[4.708s] INFO:colcon.colcon_core.plugin_system:Skipping extension 'colcon_notification.desktop_notification.win32': Not used on non-Windows systems
[4.708s] INFO:colcon.colcon_notification.desktop_notification:Sending desktop notification using 'notify2'
[4.713s] DEBUG:colcon.colcon_notification.desktop_notification.notify2:Failed to initialize notify2: org.freedesktop.DBus.Error.ServiceUnknown: The name org.freedesktop.Notifications was not provided by any .service files
[4.714s] DEBUG:colcon.colcon_core.event_reactor:joined thread
[4.715s] INFO:colcon.colcon_core.shell:Creating prefix script '/home/copperbottoms/code/Copperbottoms/ros_ws/src/stop_sign/install/local_setup.ps1'
[4.719s] INFO:colcon.colcon_core.shell:Creating prefix util module '/home/copperbottoms/code/Copperbottoms/ros_ws/src/stop_sign/install/_local_setup_util_ps1.py'
[4.727s] INFO:colcon.colcon_core.shell:Creating prefix chain script '/home/copperbottoms/code/Copperbottoms/ros_ws/src/stop_sign/install/setup.ps1'
[4.736s] INFO:colcon.colcon_core.shell:Creating prefix script '/home/copperbottoms/code/Copperbottoms/ros_ws/src/stop_sign/install/local_setup.sh'
[4.740s] INFO:colcon.colcon_core.shell:Creating prefix util module '/home/copperbottoms/code/Copperbottoms/ros_ws/src/stop_sign/install/_local_setup_util_sh.py'
[4.743s] INFO:colcon.colcon_core.shell:Creating prefix chain script '/home/copperbottoms/code/Copperbottoms/ros_ws/src/stop_sign/install/setup.sh'
[4.751s] INFO:colcon.colcon_core.shell:Creating prefix script '/home/copperbottoms/code/Copperbottoms/ros_ws/src/stop_sign/install/local_setup.bash'
[4.754s] INFO:colcon.colcon_core.shell:Creating prefix chain script '/home/copperbottoms/code/Copperbottoms/ros_ws/src/stop_sign/install/setup.bash'
[4.769s] INFO:colcon.colcon_core.shell:Creating prefix script '/home/copperbottoms/code/Copperbottoms/ros_ws/src/stop_sign/install/local_setup.zsh'
[4.774s] INFO:colcon.colcon_core.shell:Creating prefix chain script '/home/copperbottoms/code/Copperbottoms/ros_ws/src/stop_sign/install/setup.zsh'
