[4.252s] Invoking command in '/home/copperbottoms/code/Copperbottoms/ros_ws/src/stop_sign': PYTHONPATH=/home/copperbottoms/code/Copperbottoms/ros_ws/build/stop_sign/prefix_override:/usr/lib/python3/dist-packages/colcon_core/task/python/colcon_distutils_commands:/home/copperbottoms/code/Copperbottoms/ros_ws/install/stop_sign/lib/python3.10/site-packages:${PYTHONPATH} /usr/bin/python3 -W ignore:setup.py install is deprecated -W ignore:easy_install command is deprecated setup.py egg_info --egg-base ../../build/stop_sign build --build-base /home/copperbottoms/code/Copperbottoms/ros_ws/build/stop_sign/build install --record /home/copperbottoms/code/Copperbottoms/ros_ws/build/stop_sign/install.log --single-version-externally-managed install_data
[6.509s] running egg_info
[6.512s] writing ../../build/stop_sign/stop_sign.egg-info/PKG-INFO
[6.514s] writing dependency_links to ../../build/stop_sign/stop_sign.egg-info/dependency_links.txt
[6.515s] writing entry points to ../../build/stop_sign/stop_sign.egg-info/entry_points.txt
[6.516s] writing requirements to ../../build/stop_sign/stop_sign.egg-info/requires.txt
[6.517s] writing top-level names to ../../build/stop_sign/stop_sign.egg-info/top_level.txt
[6.526s] reading manifest file '../../build/stop_sign/stop_sign.egg-info/SOURCES.txt'
[6.528s] adding license file 'LICENSE'
[6.531s] writing manifest file '../../build/stop_sign/stop_sign.egg-info/SOURCES.txt'
[6.535s] running build
[6.536s] running build_py
[6.536s] running install
[6.537s] running install_lib
[6.542s] running install_data
[6.544s] running install_egg_info
[6.552s] removing '/home/copperbottoms/code/Copperbottoms/ros_ws/install/stop_sign/lib/python3.10/site-packages/stop_sign-0.0.0-py3.10.egg-info' (and everything under it)
[6.554s] Copying ../../build/stop_sign/stop_sign.egg-info to /home/copperbottoms/code/Copperbottoms/ros_ws/install/stop_sign/lib/python3.10/site-packages/stop_sign-0.0.0-py3.10.egg-info
[6.563s] running install_scripts
[6.678s] Installing stop_sign_detect script to /home/copperbottoms/code/Copperbottoms/ros_ws/install/stop_sign/lib/stop_sign
[6.679s] writing list of installed files to '/home/copperbottoms/code/Copperbottoms/ros_ws/build/stop_sign/install.log'
[6.861s] Invoked command in '/home/copperbottoms/code/Copperbottoms/ros_ws/src/stop_sign' returned '0': PYTHONPATH=/home/copperbottoms/code/Copperbottoms/ros_ws/build/stop_sign/prefix_override:/usr/lib/python3/dist-packages/colcon_core/task/python/colcon_distutils_commands:/home/copperbottoms/code/Copperbottoms/ros_ws/install/stop_sign/lib/python3.10/site-packages:${PYTHONPATH} /usr/bin/python3 -W ignore:setup.py install is deprecated -W ignore:easy_install command is deprecated setup.py egg_info --egg-base ../../build/stop_sign build --build-base /home/copperbottoms/code/Copperbottoms/ros_ws/build/stop_sign/build install --record /home/copperbottoms/code/Copperbottoms/ros_ws/build/stop_sign/install.log --single-version-externally-managed install_data
