[0.518s] DEBUG:colcon:Command line arguments: ['/usr/bin/colcon', 'build', '--packages-select', 'robo_rover']
[0.519s] DEBUG:colcon:Parsed command line arguments: Namespace(log_base=None, log_level=None, verb_name='build', build_base='build', install_base='install', merge_install=False, symlink_install=False, test_result_base=None, continue_on_error=False, executor='parallel', parallel_workers=4, event_handlers=None, ignore_user_meta=False, metas=['./colcon.meta'], base_paths=['.'], packages_ignore=None, packages_ignore_regex=None, paths=None, packages_up_to=None, packages_up_to_regex=None, packages_above=None, packages_above_and_dependencies=None, packages_above_depth=None, packages_select_by_dep=None, packages_skip_by_dep=None, packages_skip_up_to=None, packages_select_build_failed=False, packages_skip_build_finished=False, packages_select_test_failures=False, packages_skip_test_passed=False, packages_select=['robo_rover'], packages_skip=None, packages_select_regex=None, packages_skip_regex=None, packages_start=None, packages_end=None, allow_overriding=[], cmake_args=None, cmake_target=None, cmake_target_skip_unavailable=False, cmake_clean_cache=False, cmake_clean_first=False, cmake_force_configure=False, ament_cmake_args=None, catkin_cmake_args=None, catkin_skip_building_tests=False, mixin_files=None, mixin=None, verb_parser=<colcon_mixin.mixin.mixin_argument.MixinArgumentDecorator object at 0xffffa44ba2c0>, verb_extension=<colcon_core.verb.build.BuildVerb object at 0xffffa4672890>, main=<bound method BuildVerb.main of <colcon_core.verb.build.BuildVerb object at 0xffffa4672890>>, mixin_verb=('build',))
[1.469s] Level 1:colcon.colcon_core.package_discovery:discover_packages(colcon_meta) check parameters
[1.469s] Level 1:colcon.colcon_core.package_discovery:discover_packages(recursive) check parameters
[1.470s] Level 1:colcon.colcon_core.package_discovery:discover_packages(ignore) check parameters
[1.470s] Level 1:colcon.colcon_core.package_discovery:discover_packages(path) check parameters
[1.470s] Level 1:colcon.colcon_core.package_discovery:discover_packages(colcon_meta) discover
[1.471s] Level 1:colcon.colcon_core.package_discovery:discover_packages(recursive) discover
[1.471s] INFO:colcon.colcon_core.package_discovery:Crawling recursively for packages in '/home/copperbottoms/code/Copperbottoms/ros_ws'
[1.472s] Level 1:colcon.colcon_core.package_identification:_identify(.) by extensions ['ignore', 'ignore_ament_install']
[1.472s] Level 1:colcon.colcon_core.package_identification:_identify(.) by extension 'ignore'
[1.473s] Level 1:colcon.colcon_core.package_identification:_identify(.) by extension 'ignore_ament_install'
[1.473s] Level 1:colcon.colcon_core.package_identification:_identify(.) by extensions ['colcon_pkg']
[1.473s] Level 1:colcon.colcon_core.package_identification:_identify(.) by extension 'colcon_pkg'
[1.474s] Level 1:colcon.colcon_core.package_identification:_identify(.) by extensions ['colcon_meta']
[1.474s] Level 1:colcon.colcon_core.package_identification:_identify(.) by extension 'colcon_meta'
[1.474s] Level 1:colcon.colcon_core.package_identification:_identify(.) by extensions ['ros']
[1.474s] Level 1:colcon.colcon_core.package_identification:_identify(.) by extension 'ros'
[1.519s] Level 1:colcon.colcon_core.package_identification:_identify(.) by extensions ['cmake', 'python']
[1.520s] Level 1:colcon.colcon_core.package_identification:_identify(.) by extension 'cmake'
[1.520s] Level 1:colcon.colcon_core.package_identification:_identify(.) by extension 'python'
[1.521s] Level 1:colcon.colcon_core.package_identification:_identify(.) by extensions ['python_setup_py']
[1.521s] Level 1:colcon.colcon_core.package_identification:_identify(.) by extension 'python_setup_py'
[1.522s] Level 1:colcon.colcon_core.package_identification:_identify(build) by extensions ['ignore', 'ignore_ament_install']
[1.522s] Level 1:colcon.colcon_core.package_identification:_identify(build) by extension 'ignore'
[1.522s] Level 1:colcon.colcon_core.package_identification:_identify(build) ignored
[1.523s] Level 1:colcon.colcon_core.package_identification:_identify(install) by extensions ['ignore', 'ignore_ament_install']
[1.524s] Level 1:colcon.colcon_core.package_identification:_identify(install) by extension 'ignore'
[1.524s] Level 1:colcon.colcon_core.package_identification:_identify(install) ignored
[1.525s] Level 1:colcon.colcon_core.package_identification:_identify(log) by extensions ['ignore', 'ignore_ament_install']
[1.525s] Level 1:colcon.colcon_core.package_identification:_identify(log) by extension 'ignore'
[1.525s] Level 1:colcon.colcon_core.package_identification:_identify(log) ignored
[1.526s] Level 1:colcon.colcon_core.package_identification:_identify(src) by extensions ['ignore', 'ignore_ament_install']
[1.526s] Level 1:colcon.colcon_core.package_identification:_identify(src) by extension 'ignore'
[1.526s] Level 1:colcon.colcon_core.package_identification:_identify(src) by extension 'ignore_ament_install'
[1.527s] Level 1:colcon.colcon_core.package_identification:_identify(src) by extensions ['colcon_pkg']
[1.527s] Level 1:colcon.colcon_core.package_identification:_identify(src) by extension 'colcon_pkg'
[1.527s] Level 1:colcon.colcon_core.package_identification:_identify(src) by extensions ['colcon_meta']
[1.527s] Level 1:colcon.colcon_core.package_identification:_identify(src) by extension 'colcon_meta'
[1.527s] Level 1:colcon.colcon_core.package_identification:_identify(src) by extensions ['ros']
[1.527s] Level 1:colcon.colcon_core.package_identification:_identify(src) by extension 'ros'
[1.528s] Level 1:colcon.colcon_core.package_identification:_identify(src) by extensions ['cmake', 'python']
[1.528s] Level 1:colcon.colcon_core.package_identification:_identify(src) by extension 'cmake'
[1.528s] Level 1:colcon.colcon_core.package_identification:_identify(src) by extension 'python'
[1.528s] Level 1:colcon.colcon_core.package_identification:_identify(src) by extensions ['python_setup_py']
[1.528s] Level 1:colcon.colcon_core.package_identification:_identify(src) by extension 'python_setup_py'
[1.529s] Level 1:colcon.colcon_core.package_identification:_identify(src/Camera_Navigation) by extensions ['ignore', 'ignore_ament_install']
[1.529s] Level 1:colcon.colcon_core.package_identification:_identify(src/Camera_Navigation) by extension 'ignore'
[1.529s] Level 1:colcon.colcon_core.package_identification:_identify(src/Camera_Navigation) by extension 'ignore_ament_install'
[1.529s] Level 1:colcon.colcon_core.package_identification:_identify(src/Camera_Navigation) by extensions ['colcon_pkg']
[1.530s] Level 1:colcon.colcon_core.package_identification:_identify(src/Camera_Navigation) by extension 'colcon_pkg'
[1.530s] Level 1:colcon.colcon_core.package_identification:_identify(src/Camera_Navigation) by extensions ['colcon_meta']
[1.530s] Level 1:colcon.colcon_core.package_identification:_identify(src/Camera_Navigation) by extension 'colcon_meta'
[1.530s] Level 1:colcon.colcon_core.package_identification:_identify(src/Camera_Navigation) by extensions ['ros']
[1.530s] Level 1:colcon.colcon_core.package_identification:_identify(src/Camera_Navigation) by extension 'ros'
[1.530s] Level 1:colcon.colcon_core.package_identification:_identify(src/Camera_Navigation) by extensions ['cmake', 'python']
[1.531s] Level 1:colcon.colcon_core.package_identification:_identify(src/Camera_Navigation) by extension 'cmake'
[1.531s] Level 1:colcon.colcon_core.package_identification:_identify(src/Camera_Navigation) by extension 'python'
[1.531s] Level 1:colcon.colcon_core.package_identification:_identify(src/Camera_Navigation) by extensions ['python_setup_py']
[1.531s] Level 1:colcon.colcon_core.package_identification:_identify(src/Camera_Navigation) by extension 'python_setup_py'
[1.532s] Level 1:colcon.colcon_core.package_identification:_identify(src/__pycache__) by extensions ['ignore', 'ignore_ament_install']
[1.532s] Level 1:colcon.colcon_core.package_identification:_identify(src/__pycache__) by extension 'ignore'
[1.532s] Level 1:colcon.colcon_core.package_identification:_identify(src/__pycache__) by extension 'ignore_ament_install'
[1.532s] Level 1:colcon.colcon_core.package_identification:_identify(src/__pycache__) by extensions ['colcon_pkg']
[1.533s] Level 1:colcon.colcon_core.package_identification:_identify(src/__pycache__) by extension 'colcon_pkg'
[1.533s] Level 1:colcon.colcon_core.package_identification:_identify(src/__pycache__) by extensions ['colcon_meta']
[1.533s] Level 1:colcon.colcon_core.package_identification:_identify(src/__pycache__) by extension 'colcon_meta'
[1.533s] Level 1:colcon.colcon_core.package_identification:_identify(src/__pycache__) by extensions ['ros']
[1.533s] Level 1:colcon.colcon_core.package_identification:_identify(src/__pycache__) by extension 'ros'
[1.533s] Level 1:colcon.colcon_core.package_identification:_identify(src/__pycache__) by extensions ['cmake', 'python']
[1.534s] Level 1:colcon.colcon_core.package_identification:_identify(src/__pycache__) by extension 'cmake'
[1.534s] Level 1:colcon.colcon_core.package_identification:_identify(src/__pycache__) by extension 'python'
[1.534s] Level 1:colcon.colcon_core.package_identification:_identify(src/__pycache__) by extensions ['python_setup_py']
[1.534s] Level 1:colcon.colcon_core.package_identification:_identify(src/__pycache__) by extension 'python_setup_py'
[1.534s] Level 1:colcon.colcon_core.package_identification:_identify(src/amy_test) by extensions ['ignore', 'ignore_ament_install']
[1.535s] Level 1:colcon.colcon_core.package_identification:_identify(src/amy_test) by extension 'ignore'
[1.535s] Level 1:colcon.colcon_core.package_identification:_identify(src/amy_test) by extension 'ignore_ament_install'
[1.535s] Level 1:colcon.colcon_core.package_identification:_identify(src/amy_test) by extensions ['colcon_pkg']
[1.535s] Level 1:colcon.colcon_core.package_identification:_identify(src/amy_test) by extension 'colcon_pkg'
[1.535s] Level 1:colcon.colcon_core.package_identification:_identify(src/amy_test) by extensions ['colcon_meta']
[1.536s] Level 1:colcon.colcon_core.package_identification:_identify(src/amy_test) by extension 'colcon_meta'
[1.536s] Level 1:colcon.colcon_core.package_identification:_identify(src/amy_test) by extensions ['ros']
[1.536s] Level 1:colcon.colcon_core.package_identification:_identify(src/amy_test) by extension 'ros'
[1.536s] Level 1:colcon.colcon_core.package_identification:_identify(src/amy_test) by extensions ['cmake', 'python']
[1.536s] Level 1:colcon.colcon_core.package_identification:_identify(src/amy_test) by extension 'cmake'
[1.536s] Level 1:colcon.colcon_core.package_identification:_identify(src/amy_test) by extension 'python'
[1.537s] Level 1:colcon.colcon_core.package_identification:_identify(src/amy_test) by extensions ['python_setup_py']
[1.537s] Level 1:colcon.colcon_core.package_identification:_identify(src/amy_test) by extension 'python_setup_py'
[1.537s] Level 1:colcon.colcon_core.package_identification:_identify(src/build) by extensions ['ignore', 'ignore_ament_install']
[1.537s] Level 1:colcon.colcon_core.package_identification:_identify(src/build) by extension 'ignore'
[1.538s] Level 1:colcon.colcon_core.package_identification:_identify(src/build) ignored
[1.538s] Level 1:colcon.colcon_core.package_identification:_identify(src/install) by extensions ['ignore', 'ignore_ament_install']
[1.538s] Level 1:colcon.colcon_core.package_identification:_identify(src/install) by extension 'ignore'
[1.539s] Level 1:colcon.colcon_core.package_identification:_identify(src/install) ignored
[1.539s] Level 1:colcon.colcon_core.package_identification:_identify(src/log) by extensions ['ignore', 'ignore_ament_install']
[1.539s] Level 1:colcon.colcon_core.package_identification:_identify(src/log) by extension 'ignore'
[1.540s] Level 1:colcon.colcon_core.package_identification:_identify(src/log) ignored
[1.540s] Level 1:colcon.colcon_core.package_identification:_identify(src/obstacle_avoidance) by extensions ['ignore', 'ignore_ament_install']
[1.540s] Level 1:colcon.colcon_core.package_identification:_identify(src/obstacle_avoidance) by extension 'ignore'
[1.541s] Level 1:colcon.colcon_core.package_identification:_identify(src/obstacle_avoidance) by extension 'ignore_ament_install'
[1.541s] Level 1:colcon.colcon_core.package_identification:_identify(src/obstacle_avoidance) by extensions ['colcon_pkg']
[1.541s] Level 1:colcon.colcon_core.package_identification:_identify(src/obstacle_avoidance) by extension 'colcon_pkg'
[1.541s] Level 1:colcon.colcon_core.package_identification:_identify(src/obstacle_avoidance) by extensions ['colcon_meta']
[1.541s] Level 1:colcon.colcon_core.package_identification:_identify(src/obstacle_avoidance) by extension 'colcon_meta'
[1.541s] Level 1:colcon.colcon_core.package_identification:_identify(src/obstacle_avoidance) by extensions ['ros']
[1.542s] Level 1:colcon.colcon_core.package_identification:_identify(src/obstacle_avoidance) by extension 'ros'
[1.552s] DEBUG:colcon.colcon_core.package_identification:Package 'src/obstacle_avoidance' with type 'ros.ament_python' and name 'obstacle_avoidance'
[1.553s] Level 1:colcon.colcon_core.package_identification:_identify(src/provided_robo_rover) by extensions ['ignore', 'ignore_ament_install']
[1.553s] Level 1:colcon.colcon_core.package_identification:_identify(src/provided_robo_rover) by extension 'ignore'
[1.553s] Level 1:colcon.colcon_core.package_identification:_identify(src/provided_robo_rover) by extension 'ignore_ament_install'
[1.553s] Level 1:colcon.colcon_core.package_identification:_identify(src/provided_robo_rover) by extensions ['colcon_pkg']
[1.553s] Level 1:colcon.colcon_core.package_identification:_identify(src/provided_robo_rover) by extension 'colcon_pkg'
[1.554s] Level 1:colcon.colcon_core.package_identification:_identify(src/provided_robo_rover) by extensions ['colcon_meta']
[1.554s] Level 1:colcon.colcon_core.package_identification:_identify(src/provided_robo_rover) by extension 'colcon_meta'
[1.554s] Level 1:colcon.colcon_core.package_identification:_identify(src/provided_robo_rover) by extensions ['ros']
[1.554s] Level 1:colcon.colcon_core.package_identification:_identify(src/provided_robo_rover) by extension 'ros'
[1.554s] Level 1:colcon.colcon_core.package_identification:_identify(src/provided_robo_rover) by extensions ['cmake', 'python']
[1.555s] Level 1:colcon.colcon_core.package_identification:_identify(src/provided_robo_rover) by extension 'cmake'
[1.555s] Level 1:colcon.colcon_core.package_identification:_identify(src/provided_robo_rover) by extension 'python'
[1.555s] Level 1:colcon.colcon_core.package_identification:_identify(src/provided_robo_rover) by extensions ['python_setup_py']
[1.555s] Level 1:colcon.colcon_core.package_identification:_identify(src/provided_robo_rover) by extension 'python_setup_py'
[1.556s] Level 1:colcon.colcon_core.package_identification:_identify(src/realsense_publisher) by extensions ['ignore', 'ignore_ament_install']
[1.556s] Level 1:colcon.colcon_core.package_identification:_identify(src/realsense_publisher) by extension 'ignore'
[1.556s] Level 1:colcon.colcon_core.package_identification:_identify(src/realsense_publisher) by extension 'ignore_ament_install'
[1.556s] Level 1:colcon.colcon_core.package_identification:_identify(src/realsense_publisher) by extensions ['colcon_pkg']
[1.557s] Level 1:colcon.colcon_core.package_identification:_identify(src/realsense_publisher) by extension 'colcon_pkg'
[1.557s] Level 1:colcon.colcon_core.package_identification:_identify(src/realsense_publisher) by extensions ['colcon_meta']
[1.557s] Level 1:colcon.colcon_core.package_identification:_identify(src/realsense_publisher) by extension 'colcon_meta'
[1.557s] Level 1:colcon.colcon_core.package_identification:_identify(src/realsense_publisher) by extensions ['ros']
[1.557s] Level 1:colcon.colcon_core.package_identification:_identify(src/realsense_publisher) by extension 'ros'
[1.559s] DEBUG:colcon.colcon_core.package_identification:Package 'src/realsense_publisher' with type 'ros.ament_python' and name 'realsense_publisher'
[1.560s] Level 1:colcon.colcon_core.package_identification:_identify(src/robo_realsense) by extensions ['ignore', 'ignore_ament_install']
[1.560s] Level 1:colcon.colcon_core.package_identification:_identify(src/robo_realsense) by extension 'ignore'
[1.560s] Level 1:colcon.colcon_core.package_identification:_identify(src/robo_realsense) by extension 'ignore_ament_install'
[1.561s] Level 1:colcon.colcon_core.package_identification:_identify(src/robo_realsense) by extensions ['colcon_pkg']
[1.561s] Level 1:colcon.colcon_core.package_identification:_identify(src/robo_realsense) by extension 'colcon_pkg'
[1.561s] Level 1:colcon.colcon_core.package_identification:_identify(src/robo_realsense) by extensions ['colcon_meta']
[1.561s] Level 1:colcon.colcon_core.package_identification:_identify(src/robo_realsense) by extension 'colcon_meta'
[1.561s] Level 1:colcon.colcon_core.package_identification:_identify(src/robo_realsense) by extensions ['ros']
[1.561s] Level 1:colcon.colcon_core.package_identification:_identify(src/robo_realsense) by extension 'ros'
[1.562s] Level 1:colcon.colcon_core.package_identification:_identify(src/robo_realsense) by extensions ['cmake', 'python']
[1.562s] Level 1:colcon.colcon_core.package_identification:_identify(src/robo_realsense) by extension 'cmake'
[1.562s] Level 1:colcon.colcon_core.package_identification:_identify(src/robo_realsense) by extension 'python'
[1.562s] Level 1:colcon.colcon_core.package_identification:_identify(src/robo_realsense) by extensions ['python_setup_py']
[1.562s] Level 1:colcon.colcon_core.package_identification:_identify(src/robo_realsense) by extension 'python_setup_py'
[1.563s] Level 1:colcon.colcon_core.package_identification:_identify(src/robo_realsense/fastsam) by extensions ['ignore', 'ignore_ament_install']
[1.563s] Level 1:colcon.colcon_core.package_identification:_identify(src/robo_realsense/fastsam) by extension 'ignore'
[1.564s] Level 1:colcon.colcon_core.package_identification:_identify(src/robo_realsense/fastsam) by extension 'ignore_ament_install'
[1.564s] Level 1:colcon.colcon_core.package_identification:_identify(src/robo_realsense/fastsam) by extensions ['colcon_pkg']
[1.564s] Level 1:colcon.colcon_core.package_identification:_identify(src/robo_realsense/fastsam) by extension 'colcon_pkg'
[1.564s] Level 1:colcon.colcon_core.package_identification:_identify(src/robo_realsense/fastsam) by extensions ['colcon_meta']
[1.564s] Level 1:colcon.colcon_core.package_identification:_identify(src/robo_realsense/fastsam) by extension 'colcon_meta'
[1.565s] Level 1:colcon.colcon_core.package_identification:_identify(src/robo_realsense/fastsam) by extensions ['ros']
[1.565s] Level 1:colcon.colcon_core.package_identification:_identify(src/robo_realsense/fastsam) by extension 'ros'
[1.565s] Level 1:colcon.colcon_core.package_identification:_identify(src/robo_realsense/fastsam) by extensions ['cmake', 'python']
[1.565s] Level 1:colcon.colcon_core.package_identification:_identify(src/robo_realsense/fastsam) by extension 'cmake'
[1.565s] Level 1:colcon.colcon_core.package_identification:_identify(src/robo_realsense/fastsam) by extension 'python'
[1.566s] Level 1:colcon.colcon_core.package_identification:_identify(src/robo_realsense/fastsam) by extensions ['python_setup_py']
[1.566s] Level 1:colcon.colcon_core.package_identification:_identify(src/robo_realsense/fastsam) by extension 'python_setup_py'
[1.566s] Level 1:colcon.colcon_core.package_identification:_identify(src/robo_realsense/fastsam/slam) by extensions ['ignore', 'ignore_ament_install']
[1.567s] Level 1:colcon.colcon_core.package_identification:_identify(src/robo_realsense/fastsam/slam) by extension 'ignore'
[1.567s] Level 1:colcon.colcon_core.package_identification:_identify(src/robo_realsense/fastsam/slam) by extension 'ignore_ament_install'
[1.568s] Level 1:colcon.colcon_core.package_identification:_identify(src/robo_realsense/fastsam/slam) by extensions ['colcon_pkg']
[1.568s] Level 1:colcon.colcon_core.package_identification:_identify(src/robo_realsense/fastsam/slam) by extension 'colcon_pkg'
[1.568s] Level 1:colcon.colcon_core.package_identification:_identify(src/robo_realsense/fastsam/slam) by extensions ['colcon_meta']
[1.568s] Level 1:colcon.colcon_core.package_identification:_identify(src/robo_realsense/fastsam/slam) by extension 'colcon_meta'
[1.568s] Level 1:colcon.colcon_core.package_identification:_identify(src/robo_realsense/fastsam/slam) by extensions ['ros']
[1.569s] Level 1:colcon.colcon_core.package_identification:_identify(src/robo_realsense/fastsam/slam) by extension 'ros'
[1.569s] Level 1:colcon.colcon_core.package_identification:_identify(src/robo_realsense/fastsam/slam) by extensions ['cmake', 'python']
[1.569s] Level 1:colcon.colcon_core.package_identification:_identify(src/robo_realsense/fastsam/slam) by extension 'cmake'
[1.570s] Level 1:colcon.colcon_core.package_identification:_identify(src/robo_realsense/fastsam/slam) by extension 'python'
[1.570s] Level 1:colcon.colcon_core.package_identification:_identify(src/robo_realsense/fastsam/slam) by extensions ['python_setup_py']
[1.570s] Level 1:colcon.colcon_core.package_identification:_identify(src/robo_realsense/fastsam/slam) by extension 'python_setup_py'
[1.571s] Level 1:colcon.colcon_core.package_identification:_identify(src/robo_realsense/fastsam/slam/__pycache__) by extensions ['ignore', 'ignore_ament_install']
[1.572s] Level 1:colcon.colcon_core.package_identification:_identify(src/robo_realsense/fastsam/slam/__pycache__) by extension 'ignore'
[1.572s] Level 1:colcon.colcon_core.package_identification:_identify(src/robo_realsense/fastsam/slam/__pycache__) by extension 'ignore_ament_install'
[1.572s] Level 1:colcon.colcon_core.package_identification:_identify(src/robo_realsense/fastsam/slam/__pycache__) by extensions ['colcon_pkg']
[1.573s] Level 1:colcon.colcon_core.package_identification:_identify(src/robo_realsense/fastsam/slam/__pycache__) by extension 'colcon_pkg'
[1.573s] Level 1:colcon.colcon_core.package_identification:_identify(src/robo_realsense/fastsam/slam/__pycache__) by extensions ['colcon_meta']
[1.573s] Level 1:colcon.colcon_core.package_identification:_identify(src/robo_realsense/fastsam/slam/__pycache__) by extension 'colcon_meta'
[1.573s] Level 1:colcon.colcon_core.package_identification:_identify(src/robo_realsense/fastsam/slam/__pycache__) by extensions ['ros']
[1.573s] Level 1:colcon.colcon_core.package_identification:_identify(src/robo_realsense/fastsam/slam/__pycache__) by extension 'ros'
[1.574s] Level 1:colcon.colcon_core.package_identification:_identify(src/robo_realsense/fastsam/slam/__pycache__) by extensions ['cmake', 'python']
[1.574s] Level 1:colcon.colcon_core.package_identification:_identify(src/robo_realsense/fastsam/slam/__pycache__) by extension 'cmake'
[1.574s] Level 1:colcon.colcon_core.package_identification:_identify(src/robo_realsense/fastsam/slam/__pycache__) by extension 'python'
[1.574s] Level 1:colcon.colcon_core.package_identification:_identify(src/robo_realsense/fastsam/slam/__pycache__) by extensions ['python_setup_py']
[1.575s] Level 1:colcon.colcon_core.package_identification:_identify(src/robo_realsense/fastsam/slam/__pycache__) by extension 'python_setup_py'
[1.576s] Level 1:colcon.colcon_core.package_identification:_identify(src/robo_realsense/launch) by extensions ['ignore', 'ignore_ament_install']
[1.576s] Level 1:colcon.colcon_core.package_identification:_identify(src/robo_realsense/launch) by extension 'ignore'
[1.576s] Level 1:colcon.colcon_core.package_identification:_identify(src/robo_realsense/launch) by extension 'ignore_ament_install'
[1.577s] Level 1:colcon.colcon_core.package_identification:_identify(src/robo_realsense/launch) by extensions ['colcon_pkg']
[1.577s] Level 1:colcon.colcon_core.package_identification:_identify(src/robo_realsense/launch) by extension 'colcon_pkg'
[1.577s] Level 1:colcon.colcon_core.package_identification:_identify(src/robo_realsense/launch) by extensions ['colcon_meta']
[1.577s] Level 1:colcon.colcon_core.package_identification:_identify(src/robo_realsense/launch) by extension 'colcon_meta'
[1.577s] Level 1:colcon.colcon_core.package_identification:_identify(src/robo_realsense/launch) by extensions ['ros']
[1.577s] Level 1:colcon.colcon_core.package_identification:_identify(src/robo_realsense/launch) by extension 'ros'
[1.578s] Level 1:colcon.colcon_core.package_identification:_identify(src/robo_realsense/launch) by extensions ['cmake', 'python']
[1.578s] Level 1:colcon.colcon_core.package_identification:_identify(src/robo_realsense/launch) by extension 'cmake'
[1.578s] Level 1:colcon.colcon_core.package_identification:_identify(src/robo_realsense/launch) by extension 'python'
[1.578s] Level 1:colcon.colcon_core.package_identification:_identify(src/robo_realsense/launch) by extensions ['python_setup_py']
[1.578s] Level 1:colcon.colcon_core.package_identification:_identify(src/robo_realsense/launch) by extension 'python_setup_py'
[1.579s] Level 1:colcon.colcon_core.package_identification:_identify(src/robo_realsense/launch/__pycache__) by extensions ['ignore', 'ignore_ament_install']
[1.579s] Level 1:colcon.colcon_core.package_identification:_identify(src/robo_realsense/launch/__pycache__) by extension 'ignore'
[1.579s] Level 1:colcon.colcon_core.package_identification:_identify(src/robo_realsense/launch/__pycache__) by extension 'ignore_ament_install'
[1.580s] Level 1:colcon.colcon_core.package_identification:_identify(src/robo_realsense/launch/__pycache__) by extensions ['colcon_pkg']
[1.580s] Level 1:colcon.colcon_core.package_identification:_identify(src/robo_realsense/launch/__pycache__) by extension 'colcon_pkg'
[1.580s] Level 1:colcon.colcon_core.package_identification:_identify(src/robo_realsense/launch/__pycache__) by extensions ['colcon_meta']
[1.580s] Level 1:colcon.colcon_core.package_identification:_identify(src/robo_realsense/launch/__pycache__) by extension 'colcon_meta'
[1.580s] Level 1:colcon.colcon_core.package_identification:_identify(src/robo_realsense/launch/__pycache__) by extensions ['ros']
[1.580s] Level 1:colcon.colcon_core.package_identification:_identify(src/robo_realsense/launch/__pycache__) by extension 'ros'
[1.581s] Level 1:colcon.colcon_core.package_identification:_identify(src/robo_realsense/launch/__pycache__) by extensions ['cmake', 'python']
[1.581s] Level 1:colcon.colcon_core.package_identification:_identify(src/robo_realsense/launch/__pycache__) by extension 'cmake'
[1.581s] Level 1:colcon.colcon_core.package_identification:_identify(src/robo_realsense/launch/__pycache__) by extension 'python'
[1.581s] Level 1:colcon.colcon_core.package_identification:_identify(src/robo_realsense/launch/__pycache__) by extensions ['python_setup_py']
[1.581s] Level 1:colcon.colcon_core.package_identification:_identify(src/robo_realsense/launch/__pycache__) by extension 'python_setup_py'
[1.582s] Level 1:colcon.colcon_core.package_identification:_identify(src/robo_rover) by extensions ['ignore', 'ignore_ament_install']
[1.582s] Level 1:colcon.colcon_core.package_identification:_identify(src/robo_rover) by extension 'ignore'
[1.582s] Level 1:colcon.colcon_core.package_identification:_identify(src/robo_rover) by extension 'ignore_ament_install'
[1.583s] Level 1:colcon.colcon_core.package_identification:_identify(src/robo_rover) by extensions ['colcon_pkg']
[1.583s] Level 1:colcon.colcon_core.package_identification:_identify(src/robo_rover) by extension 'colcon_pkg'
[1.583s] Level 1:colcon.colcon_core.package_identification:_identify(src/robo_rover) by extensions ['colcon_meta']
[1.583s] Level 1:colcon.colcon_core.package_identification:_identify(src/robo_rover) by extension 'colcon_meta'
[1.583s] Level 1:colcon.colcon_core.package_identification:_identify(src/robo_rover) by extensions ['ros']
[1.583s] Level 1:colcon.colcon_core.package_identification:_identify(src/robo_rover) by extension 'ros'
[1.586s] DEBUG:colcon.colcon_core.package_identification:Package 'src/robo_rover' with type 'ros.ament_cmake' and name 'robo_rover'
[1.587s] Level 1:colcon.colcon_core.package_identification:_identify(src/rplidar_ros) by extensions ['ignore', 'ignore_ament_install']
[1.588s] Level 1:colcon.colcon_core.package_identification:_identify(src/rplidar_ros) by extension 'ignore'
[1.588s] Level 1:colcon.colcon_core.package_identification:_identify(src/rplidar_ros) by extension 'ignore_ament_install'
[1.588s] Level 1:colcon.colcon_core.package_identification:_identify(src/rplidar_ros) by extensions ['colcon_pkg']
[1.588s] Level 1:colcon.colcon_core.package_identification:_identify(src/rplidar_ros) by extension 'colcon_pkg'
[1.589s] Level 1:colcon.colcon_core.package_identification:_identify(src/rplidar_ros) by extensions ['colcon_meta']
[1.589s] Level 1:colcon.colcon_core.package_identification:_identify(src/rplidar_ros) by extension 'colcon_meta'
[1.589s] Level 1:colcon.colcon_core.package_identification:_identify(src/rplidar_ros) by extensions ['ros']
[1.589s] Level 1:colcon.colcon_core.package_identification:_identify(src/rplidar_ros) by extension 'ros'
[1.591s] DEBUG:colcon.colcon_core.package_identification:Package 'src/rplidar_ros' with type 'ros.ament_cmake' and name 'rplidar_ros'
[1.592s] Level 1:colcon.colcon_core.package_discovery:discover_packages(recursive) using defaults
[1.592s] Level 1:colcon.colcon_core.package_discovery:discover_packages(ignore) discover
[1.592s] Level 1:colcon.colcon_core.package_discovery:discover_packages(ignore) using defaults
[1.592s] Level 1:colcon.colcon_core.package_discovery:discover_packages(path) discover
[1.592s] Level 1:colcon.colcon_core.package_discovery:discover_packages(path) using defaults
[1.720s] INFO:colcon.colcon_core.package_selection:Skipping not selected package 'obstacle_avoidance' in 'src/obstacle_avoidance'
[1.720s] INFO:colcon.colcon_core.package_selection:Skipping not selected package 'realsense_publisher' in 'src/realsense_publisher'
[1.720s] INFO:colcon.colcon_core.package_selection:Skipping not selected package 'rplidar_ros' in 'src/rplidar_ros'
[1.722s] Level 1:colcon.colcon_core.package_discovery:discover_packages(prefix_path) check parameters
[1.723s] Level 1:colcon.colcon_core.package_discovery:discover_packages(prefix_path) discover
[1.734s] DEBUG:colcon.colcon_installed_package_information.package_discovery:Found 4 installed packages in /home/copperbottoms/code/Copperbottoms/ros_ws/install
[1.743s] DEBUG:colcon.colcon_installed_package_information.package_discovery:Found 296 installed packages in /opt/ros/humble
[1.750s] Level 1:colcon.colcon_core.package_discovery:discover_packages(prefix_path) using defaults
[1.943s] Level 5:colcon.colcon_core.verb:set package 'robo_rover' build argument 'cmake_args' from command line to 'None'
[1.943s] Level 5:colcon.colcon_core.verb:set package 'robo_rover' build argument 'cmake_target' from command line to 'None'
[1.943s] Level 5:colcon.colcon_core.verb:set package 'robo_rover' build argument 'cmake_target_skip_unavailable' from command line to 'False'
[1.943s] Level 5:colcon.colcon_core.verb:set package 'robo_rover' build argument 'cmake_clean_cache' from command line to 'False'
[1.943s] Level 5:colcon.colcon_core.verb:set package 'robo_rover' build argument 'cmake_clean_first' from command line to 'False'
[1.943s] Level 5:colcon.colcon_core.verb:set package 'robo_rover' build argument 'cmake_force_configure' from command line to 'False'
[1.943s] Level 5:colcon.colcon_core.verb:set package 'robo_rover' build argument 'ament_cmake_args' from command line to 'None'
[1.944s] Level 5:colcon.colcon_core.verb:set package 'robo_rover' build argument 'catkin_cmake_args' from command line to 'None'
[1.944s] Level 5:colcon.colcon_core.verb:set package 'robo_rover' build argument 'catkin_skip_building_tests' from command line to 'False'
[1.944s] DEBUG:colcon.colcon_core.verb:Building package 'robo_rover' with the following arguments: {'ament_cmake_args': None, 'build_base': '/home/copperbottoms/code/Copperbottoms/ros_ws/build/robo_rover', 'catkin_cmake_args': None, 'catkin_skip_building_tests': False, 'cmake_args': None, 'cmake_clean_cache': False, 'cmake_clean_first': False, 'cmake_force_configure': False, 'cmake_target': None, 'cmake_target_skip_unavailable': False, 'install_base': '/home/copperbottoms/code/Copperbottoms/ros_ws/install/robo_rover', 'merge_install': False, 'path': '/home/copperbottoms/code/Copperbottoms/ros_ws/src/robo_rover', 'symlink_install': False, 'test_result_base': None}
[1.944s] INFO:colcon.colcon_core.executor:Executing jobs using 'parallel' executor
[1.948s] DEBUG:colcon.colcon_parallel_executor.executor.parallel:run_until_complete
[1.948s] INFO:colcon.colcon_ros.task.ament_cmake.build:Building ROS package in '/home/copperbottoms/code/Copperbottoms/ros_ws/src/robo_rover' with build type 'ament_cmake'
[1.949s] INFO:colcon.colcon_cmake.task.cmake.build:Building CMake package in '/home/copperbottoms/code/Copperbottoms/ros_ws/src/robo_rover'
[1.960s] INFO:colcon.colcon_core.plugin_system:Skipping extension 'colcon_core.shell.bat': Not used on non-Windows systems
[1.961s] INFO:colcon.colcon_core.shell:Skip shell extension 'powershell' for command environment: Not usable outside of PowerShell
[1.961s] DEBUG:colcon.colcon_core.shell:Skip shell extension 'dsv' for command environment
[2.002s] DEBUG:colcon.colcon_core.event_handler.log_command:Invoking command in '/home/copperbottoms/code/Copperbottoms/ros_ws/build/robo_rover': CMAKE_PREFIX_PATH=${CMAKE_PREFIX_PATH}:/home/copperbottoms/code/Copperbottoms/ros_ws/install/realsense_publisher:/home/copperbottoms/code/Copperbottoms/ros_ws/install/obstacle_avoidance:/opt/ros/humble /usr/bin/cmake --build /home/copperbottoms/code/Copperbottoms/ros_ws/build/robo_rover -- -j4 -l4
[3.714s] DEBUG:colcon.colcon_core.event_handler.log_command:Invoked command in '/home/copperbottoms/code/Copperbottoms/ros_ws/build/robo_rover' returned '0': CMAKE_PREFIX_PATH=${CMAKE_PREFIX_PATH}:/home/copperbottoms/code/Copperbottoms/ros_ws/install/realsense_publisher:/home/copperbottoms/code/Copperbottoms/ros_ws/install/obstacle_avoidance:/opt/ros/humble /usr/bin/cmake --build /home/copperbottoms/code/Copperbottoms/ros_ws/build/robo_rover -- -j4 -l4
[3.754s] DEBUG:colcon.colcon_core.event_handler.log_command:Invoking command in '/home/copperbottoms/code/Copperbottoms/ros_ws/build/robo_rover': CMAKE_PREFIX_PATH=${CMAKE_PREFIX_PATH}:/home/copperbottoms/code/Copperbottoms/ros_ws/install/realsense_publisher:/home/copperbottoms/code/Copperbottoms/ros_ws/install/obstacle_avoidance:/opt/ros/humble /usr/bin/cmake --install /home/copperbottoms/code/Copperbottoms/ros_ws/build/robo_rover
[4.055s] Level 1:colcon.colcon_core.environment:create_environment_scripts_only(robo_rover)
[4.057s] DEBUG:colcon.colcon_core.event_handler.log_command:Invoked command in '/home/copperbottoms/code/Copperbottoms/ros_ws/build/robo_rover' returned '0': CMAKE_PREFIX_PATH=${CMAKE_PREFIX_PATH}:/home/copperbottoms/code/Copperbottoms/ros_ws/install/realsense_publisher:/home/copperbottoms/code/Copperbottoms/ros_ws/install/obstacle_avoidance:/opt/ros/humble /usr/bin/cmake --install /home/copperbottoms/code/Copperbottoms/ros_ws/build/robo_rover
[4.071s] Level 1:colcon.colcon_core.environment:checking '/home/copperbottoms/code/Copperbottoms/ros_ws/install/robo_rover' for CMake module files
[4.075s] Level 1:colcon.colcon_core.environment:checking '/home/copperbottoms/code/Copperbottoms/ros_ws/install/robo_rover' for CMake config files
[4.079s] Level 1:colcon.colcon_core.shell:create_environment_hook('robo_rover', 'cmake_prefix_path')
[4.080s] INFO:colcon.colcon_core.shell:Creating environment hook '/home/copperbottoms/code/Copperbottoms/ros_ws/install/robo_rover/share/robo_rover/hook/cmake_prefix_path.ps1'
[4.083s] INFO:colcon.colcon_core.shell:Creating environment descriptor '/home/copperbottoms/code/Copperbottoms/ros_ws/install/robo_rover/share/robo_rover/hook/cmake_prefix_path.dsv'
[4.085s] INFO:colcon.colcon_core.shell:Creating environment hook '/home/copperbottoms/code/Copperbottoms/ros_ws/install/robo_rover/share/robo_rover/hook/cmake_prefix_path.sh'
[4.089s] Level 1:colcon.colcon_core.environment:checking '/home/copperbottoms/code/Copperbottoms/ros_ws/install/robo_rover/lib'
[4.090s] Level 1:colcon.colcon_core.environment:checking '/home/copperbottoms/code/Copperbottoms/ros_ws/install/robo_rover/bin'
[4.090s] Level 1:colcon.colcon_core.environment:checking '/home/copperbottoms/code/Copperbottoms/ros_ws/install/robo_rover/lib/pkgconfig/robo_rover.pc'
[4.091s] Level 1:colcon.colcon_core.environment:checking '/home/copperbottoms/code/Copperbottoms/ros_ws/install/robo_rover/lib/python3.10/site-packages'
[4.093s] Level 1:colcon.colcon_core.environment:checking '/home/copperbottoms/code/Copperbottoms/ros_ws/install/robo_rover/bin'
[4.094s] INFO:colcon.colcon_core.shell:Creating package script '/home/copperbottoms/code/Copperbottoms/ros_ws/install/robo_rover/share/robo_rover/package.ps1'
[4.097s] INFO:colcon.colcon_core.shell:Creating package descriptor '/home/copperbottoms/code/Copperbottoms/ros_ws/install/robo_rover/share/robo_rover/package.dsv'
[4.100s] INFO:colcon.colcon_core.shell:Creating package script '/home/copperbottoms/code/Copperbottoms/ros_ws/install/robo_rover/share/robo_rover/package.sh'
[4.103s] INFO:colcon.colcon_core.shell:Creating package script '/home/copperbottoms/code/Copperbottoms/ros_ws/install/robo_rover/share/robo_rover/package.bash'
[4.106s] INFO:colcon.colcon_core.shell:Creating package script '/home/copperbottoms/code/Copperbottoms/ros_ws/install/robo_rover/share/robo_rover/package.zsh'
[4.109s] Level 1:colcon.colcon_core.environment:create_file_with_runtime_dependencies(/home/copperbottoms/code/Copperbottoms/ros_ws/install/robo_rover/share/colcon-core/packages/robo_rover)
[4.112s] Level 1:colcon.colcon_core.environment:create_environment_scripts_only(robo_rover)
[4.113s] Level 1:colcon.colcon_core.environment:checking '/home/copperbottoms/code/Copperbottoms/ros_ws/install/robo_rover' for CMake module files
[4.116s] Level 1:colcon.colcon_core.environment:checking '/home/copperbottoms/code/Copperbottoms/ros_ws/install/robo_rover' for CMake config files
[4.121s] Level 1:colcon.colcon_core.shell:create_environment_hook('robo_rover', 'cmake_prefix_path')
[4.122s] INFO:colcon.colcon_core.shell:Creating environment hook '/home/copperbottoms/code/Copperbottoms/ros_ws/install/robo_rover/share/robo_rover/hook/cmake_prefix_path.ps1'
[4.125s] INFO:colcon.colcon_core.shell:Creating environment descriptor '/home/copperbottoms/code/Copperbottoms/ros_ws/install/robo_rover/share/robo_rover/hook/cmake_prefix_path.dsv'
[4.127s] INFO:colcon.colcon_core.shell:Creating environment hook '/home/copperbottoms/code/Copperbottoms/ros_ws/install/robo_rover/share/robo_rover/hook/cmake_prefix_path.sh'
[4.129s] Level 1:colcon.colcon_core.environment:checking '/home/copperbottoms/code/Copperbottoms/ros_ws/install/robo_rover/lib'
[4.130s] Level 1:colcon.colcon_core.environment:checking '/home/copperbottoms/code/Copperbottoms/ros_ws/install/robo_rover/bin'
[4.130s] Level 1:colcon.colcon_core.environment:checking '/home/copperbottoms/code/Copperbottoms/ros_ws/install/robo_rover/lib/pkgconfig/robo_rover.pc'
[4.131s] Level 1:colcon.colcon_core.environment:checking '/home/copperbottoms/code/Copperbottoms/ros_ws/install/robo_rover/lib/python3.10/site-packages'
[4.133s] Level 1:colcon.colcon_core.environment:checking '/home/copperbottoms/code/Copperbottoms/ros_ws/install/robo_rover/bin'
[4.134s] INFO:colcon.colcon_core.shell:Creating package script '/home/copperbottoms/code/Copperbottoms/ros_ws/install/robo_rover/share/robo_rover/package.ps1'
[4.136s] INFO:colcon.colcon_core.shell:Creating package descriptor '/home/copperbottoms/code/Copperbottoms/ros_ws/install/robo_rover/share/robo_rover/package.dsv'
[4.138s] INFO:colcon.colcon_core.shell:Creating package script '/home/copperbottoms/code/Copperbottoms/ros_ws/install/robo_rover/share/robo_rover/package.sh'
[4.140s] INFO:colcon.colcon_core.shell:Creating package script '/home/copperbottoms/code/Copperbottoms/ros_ws/install/robo_rover/share/robo_rover/package.bash'
[4.143s] INFO:colcon.colcon_core.shell:Creating package script '/home/copperbottoms/code/Copperbottoms/ros_ws/install/robo_rover/share/robo_rover/package.zsh'
[4.145s] Level 1:colcon.colcon_core.environment:create_file_with_runtime_dependencies(/home/copperbottoms/code/Copperbottoms/ros_ws/install/robo_rover/share/colcon-core/packages/robo_rover)
[4.146s] DEBUG:colcon.colcon_parallel_executor.executor.parallel:closing loop
[4.148s] DEBUG:colcon.colcon_parallel_executor.executor.parallel:loop closed
[4.149s] DEBUG:colcon.colcon_parallel_executor.executor.parallel:run_until_complete finished with '0'
[4.149s] DEBUG:colcon.colcon_core.event_reactor:joining thread
[4.172s] INFO:colcon.colcon_core.plugin_system:Skipping extension 'colcon_notification.desktop_notification.terminal_notifier': Not used on non-Darwin systems
[4.172s] INFO:colcon.colcon_core.plugin_system:Skipping extension 'colcon_notification.desktop_notification.win32': Not used on non-Windows systems
[4.172s] INFO:colcon.colcon_notification.desktop_notification:Sending desktop notification using 'notify2'
[4.178s] DEBUG:colcon.colcon_notification.desktop_notification.notify2:Failed to initialize notify2: org.freedesktop.DBus.Error.ServiceUnknown: The name org.freedesktop.Notifications was not provided by any .service files
[4.178s] DEBUG:colcon.colcon_core.event_reactor:joined thread
[4.179s] INFO:colcon.colcon_core.shell:Creating prefix script '/home/copperbottoms/code/Copperbottoms/ros_ws/install/local_setup.ps1'
[4.184s] INFO:colcon.colcon_core.shell:Creating prefix util module '/home/copperbottoms/code/Copperbottoms/ros_ws/install/_local_setup_util_ps1.py'
[4.191s] INFO:colcon.colcon_core.shell:Creating prefix chain script '/home/copperbottoms/code/Copperbottoms/ros_ws/install/setup.ps1'
[4.197s] INFO:colcon.colcon_core.shell:Creating prefix script '/home/copperbottoms/code/Copperbottoms/ros_ws/install/local_setup.sh'
[4.200s] INFO:colcon.colcon_core.shell:Creating prefix util module '/home/copperbottoms/code/Copperbottoms/ros_ws/install/_local_setup_util_sh.py'
[4.203s] INFO:colcon.colcon_core.shell:Creating prefix chain script '/home/copperbottoms/code/Copperbottoms/ros_ws/install/setup.sh'
[4.209s] INFO:colcon.colcon_core.shell:Creating prefix script '/home/copperbottoms/code/Copperbottoms/ros_ws/install/local_setup.bash'
[4.211s] INFO:colcon.colcon_core.shell:Creating prefix chain script '/home/copperbottoms/code/Copperbottoms/ros_ws/install/setup.bash'
[4.217s] INFO:colcon.colcon_core.shell:Creating prefix script '/home/copperbottoms/code/Copperbottoms/ros_ws/install/local_setup.zsh'
[4.220s] INFO:colcon.colcon_core.shell:Creating prefix chain script '/home/copperbottoms/code/Copperbottoms/ros_ws/install/setup.zsh'
