[0.163s] Invoking command in '/home/copperbottoms/code/Copperbottoms/ros_ws/build/custom_messages': CMAKE_PREFIX_PATH=${CMAKE_PREFIX_PATH}:/home/copperbottoms/code/Copperbottoms/ros_ws/install/realsense_publisher:/home/copperbottoms/code/Copperbottoms/ros_ws/install/obstacle_avoidance:/home/copperbottoms/code/Copperbottoms/ros_ws/install/landmark_slam:/home/copperbottoms/code/Copperbottoms/ros_ws/install/camera_navigation:/opt/ros/humble /usr/bin/cmake --build /home/copperbottoms/code/Copperbottoms/ros_ws/build/custom_messages -- -j4 -l4
[3.723s] [  2%] Built target custom_messages__cpp
[3.725s] [  2%] Built target ament_cmake_python_symlink_custom_messages
[3.727s] [ 12%] Built target custom_messages__rosidl_typesupport_fastrtps_cpp
[3.729s] [ 23%] Built target custom_messages__rosidl_typesupport_introspection_cpp
[3.731s] running egg_info
[3.737s] writing custom_messages.egg-info/PKG-INFO
[3.738s] writing dependency_links to custom_messages.egg-info/dependency_links.txt
[3.739s] writing top-level names to custom_messages.egg-info/top_level.txt
[3.739s] reading manifest file 'custom_messages.egg-info/SOURCES.txt'
[3.741s] writing manifest file 'custom_messages.egg-info/SOURCES.txt'
[3.742s] [ 23%] Built target ament_cmake_python_build_custom_messages_egg
[3.742s] [ 34%] Built target custom_messages__rosidl_typesupport_cpp
[3.743s] [ 44%] Built target custom_messages__rosidl_generator_c
[3.744s] [ 55%] Built target custom_messages__rosidl_typesupport_fastrtps_c
[3.745s] [ 65%] Built target custom_messages__rosidl_typesupport_c
[3.746s] [ 76%] Built target custom_messages__rosidl_typesupport_introspection_c
[3.747s] [ 76%] Built target custom_messages
[3.747s] [ 78%] Built target custom_messages__py
[3.748s] [ 87%] Built target custom_messages__rosidl_generator_py
[3.765s] [ 91%] Built target custom_messages__rosidl_typesupport_fastrtps_c__pyext
[3.884s] [ 95%] Built target custom_messages__rosidl_typesupport_c__pyext
[4.002s] [100%] Built target custom_messages__rosidl_typesupport_introspection_c__pyext
[5.359s] Invoked command in '/home/copperbottoms/code/Copperbottoms/ros_ws/build/custom_messages' returned '0': CMAKE_PREFIX_PATH=${CMAKE_PREFIX_PATH}:/home/copperbottoms/code/Copperbottoms/ros_ws/install/realsense_publisher:/home/copperbottoms/code/Copperbottoms/ros_ws/install/obstacle_avoidance:/home/copperbottoms/code/Copperbottoms/ros_ws/install/landmark_slam:/home/copperbottoms/code/Copperbottoms/ros_ws/install/camera_navigation:/opt/ros/humble /usr/bin/cmake --build /home/copperbottoms/code/Copperbottoms/ros_ws/build/custom_messages -- -j4 -l4
[5.416s] Invoking command in '/home/copperbottoms/code/Copperbottoms/ros_ws/build/custom_messages': CMAKE_PREFIX_PATH=${CMAKE_PREFIX_PATH}:/home/copperbottoms/code/Copperbottoms/ros_ws/install/realsense_publisher:/home/copperbottoms/code/Copperbottoms/ros_ws/install/obstacle_avoidance:/home/copperbottoms/code/Copperbottoms/ros_ws/install/landmark_slam:/home/copperbottoms/code/Copperbottoms/ros_ws/install/camera_navigation:/opt/ros/humble /usr/bin/cmake --install /home/copperbottoms/code/Copperbottoms/ros_ws/build/custom_messages
[5.466s] -- Install configuration: ""
[5.468s] -- Execute custom install script
[5.470s] -- Up-to-date symlink: /home/copperbottoms/code/Copperbottoms/ros_ws/install/custom_messages/share/ament_index/resource_index/rosidl_interfaces/custom_messages
[5.474s] -- Up-to-date symlink: /home/copperbottoms/code/Copperbottoms/ros_ws/install/custom_messages/include/custom_messages/custom_messages/msg/detail/latency_stats__functions.h
[5.476s] -- Up-to-date symlink: /home/copperbottoms/code/Copperbottoms/ros_ws/install/custom_messages/include/custom_messages/custom_messages/msg/detail/latency_stats__struct.h
[5.477s] -- Up-to-date symlink: /home/copperbottoms/code/Copperbottoms/ros_ws/install/custom_messages/include/custom_messages/custom_messages/msg/detail/latency_stats__type_support.h
[5.482s] -- Up-to-date symlink: /home/copperbottoms/code/Copperbottoms/ros_ws/install/custom_messages/include/custom_messages/custom_messages/msg/detail/rate_stats__functions.h
[5.483s] -- Up-to-date symlink: /home/copperbottoms/code/Copperbottoms/ros_ws/install/custom_messages/include/custom_messages/custom_messages/msg/detail/rate_stats__struct.h
[5.485s] -- Up-to-date symlink: /home/copperbottoms/code/Copperbottoms/ros_ws/install/custom_messages/include/custom_messages/custom_messages/msg/detail/rate_stats__type_support.h
[5.486s] -- Up-to-date symlink: /home/copperbottoms/code/Copperbottoms/ros_ws/install/custom_messages/include/custom_messages/custom_messages/msg/detail/slow__functions.h
[5.488s] -- Up-to-date symlink: /home/copperbottoms/code/Copperbottoms/ros_ws/install/custom_messages/include/custom_messages/custom_messages/msg/detail/slow__struct.h
[5.489s] -- Up-to-date symlink: /home/copperbottoms/code/Copperbottoms/ros_ws/install/custom_messages/include/custom_messages/custom_messages/msg/detail/slow__type_support.h
[5.491s] -- Up-to-date symlink: /home/copperbottoms/code/Copperbottoms/ros_ws/install/custom_messages/include/custom_messages/custom_messages/msg/latency_stats.h
[5.493s] -- Up-to-date symlink: /home/copperbottoms/code/Copperbottoms/ros_ws/install/custom_messages/include/custom_messages/custom_messages/msg/rate_stats.h
[5.494s] -- Up-to-date symlink: /home/copperbottoms/code/Copperbottoms/ros_ws/install/custom_messages/include/custom_messages/custom_messages/msg/rosidl_generator_c__visibility_control.h
[5.496s] -- Up-to-date symlink: /home/copperbottoms/code/Copperbottoms/ros_ws/install/custom_messages/include/custom_messages/custom_messages/msg/slow.h
[5.497s] -- Up-to-date symlink: /home/copperbottoms/code/Copperbottoms/ros_ws/install/custom_messages/share/custom_messages/environment/library_path.sh
[5.499s] -- Up-to-date symlink: /home/copperbottoms/code/Copperbottoms/ros_ws/install/custom_messages/share/custom_messages/environment/library_path.dsv
[5.505s] -- Up-to-date symlink: /home/copperbottoms/code/Copperbottoms/ros_ws/install/custom_messages/include/custom_messages/custom_messages/msg/detail/latency_stats__rosidl_typesupport_fastrtps_c.h
[5.506s] -- Up-to-date symlink: /home/copperbottoms/code/Copperbottoms/ros_ws/install/custom_messages/include/custom_messages/custom_messages/msg/detail/rate_stats__rosidl_typesupport_fastrtps_c.h
[5.508s] -- Up-to-date symlink: /home/copperbottoms/code/Copperbottoms/ros_ws/install/custom_messages/include/custom_messages/custom_messages/msg/detail/slow__rosidl_typesupport_fastrtps_c.h
[5.509s] -- Up-to-date symlink: /home/copperbottoms/code/Copperbottoms/ros_ws/install/custom_messages/include/custom_messages/custom_messages/msg/rosidl_typesupport_fastrtps_c__visibility_control.h
[5.513s] -- Up-to-date symlink: /home/copperbottoms/code/Copperbottoms/ros_ws/install/custom_messages/include/custom_messages/custom_messages/msg/detail/latency_stats__rosidl_typesupport_introspection_c.h
[5.515s] -- Up-to-date symlink: /home/copperbottoms/code/Copperbottoms/ros_ws/install/custom_messages/include/custom_messages/custom_messages/msg/detail/rate_stats__rosidl_typesupport_introspection_c.h
[5.516s] -- Up-to-date symlink: /home/copperbottoms/code/Copperbottoms/ros_ws/install/custom_messages/include/custom_messages/custom_messages/msg/detail/slow__rosidl_typesupport_introspection_c.h
[5.518s] -- Up-to-date symlink: /home/copperbottoms/code/Copperbottoms/ros_ws/install/custom_messages/include/custom_messages/custom_messages/msg/rosidl_typesupport_introspection_c__visibility_control.h
[5.522s] -- Up-to-date symlink: /home/copperbottoms/code/Copperbottoms/ros_ws/install/custom_messages/include/custom_messages/custom_messages/msg/detail/latency_stats__builder.hpp
[5.524s] -- Up-to-date symlink: /home/copperbottoms/code/Copperbottoms/ros_ws/install/custom_messages/include/custom_messages/custom_messages/msg/detail/latency_stats__struct.hpp
[5.527s] -- Up-to-date symlink: /home/copperbottoms/code/Copperbottoms/ros_ws/install/custom_messages/include/custom_messages/custom_messages/msg/detail/latency_stats__traits.hpp
[5.529s] -- Up-to-date symlink: /home/copperbottoms/code/Copperbottoms/ros_ws/install/custom_messages/include/custom_messages/custom_messages/msg/detail/latency_stats__type_support.hpp
[5.531s] -- Up-to-date symlink: /home/copperbottoms/code/Copperbottoms/ros_ws/install/custom_messages/include/custom_messages/custom_messages/msg/detail/rate_stats__builder.hpp
[5.532s] -- Up-to-date symlink: /home/copperbottoms/code/Copperbottoms/ros_ws/install/custom_messages/include/custom_messages/custom_messages/msg/detail/rate_stats__struct.hpp
[5.534s] -- Up-to-date symlink: /home/copperbottoms/code/Copperbottoms/ros_ws/install/custom_messages/include/custom_messages/custom_messages/msg/detail/rate_stats__traits.hpp
[5.536s] -- Up-to-date symlink: /home/copperbottoms/code/Copperbottoms/ros_ws/install/custom_messages/include/custom_messages/custom_messages/msg/detail/rate_stats__type_support.hpp
[5.538s] -- Up-to-date symlink: /home/copperbottoms/code/Copperbottoms/ros_ws/install/custom_messages/include/custom_messages/custom_messages/msg/detail/slow__builder.hpp
[5.539s] -- Up-to-date symlink: /home/copperbottoms/code/Copperbottoms/ros_ws/install/custom_messages/include/custom_messages/custom_messages/msg/detail/slow__struct.hpp
[5.541s] -- Up-to-date symlink: /home/copperbottoms/code/Copperbottoms/ros_ws/install/custom_messages/include/custom_messages/custom_messages/msg/detail/slow__traits.hpp
[5.542s] -- Up-to-date symlink: /home/copperbottoms/code/Copperbottoms/ros_ws/install/custom_messages/include/custom_messages/custom_messages/msg/detail/slow__type_support.hpp
[5.544s] -- Up-to-date symlink: /home/copperbottoms/code/Copperbottoms/ros_ws/install/custom_messages/include/custom_messages/custom_messages/msg/latency_stats.hpp
[5.545s] -- Up-to-date symlink: /home/copperbottoms/code/Copperbottoms/ros_ws/install/custom_messages/include/custom_messages/custom_messages/msg/rate_stats.hpp
[5.546s] -- Up-to-date symlink: /home/copperbottoms/code/Copperbottoms/ros_ws/install/custom_messages/include/custom_messages/custom_messages/msg/rosidl_generator_cpp__visibility_control.hpp
[5.547s] -- Up-to-date symlink: /home/copperbottoms/code/Copperbottoms/ros_ws/install/custom_messages/include/custom_messages/custom_messages/msg/slow.hpp
[5.564s] -- Up-to-date symlink: /home/copperbottoms/code/Copperbottoms/ros_ws/install/custom_messages/include/custom_messages/custom_messages/msg/detail/latency_stats__rosidl_typesupport_fastrtps_cpp.hpp
[5.567s] -- Up-to-date symlink: /home/copperbottoms/code/Copperbottoms/ros_ws/install/custom_messages/include/custom_messages/custom_messages/msg/detail/rate_stats__rosidl_typesupport_fastrtps_cpp.hpp
[5.568s] -- Up-to-date symlink: /home/copperbottoms/code/Copperbottoms/ros_ws/install/custom_messages/include/custom_messages/custom_messages/msg/detail/slow__rosidl_typesupport_fastrtps_cpp.hpp
[5.573s] -- Up-to-date symlink: /home/copperbottoms/code/Copperbottoms/ros_ws/install/custom_messages/include/custom_messages/custom_messages/msg/rosidl_typesupport_fastrtps_cpp__visibility_control.h
[5.579s] -- Up-to-date symlink: /home/copperbottoms/code/Copperbottoms/ros_ws/install/custom_messages/include/custom_messages/custom_messages/msg/detail/latency_stats__rosidl_typesupport_introspection_cpp.hpp
[5.582s] -- Up-to-date symlink: /home/copperbottoms/code/Copperbottoms/ros_ws/install/custom_messages/include/custom_messages/custom_messages/msg/detail/rate_stats__rosidl_typesupport_introspection_cpp.hpp
[5.586s] -- Up-to-date symlink: /home/copperbottoms/code/Copperbottoms/ros_ws/install/custom_messages/include/custom_messages/custom_messages/msg/detail/slow__rosidl_typesupport_introspection_cpp.hpp
[5.590s] -- Up-to-date symlink: /home/copperbottoms/code/Copperbottoms/ros_ws/install/custom_messages/share/custom_messages/environment/pythonpath.sh
[5.593s] -- Up-to-date symlink: /home/copperbottoms/code/Copperbottoms/ros_ws/install/custom_messages/share/custom_messages/environment/pythonpath.dsv
[5.595s] -- Up-to-date symlink: /home/copperbottoms/code/Copperbottoms/ros_ws/install/custom_messages/local/lib/python3.10/dist-packages/custom_messages-0.0.0-py3.10.egg-info/PKG-INFO
[5.601s] -- Up-to-date symlink: /home/copperbottoms/code/Copperbottoms/ros_ws/install/custom_messages/local/lib/python3.10/dist-packages/custom_messages-0.0.0-py3.10.egg-info/SOURCES.txt
[5.603s] -- Up-to-date symlink: /home/copperbottoms/code/Copperbottoms/ros_ws/install/custom_messages/local/lib/python3.10/dist-packages/custom_messages-0.0.0-py3.10.egg-info/dependency_links.txt
[5.611s] -- Up-to-date symlink: /home/copperbottoms/code/Copperbottoms/ros_ws/install/custom_messages/local/lib/python3.10/dist-packages/custom_messages-0.0.0-py3.10.egg-info/top_level.txt
[5.614s] -- Up-to-date symlink: /home/copperbottoms/code/Copperbottoms/ros_ws/install/custom_messages/local/lib/python3.10/dist-packages/custom_messages/__init__.py
[5.616s] -- Up-to-date symlink: /home/copperbottoms/code/Copperbottoms/ros_ws/install/custom_messages/local/lib/python3.10/dist-packages/custom_messages/_custom_messages_s.ep.rosidl_typesupport_c.c
[5.618s] -- Up-to-date symlink: /home/copperbottoms/code/Copperbottoms/ros_ws/install/custom_messages/local/lib/python3.10/dist-packages/custom_messages/_custom_messages_s.ep.rosidl_typesupport_fastrtps_c.c
[5.621s] -- Up-to-date symlink: /home/copperbottoms/code/Copperbottoms/ros_ws/install/custom_messages/local/lib/python3.10/dist-packages/custom_messages/_custom_messages_s.ep.rosidl_typesupport_introspection_c.c
[5.625s] -- Up-to-date symlink: /home/copperbottoms/code/Copperbottoms/ros_ws/install/custom_messages/local/lib/python3.10/dist-packages/custom_messages/custom_messages_s__rosidl_typesupport_c.cpython-310-aarch64-linux-gnu.so
[5.628s] -- Up-to-date symlink: /home/copperbottoms/code/Copperbottoms/ros_ws/install/custom_messages/local/lib/python3.10/dist-packages/custom_messages/custom_messages_s__rosidl_typesupport_fastrtps_c.cpython-310-aarch64-linux-gnu.so
[5.632s] -- Up-to-date symlink: /home/copperbottoms/code/Copperbottoms/ros_ws/install/custom_messages/local/lib/python3.10/dist-packages/custom_messages/custom_messages_s__rosidl_typesupport_introspection_c.cpython-310-aarch64-linux-gnu.so
[5.635s] -- Up-to-date symlink: /home/copperbottoms/code/Copperbottoms/ros_ws/install/custom_messages/local/lib/python3.10/dist-packages/custom_messages/libcustom_messages__rosidl_generator_py.so
[5.639s] -- Up-to-date symlink: /home/copperbottoms/code/Copperbottoms/ros_ws/install/custom_messages/local/lib/python3.10/dist-packages/custom_messages/msg/__init__.py
[5.642s] -- Up-to-date symlink: /home/copperbottoms/code/Copperbottoms/ros_ws/install/custom_messages/local/lib/python3.10/dist-packages/custom_messages/msg/_latency_stats.py
[5.646s] -- Up-to-date symlink: /home/copperbottoms/code/Copperbottoms/ros_ws/install/custom_messages/local/lib/python3.10/dist-packages/custom_messages/msg/_latency_stats_s.c
[5.652s] -- Up-to-date symlink: /home/copperbottoms/code/Copperbottoms/ros_ws/install/custom_messages/local/lib/python3.10/dist-packages/custom_messages/msg/_rate_stats.py
[5.654s] -- Up-to-date symlink: /home/copperbottoms/code/Copperbottoms/ros_ws/install/custom_messages/local/lib/python3.10/dist-packages/custom_messages/msg/_rate_stats_s.c
[5.658s] -- Up-to-date symlink: /home/copperbottoms/code/Copperbottoms/ros_ws/install/custom_messages/local/lib/python3.10/dist-packages/custom_messages/msg/_slow.py
[5.665s] -- Up-to-date symlink: /home/copperbottoms/code/Copperbottoms/ros_ws/install/custom_messages/local/lib/python3.10/dist-packages/custom_messages/msg/_slow_s.c
[5.670s] -- Up-to-date symlink: /home/copperbottoms/code/Copperbottoms/ros_ws/install/custom_messages/local/lib/python3.10/dist-packages/custom_messages/custom_messages_s__rosidl_typesupport_fastrtps_c.cpython-310-aarch64-linux-gnu.so
[5.672s] -- Up-to-date symlink: /home/copperbottoms/code/Copperbottoms/ros_ws/install/custom_messages/local/lib/python3.10/dist-packages/custom_messages/custom_messages_s__rosidl_typesupport_introspection_c.cpython-310-aarch64-linux-gnu.so
[5.677s] -- Up-to-date symlink: /home/copperbottoms/code/Copperbottoms/ros_ws/install/custom_messages/local/lib/python3.10/dist-packages/custom_messages/custom_messages_s__rosidl_typesupport_c.cpython-310-aarch64-linux-gnu.so
[5.681s] -- Up-to-date symlink: /home/copperbottoms/code/Copperbottoms/ros_ws/install/custom_messages/share/custom_messages/msg/Slow.idl
[5.684s] -- Up-to-date symlink: /home/copperbottoms/code/Copperbottoms/ros_ws/install/custom_messages/share/custom_messages/msg/LatencyStats.idl
[5.686s] -- Up-to-date symlink: /home/copperbottoms/code/Copperbottoms/ros_ws/install/custom_messages/share/custom_messages/msg/RateStats.idl
[5.688s] -- Up-to-date symlink: /home/copperbottoms/code/Copperbottoms/ros_ws/install/custom_messages/share/custom_messages/msg/Slow.msg
[5.690s] -- Up-to-date symlink: /home/copperbottoms/code/Copperbottoms/ros_ws/install/custom_messages/share/custom_messages/msg/LatencyStats.msg
[5.692s] -- Up-to-date symlink: /home/copperbottoms/code/Copperbottoms/ros_ws/install/custom_messages/share/custom_messages/msg/RateStats.msg
[5.694s] -- Up-to-date symlink: /home/copperbottoms/code/Copperbottoms/ros_ws/install/custom_messages/share/ament_index/resource_index/package_run_dependencies/custom_messages
[5.696s] -- Up-to-date symlink: /home/copperbottoms/code/Copperbottoms/ros_ws/install/custom_messages/share/ament_index/resource_index/parent_prefix_path/custom_messages
[5.698s] -- Up-to-date symlink: /home/copperbottoms/code/Copperbottoms/ros_ws/install/custom_messages/share/custom_messages/environment/ament_prefix_path.sh
[5.701s] -- Up-to-date symlink: /home/copperbottoms/code/Copperbottoms/ros_ws/install/custom_messages/share/custom_messages/environment/ament_prefix_path.dsv
[5.703s] -- Up-to-date symlink: /home/copperbottoms/code/Copperbottoms/ros_ws/install/custom_messages/share/custom_messages/environment/path.sh
[5.706s] -- Up-to-date symlink: /home/copperbottoms/code/Copperbottoms/ros_ws/install/custom_messages/share/custom_messages/environment/path.dsv
[5.709s] -- Up-to-date symlink: /home/copperbottoms/code/Copperbottoms/ros_ws/install/custom_messages/share/custom_messages/local_setup.bash
[5.712s] -- Up-to-date symlink: /home/copperbottoms/code/Copperbottoms/ros_ws/install/custom_messages/share/custom_messages/local_setup.sh
[5.714s] -- Up-to-date symlink: /home/copperbottoms/code/Copperbottoms/ros_ws/install/custom_messages/share/custom_messages/local_setup.zsh
[5.716s] -- Up-to-date symlink: /home/copperbottoms/code/Copperbottoms/ros_ws/install/custom_messages/share/custom_messages/local_setup.dsv
[5.718s] -- Symlinking: /home/copperbottoms/code/Copperbottoms/ros_ws/install/custom_messages/share/custom_messages/package.dsv
[5.764s] -- Up-to-date symlink: /home/copperbottoms/code/Copperbottoms/ros_ws/install/custom_messages/share/ament_index/resource_index/packages/custom_messages
[5.770s] -- Up-to-date symlink: /home/copperbottoms/code/Copperbottoms/ros_ws/install/custom_messages/share/custom_messages/cmake/rosidl_cmake-extras.cmake
[5.775s] -- Up-to-date symlink: /home/copperbottoms/code/Copperbottoms/ros_ws/install/custom_messages/share/custom_messages/cmake/ament_cmake_export_dependencies-extras.cmake
[5.779s] -- Up-to-date symlink: /home/copperbottoms/code/Copperbottoms/ros_ws/install/custom_messages/share/custom_messages/cmake/ament_cmake_export_include_directories-extras.cmake
[5.783s] -- Up-to-date symlink: /home/copperbottoms/code/Copperbottoms/ros_ws/install/custom_messages/share/custom_messages/cmake/ament_cmake_export_libraries-extras.cmake
[5.787s] -- Up-to-date symlink: /home/copperbottoms/code/Copperbottoms/ros_ws/install/custom_messages/share/custom_messages/cmake/ament_cmake_export_targets-extras.cmake
[5.790s] -- Up-to-date symlink: /home/copperbottoms/code/Copperbottoms/ros_ws/install/custom_messages/share/custom_messages/cmake/rosidl_cmake_export_typesupport_targets-extras.cmake
[5.794s] -- Up-to-date symlink: /home/copperbottoms/code/Copperbottoms/ros_ws/install/custom_messages/share/custom_messages/cmake/rosidl_cmake_export_typesupport_libraries-extras.cmake
[5.799s] -- Up-to-date symlink: /home/copperbottoms/code/Copperbottoms/ros_ws/install/custom_messages/share/custom_messages/cmake/custom_messagesConfig.cmake
[5.801s] -- Up-to-date symlink: /home/copperbottoms/code/Copperbottoms/ros_ws/install/custom_messages/share/custom_messages/cmake/custom_messagesConfig-version.cmake
[5.807s] -- Up-to-date symlink: /home/copperbottoms/code/Copperbottoms/ros_ws/install/custom_messages/share/custom_messages/package.xml
[5.810s] -- Up-to-date: /home/copperbottoms/code/Copperbottoms/ros_ws/install/custom_messages/lib/libcustom_messages__rosidl_generator_c.so
[5.813s] -- Up-to-date: /home/copperbottoms/code/Copperbottoms/ros_ws/install/custom_messages/lib/libcustom_messages__rosidl_typesupport_fastrtps_c.so
[5.816s] -- Up-to-date: /home/copperbottoms/code/Copperbottoms/ros_ws/install/custom_messages/lib/libcustom_messages__rosidl_typesupport_introspection_c.so
[5.820s] -- Up-to-date: /home/copperbottoms/code/Copperbottoms/ros_ws/install/custom_messages/lib/libcustom_messages__rosidl_typesupport_c.so
[5.824s] -- Up-to-date: /home/copperbottoms/code/Copperbottoms/ros_ws/install/custom_messages/lib/libcustom_messages__rosidl_typesupport_fastrtps_cpp.so
[5.827s] -- Up-to-date: /home/copperbottoms/code/Copperbottoms/ros_ws/install/custom_messages/lib/libcustom_messages__rosidl_typesupport_introspection_cpp.so
[5.830s] -- Up-to-date: /home/copperbottoms/code/Copperbottoms/ros_ws/install/custom_messages/lib/libcustom_messages__rosidl_typesupport_cpp.so
[6.143s] Listing '/home/copperbottoms/code/Copperbottoms/ros_ws/install/custom_messages/local/lib/python3.10/dist-packages/custom_messages'...
[6.144s] Listing '/home/copperbottoms/code/Copperbottoms/ros_ws/install/custom_messages/local/lib/python3.10/dist-packages/custom_messages/msg'...
[6.191s] -- Up-to-date: /home/copperbottoms/code/Copperbottoms/ros_ws/install/custom_messages/lib/libcustom_messages__rosidl_generator_py.so
[6.198s] -- Up-to-date: /home/copperbottoms/code/Copperbottoms/ros_ws/install/custom_messages/share/custom_messages/cmake/export_custom_messages__rosidl_generator_cExport.cmake
[6.204s] -- Up-to-date: /home/copperbottoms/code/Copperbottoms/ros_ws/install/custom_messages/share/custom_messages/cmake/export_custom_messages__rosidl_generator_cExport-noconfig.cmake
[6.208s] -- Up-to-date: /home/copperbottoms/code/Copperbottoms/ros_ws/install/custom_messages/share/custom_messages/cmake/export_custom_messages__rosidl_typesupport_fastrtps_cExport.cmake
[6.212s] -- Up-to-date: /home/copperbottoms/code/Copperbottoms/ros_ws/install/custom_messages/share/custom_messages/cmake/export_custom_messages__rosidl_typesupport_fastrtps_cExport-noconfig.cmake
[6.217s] -- Up-to-date: /home/copperbottoms/code/Copperbottoms/ros_ws/install/custom_messages/share/custom_messages/cmake/custom_messages__rosidl_typesupport_introspection_cExport.cmake
[6.229s] -- Up-to-date: /home/copperbottoms/code/Copperbottoms/ros_ws/install/custom_messages/share/custom_messages/cmake/custom_messages__rosidl_typesupport_introspection_cExport-noconfig.cmake
[6.236s] -- Up-to-date: /home/copperbottoms/code/Copperbottoms/ros_ws/install/custom_messages/share/custom_messages/cmake/custom_messages__rosidl_typesupport_cExport.cmake
[6.240s] -- Up-to-date: /home/copperbottoms/code/Copperbottoms/ros_ws/install/custom_messages/share/custom_messages/cmake/custom_messages__rosidl_typesupport_cExport-noconfig.cmake
[6.244s] -- Up-to-date: /home/copperbottoms/code/Copperbottoms/ros_ws/install/custom_messages/share/custom_messages/cmake/export_custom_messages__rosidl_generator_cppExport.cmake
[6.248s] -- Up-to-date: /home/copperbottoms/code/Copperbottoms/ros_ws/install/custom_messages/share/custom_messages/cmake/export_custom_messages__rosidl_typesupport_fastrtps_cppExport.cmake
[6.252s] -- Up-to-date: /home/copperbottoms/code/Copperbottoms/ros_ws/install/custom_messages/share/custom_messages/cmake/export_custom_messages__rosidl_typesupport_fastrtps_cppExport-noconfig.cmake
[6.256s] -- Up-to-date: /home/copperbottoms/code/Copperbottoms/ros_ws/install/custom_messages/share/custom_messages/cmake/custom_messages__rosidl_typesupport_introspection_cppExport.cmake
[6.260s] -- Up-to-date: /home/copperbottoms/code/Copperbottoms/ros_ws/install/custom_messages/share/custom_messages/cmake/custom_messages__rosidl_typesupport_introspection_cppExport-noconfig.cmake
[6.264s] -- Up-to-date: /home/copperbottoms/code/Copperbottoms/ros_ws/install/custom_messages/share/custom_messages/cmake/custom_messages__rosidl_typesupport_cppExport.cmake
[6.268s] -- Up-to-date: /home/copperbottoms/code/Copperbottoms/ros_ws/install/custom_messages/share/custom_messages/cmake/custom_messages__rosidl_typesupport_cppExport-noconfig.cmake
[6.274s] -- Up-to-date: /home/copperbottoms/code/Copperbottoms/ros_ws/install/custom_messages/share/custom_messages/cmake/export_custom_messages__rosidl_generator_pyExport.cmake
[6.279s] -- Up-to-date: /home/copperbottoms/code/Copperbottoms/ros_ws/install/custom_messages/share/custom_messages/cmake/export_custom_messages__rosidl_generator_pyExport-noconfig.cmake
[6.299s] Invoked command in '/home/copperbottoms/code/Copperbottoms/ros_ws/build/custom_messages' returned '0': CMAKE_PREFIX_PATH=${CMAKE_PREFIX_PATH}:/home/copperbottoms/code/Copperbottoms/ros_ws/install/realsense_publisher:/home/copperbottoms/code/Copperbottoms/ros_ws/install/obstacle_avoidance:/home/copperbottoms/code/Copperbottoms/ros_ws/install/landmark_slam:/home/copperbottoms/code/Copperbottoms/ros_ws/install/camera_navigation:/opt/ros/humble /usr/bin/cmake --install /home/copperbottoms/code/Copperbottoms/ros_ws/build/custom_messages
