running egg_info
writing build/stop_sign/stop_sign.egg-info/PKG-INFO
writing dependency_links to build/stop_sign/stop_sign.egg-info/dependency_links.txt
writing entry points to build/stop_sign/stop_sign.egg-info/entry_points.txt
writing requirements to build/stop_sign/stop_sign.egg-info/requires.txt
writing top-level names to build/stop_sign/stop_sign.egg-info/top_level.txt
reading manifest file 'build/stop_sign/stop_sign.egg-info/SOURCES.txt'
adding license file 'LICENSE'
writing manifest file 'build/stop_sign/stop_sign.egg-info/SOURCES.txt'
running build
running build_py
running install
running install_lib
running install_data
copying stop_sign_detect/cascade_stop_sign.xml -> /home/copperbottoms/code/Copperbottoms/ros_ws/src/stop_sign/install/stop_sign/share/stop_sign/stop_sign_detect
running install_egg_info
removing '/home/copperbottoms/code/Copperbottoms/ros_ws/src/stop_sign/install/stop_sign/lib/python3.10/site-packages/stop_sign-0.0.0-py3.10.egg-info' (and everything under it)
Copying build/stop_sign/stop_sign.egg-info to /home/copperbottoms/code/Copperbottoms/ros_ws/src/stop_sign/install/stop_sign/lib/python3.10/site-packages/stop_sign-0.0.0-py3.10.egg-info
running install_scripts
Installing stop_sign_detect script to /home/copperbottoms/code/Copperbottoms/ros_ws/src/stop_sign/install/stop_sign/lib/stop_sign
writing list of installed files to '/home/copperbottoms/code/Copperbottoms/ros_ws/src/stop_sign/build/stop_sign/install.log'
