[3.630s] Invoking command in '/home/copperbottoms/code/Copperbottoms/ros_ws/src/stop_sign': PYTHONPATH=/home/copperbottoms/code/Copperbottoms/ros_ws/src/stop_sign/build/stop_sign/prefix_override:/usr/lib/python3/dist-packages/colcon_core/task/python/colcon_distutils_commands:/home/copperbottoms/code/Copperbottoms/ros_ws/src/stop_sign/install/stop_sign/lib/python3.10/site-packages:${PYTHONPATH} /usr/bin/python3 -W ignore:setup.py install is deprecated -W ignore:easy_install command is deprecated setup.py egg_info --egg-base build/stop_sign build --build-base /home/copperbottoms/code/Copperbottoms/ros_ws/src/stop_sign/build/stop_sign/build install --record /home/copperbottoms/code/Copperbottoms/ros_ws/src/stop_sign/build/stop_sign/install.log --single-version-externally-managed install_data
[5.075s] running egg_info
[5.078s] writing build/stop_sign/stop_sign.egg-info/PKG-INFO
[5.079s] writing dependency_links to build/stop_sign/stop_sign.egg-info/dependency_links.txt
[5.080s] writing entry points to build/stop_sign/stop_sign.egg-info/entry_points.txt
[5.081s] writing requirements to build/stop_sign/stop_sign.egg-info/requires.txt
[5.082s] writing top-level names to build/stop_sign/stop_sign.egg-info/top_level.txt
[5.094s] reading manifest file 'build/stop_sign/stop_sign.egg-info/SOURCES.txt'
[5.095s] adding license file 'LICENSE'
[5.096s] writing manifest file 'build/stop_sign/stop_sign.egg-info/SOURCES.txt'
[5.097s] running build
[5.097s] running build_py
[5.098s] running install
[5.100s] running install_lib
[5.106s] running install_data
[5.108s] copying stop_sign_detect/cascade_stop_sign.xml -> /home/copperbottoms/code/Copperbottoms/ros_ws/src/stop_sign/install/stop_sign/share/stop_sign/stop_sign_detect
[5.109s] running install_egg_info
[5.118s] removing '/home/copperbottoms/code/Copperbottoms/ros_ws/src/stop_sign/install/stop_sign/lib/python3.10/site-packages/stop_sign-0.0.0-py3.10.egg-info' (and everything under it)
[5.120s] Copying build/stop_sign/stop_sign.egg-info to /home/copperbottoms/code/Copperbottoms/ros_ws/src/stop_sign/install/stop_sign/lib/python3.10/site-packages/stop_sign-0.0.0-py3.10.egg-info
[5.127s] running install_scripts
[5.218s] Installing stop_sign_detect script to /home/copperbottoms/code/Copperbottoms/ros_ws/src/stop_sign/install/stop_sign/lib/stop_sign
[5.220s] writing list of installed files to '/home/copperbottoms/code/Copperbottoms/ros_ws/src/stop_sign/build/stop_sign/install.log'
[5.357s] Invoked command in '/home/copperbottoms/code/Copperbottoms/ros_ws/src/stop_sign' returned '0': PYTHONPATH=/home/copperbottoms/code/Copperbottoms/ros_ws/src/stop_sign/build/stop_sign/prefix_override:/usr/lib/python3/dist-packages/colcon_core/task/python/colcon_distutils_commands:/home/copperbottoms/code/Copperbottoms/ros_ws/src/stop_sign/install/stop_sign/lib/python3.10/site-packages:${PYTHONPATH} /usr/bin/python3 -W ignore:setup.py install is deprecated -W ignore:easy_install command is deprecated setup.py egg_info --egg-base build/stop_sign build --build-base /home/copperbottoms/code/Copperbottoms/ros_ws/src/stop_sign/build/stop_sign/build install --record /home/copperbottoms/code/Copperbottoms/ros_ws/src/stop_sign/build/stop_sign/install.log --single-version-externally-managed install_data
