[0.073s] Invoking command in '/home/copperbottoms/code/Copperbottoms/ros_ws/build/rplidar_ros': CMAKE_PREFIX_PATH=${CMAKE_PREFIX_PATH}:/home/copperbottoms/code/Copperbottoms/ros_ws/install/realsense_publisher:/home/copperbottoms/code/Copperbottoms/ros_ws/install/obstacle_avoidance:/home/copperbottoms/code/Copperbottoms/ros_ws/install/landmark_slam:/home/copperbottoms/code/Copperbottoms/ros_ws/install/camera_navigation:/opt/ros/humble /usr/bin/cmake --build /home/copperbottoms/code/Copperbottoms/ros_ws/build/rplidar_ros -- -j4 -l4
[0.650s] [  5%] Built target rplidar_client
[0.674s] [ 52%] Built target rplidar_node
[0.707s] [100%] Built target rplidar_composition
[0.768s] Invoked command in '/home/copperbottoms/code/Copperbottoms/ros_ws/build/rplidar_ros' returned '0': CMAKE_PREFIX_PATH=${CMAKE_PREFIX_PATH}:/home/copperbottoms/code/Copperbottoms/ros_ws/install/realsense_publisher:/home/copperbottoms/code/Copperbottoms/ros_ws/install/obstacle_avoidance:/home/copperbottoms/code/Copperbottoms/ros_ws/install/landmark_slam:/home/copperbottoms/code/Copperbottoms/ros_ws/install/camera_navigation:/opt/ros/humble /usr/bin/cmake --build /home/copperbottoms/code/Copperbottoms/ros_ws/build/rplidar_ros -- -j4 -l4
[0.787s] Invoking command in '/home/copperbottoms/code/Copperbottoms/ros_ws/build/rplidar_ros': CMAKE_PREFIX_PATH=${CMAKE_PREFIX_PATH}:/home/copperbottoms/code/Copperbottoms/ros_ws/install/realsense_publisher:/home/copperbottoms/code/Copperbottoms/ros_ws/install/obstacle_avoidance:/home/copperbottoms/code/Copperbottoms/ros_ws/install/landmark_slam:/home/copperbottoms/code/Copperbottoms/ros_ws/install/camera_navigation:/opt/ros/humble /usr/bin/cmake --install /home/copperbottoms/code/Copperbottoms/ros_ws/build/rplidar_ros
[0.836s] -- Install configuration: ""
[0.847s] -- Execute custom install script
[0.855s] -- Up-to-date symlink: /home/copperbottoms/code/Copperbottoms/ros_ws/install/rplidar_ros/share/rplidar_ros/launch/__pycache__/view_rplidar_a1_launch.cpython-310.pyc
[0.859s] -- Up-to-date symlink: /home/copperbottoms/code/Copperbottoms/ros_ws/install/rplidar_ros/share/rplidar_ros/launch/hallway_launch.py
[0.863s] -- Up-to-date symlink: /home/copperbottoms/code/Copperbottoms/ros_ws/install/rplidar_ros/share/rplidar_ros/launch/rplidar_a1_launch.py
[0.867s] -- Up-to-date symlink: /home/copperbottoms/code/Copperbottoms/ros_ws/install/rplidar_ros/share/rplidar_ros/launch/view_rplidar_a1_launch.py
[0.873s] -- Up-to-date symlink: /home/copperbottoms/code/Copperbottoms/ros_ws/install/rplidar_ros/share/rplidar_ros/launch/view_rplidar_a2m12_launch.py
[0.877s] -- Up-to-date symlink: /home/copperbottoms/code/Copperbottoms/ros_ws/install/rplidar_ros/share/rplidar_ros/launch/view_rplidar_a2m7_launch.py
[0.881s] -- Up-to-date symlink: /home/copperbottoms/code/Copperbottoms/ros_ws/install/rplidar_ros/share/rplidar_ros/launch/view_rplidar_a2m8_launch.py
[0.885s] -- Up-to-date symlink: /home/copperbottoms/code/Copperbottoms/ros_ws/install/rplidar_ros/share/rplidar_ros/launch/view_rplidar_a3_launch.py
[0.888s] -- Up-to-date symlink: /home/copperbottoms/code/Copperbottoms/ros_ws/install/rplidar_ros/share/rplidar_ros/launch/view_rplidar_c1_launch.py
[0.892s] -- Up-to-date symlink: /home/copperbottoms/code/Copperbottoms/ros_ws/install/rplidar_ros/share/rplidar_ros/launch/view_rplidar_s1_launch.py
[0.896s] -- Up-to-date symlink: /home/copperbottoms/code/Copperbottoms/ros_ws/install/rplidar_ros/share/rplidar_ros/launch/view_rplidar_s1_tcp_launch.py
[0.900s] -- Up-to-date symlink: /home/copperbottoms/code/Copperbottoms/ros_ws/install/rplidar_ros/share/rplidar_ros/launch/view_rplidar_s2_launch.py
[0.904s] -- Up-to-date symlink: /home/copperbottoms/code/Copperbottoms/ros_ws/install/rplidar_ros/share/rplidar_ros/launch/view_rplidar_s2e_launch.py
[0.908s] -- Up-to-date symlink: /home/copperbottoms/code/Copperbottoms/ros_ws/install/rplidar_ros/share/rplidar_ros/launch/view_rplidar_s3_launch.py
[0.913s] -- Up-to-date symlink: /home/copperbottoms/code/Copperbottoms/ros_ws/install/rplidar_ros/share/rplidar_ros/launch/view_rplidar_t1_launch.py
[0.918s] -- Up-to-date symlink: /home/copperbottoms/code/Copperbottoms/ros_ws/install/rplidar_ros/share/rplidar_ros/rviz/rplidar_ros.rviz
[0.923s] -- Up-to-date symlink: /home/copperbottoms/code/Copperbottoms/ros_ws/install/rplidar_ros/lib/rplidar_ros/rplidar_node
[0.927s] -- Up-to-date symlink: /home/copperbottoms/code/Copperbottoms/ros_ws/install/rplidar_ros/lib/rplidar_ros/rplidar_composition
[0.931s] -- Up-to-date symlink: /home/copperbottoms/code/Copperbottoms/ros_ws/install/rplidar_ros/lib/rplidar_ros/rplidar_client
[0.942s] -- Up-to-date symlink: /home/copperbottoms/code/Copperbottoms/ros_ws/install/rplidar_ros/share/ament_index/resource_index/package_run_dependencies/rplidar_ros
[0.947s] -- Up-to-date symlink: /home/copperbottoms/code/Copperbottoms/ros_ws/install/rplidar_ros/share/ament_index/resource_index/parent_prefix_path/rplidar_ros
[0.951s] -- Up-to-date symlink: /home/copperbottoms/code/Copperbottoms/ros_ws/install/rplidar_ros/share/rplidar_ros/environment/ament_prefix_path.sh
[0.955s] -- Up-to-date symlink: /home/copperbottoms/code/Copperbottoms/ros_ws/install/rplidar_ros/share/rplidar_ros/environment/ament_prefix_path.dsv
[0.960s] -- Up-to-date symlink: /home/copperbottoms/code/Copperbottoms/ros_ws/install/rplidar_ros/share/rplidar_ros/environment/path.sh
[0.965s] -- Up-to-date symlink: /home/copperbottoms/code/Copperbottoms/ros_ws/install/rplidar_ros/share/rplidar_ros/environment/path.dsv
[0.969s] -- Up-to-date symlink: /home/copperbottoms/code/Copperbottoms/ros_ws/install/rplidar_ros/share/rplidar_ros/local_setup.bash
[0.973s] -- Up-to-date symlink: /home/copperbottoms/code/Copperbottoms/ros_ws/install/rplidar_ros/share/rplidar_ros/local_setup.sh
[0.977s] -- Up-to-date symlink: /home/copperbottoms/code/Copperbottoms/ros_ws/install/rplidar_ros/share/rplidar_ros/local_setup.zsh
[0.982s] -- Up-to-date symlink: /home/copperbottoms/code/Copperbottoms/ros_ws/install/rplidar_ros/share/rplidar_ros/local_setup.dsv
[0.983s] -- Symlinking: /home/copperbottoms/code/Copperbottoms/ros_ws/install/rplidar_ros/share/rplidar_ros/package.dsv
[1.029s] -- Up-to-date symlink: /home/copperbottoms/code/Copperbottoms/ros_ws/install/rplidar_ros/share/ament_index/resource_index/packages/rplidar_ros
[1.031s] -- Up-to-date symlink: /home/copperbottoms/code/Copperbottoms/ros_ws/install/rplidar_ros/share/rplidar_ros/cmake/ament_cmake_export_dependencies-extras.cmake
[1.037s] -- Up-to-date symlink: /home/copperbottoms/code/Copperbottoms/ros_ws/install/rplidar_ros/share/rplidar_ros/cmake/ament_cmake_export_include_directories-extras.cmake
[1.045s] -- Up-to-date symlink: /home/copperbottoms/code/Copperbottoms/ros_ws/install/rplidar_ros/share/rplidar_ros/cmake/rplidar_rosConfig.cmake
[1.049s] -- Up-to-date symlink: /home/copperbottoms/code/Copperbottoms/ros_ws/install/rplidar_ros/share/rplidar_ros/cmake/rplidar_rosConfig-version.cmake
[1.052s] -- Up-to-date symlink: /home/copperbottoms/code/Copperbottoms/ros_ws/install/rplidar_ros/share/rplidar_ros/package.xml
[1.054s] Invoked command in '/home/copperbottoms/code/Copperbottoms/ros_ws/build/rplidar_ros' returned '0': CMAKE_PREFIX_PATH=${CMAKE_PREFIX_PATH}:/home/copperbottoms/code/Copperbottoms/ros_ws/install/realsense_publisher:/home/copperbottoms/code/Copperbottoms/ros_ws/install/obstacle_avoidance:/home/copperbottoms/code/Copperbottoms/ros_ws/install/landmark_slam:/home/copperbottoms/code/Copperbottoms/ros_ws/install/camera_navigation:/opt/ros/humble /usr/bin/cmake --install /home/copperbottoms/code/Copperbottoms/ros_ws/build/rplidar_ros
