-- Found ament_cmake: 1.3.12 (/opt/ros/humble/share/ament_cmake/cmake)
-- Found rclcpp: 16.0.17 (/opt/ros/humble/share/rclcpp/cmake)
-- Found rosidl_generator_c: 3.1.8 (/opt/ros/humble/share/rosidl_generator_c/cmake)
-- Found rosidl_adapter: 3.1.8 (/opt/ros/humble/share/rosidl_adapter/cmake)
-- Found rosidl_generator_cpp: 3.1.8 (/opt/ros/humble/share/rosidl_generator_cpp/cmake)
-- Using all available rosidl_typesupport_c: rosidl_typesupport_fastrtps_c;rosidl_typesupport_introspection_c
-- Using all available rosidl_typesupport_cpp: rosidl_typesupport_fastrtps_cpp;rosidl_typesupport_introspection_cpp
-- Found rmw_implementation_cmake: 6.1.2 (/opt/ros/humble/share/rmw_implementation_cmake/cmake)
-- Found rmw_fastrtps_cpp: 6.2.9 (/opt/ros/humble/share/rmw_fastrtps_cpp/cmake)
-- Using RMW implementation 'rmw_fastrtps_cpp' as default
-- Found sensor_msgs: 4.9.0 (/opt/ros/humble/share/sensor_msgs/cmake)
-- Found std_srvs: 4.9.0 (/opt/ros/humble/share/std_srvs/cmake)
-- Configuring done
-- Generating done
-- Build files have been written to: /home/copperbottoms/code/Copperbottoms/ros_ws/build/rplidar_ros
[35m[1mConsolidate compiler generated dependencies of target rplidar_node[0m
[  2%] [32mBuilding CXX object CMakeFiles/rplidar_node.dir/src/rplidar_node.cpp.o[0m
[  5%] [32m[1mLinking CXX executable rplidar_node[0m
[ 47%] Built target rplidar_node
[35m[1mConsolidate compiler generated dependencies of target rplidar_client[0m
[ 50%] [32mBuilding CXX object CMakeFiles/rplidar_client.dir/src/rplidar_client.cpp.o[0m
[ 52%] [32m[1mLinking CXX executable rplidar_client[0m
[ 52%] Built target rplidar_client
[35m[1mConsolidate compiler generated dependencies of target rplidar_composition[0m
[ 55%] [32mBuilding CXX object CMakeFiles/rplidar_composition.dir/src/rplidar_node.cpp.o[0m
[ 57%] [32m[1mLinking CXX executable rplidar_composition[0m
[100%] Built target rplidar_composition
-- Install configuration: ""
-- Up-to-date: /home/copperbottoms/code/Copperbottoms/ros_ws/install/rplidar_ros/share/rplidar_ros/launch
-- Up-to-date: /home/copperbottoms/code/Copperbottoms/ros_ws/install/rplidar_ros/share/rplidar_ros/launch/__pycache__
-- Installing: /home/copperbottoms/code/Copperbottoms/ros_ws/install/rplidar_ros/share/rplidar_ros/launch/__pycache__/view_rplidar_a1_launch.cpython-310.pyc
-- Installing: /home/copperbottoms/code/Copperbottoms/ros_ws/install/rplidar_ros/share/rplidar_ros/launch/__pycache__/rplidar_a1_launch.cpython-310.pyc
-- Installing: /home/copperbottoms/code/Copperbottoms/ros_ws/install/rplidar_ros/share/rplidar_ros/launch/view_rplidar_a2m8_launch.py
-- Installing: /home/copperbottoms/code/Copperbottoms/ros_ws/install/rplidar_ros/share/rplidar_ros/launch/view_rplidar_s1_launch.py
-- Installing: /home/copperbottoms/code/Copperbottoms/ros_ws/install/rplidar_ros/share/rplidar_ros/launch/view_rplidar_a1_launch.py
-- Installing: /home/copperbottoms/code/Copperbottoms/ros_ws/install/rplidar_ros/share/rplidar_ros/launch/view_rplidar_a3_launch.py
-- Installing: /home/copperbottoms/code/Copperbottoms/ros_ws/install/rplidar_ros/share/rplidar_ros/launch/view_rplidar_s2e_launch.py
-- Installing: /home/copperbottoms/code/Copperbottoms/ros_ws/install/rplidar_ros/share/rplidar_ros/launch/view_rplidar_a2m12_launch.py
-- Installing: /home/copperbottoms/code/Copperbottoms/ros_ws/install/rplidar_ros/share/rplidar_ros/launch/view_rplidar_s3_launch.py
-- Up-to-date: /home/copperbottoms/code/Copperbottoms/ros_ws/install/rplidar_ros/share/rplidar_ros/launch/rplidar_a1_launch.py
-- Installing: /home/copperbottoms/code/Copperbottoms/ros_ws/install/rplidar_ros/share/rplidar_ros/launch/view_rplidar_t1_launch.py
-- Up-to-date: /home/copperbottoms/code/Copperbottoms/ros_ws/install/rplidar_ros/share/rplidar_ros/launch/hallway_launch.py
-- Installing: /home/copperbottoms/code/Copperbottoms/ros_ws/install/rplidar_ros/share/rplidar_ros/launch/view_rplidar_a2m7_launch.py
-- Installing: /home/copperbottoms/code/Copperbottoms/ros_ws/install/rplidar_ros/share/rplidar_ros/launch/view_rplidar_s1_tcp_launch.py
-- Installing: /home/copperbottoms/code/Copperbottoms/ros_ws/install/rplidar_ros/share/rplidar_ros/launch/view_rplidar_s2_launch.py
-- Installing: /home/copperbottoms/code/Copperbottoms/ros_ws/install/rplidar_ros/share/rplidar_ros/launch/view_rplidar_c1_launch.py
-- Up-to-date: /home/copperbottoms/code/Copperbottoms/ros_ws/install/rplidar_ros/share/rplidar_ros/rviz
-- Installing: /home/copperbottoms/code/Copperbottoms/ros_ws/install/rplidar_ros/share/rplidar_ros/rviz/rplidar_ros.rviz
-- Installing: /home/copperbottoms/code/Copperbottoms/ros_ws/install/rplidar_ros/lib/rplidar_ros/rplidar_node
-- Set runtime path of "/home/copperbottoms/code/Copperbottoms/ros_ws/install/rplidar_ros/lib/rplidar_ros/rplidar_node" to ""
-- Installing: /home/copperbottoms/code/Copperbottoms/ros_ws/install/rplidar_ros/lib/rplidar_ros/rplidar_composition
-- Set runtime path of "/home/copperbottoms/code/Copperbottoms/ros_ws/install/rplidar_ros/lib/rplidar_ros/rplidar_composition" to ""
-- Installing: /home/copperbottoms/code/Copperbottoms/ros_ws/install/rplidar_ros/lib/rplidar_ros/rplidar_client
-- Set runtime path of "/home/copperbottoms/code/Copperbottoms/ros_ws/install/rplidar_ros/lib/rplidar_ros/rplidar_client" to ""
-- Up-to-date: /home/copperbottoms/code/Copperbottoms/ros_ws/install/rplidar_ros/share/ament_index/resource_index/package_run_dependencies/rplidar_ros
-- Installing: /home/copperbottoms/code/Copperbottoms/ros_ws/install/rplidar_ros/share/ament_index/resource_index/parent_prefix_path/rplidar_ros
-- Installing: /home/copperbottoms/code/Copperbottoms/ros_ws/install/rplidar_ros/share/rplidar_ros/environment/ament_prefix_path.sh
-- Installing: /home/copperbottoms/code/Copperbottoms/ros_ws/install/rplidar_ros/share/rplidar_ros/environment/ament_prefix_path.dsv
-- Installing: /home/copperbottoms/code/Copperbottoms/ros_ws/install/rplidar_ros/share/rplidar_ros/environment/path.sh
-- Installing: /home/copperbottoms/code/Copperbottoms/ros_ws/install/rplidar_ros/share/rplidar_ros/environment/path.dsv
-- Up-to-date: /home/copperbottoms/code/Copperbottoms/ros_ws/install/rplidar_ros/share/rplidar_ros/local_setup.bash
-- Up-to-date: /home/copperbottoms/code/Copperbottoms/ros_ws/install/rplidar_ros/share/rplidar_ros/local_setup.sh
-- Up-to-date: /home/copperbottoms/code/Copperbottoms/ros_ws/install/rplidar_ros/share/rplidar_ros/local_setup.zsh
-- Installing: /home/copperbottoms/code/Copperbottoms/ros_ws/install/rplidar_ros/share/rplidar_ros/local_setup.dsv
-- Installing: /home/copperbottoms/code/Copperbottoms/ros_ws/install/rplidar_ros/share/rplidar_ros/package.dsv
-- Up-to-date: /home/copperbottoms/code/Copperbottoms/ros_ws/install/rplidar_ros/share/ament_index/resource_index/packages/rplidar_ros
-- Up-to-date: /home/copperbottoms/code/Copperbottoms/ros_ws/install/rplidar_ros/share/rplidar_ros/cmake/ament_cmake_export_dependencies-extras.cmake
-- Up-to-date: /home/copperbottoms/code/Copperbottoms/ros_ws/install/rplidar_ros/share/rplidar_ros/cmake/ament_cmake_export_include_directories-extras.cmake
-- Up-to-date: /home/copperbottoms/code/Copperbottoms/ros_ws/install/rplidar_ros/share/rplidar_ros/cmake/rplidar_rosConfig.cmake
-- Up-to-date: /home/copperbottoms/code/Copperbottoms/ros_ws/install/rplidar_ros/share/rplidar_ros/cmake/rplidar_rosConfig-version.cmake
-- Installing: /home/copperbottoms/code/Copperbottoms/ros_ws/install/rplidar_ros/share/rplidar_ros/package.xml
