[3.182s] Invoking command in '/home/copperbottoms/code/Copperbottoms/ros_ws/src/obstacle_avoidance': AMENT_PREFIX_PATH=/home/copperbottoms/code/Copperbottoms/ros_ws/install/custom_messages:${AMENT_PREFIX_PATH} CMAKE_PREFIX_PATH=/home/copperbottoms/code/Copperbottoms/ros_ws/install/custom_messages:${CMAKE_PREFIX_PATH} LD_LIBRARY_PATH=/home/copperbottoms/code/Copperbottoms/ros_ws/install/custom_messages/lib:${LD_LIBRARY_PATH} PYTHONPATH=/home/copperbottoms/code/Copperbottoms/ros_ws/build/obstacle_avoidance/prefix_override:/usr/lib/python3/dist-packages/colcon_core/task/python/colcon_distutils_commands:/home/copperbottoms/code/Copperbottoms/ros_ws/install/obstacle_avoidance/lib/python3.10/site-packages:/home/copperbottoms/code/Copperbottoms/ros_ws/install/custom_messages/local/lib/python3.10/dist-packages:${PYTHONPATH} /usr/bin/python3 -W ignore:setup.py install is deprecated -W ignore:easy_install command is deprecated setup.py egg_info --egg-base ../../build/obstacle_avoidance build --build-base /home/copperbottoms/code/Copperbottoms/ros_ws/build/obstacle_avoidance/build install --record /home/copperbottoms/code/Copperbottoms/ros_ws/build/obstacle_avoidance/install.log --single-version-externally-managed install_data
[4.428s] running egg_info
[4.431s] writing ../../build/obstacle_avoidance/obstacle_avoidance.egg-info/PKG-INFO
[4.432s] writing dependency_links to ../../build/obstacle_avoidance/obstacle_avoidance.egg-info/dependency_links.txt
[4.433s] writing entry points to ../../build/obstacle_avoidance/obstacle_avoidance.egg-info/entry_points.txt
[4.434s] writing requirements to ../../build/obstacle_avoidance/obstacle_avoidance.egg-info/requires.txt
[4.435s] writing top-level names to ../../build/obstacle_avoidance/obstacle_avoidance.egg-info/top_level.txt
[4.444s] reading manifest file '../../build/obstacle_avoidance/obstacle_avoidance.egg-info/SOURCES.txt'
[4.446s] adding license file 'LICENSE'
[4.449s] writing manifest file '../../build/obstacle_avoidance/obstacle_avoidance.egg-info/SOURCES.txt'
[4.450s] running build
[4.450s] running build_py
[4.452s] running install
[4.453s] running install_lib
[4.459s] running install_data
[4.460s] running install_egg_info
[4.467s] removing '/home/copperbottoms/code/Copperbottoms/ros_ws/install/obstacle_avoidance/lib/python3.10/site-packages/obstacle_avoidance-0.0.0-py3.10.egg-info' (and everything under it)
[4.469s] Copying ../../build/obstacle_avoidance/obstacle_avoidance.egg-info to /home/copperbottoms/code/Copperbottoms/ros_ws/install/obstacle_avoidance/lib/python3.10/site-packages/obstacle_avoidance-0.0.0-py3.10.egg-info
[4.478s] running install_scripts
[4.561s] Installing collision script to /home/copperbottoms/code/Copperbottoms/ros_ws/install/obstacle_avoidance/lib/obstacle_avoidance
[4.563s] writing list of installed files to '/home/copperbottoms/code/Copperbottoms/ros_ws/build/obstacle_avoidance/install.log'
[4.683s] Invoked command in '/home/copperbottoms/code/Copperbottoms/ros_ws/src/obstacle_avoidance' returned '0': AMENT_PREFIX_PATH=/home/copperbottoms/code/Copperbottoms/ros_ws/install/custom_messages:${AMENT_PREFIX_PATH} CMAKE_PREFIX_PATH=/home/copperbottoms/code/Copperbottoms/ros_ws/install/custom_messages:${CMAKE_PREFIX_PATH} LD_LIBRARY_PATH=/home/copperbottoms/code/Copperbottoms/ros_ws/install/custom_messages/lib:${LD_LIBRARY_PATH} PYTHONPATH=/home/copperbottoms/code/Copperbottoms/ros_ws/build/obstacle_avoidance/prefix_override:/usr/lib/python3/dist-packages/colcon_core/task/python/colcon_distutils_commands:/home/copperbottoms/code/Copperbottoms/ros_ws/install/obstacle_avoidance/lib/python3.10/site-packages:/home/copperbottoms/code/Copperbottoms/ros_ws/install/custom_messages/local/lib/python3.10/dist-packages:${PYTHONPATH} /usr/bin/python3 -W ignore:setup.py install is deprecated -W ignore:easy_install command is deprecated setup.py egg_info --egg-base ../../build/obstacle_avoidance build --build-base /home/copperbottoms/code/Copperbottoms/ros_ws/build/obstacle_avoidance/build install --record /home/copperbottoms/code/Copperbottoms/ros_ws/build/obstacle_avoidance/install.log --single-version-externally-managed install_data
