[2.701s] Invoking command in '/home/copperbottoms/code/Copperbottoms/ros_ws/src/build/robo_rover': CMAKE_PREFIX_PATH=${CMAKE_PREFIX_PATH}:/home/copperbottoms/code/Copperbottoms/ros_ws/install/realsense_publisher:/home/copperbottoms/code/Copperbottoms/ros_ws/install/obstacle_avoidance:/opt/ros/humble /usr/bin/cmake /home/copperbottoms/code/Copperbottoms/ros_ws/src/robo_rover -DCMAKE_INSTALL_PREFIX=/home/copperbottoms/code/Copperbottoms/ros_ws/src/install/robo_rover
[3.750s] -- The C compiler identification is GNU 11.4.0
[4.635s] -- The CXX compiler identification is GNU 11.4.0
[4.673s] -- Detecting C compiler ABI info
[5.129s] -- Detecting C compiler ABI info - done
[5.162s] -- Check for working C compiler: /usr/bin/cc - skipped
[5.166s] -- Detecting C compile features
[5.169s] -- Detecting C compile features - done
[5.203s] -- Detecting CXX compiler ABI info
[5.709s] -- Detecting CXX compiler ABI info - done
[5.736s] -- Check for working CXX compiler: /usr/bin/c++ - skipped
[5.738s] -- Detecting CXX compile features
[5.740s] -- Detecting CXX compile features - done
[5.807s] -- Found ament_cmake: 1.3.12 (/opt/ros/humble/share/ament_cmake/cmake)
[7.166s] -- Found Python3: /usr/bin/python3 (found version "3.10.12") found components: Interpreter 
[8.119s] -- Found rclpy: 3.3.19 (/opt/ros/humble/share/rclpy/cmake)
[8.152s] -- Found std_msgs: 4.9.0 (/opt/ros/humble/share/std_msgs/cmake)
[8.760s] -- Found rosidl_generator_c: 3.1.8 (/opt/ros/humble/share/rosidl_generator_c/cmake)
[8.833s] -- Found rosidl_adapter: 3.1.8 (/opt/ros/humble/share/rosidl_adapter/cmake)
[8.937s] -- Found rosidl_generator_cpp: 3.1.8 (/opt/ros/humble/share/rosidl_generator_cpp/cmake)
[9.060s] -- Using all available rosidl_typesupport_c: rosidl_typesupport_fastrtps_c;rosidl_typesupport_introspection_c
[9.221s] -- Using all available rosidl_typesupport_cpp: rosidl_typesupport_fastrtps_cpp;rosidl_typesupport_introspection_cpp
[9.454s] -- Found geometry_msgs: 4.9.0 (/opt/ros/humble/share/geometry_msgs/cmake)
[9.560s] -- Found sensor_msgs: 4.9.0 (/opt/ros/humble/share/sensor_msgs/cmake)
[10.393s] -- Found ament_lint_auto: 0.12.14 (/opt/ros/humble/share/ament_lint_auto/cmake)
[11.082s] -- Added test 'copyright' to check source files copyright and LICENSE
[11.114s] -- Added test 'flake8' to check Python code syntax and style conventions
[11.122s] -- Added test 'lint_cmake' to check CMake code style
[11.128s] -- Added test 'pep257' to check Python code against some of the docstring style conventions in PEP 257
[11.143s] -- Added test 'xmllint' to check XML markup files
[11.156s] -- Configuring done
[11.202s] -- Generating done
[11.219s] -- Build files have been written to: /home/copperbottoms/code/Copperbottoms/ros_ws/src/build/robo_rover
[11.260s] Invoked command in '/home/copperbottoms/code/Copperbottoms/ros_ws/src/build/robo_rover' returned '0': CMAKE_PREFIX_PATH=${CMAKE_PREFIX_PATH}:/home/copperbottoms/code/Copperbottoms/ros_ws/install/realsense_publisher:/home/copperbottoms/code/Copperbottoms/ros_ws/install/obstacle_avoidance:/opt/ros/humble /usr/bin/cmake /home/copperbottoms/code/Copperbottoms/ros_ws/src/robo_rover -DCMAKE_INSTALL_PREFIX=/home/copperbottoms/code/Copperbottoms/ros_ws/src/install/robo_rover
[11.262s] Invoking command in '/home/copperbottoms/code/Copperbottoms/ros_ws/src/build/robo_rover': CMAKE_PREFIX_PATH=${CMAKE_PREFIX_PATH}:/home/copperbottoms/code/Copperbottoms/ros_ws/install/realsense_publisher:/home/copperbottoms/code/Copperbottoms/ros_ws/install/obstacle_avoidance:/opt/ros/humble /usr/bin/cmake --build /home/copperbottoms/code/Copperbottoms/ros_ws/src/build/robo_rover -- -j4 -l4
[11.542s] Built target ament_cmake_python_copy_robo_rover
[13.101s] running egg_info
[13.103s] creating robo_rover.egg-info
[13.104s] writing robo_rover.egg-info/PKG-INFO
[13.105s] writing dependency_links to robo_rover.egg-info/dependency_links.txt
[13.106s] writing top-level names to robo_rover.egg-info/top_level.txt
[13.108s] writing manifest file 'robo_rover.egg-info/SOURCES.txt'
[13.123s] reading manifest file 'robo_rover.egg-info/SOURCES.txt'
[13.125s] writing manifest file 'robo_rover.egg-info/SOURCES.txt'
[13.266s] Built target ament_cmake_python_build_robo_rover_egg
[13.306s] Invoked command in '/home/copperbottoms/code/Copperbottoms/ros_ws/src/build/robo_rover' returned '0': CMAKE_PREFIX_PATH=${CMAKE_PREFIX_PATH}:/home/copperbottoms/code/Copperbottoms/ros_ws/install/realsense_publisher:/home/copperbottoms/code/Copperbottoms/ros_ws/install/obstacle_avoidance:/opt/ros/humble /usr/bin/cmake --build /home/copperbottoms/code/Copperbottoms/ros_ws/src/build/robo_rover -- -j4 -l4
[13.348s] Invoking command in '/home/copperbottoms/code/Copperbottoms/ros_ws/src/build/robo_rover': CMAKE_PREFIX_PATH=${CMAKE_PREFIX_PATH}:/home/copperbottoms/code/Copperbottoms/ros_ws/install/realsense_publisher:/home/copperbottoms/code/Copperbottoms/ros_ws/install/obstacle_avoidance:/opt/ros/humble /usr/bin/cmake --install /home/copperbottoms/code/Copperbottoms/ros_ws/src/build/robo_rover
[13.373s] -- Install configuration: ""
[13.375s] -- Installing: /home/copperbottoms/code/Copperbottoms/ros_ws/src/install/robo_rover/share/robo_rover/environment/pythonpath.sh
[13.376s] -- Installing: /home/copperbottoms/code/Copperbottoms/ros_ws/src/install/robo_rover/share/robo_rover/environment/pythonpath.dsv
[13.378s] -- Installing: /home/copperbottoms/code/Copperbottoms/ros_ws/src/install/robo_rover/local/lib/python3.10/dist-packages/robo_rover-1.0.0-py3.10.egg-info
[13.379s] -- Installing: /home/copperbottoms/code/Copperbottoms/ros_ws/src/install/robo_rover/local/lib/python3.10/dist-packages/robo_rover-1.0.0-py3.10.egg-info/PKG-INFO
[13.381s] -- Installing: /home/copperbottoms/code/Copperbottoms/ros_ws/src/install/robo_rover/local/lib/python3.10/dist-packages/robo_rover-1.0.0-py3.10.egg-info/top_level.txt
[13.382s] -- Installing: /home/copperbottoms/code/Copperbottoms/ros_ws/src/install/robo_rover/local/lib/python3.10/dist-packages/robo_rover-1.0.0-py3.10.egg-info/dependency_links.txt
[13.383s] -- Installing: /home/copperbottoms/code/Copperbottoms/ros_ws/src/install/robo_rover/local/lib/python3.10/dist-packages/robo_rover-1.0.0-py3.10.egg-info/SOURCES.txt
[13.385s] -- Installing: /home/copperbottoms/code/Copperbottoms/ros_ws/src/install/robo_rover/local/lib/python3.10/dist-packages/robo_rover
[13.386s] -- Installing: /home/copperbottoms/code/Copperbottoms/ros_ws/src/install/robo_rover/local/lib/python3.10/dist-packages/robo_rover/__init__.py
[13.387s] -- Installing: /home/copperbottoms/code/Copperbottoms/ros_ws/src/install/robo_rover/local/lib/python3.10/dist-packages/robo_rover/rover_node.py
[13.584s] Listing '/home/copperbottoms/code/Copperbottoms/ros_ws/src/install/robo_rover/local/lib/python3.10/dist-packages/robo_rover'...
[13.586s] Compiling '/home/copperbottoms/code/Copperbottoms/ros_ws/src/install/robo_rover/local/lib/python3.10/dist-packages/robo_rover/__init__.py'...
[13.587s] Compiling '/home/copperbottoms/code/Copperbottoms/ros_ws/src/install/robo_rover/local/lib/python3.10/dist-packages/robo_rover/rover_node.py'...
[13.589s] ***   File "/home/copperbottoms/code/Copperbottoms/ros_ws/src/install/robo_rover/local/lib/python3.10/dist-packages/robo_rover/rover_node.py", line 298
[13.590s]     else
[13.591s]     ^^^^
[13.592s] SyntaxError: invalid syntax
[13.598s] 
[13.616s] -- Installing: /home/copperbottoms/code/Copperbottoms/ros_ws/src/install/robo_rover/lib/robo_rover/rover_node
[13.618s] -- Installing: /home/copperbottoms/code/Copperbottoms/ros_ws/src/install/robo_rover/share/robo_rover/launch
[13.618s] -- Installing: /home/copperbottoms/code/Copperbottoms/ros_ws/src/install/robo_rover/share/robo_rover/launch/rover_launch.py
[13.623s] -- Installing: /home/copperbottoms/code/Copperbottoms/ros_ws/src/install/robo_rover/share/ament_index/resource_index/package_run_dependencies/robo_rover
[13.626s] -- Installing: /home/copperbottoms/code/Copperbottoms/ros_ws/src/install/robo_rover/share/ament_index/resource_index/parent_prefix_path/robo_rover
[13.627s] -- Installing: /home/copperbottoms/code/Copperbottoms/ros_ws/src/install/robo_rover/share/robo_rover/environment/ament_prefix_path.sh
[13.629s] -- Installing: /home/copperbottoms/code/Copperbottoms/ros_ws/src/install/robo_rover/share/robo_rover/environment/ament_prefix_path.dsv
[13.630s] -- Installing: /home/copperbottoms/code/Copperbottoms/ros_ws/src/install/robo_rover/share/robo_rover/environment/path.sh
[13.632s] -- Installing: /home/copperbottoms/code/Copperbottoms/ros_ws/src/install/robo_rover/share/robo_rover/environment/path.dsv
[13.633s] -- Installing: /home/copperbottoms/code/Copperbottoms/ros_ws/src/install/robo_rover/share/robo_rover/local_setup.bash
[13.635s] -- Installing: /home/copperbottoms/code/Copperbottoms/ros_ws/src/install/robo_rover/share/robo_rover/local_setup.sh
[13.636s] -- Installing: /home/copperbottoms/code/Copperbottoms/ros_ws/src/install/robo_rover/share/robo_rover/local_setup.zsh
[13.639s] -- Installing: /home/copperbottoms/code/Copperbottoms/ros_ws/src/install/robo_rover/share/robo_rover/local_setup.dsv
[13.641s] -- Installing: /home/copperbottoms/code/Copperbottoms/ros_ws/src/install/robo_rover/share/robo_rover/package.dsv
[13.644s] -- Installing: /home/copperbottoms/code/Copperbottoms/ros_ws/src/install/robo_rover/share/ament_index/resource_index/packages/robo_rover
[13.645s] -- Installing: /home/copperbottoms/code/Copperbottoms/ros_ws/src/install/robo_rover/share/robo_rover/cmake/robo_roverConfig.cmake
[13.647s] -- Installing: /home/copperbottoms/code/Copperbottoms/ros_ws/src/install/robo_rover/share/robo_rover/cmake/robo_roverConfig-version.cmake
[13.648s] -- Installing: /home/copperbottoms/code/Copperbottoms/ros_ws/src/install/robo_rover/share/robo_rover/package.xml
[13.657s] Invoked command in '/home/copperbottoms/code/Copperbottoms/ros_ws/src/build/robo_rover' returned '0': CMAKE_PREFIX_PATH=${CMAKE_PREFIX_PATH}:/home/copperbottoms/code/Copperbottoms/ros_ws/install/realsense_publisher:/home/copperbottoms/code/Copperbottoms/ros_ws/install/obstacle_avoidance:/opt/ros/humble /usr/bin/cmake --install /home/copperbottoms/code/Copperbottoms/ros_ws/src/build/robo_rover
