running egg_info
creating ../../build/obstacle_avoidance/obstacle_avoidance.egg-info
writing ../../build/obstacle_avoidance/obstacle_avoidance.egg-info/PKG-INFO
writing dependency_links to ../../build/obstacle_avoidance/obstacle_avoidance.egg-info/dependency_links.txt
writing entry points to ../../build/obstacle_avoidance/obstacle_avoidance.egg-info/entry_points.txt
writing requirements to ../../build/obstacle_avoidance/obstacle_avoidance.egg-info/requires.txt
writing top-level names to ../../build/obstacle_avoidance/obstacle_avoidance.egg-info/top_level.txt
writing manifest file '../../build/obstacle_avoidance/obstacle_avoidance.egg-info/SOURCES.txt'
reading manifest file '../../build/obstacle_avoidance/obstacle_avoidance.egg-info/SOURCES.txt'
adding license file 'LICENSE'
writing manifest file '../../build/obstacle_avoidance/obstacle_avoidance.egg-info/SOURCES.txt'
running build
running build_py
creating /home/copperbottoms/code/Copperbottoms/ros_ws/build/obstacle_avoidance/build
creating /home/copperbottoms/code/Copperbottoms/ros_ws/build/obstacle_avoidance/build/lib
creating /home/copperbottoms/code/Copperbottoms/ros_ws/build/obstacle_avoidance/build/lib/collision
copying collision/collision.py -> /home/copperbottoms/code/Copperbottoms/ros_ws/build/obstacle_avoidance/build/lib/collision
copying collision/__init__.py -> /home/copperbottoms/code/Copperbottoms/ros_ws/build/obstacle_avoidance/build/lib/collision
running install
running install_lib
creating /home/copperbottoms/code/Copperbottoms/ros_ws/install/obstacle_avoidance/lib/python3.10/site-packages/collision
copying /home/copperbottoms/code/Copperbottoms/ros_ws/build/obstacle_avoidance/build/lib/collision/collision.py -> /home/copperbottoms/code/Copperbottoms/ros_ws/install/obstacle_avoidance/lib/python3.10/site-packages/collision
copying /home/copperbottoms/code/Copperbottoms/ros_ws/build/obstacle_avoidance/build/lib/collision/__init__.py -> /home/copperbottoms/code/Copperbottoms/ros_ws/install/obstacle_avoidance/lib/python3.10/site-packages/collision
byte-compiling /home/copperbottoms/code/Copperbottoms/ros_ws/install/obstacle_avoidance/lib/python3.10/site-packages/collision/collision.py to collision.cpython-310.pyc
byte-compiling /home/copperbottoms/code/Copperbottoms/ros_ws/install/obstacle_avoidance/lib/python3.10/site-packages/collision/__init__.py to __init__.cpython-310.pyc
running install_data
creating /home/copperbottoms/code/Copperbottoms/ros_ws/install/obstacle_avoidance/share/ament_index
creating /home/copperbottoms/code/Copperbottoms/ros_ws/install/obstacle_avoidance/share/ament_index/resource_index
creating /home/copperbottoms/code/Copperbottoms/ros_ws/install/obstacle_avoidance/share/ament_index/resource_index/packages
copying resource/obstacle_avoidance -> /home/copperbottoms/code/Copperbottoms/ros_ws/install/obstacle_avoidance/share/ament_index/resource_index/packages
copying package.xml -> /home/copperbottoms/code/Copperbottoms/ros_ws/install/obstacle_avoidance/share/obstacle_avoidance
running install_egg_info
Copying ../../build/obstacle_avoidance/obstacle_avoidance.egg-info to /home/copperbottoms/code/Copperbottoms/ros_ws/install/obstacle_avoidance/lib/python3.10/site-packages/obstacle_avoidance-0.0.0-py3.10.egg-info
running install_scripts
Installing collision script to /home/copperbottoms/code/Copperbottoms/ros_ws/install/obstacle_avoidance/lib/obstacle_avoidance
writing list of installed files to '/home/copperbottoms/code/Copperbottoms/ros_ws/build/obstacle_avoidance/install.log'
