[8.683s] Invoking command in '/home/copperbottoms/code/Copperbottoms/ros_ws/build/camera_navigation': PYTHONPATH=/home/copperbottoms/code/Copperbottoms/ros_ws/build/camera_navigation/prefix_override:/usr/lib/python3/dist-packages/colcon_core/task/python/colcon_distutils_commands:/home/copperbottoms/code/Copperbottoms/ros_ws/install/camera_navigation/lib/python3.10/site-packages:${PYTHONPATH} /usr/bin/python3 -W ignore:setup.py install is deprecated -W ignore:easy_install command is deprecated setup.py develop --editable --build-directory /home/copperbottoms/code/Copperbottoms/ros_ws/build/camera_navigation/build --no-deps symlink_data
[11.172s] running develop
[13.039s] running egg_info
[13.041s] writing camera_navigation.egg-info/PKG-INFO
[13.043s] writing dependency_links to camera_navigation.egg-info/dependency_links.txt
[13.045s] writing entry points to camera_navigation.egg-info/entry_points.txt
[13.047s] writing requirements to camera_navigation.egg-info/requires.txt
[13.050s] writing top-level names to camera_navigation.egg-info/top_level.txt
[13.059s] reading manifest file 'camera_navigation.egg-info/SOURCES.txt'
[13.063s] writing manifest file 'camera_navigation.egg-info/SOURCES.txt'
[13.072s] running build_ext
[13.074s] Creating /home/copperbottoms/code/Copperbottoms/ros_ws/install/camera_navigation/lib/python3.10/site-packages/camera-navigation.egg-link (link to .)
[13.079s] Installing blue_follow script to /home/copperbottoms/code/Copperbottoms/ros_ws/install/camera_navigation/lib/camera_navigation
[13.082s] Installing follow_the_gap script to /home/copperbottoms/code/Copperbottoms/ros_ws/install/camera_navigation/lib/camera_navigation
[13.093s] Installing line_detection script to /home/copperbottoms/code/Copperbottoms/ros_ws/install/camera_navigation/lib/camera_navigation
[13.094s] Installing line_follow script to /home/copperbottoms/code/Copperbottoms/ros_ws/install/camera_navigation/lib/camera_navigation
[13.094s] Installing line_follow_V2 script to /home/copperbottoms/code/Copperbottoms/ros_ws/install/camera_navigation/lib/camera_navigation
[13.095s] Installing line_follow_daph script to /home/copperbottoms/code/Copperbottoms/ros_ws/install/camera_navigation/lib/camera_navigation
[13.096s] Installing mary_line_follow script to /home/copperbottoms/code/Copperbottoms/ros_ws/install/camera_navigation/lib/camera_navigation
[13.097s] Installing turn_right_node script to /home/copperbottoms/code/Copperbottoms/ros_ws/install/camera_navigation/lib/camera_navigation
[13.098s] 
[13.100s] Installed /home/copperbottoms/code/Copperbottoms/ros_ws/build/camera_navigation
[13.101s] running symlink_data
[13.933s] Invoked command in '/home/copperbottoms/code/Copperbottoms/ros_ws/build/camera_navigation' returned '0': PYTHONPATH=/home/copperbottoms/code/Copperbottoms/ros_ws/build/camera_navigation/prefix_override:/usr/lib/python3/dist-packages/colcon_core/task/python/colcon_distutils_commands:/home/copperbottoms/code/Copperbottoms/ros_ws/install/camera_navigation/lib/python3.10/site-packages:${PYTHONPATH} /usr/bin/python3 -W ignore:setup.py install is deprecated -W ignore:easy_install command is deprecated setup.py develop --editable --build-directory /home/copperbottoms/code/Copperbottoms/ros_ws/build/camera_navigation/build --no-deps symlink_data
