[6.124s] Invoking command in '/home/copperbottoms/code/Copperbottoms/ros_ws/src/stop_sign': PYTHONPATH=/home/copperbottoms/code/Copperbottoms/ros_ws/src/stop_sign/build/stop_sign/prefix_override:/usr/lib/python3/dist-packages/colcon_core/task/python/colcon_distutils_commands:/home/copperbottoms/code/Copperbottoms/ros_ws/src/stop_sign/install/stop_sign/lib/python3.10/site-packages:${PYTHONPATH} /usr/bin/python3 -W ignore:setup.py install is deprecated -W ignore:easy_install command is deprecated setup.py egg_info --egg-base build/stop_sign build --build-base /home/copperbottoms/code/Copperbottoms/ros_ws/src/stop_sign/build/stop_sign/build install --record /home/copperbottoms/code/Copperbottoms/ros_ws/src/stop_sign/build/stop_sign/install.log --single-version-externally-managed install_data
[8.434s] running egg_info
[8.437s] writing build/stop_sign/stop_sign.egg-info/PKG-INFO
[8.439s] writing dependency_links to build/stop_sign/stop_sign.egg-info/dependency_links.txt
[8.441s] writing entry points to build/stop_sign/stop_sign.egg-info/entry_points.txt
[8.443s] writing requirements to build/stop_sign/stop_sign.egg-info/requires.txt
[8.443s] writing top-level names to build/stop_sign/stop_sign.egg-info/top_level.txt
[8.459s] reading manifest file 'build/stop_sign/stop_sign.egg-info/SOURCES.txt'
[8.460s] adding license file 'LICENSE'
[8.463s] writing manifest file 'build/stop_sign/stop_sign.egg-info/SOURCES.txt'
[8.469s] running build
[8.469s] running build_py
[8.470s] running install
[8.470s] running install_lib
[8.473s] running install_data
[8.474s] running install_egg_info
[8.483s] removing '/home/copperbottoms/code/Copperbottoms/ros_ws/src/stop_sign/install/stop_sign/lib/python3.10/site-packages/stop_sign-0.0.0-py3.10.egg-info' (and everything under it)
[8.486s] Copying build/stop_sign/stop_sign.egg-info to /home/copperbottoms/code/Copperbottoms/ros_ws/src/stop_sign/install/stop_sign/lib/python3.10/site-packages/stop_sign-0.0.0-py3.10.egg-info
[8.497s] running install_scripts
[8.610s] Installing stop_sign_detect script to /home/copperbottoms/code/Copperbottoms/ros_ws/src/stop_sign/install/stop_sign/lib/stop_sign
[8.612s] writing list of installed files to '/home/copperbottoms/code/Copperbottoms/ros_ws/src/stop_sign/build/stop_sign/install.log'
[8.797s] Invoked command in '/home/copperbottoms/code/Copperbottoms/ros_ws/src/stop_sign' returned '0': PYTHONPATH=/home/copperbottoms/code/Copperbottoms/ros_ws/src/stop_sign/build/stop_sign/prefix_override:/usr/lib/python3/dist-packages/colcon_core/task/python/colcon_distutils_commands:/home/copperbottoms/code/Copperbottoms/ros_ws/src/stop_sign/install/stop_sign/lib/python3.10/site-packages:${PYTHONPATH} /usr/bin/python3 -W ignore:setup.py install is deprecated -W ignore:easy_install command is deprecated setup.py egg_info --egg-base build/stop_sign build --build-base /home/copperbottoms/code/Copperbottoms/ros_ws/src/stop_sign/build/stop_sign/build install --record /home/copperbottoms/code/Copperbottoms/ros_ws/src/stop_sign/build/stop_sign/install.log --single-version-externally-managed install_data
