running develop
running egg_info
creating realsense_publisher.egg-info
writing realsense_publisher.egg-info/PKG-INFO
writing dependency_links to realsense_publisher.egg-info/dependency_links.txt
writing entry points to realsense_publisher.egg-info/entry_points.txt
writing requirements to realsense_publisher.egg-info/requires.txt
writing top-level names to realsense_publisher.egg-info/top_level.txt
writing manifest file 'realsense_publisher.egg-info/SOURCES.txt'
reading manifest file 'realsense_publisher.egg-info/SOURCES.txt'
writing manifest file 'realsense_publisher.egg-info/SOURCES.txt'
running build_ext
Creating /home/copperbottoms/code/Copperbottoms/ros_ws/install/realsense_publisher/lib/python3.10/site-packages/realsense-publisher.egg-link (link to .)
Installing realsense_node script to /home/copperbottoms/code/Copperbottoms/ros_ws/install/realsense_publisher/lib/realsense_publisher

Installed /home/copperbottoms/code/Copperbottoms/ros_ws/build/realsense_publisher
running symlink_data
creating /home/copperbottoms/code/Copperbottoms/ros_ws/install/realsense_publisher/share/ament_index
creating /home/copperbottoms/code/Copperbottoms/ros_ws/install/realsense_publisher/share/ament_index/resource_index
creating /home/copperbottoms/code/Copperbottoms/ros_ws/install/realsense_publisher/share/ament_index/resource_index/packages
symbolically linking /home/copperbottoms/code/Copperbottoms/ros_ws/build/realsense_publisher/resource/realsense_publisher -> /home/copperbottoms/code/Copperbottoms/ros_ws/install/realsense_publisher/share/ament_index/resource_index/packages
symbolically linking /home/copperbottoms/code/Copperbottoms/ros_ws/build/realsense_publisher/package.xml -> /home/copperbottoms/code/Copperbottoms/ros_ws/install/realsense_publisher/share/realsense_publisher
