[6.345s] Invoking command in '/home/copperbottoms/code/Copperbottoms/ros_ws/build/realsense_publisher': PYTHONPATH=/home/copperbottoms/code/Copperbottoms/ros_ws/build/realsense_publisher/prefix_override:/usr/lib/python3/dist-packages/colcon_core/task/python/colcon_distutils_commands:/home/copperbottoms/code/Copperbottoms/ros_ws/install/realsense_publisher/lib/python3.10/site-packages:${PYTHONPATH} /usr/bin/python3 -W ignore:setup.py install is deprecated -W ignore:easy_install command is deprecated setup.py develop --editable --build-directory /home/copperbottoms/code/Copperbottoms/ros_ws/build/realsense_publisher/build --no-deps symlink_data
[9.181s] running develop
[10.908s] running egg_info
[10.910s] creating realsense_publisher.egg-info
[10.910s] writing realsense_publisher.egg-info/PKG-INFO
[10.911s] writing dependency_links to realsense_publisher.egg-info/dependency_links.txt
[10.911s] writing entry points to realsense_publisher.egg-info/entry_points.txt
[10.912s] writing requirements to realsense_publisher.egg-info/requires.txt
[10.912s] writing top-level names to realsense_publisher.egg-info/top_level.txt
[10.921s] writing manifest file 'realsense_publisher.egg-info/SOURCES.txt'
[10.924s] reading manifest file 'realsense_publisher.egg-info/SOURCES.txt'
[10.925s] writing manifest file 'realsense_publisher.egg-info/SOURCES.txt'
[10.938s] running build_ext
[10.940s] Creating /home/copperbottoms/code/Copperbottoms/ros_ws/install/realsense_publisher/lib/python3.10/site-packages/realsense-publisher.egg-link (link to .)
[10.945s] Installing realsense_node script to /home/copperbottoms/code/Copperbottoms/ros_ws/install/realsense_publisher/lib/realsense_publisher
[10.946s] 
[10.946s] Installed /home/copperbottoms/code/Copperbottoms/ros_ws/build/realsense_publisher
[10.947s] running symlink_data
[10.948s] creating /home/copperbottoms/code/Copperbottoms/ros_ws/install/realsense_publisher/share/ament_index
[10.949s] creating /home/copperbottoms/code/Copperbottoms/ros_ws/install/realsense_publisher/share/ament_index/resource_index
[10.950s] creating /home/copperbottoms/code/Copperbottoms/ros_ws/install/realsense_publisher/share/ament_index/resource_index/packages
[10.951s] symbolically linking /home/copperbottoms/code/Copperbottoms/ros_ws/build/realsense_publisher/resource/realsense_publisher -> /home/copperbottoms/code/Copperbottoms/ros_ws/install/realsense_publisher/share/ament_index/resource_index/packages
[10.953s] symbolically linking /home/copperbottoms/code/Copperbottoms/ros_ws/build/realsense_publisher/package.xml -> /home/copperbottoms/code/Copperbottoms/ros_ws/install/realsense_publisher/share/realsense_publisher
[11.155s] Invoked command in '/home/copperbottoms/code/Copperbottoms/ros_ws/build/realsense_publisher' returned '0': PYTHONPATH=/home/copperbottoms/code/Copperbottoms/ros_ws/build/realsense_publisher/prefix_override:/usr/lib/python3/dist-packages/colcon_core/task/python/colcon_distutils_commands:/home/copperbottoms/code/Copperbottoms/ros_ws/install/realsense_publisher/lib/python3.10/site-packages:${PYTHONPATH} /usr/bin/python3 -W ignore:setup.py install is deprecated -W ignore:easy_install command is deprecated setup.py develop --editable --build-directory /home/copperbottoms/code/Copperbottoms/ros_ws/build/realsense_publisher/build --no-deps symlink_data
