[0.047s] Invoking command in '/home/copperbottoms/code/Copperbottoms/ros_ws/build/custom_messages': CMAKE_PREFIX_PATH=${CMAKE_PREFIX_PATH}:/home/copperbottoms/code/Copperbottoms/ros_ws/install/realsense_publisher:/home/copperbottoms/code/Copperbottoms/ros_ws/install/obstacle_avoidance:/opt/ros/humble /usr/bin/cmake /home/copperbottoms/code/Copperbottoms/ros_ws/src/custom_messages -DCMAKE_INSTALL_PREFIX=/home/copperbottoms/code/Copperbottoms/ros_ws/install/custom_messages
[0.105s] -- Found ament_cmake: 1.3.12 (/opt/ros/humble/share/ament_cmake/cmake)
[0.719s] -- Found rosidl_default_generators: 1.2.0 (/opt/ros/humble/share/rosidl_default_generators/cmake)
[0.728s] -- Using all available rosidl_typesupport_c: rosidl_typesupport_fastrtps_c;rosidl_typesupport_introspection_c
[0.739s] -- Found rosidl_adapter: 3.1.8 (/opt/ros/humble/share/rosidl_adapter/cmake)
[0.930s] -- Using all available rosidl_typesupport_cpp: rosidl_typesupport_fastrtps_cpp;rosidl_typesupport_introspection_cpp
[2.223s] -- Found ament_cmake_ros: 0.10.0 (/opt/ros/humble/share/ament_cmake_ros/cmake)
[3.209s] -- Using all available rosidl_typesupport_c: rosidl_typesupport_fastrtps_c;rosidl_typesupport_introspection_c
[4.387s] -- Using all available rosidl_typesupport_cpp: rosidl_typesupport_fastrtps_cpp;rosidl_typesupport_introspection_cpp
[4.508s] -- Found PythonInterp: /usr/bin/python3 (found suitable version "3.10.12", minimum required is "3.6") 
[4.539s] -- Found python_cmake_module: 0.10.0 (/opt/ros/humble/share/python_cmake_module/cmake)
[4.681s] -- Found PythonLibs: /usr/lib/aarch64-linux-gnu/libpython3.10.so (found suitable version "3.10.12", minimum required is "3.5") 
[4.682s] -- Using PYTHON_EXECUTABLE: /usr/bin/python3
[4.682s] -- Using PYTHON_INCLUDE_DIRS: /usr/include/python3.10
[4.683s] -- Using PYTHON_LIBRARIES: /usr/lib/aarch64-linux-gnu/libpython3.10.so
[4.793s] -- Found PythonExtra: .so  
[4.984s] -- Found ament_lint_auto: 0.12.14 (/opt/ros/humble/share/ament_lint_auto/cmake)
[5.282s] -- Added test 'lint_cmake' to check CMake code style
[5.297s] -- Added test 'xmllint' to check XML markup files
[5.320s] -- Configuring done
[5.502s] -- Generating done
[5.547s] -- Build files have been written to: /home/copperbottoms/code/Copperbottoms/ros_ws/build/custom_messages
[5.564s] Invoked command in '/home/copperbottoms/code/Copperbottoms/ros_ws/build/custom_messages' returned '0': CMAKE_PREFIX_PATH=${CMAKE_PREFIX_PATH}:/home/copperbottoms/code/Copperbottoms/ros_ws/install/realsense_publisher:/home/copperbottoms/code/Copperbottoms/ros_ws/install/obstacle_avoidance:/opt/ros/humble /usr/bin/cmake /home/copperbottoms/code/Copperbottoms/ros_ws/src/custom_messages -DCMAKE_INSTALL_PREFIX=/home/copperbottoms/code/Copperbottoms/ros_ws/install/custom_messages
[5.575s] Invoking command in '/home/copperbottoms/code/Copperbottoms/ros_ws/build/custom_messages': CMAKE_PREFIX_PATH=${CMAKE_PREFIX_PATH}:/home/copperbottoms/code/Copperbottoms/ros_ws/install/realsense_publisher:/home/copperbottoms/code/Copperbottoms/ros_ws/install/obstacle_avoidance:/opt/ros/humble /usr/bin/cmake --build /home/copperbottoms/code/Copperbottoms/ros_ws/build/custom_messages -- -j4 -l4
[5.759s] [  3%] [34m[1mGenerating C code for ROS interfaces[0m
[5.886s] [  6%] Built target ament_cmake_python_copy_custom_messages
[5.889s] [  6%] [34m[1mGenerating C++ code for ROS interfaces[0m
[7.441s] [  9%] [32mBuilding C object CMakeFiles/custom_messages__rosidl_generator_c.dir/rosidl_generator_c/custom_messages/msg/detail/slow__functions.c.o[0m
[7.471s] [  9%] Built target custom_messages__cpp
[7.526s] [ 12%] [34m[1mGenerating C++ type support dispatch for ROS interfaces[0m
[7.534s] [ 16%] [34m[1mGenerating C++ type support for eProsima Fast-RTPS[0m
[7.710s] running egg_info
[7.714s] creating custom_messages.egg-info
[7.715s] writing custom_messages.egg-info/PKG-INFO
[7.716s] writing dependency_links to custom_messages.egg-info/dependency_links.txt
[7.717s] writing top-level names to custom_messages.egg-info/top_level.txt
[7.719s] writing manifest file 'custom_messages.egg-info/SOURCES.txt'
[7.743s] reading manifest file 'custom_messages.egg-info/SOURCES.txt'
[7.748s] writing manifest file 'custom_messages.egg-info/SOURCES.txt'
[7.940s] [ 19%] [32m[1mLinking C shared library libcustom_messages__rosidl_generator_c.so[0m
[7.950s] [ 19%] Built target ament_cmake_python_build_custom_messages_egg
[8.004s] [ 22%] [34m[1mGenerating C++ introspection for ROS interfaces[0m
[8.193s] [ 22%] Built target custom_messages__rosidl_generator_c
[8.257s] [ 25%] [34m[1mGenerating C type support for eProsima Fast-RTPS[0m
[8.992s] [ 29%] [32mBuilding CXX object CMakeFiles/custom_messages__rosidl_typesupport_cpp.dir/rosidl_typesupport_cpp/custom_messages/msg/slow__type_support.cpp.o[0m
[9.091s] [ 32%] [32mBuilding CXX object CMakeFiles/custom_messages__rosidl_typesupport_fastrtps_cpp.dir/rosidl_typesupport_fastrtps_cpp/custom_messages/msg/detail/dds_fastrtps/slow__type_support.cpp.o[0m
[9.408s] [ 35%] [32mBuilding CXX object CMakeFiles/custom_messages__rosidl_typesupport_introspection_cpp.dir/rosidl_typesupport_introspection_cpp/custom_messages/msg/detail/slow__type_support.cpp.o[0m
[9.748s] [ 38%] [32mBuilding CXX object CMakeFiles/custom_messages__rosidl_typesupport_fastrtps_c.dir/rosidl_typesupport_fastrtps_c/custom_messages/msg/detail/slow__type_support_c.cpp.o[0m
[11.126s] [ 41%] [32m[1mLinking CXX shared library libcustom_messages__rosidl_typesupport_cpp.so[0m
[11.425s] [ 41%] Built target custom_messages__rosidl_typesupport_cpp
[11.483s] [ 45%] [34m[1mGenerating C introspection for ROS interfaces[0m
[11.882s] [ 48%] [32m[1mLinking CXX shared library libcustom_messages__rosidl_typesupport_fastrtps_cpp.so[0m
[11.941s] [ 51%] [32m[1mLinking CXX shared library libcustom_messages__rosidl_typesupport_introspection_cpp.so[0m
[12.189s] [ 54%] [32m[1mLinking CXX shared library libcustom_messages__rosidl_typesupport_fastrtps_c.so[0m
[12.199s] [ 54%] Built target custom_messages__rosidl_typesupport_introspection_cpp
[12.262s] [ 58%] [34m[1mGenerating C type support dispatch for ROS interfaces[0m
[12.331s] [ 58%] Built target custom_messages__rosidl_typesupport_fastrtps_cpp
[12.599s] [ 58%] Built target custom_messages__rosidl_typesupport_fastrtps_c
[12.981s] [ 61%] [32mBuilding C object CMakeFiles/custom_messages__rosidl_typesupport_introspection_c.dir/rosidl_typesupport_introspection_c/custom_messages/msg/detail/slow__type_support.c.o[0m
[13.155s] [ 64%] [32m[1mLinking C shared library libcustom_messages__rosidl_typesupport_introspection_c.so[0m
[13.306s] [ 64%] Built target custom_messages__rosidl_typesupport_introspection_c
[13.404s] [ 67%] [32mBuilding CXX object CMakeFiles/custom_messages__rosidl_typesupport_c.dir/rosidl_typesupport_c/custom_messages/msg/slow__type_support.cpp.o[0m
[13.558s] [ 70%] [32m[1mLinking CXX shared library libcustom_messages__rosidl_typesupport_c.so[0m
[13.723s] [ 70%] Built target custom_messages__rosidl_typesupport_c
[13.810s] [ 70%] Built target custom_messages
[13.899s] [ 74%] [34m[1mGenerating Python code for ROS interfaces[0m
[15.167s] [ 74%] Built target custom_messages__py
[15.254s] [ 77%] [32mBuilding C object CMakeFiles/custom_messages__rosidl_generator_py.dir/rosidl_generator_py/custom_messages/msg/_slow_s.c.o[0m
[15.870s] [ 80%] [32m[1mLinking C shared library rosidl_generator_py/custom_messages/libcustom_messages__rosidl_generator_py.so[0m
[16.076s] [ 80%] Built target custom_messages__rosidl_generator_py
[16.172s] [ 83%] [32mBuilding C object CMakeFiles/custom_messages__rosidl_typesupport_fastrtps_c__pyext.dir/rosidl_generator_py/custom_messages/_custom_messages_s.ep.rosidl_typesupport_fastrtps_c.c.o[0m
[16.177s] [ 87%] [32mBuilding C object CMakeFiles/custom_messages__rosidl_typesupport_introspection_c__pyext.dir/rosidl_generator_py/custom_messages/_custom_messages_s.ep.rosidl_typesupport_introspection_c.c.o[0m
[16.179s] [ 90%] [32mBuilding C object CMakeFiles/custom_messages__rosidl_typesupport_c__pyext.dir/rosidl_generator_py/custom_messages/_custom_messages_s.ep.rosidl_typesupport_c.c.o[0m
[16.648s] [ 93%] [32m[1mLinking C shared library rosidl_generator_py/custom_messages/custom_messages_s__rosidl_typesupport_c.cpython-310-aarch64-linux-gnu.so[0m
[16.673s] [ 96%] [32m[1mLinking C shared library rosidl_generator_py/custom_messages/custom_messages_s__rosidl_typesupport_introspection_c.cpython-310-aarch64-linux-gnu.so[0m
[16.696s] [100%] [32m[1mLinking C shared library rosidl_generator_py/custom_messages/custom_messages_s__rosidl_typesupport_fastrtps_c.cpython-310-aarch64-linux-gnu.so[0m
[16.841s] [100%] Built target custom_messages__rosidl_typesupport_c__pyext
[16.857s] [100%] Built target custom_messages__rosidl_typesupport_introspection_c__pyext
[16.887s] [100%] Built target custom_messages__rosidl_typesupport_fastrtps_c__pyext
[16.936s] Invoked command in '/home/copperbottoms/code/Copperbottoms/ros_ws/build/custom_messages' returned '0': CMAKE_PREFIX_PATH=${CMAKE_PREFIX_PATH}:/home/copperbottoms/code/Copperbottoms/ros_ws/install/realsense_publisher:/home/copperbottoms/code/Copperbottoms/ros_ws/install/obstacle_avoidance:/opt/ros/humble /usr/bin/cmake --build /home/copperbottoms/code/Copperbottoms/ros_ws/build/custom_messages -- -j4 -l4
[16.977s] Invoking command in '/home/copperbottoms/code/Copperbottoms/ros_ws/build/custom_messages': CMAKE_PREFIX_PATH=${CMAKE_PREFIX_PATH}:/home/copperbottoms/code/Copperbottoms/ros_ws/install/realsense_publisher:/home/copperbottoms/code/Copperbottoms/ros_ws/install/obstacle_avoidance:/opt/ros/humble /usr/bin/cmake --install /home/copperbottoms/code/Copperbottoms/ros_ws/build/custom_messages
[17.006s] -- Install configuration: ""
[17.007s] -- Installing: /home/copperbottoms/code/Copperbottoms/ros_ws/install/custom_messages/share/ament_index/resource_index/rosidl_interfaces/custom_messages
[17.008s] -- Installing: /home/copperbottoms/code/Copperbottoms/ros_ws/install/custom_messages/include/custom_messages/custom_messages
[17.009s] -- Installing: /home/copperbottoms/code/Copperbottoms/ros_ws/install/custom_messages/include/custom_messages/custom_messages/msg
[17.010s] -- Installing: /home/copperbottoms/code/Copperbottoms/ros_ws/install/custom_messages/include/custom_messages/custom_messages/msg/rosidl_generator_c__visibility_control.h
[17.011s] -- Installing: /home/copperbottoms/code/Copperbottoms/ros_ws/install/custom_messages/include/custom_messages/custom_messages/msg/detail
[17.012s] -- Installing: /home/copperbottoms/code/Copperbottoms/ros_ws/install/custom_messages/include/custom_messages/custom_messages/msg/detail/slow__functions.h
[17.013s] -- Installing: /home/copperbottoms/code/Copperbottoms/ros_ws/install/custom_messages/include/custom_messages/custom_messages/msg/detail/slow__type_support.h
[17.015s] -- Installing: /home/copperbottoms/code/Copperbottoms/ros_ws/install/custom_messages/include/custom_messages/custom_messages/msg/detail/slow__struct.h
[17.016s] -- Installing: /home/copperbottoms/code/Copperbottoms/ros_ws/install/custom_messages/include/custom_messages/custom_messages/msg/detail/slow__functions.c
[17.017s] -- Installing: /home/copperbottoms/code/Copperbottoms/ros_ws/install/custom_messages/include/custom_messages/custom_messages/msg/slow.h
[17.020s] -- Installing: /home/copperbottoms/code/Copperbottoms/ros_ws/install/custom_messages/share/custom_messages/environment/library_path.sh
[17.021s] -- Installing: /home/copperbottoms/code/Copperbottoms/ros_ws/install/custom_messages/share/custom_messages/environment/library_path.dsv
[17.023s] -- Installing: /home/copperbottoms/code/Copperbottoms/ros_ws/install/custom_messages/lib/libcustom_messages__rosidl_generator_c.so
[17.025s] -- Set runtime path of "/home/copperbottoms/code/Copperbottoms/ros_ws/install/custom_messages/lib/libcustom_messages__rosidl_generator_c.so" to ""
[17.026s] -- Up-to-date: /home/copperbottoms/code/Copperbottoms/ros_ws/install/custom_messages/include/custom_messages/custom_messages
[17.026s] -- Up-to-date: /home/copperbottoms/code/Copperbottoms/ros_ws/install/custom_messages/include/custom_messages/custom_messages/msg
[17.027s] -- Up-to-date: /home/copperbottoms/code/Copperbottoms/ros_ws/install/custom_messages/include/custom_messages/custom_messages/msg/detail
[17.027s] -- Installing: /home/copperbottoms/code/Copperbottoms/ros_ws/install/custom_messages/include/custom_messages/custom_messages/msg/detail/slow__rosidl_typesupport_fastrtps_c.h
[17.029s] -- Installing: /home/copperbottoms/code/Copperbottoms/ros_ws/install/custom_messages/include/custom_messages/custom_messages/msg/rosidl_typesupport_fastrtps_c__visibility_control.h
[17.030s] -- Installing: /home/copperbottoms/code/Copperbottoms/ros_ws/install/custom_messages/lib/libcustom_messages__rosidl_typesupport_fastrtps_c.so
[17.033s] -- Set runtime path of "/home/copperbottoms/code/Copperbottoms/ros_ws/install/custom_messages/lib/libcustom_messages__rosidl_typesupport_fastrtps_c.so" to ""
[17.034s] -- Up-to-date: /home/copperbottoms/code/Copperbottoms/ros_ws/install/custom_messages/include/custom_messages/custom_messages
[17.034s] -- Up-to-date: /home/copperbottoms/code/Copperbottoms/ros_ws/install/custom_messages/include/custom_messages/custom_messages/msg
[17.035s] -- Up-to-date: /home/copperbottoms/code/Copperbottoms/ros_ws/install/custom_messages/include/custom_messages/custom_messages/msg/detail
[17.035s] -- Installing: /home/copperbottoms/code/Copperbottoms/ros_ws/install/custom_messages/include/custom_messages/custom_messages/msg/detail/slow__type_support.c
[17.036s] -- Installing: /home/copperbottoms/code/Copperbottoms/ros_ws/install/custom_messages/include/custom_messages/custom_messages/msg/detail/slow__rosidl_typesupport_introspection_c.h
[17.038s] -- Installing: /home/copperbottoms/code/Copperbottoms/ros_ws/install/custom_messages/include/custom_messages/custom_messages/msg/rosidl_typesupport_introspection_c__visibility_control.h
[17.039s] -- Installing: /home/copperbottoms/code/Copperbottoms/ros_ws/install/custom_messages/lib/libcustom_messages__rosidl_typesupport_introspection_c.so
[17.042s] -- Set runtime path of "/home/copperbottoms/code/Copperbottoms/ros_ws/install/custom_messages/lib/libcustom_messages__rosidl_typesupport_introspection_c.so" to ""
[17.043s] -- Installing: /home/copperbottoms/code/Copperbottoms/ros_ws/install/custom_messages/lib/libcustom_messages__rosidl_typesupport_c.so
[17.046s] -- Set runtime path of "/home/copperbottoms/code/Copperbottoms/ros_ws/install/custom_messages/lib/libcustom_messages__rosidl_typesupport_c.so" to ""
[17.046s] -- Up-to-date: /home/copperbottoms/code/Copperbottoms/ros_ws/install/custom_messages/include/custom_messages/custom_messages
[17.047s] -- Up-to-date: /home/copperbottoms/code/Copperbottoms/ros_ws/install/custom_messages/include/custom_messages/custom_messages/msg
[17.047s] -- Installing: /home/copperbottoms/code/Copperbottoms/ros_ws/install/custom_messages/include/custom_messages/custom_messages/msg/rosidl_generator_cpp__visibility_control.hpp
[17.048s] -- Installing: /home/copperbottoms/code/Copperbottoms/ros_ws/install/custom_messages/include/custom_messages/custom_messages/msg/slow.hpp
[17.049s] -- Up-to-date: /home/copperbottoms/code/Copperbottoms/ros_ws/install/custom_messages/include/custom_messages/custom_messages/msg/detail
[17.050s] -- Installing: /home/copperbottoms/code/Copperbottoms/ros_ws/install/custom_messages/include/custom_messages/custom_messages/msg/detail/slow__type_support.hpp
[17.051s] -- Installing: /home/copperbottoms/code/Copperbottoms/ros_ws/install/custom_messages/include/custom_messages/custom_messages/msg/detail/slow__builder.hpp
[17.052s] -- Installing: /home/copperbottoms/code/Copperbottoms/ros_ws/install/custom_messages/include/custom_messages/custom_messages/msg/detail/slow__traits.hpp
[17.054s] -- Installing: /home/copperbottoms/code/Copperbottoms/ros_ws/install/custom_messages/include/custom_messages/custom_messages/msg/detail/slow__struct.hpp
[17.055s] -- Up-to-date: /home/copperbottoms/code/Copperbottoms/ros_ws/install/custom_messages/include/custom_messages/custom_messages
[17.056s] -- Up-to-date: /home/copperbottoms/code/Copperbottoms/ros_ws/install/custom_messages/include/custom_messages/custom_messages/msg
[17.056s] -- Installing: /home/copperbottoms/code/Copperbottoms/ros_ws/install/custom_messages/include/custom_messages/custom_messages/msg/rosidl_typesupport_fastrtps_cpp__visibility_control.h
[17.057s] -- Up-to-date: /home/copperbottoms/code/Copperbottoms/ros_ws/install/custom_messages/include/custom_messages/custom_messages/msg/detail
[17.058s] -- Installing: /home/copperbottoms/code/Copperbottoms/ros_ws/install/custom_messages/include/custom_messages/custom_messages/msg/detail/dds_fastrtps
[17.059s] -- Installing: /home/copperbottoms/code/Copperbottoms/ros_ws/install/custom_messages/include/custom_messages/custom_messages/msg/detail/slow__rosidl_typesupport_fastrtps_cpp.hpp
[17.061s] -- Installing: /home/copperbottoms/code/Copperbottoms/ros_ws/install/custom_messages/lib/libcustom_messages__rosidl_typesupport_fastrtps_cpp.so
[17.064s] -- Set runtime path of "/home/copperbottoms/code/Copperbottoms/ros_ws/install/custom_messages/lib/libcustom_messages__rosidl_typesupport_fastrtps_cpp.so" to ""
[17.064s] -- Up-to-date: /home/copperbottoms/code/Copperbottoms/ros_ws/install/custom_messages/include/custom_messages/custom_messages
[17.065s] -- Up-to-date: /home/copperbottoms/code/Copperbottoms/ros_ws/install/custom_messages/include/custom_messages/custom_messages/msg
[17.065s] -- Up-to-date: /home/copperbottoms/code/Copperbottoms/ros_ws/install/custom_messages/include/custom_messages/custom_messages/msg/detail
[17.066s] -- Installing: /home/copperbottoms/code/Copperbottoms/ros_ws/install/custom_messages/include/custom_messages/custom_messages/msg/detail/slow__rosidl_typesupport_introspection_cpp.hpp
[17.067s] -- Installing: /home/copperbottoms/code/Copperbottoms/ros_ws/install/custom_messages/include/custom_messages/custom_messages/msg/detail/slow__type_support.cpp
[17.069s] -- Installing: /home/copperbottoms/code/Copperbottoms/ros_ws/install/custom_messages/lib/libcustom_messages__rosidl_typesupport_introspection_cpp.so
[17.072s] -- Set runtime path of "/home/copperbottoms/code/Copperbottoms/ros_ws/install/custom_messages/lib/libcustom_messages__rosidl_typesupport_introspection_cpp.so" to ""
[17.072s] -- Installing: /home/copperbottoms/code/Copperbottoms/ros_ws/install/custom_messages/lib/libcustom_messages__rosidl_typesupport_cpp.so
[17.075s] -- Set runtime path of "/home/copperbottoms/code/Copperbottoms/ros_ws/install/custom_messages/lib/libcustom_messages__rosidl_typesupport_cpp.so" to ""
[17.075s] -- Installing: /home/copperbottoms/code/Copperbottoms/ros_ws/install/custom_messages/share/custom_messages/environment/pythonpath.sh
[17.077s] -- Installing: /home/copperbottoms/code/Copperbottoms/ros_ws/install/custom_messages/share/custom_messages/environment/pythonpath.dsv
[17.078s] -- Installing: /home/copperbottoms/code/Copperbottoms/ros_ws/install/custom_messages/local/lib/python3.10/dist-packages/custom_messages-0.0.0-py3.10.egg-info
[17.079s] -- Installing: /home/copperbottoms/code/Copperbottoms/ros_ws/install/custom_messages/local/lib/python3.10/dist-packages/custom_messages-0.0.0-py3.10.egg-info/PKG-INFO
[17.081s] -- Installing: /home/copperbottoms/code/Copperbottoms/ros_ws/install/custom_messages/local/lib/python3.10/dist-packages/custom_messages-0.0.0-py3.10.egg-info/top_level.txt
[17.082s] -- Installing: /home/copperbottoms/code/Copperbottoms/ros_ws/install/custom_messages/local/lib/python3.10/dist-packages/custom_messages-0.0.0-py3.10.egg-info/dependency_links.txt
[17.083s] -- Installing: /home/copperbottoms/code/Copperbottoms/ros_ws/install/custom_messages/local/lib/python3.10/dist-packages/custom_messages-0.0.0-py3.10.egg-info/SOURCES.txt
[17.085s] -- Installing: /home/copperbottoms/code/Copperbottoms/ros_ws/install/custom_messages/local/lib/python3.10/dist-packages/custom_messages
[17.086s] -- Installing: /home/copperbottoms/code/Copperbottoms/ros_ws/install/custom_messages/local/lib/python3.10/dist-packages/custom_messages/msg
[17.086s] -- Installing: /home/copperbottoms/code/Copperbottoms/ros_ws/install/custom_messages/local/lib/python3.10/dist-packages/custom_messages/msg/_slow.py
[17.088s] -- Installing: /home/copperbottoms/code/Copperbottoms/ros_ws/install/custom_messages/local/lib/python3.10/dist-packages/custom_messages/msg/_slow_s.c
[17.089s] -- Installing: /home/copperbottoms/code/Copperbottoms/ros_ws/install/custom_messages/local/lib/python3.10/dist-packages/custom_messages/msg/__init__.py
[17.090s] -- Installing: /home/copperbottoms/code/Copperbottoms/ros_ws/install/custom_messages/local/lib/python3.10/dist-packages/custom_messages/_custom_messages_s.ep.rosidl_typesupport_c.c
[17.092s] -- Installing: /home/copperbottoms/code/Copperbottoms/ros_ws/install/custom_messages/local/lib/python3.10/dist-packages/custom_messages/custom_messages_s__rosidl_typesupport_introspection_c.cpython-310-aarch64-linux-gnu.so
[17.093s] -- Installing: /home/copperbottoms/code/Copperbottoms/ros_ws/install/custom_messages/local/lib/python3.10/dist-packages/custom_messages/custom_messages_s__rosidl_typesupport_fastrtps_c.cpython-310-aarch64-linux-gnu.so
[17.095s] -- Installing: /home/copperbottoms/code/Copperbottoms/ros_ws/install/custom_messages/local/lib/python3.10/dist-packages/custom_messages/__init__.py
[17.096s] -- Installing: /home/copperbottoms/code/Copperbottoms/ros_ws/install/custom_messages/local/lib/python3.10/dist-packages/custom_messages/_custom_messages_s.ep.rosidl_typesupport_fastrtps_c.c
[17.098s] -- Installing: /home/copperbottoms/code/Copperbottoms/ros_ws/install/custom_messages/local/lib/python3.10/dist-packages/custom_messages/custom_messages_s__rosidl_typesupport_c.cpython-310-aarch64-linux-gnu.so
[17.099s] -- Installing: /home/copperbottoms/code/Copperbottoms/ros_ws/install/custom_messages/local/lib/python3.10/dist-packages/custom_messages/_custom_messages_s.ep.rosidl_typesupport_introspection_c.c
[17.101s] -- Installing: /home/copperbottoms/code/Copperbottoms/ros_ws/install/custom_messages/local/lib/python3.10/dist-packages/custom_messages/libcustom_messages__rosidl_generator_py.so
[17.275s] Listing '/home/copperbottoms/code/Copperbottoms/ros_ws/install/custom_messages/local/lib/python3.10/dist-packages/custom_messages'...
[17.276s] Compiling '/home/copperbottoms/code/Copperbottoms/ros_ws/install/custom_messages/local/lib/python3.10/dist-packages/custom_messages/__init__.py'...
[17.277s] Listing '/home/copperbottoms/code/Copperbottoms/ros_ws/install/custom_messages/local/lib/python3.10/dist-packages/custom_messages/msg'...
[17.278s] Compiling '/home/copperbottoms/code/Copperbottoms/ros_ws/install/custom_messages/local/lib/python3.10/dist-packages/custom_messages/msg/__init__.py'...
[17.280s] Compiling '/home/copperbottoms/code/Copperbottoms/ros_ws/install/custom_messages/local/lib/python3.10/dist-packages/custom_messages/msg/_slow.py'...
[17.302s] -- Installing: /home/copperbottoms/code/Copperbottoms/ros_ws/install/custom_messages/local/lib/python3.10/dist-packages/custom_messages/custom_messages_s__rosidl_typesupport_fastrtps_c.cpython-310-aarch64-linux-gnu.so
[17.305s] -- Set runtime path of "/home/copperbottoms/code/Copperbottoms/ros_ws/install/custom_messages/local/lib/python3.10/dist-packages/custom_messages/custom_messages_s__rosidl_typesupport_fastrtps_c.cpython-310-aarch64-linux-gnu.so" to ""
[17.306s] -- Installing: /home/copperbottoms/code/Copperbottoms/ros_ws/install/custom_messages/local/lib/python3.10/dist-packages/custom_messages/custom_messages_s__rosidl_typesupport_introspection_c.cpython-310-aarch64-linux-gnu.so
[17.310s] -- Set runtime path of "/home/copperbottoms/code/Copperbottoms/ros_ws/install/custom_messages/local/lib/python3.10/dist-packages/custom_messages/custom_messages_s__rosidl_typesupport_introspection_c.cpython-310-aarch64-linux-gnu.so" to ""
[17.311s] -- Installing: /home/copperbottoms/code/Copperbottoms/ros_ws/install/custom_messages/local/lib/python3.10/dist-packages/custom_messages/custom_messages_s__rosidl_typesupport_c.cpython-310-aarch64-linux-gnu.so
[17.314s] -- Set runtime path of "/home/copperbottoms/code/Copperbottoms/ros_ws/install/custom_messages/local/lib/python3.10/dist-packages/custom_messages/custom_messages_s__rosidl_typesupport_c.cpython-310-aarch64-linux-gnu.so" to ""
[17.315s] -- Installing: /home/copperbottoms/code/Copperbottoms/ros_ws/install/custom_messages/lib/libcustom_messages__rosidl_generator_py.so
[17.318s] -- Set runtime path of "/home/copperbottoms/code/Copperbottoms/ros_ws/install/custom_messages/lib/libcustom_messages__rosidl_generator_py.so" to ""
[17.319s] -- Installing: /home/copperbottoms/code/Copperbottoms/ros_ws/install/custom_messages/share/custom_messages/msg/Slow.idl
[17.320s] -- Installing: /home/copperbottoms/code/Copperbottoms/ros_ws/install/custom_messages/share/custom_messages/msg/Slow.msg
[17.322s] -- Installing: /home/copperbottoms/code/Copperbottoms/ros_ws/install/custom_messages/share/ament_index/resource_index/package_run_dependencies/custom_messages
[17.324s] -- Installing: /home/copperbottoms/code/Copperbottoms/ros_ws/install/custom_messages/share/ament_index/resource_index/parent_prefix_path/custom_messages
[17.326s] -- Installing: /home/copperbottoms/code/Copperbottoms/ros_ws/install/custom_messages/share/custom_messages/environment/ament_prefix_path.sh
[17.328s] -- Installing: /home/copperbottoms/code/Copperbottoms/ros_ws/install/custom_messages/share/custom_messages/environment/ament_prefix_path.dsv
[17.331s] -- Installing: /home/copperbottoms/code/Copperbottoms/ros_ws/install/custom_messages/share/custom_messages/environment/path.sh
[17.331s] -- Installing: /home/copperbottoms/code/Copperbottoms/ros_ws/install/custom_messages/share/custom_messages/environment/path.dsv
[17.332s] -- Installing: /home/copperbottoms/code/Copperbottoms/ros_ws/install/custom_messages/share/custom_messages/local_setup.bash
[17.334s] -- Installing: /home/copperbottoms/code/Copperbottoms/ros_ws/install/custom_messages/share/custom_messages/local_setup.sh
[17.335s] -- Installing: /home/copperbottoms/code/Copperbottoms/ros_ws/install/custom_messages/share/custom_messages/local_setup.zsh
[17.337s] -- Installing: /home/copperbottoms/code/Copperbottoms/ros_ws/install/custom_messages/share/custom_messages/local_setup.dsv
[17.338s] -- Installing: /home/copperbottoms/code/Copperbottoms/ros_ws/install/custom_messages/share/custom_messages/package.dsv
[17.340s] -- Installing: /home/copperbottoms/code/Copperbottoms/ros_ws/install/custom_messages/share/ament_index/resource_index/packages/custom_messages
[17.342s] -- Installing: /home/copperbottoms/code/Copperbottoms/ros_ws/install/custom_messages/share/custom_messages/cmake/export_custom_messages__rosidl_generator_cExport.cmake
[17.344s] -- Installing: /home/copperbottoms/code/Copperbottoms/ros_ws/install/custom_messages/share/custom_messages/cmake/export_custom_messages__rosidl_generator_cExport-noconfig.cmake
[17.345s] -- Installing: /home/copperbottoms/code/Copperbottoms/ros_ws/install/custom_messages/share/custom_messages/cmake/export_custom_messages__rosidl_typesupport_fastrtps_cExport.cmake
[17.349s] -- Installing: /home/copperbottoms/code/Copperbottoms/ros_ws/install/custom_messages/share/custom_messages/cmake/export_custom_messages__rosidl_typesupport_fastrtps_cExport-noconfig.cmake
[17.349s] -- Installing: /home/copperbottoms/code/Copperbottoms/ros_ws/install/custom_messages/share/custom_messages/cmake/custom_messages__rosidl_typesupport_introspection_cExport.cmake
[17.351s] -- Installing: /home/copperbottoms/code/Copperbottoms/ros_ws/install/custom_messages/share/custom_messages/cmake/custom_messages__rosidl_typesupport_introspection_cExport-noconfig.cmake
[17.353s] -- Installing: /home/copperbottoms/code/Copperbottoms/ros_ws/install/custom_messages/share/custom_messages/cmake/custom_messages__rosidl_typesupport_cExport.cmake
[17.354s] -- Installing: /home/copperbottoms/code/Copperbottoms/ros_ws/install/custom_messages/share/custom_messages/cmake/custom_messages__rosidl_typesupport_cExport-noconfig.cmake
[17.356s] -- Installing: /home/copperbottoms/code/Copperbottoms/ros_ws/install/custom_messages/share/custom_messages/cmake/export_custom_messages__rosidl_generator_cppExport.cmake
[17.358s] -- Installing: /home/copperbottoms/code/Copperbottoms/ros_ws/install/custom_messages/share/custom_messages/cmake/export_custom_messages__rosidl_typesupport_fastrtps_cppExport.cmake
[17.359s] -- Installing: /home/copperbottoms/code/Copperbottoms/ros_ws/install/custom_messages/share/custom_messages/cmake/export_custom_messages__rosidl_typesupport_fastrtps_cppExport-noconfig.cmake
[17.361s] -- Installing: /home/copperbottoms/code/Copperbottoms/ros_ws/install/custom_messages/share/custom_messages/cmake/custom_messages__rosidl_typesupport_introspection_cppExport.cmake
[17.363s] -- Installing: /home/copperbottoms/code/Copperbottoms/ros_ws/install/custom_messages/share/custom_messages/cmake/custom_messages__rosidl_typesupport_introspection_cppExport-noconfig.cmake
[17.365s] -- Installing: /home/copperbottoms/code/Copperbottoms/ros_ws/install/custom_messages/share/custom_messages/cmake/custom_messages__rosidl_typesupport_cppExport.cmake
[17.366s] -- Installing: /home/copperbottoms/code/Copperbottoms/ros_ws/install/custom_messages/share/custom_messages/cmake/custom_messages__rosidl_typesupport_cppExport-noconfig.cmake
[17.368s] -- Installing: /home/copperbottoms/code/Copperbottoms/ros_ws/install/custom_messages/share/custom_messages/cmake/export_custom_messages__rosidl_generator_pyExport.cmake
[17.370s] -- Installing: /home/copperbottoms/code/Copperbottoms/ros_ws/install/custom_messages/share/custom_messages/cmake/export_custom_messages__rosidl_generator_pyExport-noconfig.cmake
[17.371s] -- Installing: /home/copperbottoms/code/Copperbottoms/ros_ws/install/custom_messages/share/custom_messages/cmake/rosidl_cmake-extras.cmake
[17.373s] -- Installing: /home/copperbottoms/code/Copperbottoms/ros_ws/install/custom_messages/share/custom_messages/cmake/ament_cmake_export_include_directories-extras.cmake
[17.374s] -- Installing: /home/copperbottoms/code/Copperbottoms/ros_ws/install/custom_messages/share/custom_messages/cmake/ament_cmake_export_libraries-extras.cmake
[17.376s] -- Installing: /home/copperbottoms/code/Copperbottoms/ros_ws/install/custom_messages/share/custom_messages/cmake/ament_cmake_export_targets-extras.cmake
[17.377s] -- Installing: /home/copperbottoms/code/Copperbottoms/ros_ws/install/custom_messages/share/custom_messages/cmake/rosidl_cmake_export_typesupport_targets-extras.cmake
[17.379s] -- Installing: /home/copperbottoms/code/Copperbottoms/ros_ws/install/custom_messages/share/custom_messages/cmake/ament_cmake_export_dependencies-extras.cmake
[17.380s] -- Installing: /home/copperbottoms/code/Copperbottoms/ros_ws/install/custom_messages/share/custom_messages/cmake/rosidl_cmake_export_typesupport_libraries-extras.cmake
[17.382s] -- Installing: /home/copperbottoms/code/Copperbottoms/ros_ws/install/custom_messages/share/custom_messages/cmake/custom_messagesConfig.cmake
[17.383s] -- Installing: /home/copperbottoms/code/Copperbottoms/ros_ws/install/custom_messages/share/custom_messages/cmake/custom_messagesConfig-version.cmake
[17.385s] -- Installing: /home/copperbottoms/code/Copperbottoms/ros_ws/install/custom_messages/share/custom_messages/package.xml
[17.393s] Invoked command in '/home/copperbottoms/code/Copperbottoms/ros_ws/build/custom_messages' returned '0': CMAKE_PREFIX_PATH=${CMAKE_PREFIX_PATH}:/home/copperbottoms/code/Copperbottoms/ros_ws/install/realsense_publisher:/home/copperbottoms/code/Copperbottoms/ros_ws/install/obstacle_avoidance:/opt/ros/humble /usr/bin/cmake --install /home/copperbottoms/code/Copperbottoms/ros_ws/build/custom_messages
