running egg_info
creating ../../build/visualize_rf2o/visualize_rf2o.egg-info
writing ../../build/visualize_rf2o/visualize_rf2o.egg-info/PKG-INFO
writing dependency_links to ../../build/visualize_rf2o/visualize_rf2o.egg-info/dependency_links.txt
writing entry points to ../../build/visualize_rf2o/visualize_rf2o.egg-info/entry_points.txt
writing requirements to ../../build/visualize_rf2o/visualize_rf2o.egg-info/requires.txt
writing top-level names to ../../build/visualize_rf2o/visualize_rf2o.egg-info/top_level.txt
writing manifest file '../../build/visualize_rf2o/visualize_rf2o.egg-info/SOURCES.txt'
reading manifest file '../../build/visualize_rf2o/visualize_rf2o.egg-info/SOURCES.txt'
writing manifest file '../../build/visualize_rf2o/visualize_rf2o.egg-info/SOURCES.txt'
running build
running build_py
creating /home/copperbottoms/code/Copperbottoms/ros_ws/build/visualize_rf2o/build
creating /home/copperbottoms/code/Copperbottoms/ros_ws/build/visualize_rf2o/build/lib
creating /home/copperbottoms/code/Copperbottoms/ros_ws/build/visualize_rf2o/build/lib/visualize_rf2o
copying visualize_rf2o/__init__.py -> /home/copperbottoms/code/Copperbottoms/ros_ws/build/visualize_rf2o/build/lib/visualize_rf2o
copying visualize_rf2o/visualize_rf2o.py -> /home/copperbottoms/code/Copperbottoms/ros_ws/build/visualize_rf2o/build/lib/visualize_rf2o
running install
running install_lib
creating /home/copperbottoms/code/Copperbottoms/ros_ws/install/visualize_rf2o/lib/python3.10/site-packages/visualize_rf2o
copying /home/copperbottoms/code/Copperbottoms/ros_ws/build/visualize_rf2o/build/lib/visualize_rf2o/__init__.py -> /home/copperbottoms/code/Copperbottoms/ros_ws/install/visualize_rf2o/lib/python3.10/site-packages/visualize_rf2o
copying /home/copperbottoms/code/Copperbottoms/ros_ws/build/visualize_rf2o/build/lib/visualize_rf2o/visualize_rf2o.py -> /home/copperbottoms/code/Copperbottoms/ros_ws/install/visualize_rf2o/lib/python3.10/site-packages/visualize_rf2o
byte-compiling /home/copperbottoms/code/Copperbottoms/ros_ws/install/visualize_rf2o/lib/python3.10/site-packages/visualize_rf2o/__init__.py to __init__.cpython-310.pyc
byte-compiling /home/copperbottoms/code/Copperbottoms/ros_ws/install/visualize_rf2o/lib/python3.10/site-packages/visualize_rf2o/visualize_rf2o.py to visualize_rf2o.cpython-310.pyc
running install_data
creating /home/copperbottoms/code/Copperbottoms/ros_ws/install/visualize_rf2o/share
creating /home/copperbottoms/code/Copperbottoms/ros_ws/install/visualize_rf2o/share/ament_index
creating /home/copperbottoms/code/Copperbottoms/ros_ws/install/visualize_rf2o/share/ament_index/resource_index
creating /home/copperbottoms/code/Copperbottoms/ros_ws/install/visualize_rf2o/share/ament_index/resource_index/packages
copying resource/visualize_rf2o -> /home/copperbottoms/code/Copperbottoms/ros_ws/install/visualize_rf2o/share/ament_index/resource_index/packages
creating /home/copperbottoms/code/Copperbottoms/ros_ws/install/visualize_rf2o/share/visualize_rf2o
copying package.xml -> /home/copperbottoms/code/Copperbottoms/ros_ws/install/visualize_rf2o/share/visualize_rf2o
running install_egg_info
Copying ../../build/visualize_rf2o/visualize_rf2o.egg-info to /home/copperbottoms/code/Copperbottoms/ros_ws/install/visualize_rf2o/lib/python3.10/site-packages/visualize_rf2o-0.0.0-py3.10.egg-info
running install_scripts
writing list of installed files to '/home/copperbottoms/code/Copperbottoms/ros_ws/build/visualize_rf2o/install.log'
