[0.590s] DEBUG:colcon:Command line arguments: ['/usr/bin/colcon', 'build', '--packages-select', 'stop_sign']
[0.590s] DEBUG:colcon:Parsed command line arguments: Namespace(log_base=None, log_level=None, verb_name='build', build_base='build', install_base='install', merge_install=False, symlink_install=False, test_result_base=None, continue_on_error=False, executor='parallel', parallel_workers=4, event_handlers=None, ignore_user_meta=False, metas=['./colcon.meta'], base_paths=['.'], packages_ignore=None, packages_ignore_regex=None, paths=None, packages_up_to=None, packages_up_to_regex=None, packages_above=None, packages_above_and_dependencies=None, packages_above_depth=None, packages_select_by_dep=None, packages_skip_by_dep=None, packages_skip_up_to=None, packages_select_build_failed=False, packages_skip_build_finished=False, packages_select_test_failures=False, packages_skip_test_passed=False, packages_select=['stop_sign'], packages_skip=None, packages_select_regex=None, packages_skip_regex=None, packages_start=None, packages_end=None, allow_overriding=[], cmake_args=None, cmake_target=None, cmake_target_skip_unavailable=False, cmake_clean_cache=False, cmake_clean_first=False, cmake_force_configure=False, ament_cmake_args=None, catkin_cmake_args=None, catkin_skip_building_tests=False, mixin_files=None, mixin=None, verb_parser=<colcon_mixin.mixin.mixin_argument.MixinArgumentDecorator object at 0xffffafb33430>, verb_extension=<colcon_core.verb.build.BuildVerb object at 0xffffafd1c3d0>, main=<bound method BuildVerb.main of <colcon_core.verb.build.BuildVerb object at 0xffffafd1c3d0>>, mixin_verb=('build',))
[1.717s] Level 1:colcon.colcon_core.package_discovery:discover_packages(colcon_meta) check parameters
[1.718s] Level 1:colcon.colcon_core.package_discovery:discover_packages(recursive) check parameters
[1.718s] Level 1:colcon.colcon_core.package_discovery:discover_packages(ignore) check parameters
[1.718s] Level 1:colcon.colcon_core.package_discovery:discover_packages(path) check parameters
[1.719s] Level 1:colcon.colcon_core.package_discovery:discover_packages(colcon_meta) discover
[1.719s] Level 1:colcon.colcon_core.package_discovery:discover_packages(recursive) discover
[1.719s] INFO:colcon.colcon_core.package_discovery:Crawling recursively for packages in '/home/copperbottoms/code/Copperbottoms/ros_ws'
[1.720s] Level 1:colcon.colcon_core.package_identification:_identify(.) by extensions ['ignore', 'ignore_ament_install']
[1.721s] Level 1:colcon.colcon_core.package_identification:_identify(.) by extension 'ignore'
[1.721s] Level 1:colcon.colcon_core.package_identification:_identify(.) by extension 'ignore_ament_install'
[1.721s] Level 1:colcon.colcon_core.package_identification:_identify(.) by extensions ['colcon_pkg']
[1.722s] Level 1:colcon.colcon_core.package_identification:_identify(.) by extension 'colcon_pkg'
[1.722s] Level 1:colcon.colcon_core.package_identification:_identify(.) by extensions ['colcon_meta']
[1.722s] Level 1:colcon.colcon_core.package_identification:_identify(.) by extension 'colcon_meta'
[1.723s] Level 1:colcon.colcon_core.package_identification:_identify(.) by extensions ['ros']
[1.723s] Level 1:colcon.colcon_core.package_identification:_identify(.) by extension 'ros'
[1.782s] Level 1:colcon.colcon_core.package_identification:_identify(.) by extensions ['cmake', 'python']
[1.783s] Level 1:colcon.colcon_core.package_identification:_identify(.) by extension 'cmake'
[1.784s] Level 1:colcon.colcon_core.package_identification:_identify(.) by extension 'python'
[1.784s] Level 1:colcon.colcon_core.package_identification:_identify(.) by extensions ['python_setup_py']
[1.784s] Level 1:colcon.colcon_core.package_identification:_identify(.) by extension 'python_setup_py'
[1.785s] Level 1:colcon.colcon_core.package_identification:_identify(build) by extensions ['ignore', 'ignore_ament_install']
[1.786s] Level 1:colcon.colcon_core.package_identification:_identify(build) by extension 'ignore'
[1.787s] Level 1:colcon.colcon_core.package_identification:_identify(build) ignored
[1.788s] Level 1:colcon.colcon_core.package_identification:_identify(install) by extensions ['ignore', 'ignore_ament_install']
[1.789s] Level 1:colcon.colcon_core.package_identification:_identify(install) by extension 'ignore'
[1.790s] Level 1:colcon.colcon_core.package_identification:_identify(install) ignored
[1.791s] Level 1:colcon.colcon_core.package_identification:_identify(log) by extensions ['ignore', 'ignore_ament_install']
[1.791s] Level 1:colcon.colcon_core.package_identification:_identify(log) by extension 'ignore'
[1.792s] Level 1:colcon.colcon_core.package_identification:_identify(log) ignored
[1.794s] Level 1:colcon.colcon_core.package_identification:_identify(src) by extensions ['ignore', 'ignore_ament_install']
[1.795s] Level 1:colcon.colcon_core.package_identification:_identify(src) by extension 'ignore'
[1.796s] Level 1:colcon.colcon_core.package_identification:_identify(src) by extension 'ignore_ament_install'
[1.797s] Level 1:colcon.colcon_core.package_identification:_identify(src) by extensions ['colcon_pkg']
[1.798s] Level 1:colcon.colcon_core.package_identification:_identify(src) by extension 'colcon_pkg'
[1.799s] Level 1:colcon.colcon_core.package_identification:_identify(src) by extensions ['colcon_meta']
[1.799s] Level 1:colcon.colcon_core.package_identification:_identify(src) by extension 'colcon_meta'
[1.800s] Level 1:colcon.colcon_core.package_identification:_identify(src) by extensions ['ros']
[1.801s] Level 1:colcon.colcon_core.package_identification:_identify(src) by extension 'ros'
[1.801s] Level 1:colcon.colcon_core.package_identification:_identify(src) by extensions ['cmake', 'python']
[1.801s] Level 1:colcon.colcon_core.package_identification:_identify(src) by extension 'cmake'
[1.802s] Level 1:colcon.colcon_core.package_identification:_identify(src) by extension 'python'
[1.802s] Level 1:colcon.colcon_core.package_identification:_identify(src) by extensions ['python_setup_py']
[1.802s] Level 1:colcon.colcon_core.package_identification:_identify(src) by extension 'python_setup_py'
[1.803s] Level 1:colcon.colcon_core.package_identification:_identify(src/Camera_Navigation) by extensions ['ignore', 'ignore_ament_install']
[1.806s] Level 1:colcon.colcon_core.package_identification:_identify(src/Camera_Navigation) by extension 'ignore'
[1.807s] Level 1:colcon.colcon_core.package_identification:_identify(src/Camera_Navigation) by extension 'ignore_ament_install'
[1.808s] Level 1:colcon.colcon_core.package_identification:_identify(src/Camera_Navigation) by extensions ['colcon_pkg']
[1.809s] Level 1:colcon.colcon_core.package_identification:_identify(src/Camera_Navigation) by extension 'colcon_pkg'
[1.809s] Level 1:colcon.colcon_core.package_identification:_identify(src/Camera_Navigation) by extensions ['colcon_meta']
[1.810s] Level 1:colcon.colcon_core.package_identification:_identify(src/Camera_Navigation) by extension 'colcon_meta'
[1.810s] Level 1:colcon.colcon_core.package_identification:_identify(src/Camera_Navigation) by extensions ['ros']
[1.811s] Level 1:colcon.colcon_core.package_identification:_identify(src/Camera_Navigation) by extension 'ros'
[1.825s] DEBUG:colcon.colcon_core.package_identification:Package 'src/Camera_Navigation' with type 'ros.ament_python' and name 'camera_navigation'
[1.825s] Level 1:colcon.colcon_core.package_identification:_identify(src/SLAM) by extensions ['ignore', 'ignore_ament_install']
[1.826s] Level 1:colcon.colcon_core.package_identification:_identify(src/SLAM) by extension 'ignore'
[1.826s] Level 1:colcon.colcon_core.package_identification:_identify(src/SLAM) by extension 'ignore_ament_install'
[1.827s] Level 1:colcon.colcon_core.package_identification:_identify(src/SLAM) by extensions ['colcon_pkg']
[1.827s] Level 1:colcon.colcon_core.package_identification:_identify(src/SLAM) by extension 'colcon_pkg'
[1.827s] Level 1:colcon.colcon_core.package_identification:_identify(src/SLAM) by extensions ['colcon_meta']
[1.828s] Level 1:colcon.colcon_core.package_identification:_identify(src/SLAM) by extension 'colcon_meta'
[1.828s] Level 1:colcon.colcon_core.package_identification:_identify(src/SLAM) by extensions ['ros']
[1.829s] Level 1:colcon.colcon_core.package_identification:_identify(src/SLAM) by extension 'ros'
[1.829s] Level 1:colcon.colcon_core.package_identification:_identify(src/SLAM) by extensions ['cmake', 'python']
[1.829s] Level 1:colcon.colcon_core.package_identification:_identify(src/SLAM) by extension 'cmake'
[1.830s] Level 1:colcon.colcon_core.package_identification:_identify(src/SLAM) by extension 'python'
[1.830s] Level 1:colcon.colcon_core.package_identification:_identify(src/SLAM) by extensions ['python_setup_py']
[1.830s] Level 1:colcon.colcon_core.package_identification:_identify(src/SLAM) by extension 'python_setup_py'
[1.832s] Level 1:colcon.colcon_core.package_identification:_identify(src/SLAM/__pycache__) by extensions ['ignore', 'ignore_ament_install']
[1.833s] Level 1:colcon.colcon_core.package_identification:_identify(src/SLAM/__pycache__) by extension 'ignore'
[1.834s] Level 1:colcon.colcon_core.package_identification:_identify(src/SLAM/__pycache__) by extension 'ignore_ament_install'
[1.835s] Level 1:colcon.colcon_core.package_identification:_identify(src/SLAM/__pycache__) by extensions ['colcon_pkg']
[1.835s] Level 1:colcon.colcon_core.package_identification:_identify(src/SLAM/__pycache__) by extension 'colcon_pkg'
[1.836s] Level 1:colcon.colcon_core.package_identification:_identify(src/SLAM/__pycache__) by extensions ['colcon_meta']
[1.837s] Level 1:colcon.colcon_core.package_identification:_identify(src/SLAM/__pycache__) by extension 'colcon_meta'
[1.838s] Level 1:colcon.colcon_core.package_identification:_identify(src/SLAM/__pycache__) by extensions ['ros']
[1.838s] Level 1:colcon.colcon_core.package_identification:_identify(src/SLAM/__pycache__) by extension 'ros'
[1.839s] Level 1:colcon.colcon_core.package_identification:_identify(src/SLAM/__pycache__) by extensions ['cmake', 'python']
[1.840s] Level 1:colcon.colcon_core.package_identification:_identify(src/SLAM/__pycache__) by extension 'cmake'
[1.841s] Level 1:colcon.colcon_core.package_identification:_identify(src/SLAM/__pycache__) by extension 'python'
[1.841s] Level 1:colcon.colcon_core.package_identification:_identify(src/SLAM/__pycache__) by extensions ['python_setup_py']
[1.842s] Level 1:colcon.colcon_core.package_identification:_identify(src/SLAM/__pycache__) by extension 'python_setup_py'
[1.843s] Level 1:colcon.colcon_core.package_identification:_identify(src/__pycache__) by extensions ['ignore', 'ignore_ament_install']
[1.844s] Level 1:colcon.colcon_core.package_identification:_identify(src/__pycache__) by extension 'ignore'
[1.845s] Level 1:colcon.colcon_core.package_identification:_identify(src/__pycache__) by extension 'ignore_ament_install'
[1.846s] Level 1:colcon.colcon_core.package_identification:_identify(src/__pycache__) by extensions ['colcon_pkg']
[1.846s] Level 1:colcon.colcon_core.package_identification:_identify(src/__pycache__) by extension 'colcon_pkg'
[1.846s] Level 1:colcon.colcon_core.package_identification:_identify(src/__pycache__) by extensions ['colcon_meta']
[1.847s] Level 1:colcon.colcon_core.package_identification:_identify(src/__pycache__) by extension 'colcon_meta'
[1.847s] Level 1:colcon.colcon_core.package_identification:_identify(src/__pycache__) by extensions ['ros']
[1.847s] Level 1:colcon.colcon_core.package_identification:_identify(src/__pycache__) by extension 'ros'
[1.847s] Level 1:colcon.colcon_core.package_identification:_identify(src/__pycache__) by extensions ['cmake', 'python']
[1.847s] Level 1:colcon.colcon_core.package_identification:_identify(src/__pycache__) by extension 'cmake'
[1.848s] Level 1:colcon.colcon_core.package_identification:_identify(src/__pycache__) by extension 'python'
[1.848s] Level 1:colcon.colcon_core.package_identification:_identify(src/__pycache__) by extensions ['python_setup_py']
[1.848s] Level 1:colcon.colcon_core.package_identification:_identify(src/__pycache__) by extension 'python_setup_py'
[1.849s] Level 1:colcon.colcon_core.package_identification:_identify(src/amy_test) by extensions ['ignore', 'ignore_ament_install']
[1.850s] Level 1:colcon.colcon_core.package_identification:_identify(src/amy_test) by extension 'ignore'
[1.850s] Level 1:colcon.colcon_core.package_identification:_identify(src/amy_test) by extension 'ignore_ament_install'
[1.851s] Level 1:colcon.colcon_core.package_identification:_identify(src/amy_test) by extensions ['colcon_pkg']
[1.851s] Level 1:colcon.colcon_core.package_identification:_identify(src/amy_test) by extension 'colcon_pkg'
[1.852s] Level 1:colcon.colcon_core.package_identification:_identify(src/amy_test) by extensions ['colcon_meta']
[1.852s] Level 1:colcon.colcon_core.package_identification:_identify(src/amy_test) by extension 'colcon_meta'
[1.853s] Level 1:colcon.colcon_core.package_identification:_identify(src/amy_test) by extensions ['ros']
[1.853s] Level 1:colcon.colcon_core.package_identification:_identify(src/amy_test) by extension 'ros'
[1.858s] DEBUG:colcon.colcon_core.package_identification:Package 'src/amy_test' with type 'ros.ament_cmake' and name 'amy_test'
[1.859s] Level 1:colcon.colcon_core.package_identification:_identify(src/custom_messages) by extensions ['ignore', 'ignore_ament_install']
[1.860s] Level 1:colcon.colcon_core.package_identification:_identify(src/custom_messages) by extension 'ignore'
[1.861s] Level 1:colcon.colcon_core.package_identification:_identify(src/custom_messages) by extension 'ignore_ament_install'
[1.862s] Level 1:colcon.colcon_core.package_identification:_identify(src/custom_messages) by extensions ['colcon_pkg']
[1.862s] Level 1:colcon.colcon_core.package_identification:_identify(src/custom_messages) by extension 'colcon_pkg'
[1.863s] Level 1:colcon.colcon_core.package_identification:_identify(src/custom_messages) by extensions ['colcon_meta']
[1.863s] Level 1:colcon.colcon_core.package_identification:_identify(src/custom_messages) by extension 'colcon_meta'
[1.863s] Level 1:colcon.colcon_core.package_identification:_identify(src/custom_messages) by extensions ['ros']
[1.864s] Level 1:colcon.colcon_core.package_identification:_identify(src/custom_messages) by extension 'ros'
[1.867s] DEBUG:colcon.colcon_core.package_identification:Package 'src/custom_messages' with type 'ros.ament_cmake' and name 'custom_messages'
[1.868s] Level 1:colcon.colcon_core.package_identification:_identify(src/imu_pose_estimate) by extensions ['ignore', 'ignore_ament_install']
[1.874s] Level 1:colcon.colcon_core.package_identification:_identify(src/imu_pose_estimate) by extension 'ignore'
[1.875s] Level 1:colcon.colcon_core.package_identification:_identify(src/imu_pose_estimate) by extension 'ignore_ament_install'
[1.875s] Level 1:colcon.colcon_core.package_identification:_identify(src/imu_pose_estimate) by extensions ['colcon_pkg']
[1.876s] Level 1:colcon.colcon_core.package_identification:_identify(src/imu_pose_estimate) by extension 'colcon_pkg'
[1.876s] Level 1:colcon.colcon_core.package_identification:_identify(src/imu_pose_estimate) by extensions ['colcon_meta']
[1.877s] Level 1:colcon.colcon_core.package_identification:_identify(src/imu_pose_estimate) by extension 'colcon_meta'
[1.877s] Level 1:colcon.colcon_core.package_identification:_identify(src/imu_pose_estimate) by extensions ['ros']
[1.877s] Level 1:colcon.colcon_core.package_identification:_identify(src/imu_pose_estimate) by extension 'ros'
[1.879s] DEBUG:colcon.colcon_core.package_identification:Package 'src/imu_pose_estimate' with type 'ros.ament_python' and name 'imu_pose_estimate'
[1.881s] Level 1:colcon.colcon_core.package_identification:_identify(src/landmark_slam) by extensions ['ignore', 'ignore_ament_install']
[1.882s] Level 1:colcon.colcon_core.package_identification:_identify(src/landmark_slam) by extension 'ignore'
[1.882s] Level 1:colcon.colcon_core.package_identification:_identify(src/landmark_slam) by extension 'ignore_ament_install'
[1.883s] Level 1:colcon.colcon_core.package_identification:_identify(src/landmark_slam) by extensions ['colcon_pkg']
[1.884s] Level 1:colcon.colcon_core.package_identification:_identify(src/landmark_slam) by extension 'colcon_pkg'
[1.884s] Level 1:colcon.colcon_core.package_identification:_identify(src/landmark_slam) by extensions ['colcon_meta']
[1.885s] Level 1:colcon.colcon_core.package_identification:_identify(src/landmark_slam) by extension 'colcon_meta'
[1.886s] Level 1:colcon.colcon_core.package_identification:_identify(src/landmark_slam) by extensions ['ros']
[1.886s] Level 1:colcon.colcon_core.package_identification:_identify(src/landmark_slam) by extension 'ros'
[1.890s] DEBUG:colcon.colcon_core.package_identification:Package 'src/landmark_slam' with type 'ros.ament_python' and name 'landmark_slam'
[1.891s] Level 1:colcon.colcon_core.package_identification:_identify(src/obstacle_avoidance) by extensions ['ignore', 'ignore_ament_install']
[1.892s] Level 1:colcon.colcon_core.package_identification:_identify(src/obstacle_avoidance) by extension 'ignore'
[1.892s] Level 1:colcon.colcon_core.package_identification:_identify(src/obstacle_avoidance) by extension 'ignore_ament_install'
[1.893s] Level 1:colcon.colcon_core.package_identification:_identify(src/obstacle_avoidance) by extensions ['colcon_pkg']
[1.894s] Level 1:colcon.colcon_core.package_identification:_identify(src/obstacle_avoidance) by extension 'colcon_pkg'
[1.894s] Level 1:colcon.colcon_core.package_identification:_identify(src/obstacle_avoidance) by extensions ['colcon_meta']
[1.894s] Level 1:colcon.colcon_core.package_identification:_identify(src/obstacle_avoidance) by extension 'colcon_meta'
[1.895s] Level 1:colcon.colcon_core.package_identification:_identify(src/obstacle_avoidance) by extensions ['ros']
[1.895s] Level 1:colcon.colcon_core.package_identification:_identify(src/obstacle_avoidance) by extension 'ros'
[1.899s] DEBUG:colcon.colcon_core.package_identification:Package 'src/obstacle_avoidance' with type 'ros.ament_python' and name 'obstacle_avoidance'
[1.900s] Level 1:colcon.colcon_core.package_identification:_identify(src/realsense_publisher) by extensions ['ignore', 'ignore_ament_install']
[1.900s] Level 1:colcon.colcon_core.package_identification:_identify(src/realsense_publisher) by extension 'ignore'
[1.901s] Level 1:colcon.colcon_core.package_identification:_identify(src/realsense_publisher) by extension 'ignore_ament_install'
[1.902s] Level 1:colcon.colcon_core.package_identification:_identify(src/realsense_publisher) by extensions ['colcon_pkg']
[1.902s] Level 1:colcon.colcon_core.package_identification:_identify(src/realsense_publisher) by extension 'colcon_pkg'
[1.902s] Level 1:colcon.colcon_core.package_identification:_identify(src/realsense_publisher) by extensions ['colcon_meta']
[1.903s] Level 1:colcon.colcon_core.package_identification:_identify(src/realsense_publisher) by extension 'colcon_meta'
[1.903s] Level 1:colcon.colcon_core.package_identification:_identify(src/realsense_publisher) by extensions ['ros']
[1.903s] Level 1:colcon.colcon_core.package_identification:_identify(src/realsense_publisher) by extension 'ros'
[1.907s] DEBUG:colcon.colcon_core.package_identification:Package 'src/realsense_publisher' with type 'ros.ament_python' and name 'realsense_publisher'
[1.909s] Level 1:colcon.colcon_core.package_identification:_identify(src/robo_realsense) by extensions ['ignore', 'ignore_ament_install']
[1.910s] Level 1:colcon.colcon_core.package_identification:_identify(src/robo_realsense) by extension 'ignore'
[1.910s] Level 1:colcon.colcon_core.package_identification:_identify(src/robo_realsense) by extension 'ignore_ament_install'
[1.911s] Level 1:colcon.colcon_core.package_identification:_identify(src/robo_realsense) by extensions ['colcon_pkg']
[1.911s] Level 1:colcon.colcon_core.package_identification:_identify(src/robo_realsense) by extension 'colcon_pkg'
[1.912s] Level 1:colcon.colcon_core.package_identification:_identify(src/robo_realsense) by extensions ['colcon_meta']
[1.912s] Level 1:colcon.colcon_core.package_identification:_identify(src/robo_realsense) by extension 'colcon_meta'
[1.913s] Level 1:colcon.colcon_core.package_identification:_identify(src/robo_realsense) by extensions ['ros']
[1.913s] Level 1:colcon.colcon_core.package_identification:_identify(src/robo_realsense) by extension 'ros'
[1.914s] Level 1:colcon.colcon_core.package_identification:_identify(src/robo_realsense) by extensions ['cmake', 'python']
[1.915s] Level 1:colcon.colcon_core.package_identification:_identify(src/robo_realsense) by extension 'cmake'
[1.915s] Level 1:colcon.colcon_core.package_identification:_identify(src/robo_realsense) by extension 'python'
[1.915s] Level 1:colcon.colcon_core.package_identification:_identify(src/robo_realsense) by extensions ['python_setup_py']
[1.916s] Level 1:colcon.colcon_core.package_identification:_identify(src/robo_realsense) by extension 'python_setup_py'
[1.917s] Level 1:colcon.colcon_core.package_identification:_identify(src/robo_realsense/fastsam) by extensions ['ignore', 'ignore_ament_install']
[1.917s] Level 1:colcon.colcon_core.package_identification:_identify(src/robo_realsense/fastsam) by extension 'ignore'
[1.918s] Level 1:colcon.colcon_core.package_identification:_identify(src/robo_realsense/fastsam) by extension 'ignore_ament_install'
[1.919s] Level 1:colcon.colcon_core.package_identification:_identify(src/robo_realsense/fastsam) by extensions ['colcon_pkg']
[1.919s] Level 1:colcon.colcon_core.package_identification:_identify(src/robo_realsense/fastsam) by extension 'colcon_pkg'
[1.919s] Level 1:colcon.colcon_core.package_identification:_identify(src/robo_realsense/fastsam) by extensions ['colcon_meta']
[1.920s] Level 1:colcon.colcon_core.package_identification:_identify(src/robo_realsense/fastsam) by extension 'colcon_meta'
[1.920s] Level 1:colcon.colcon_core.package_identification:_identify(src/robo_realsense/fastsam) by extensions ['ros']
[1.920s] Level 1:colcon.colcon_core.package_identification:_identify(src/robo_realsense/fastsam) by extension 'ros'
[1.921s] Level 1:colcon.colcon_core.package_identification:_identify(src/robo_realsense/fastsam) by extensions ['cmake', 'python']
[1.921s] Level 1:colcon.colcon_core.package_identification:_identify(src/robo_realsense/fastsam) by extension 'cmake'
[1.921s] Level 1:colcon.colcon_core.package_identification:_identify(src/robo_realsense/fastsam) by extension 'python'
[1.922s] Level 1:colcon.colcon_core.package_identification:_identify(src/robo_realsense/fastsam) by extensions ['python_setup_py']
[1.922s] Level 1:colcon.colcon_core.package_identification:_identify(src/robo_realsense/fastsam) by extension 'python_setup_py'
[1.923s] Level 1:colcon.colcon_core.package_identification:_identify(src/robo_realsense/fastsam/slam) by extensions ['ignore', 'ignore_ament_install']
[1.923s] Level 1:colcon.colcon_core.package_identification:_identify(src/robo_realsense/fastsam/slam) by extension 'ignore'
[1.924s] Level 1:colcon.colcon_core.package_identification:_identify(src/robo_realsense/fastsam/slam) by extension 'ignore_ament_install'
[1.925s] Level 1:colcon.colcon_core.package_identification:_identify(src/robo_realsense/fastsam/slam) by extensions ['colcon_pkg']
[1.925s] Level 1:colcon.colcon_core.package_identification:_identify(src/robo_realsense/fastsam/slam) by extension 'colcon_pkg'
[1.925s] Level 1:colcon.colcon_core.package_identification:_identify(src/robo_realsense/fastsam/slam) by extensions ['colcon_meta']
[1.925s] Level 1:colcon.colcon_core.package_identification:_identify(src/robo_realsense/fastsam/slam) by extension 'colcon_meta'
[1.925s] Level 1:colcon.colcon_core.package_identification:_identify(src/robo_realsense/fastsam/slam) by extensions ['ros']
[1.926s] Level 1:colcon.colcon_core.package_identification:_identify(src/robo_realsense/fastsam/slam) by extension 'ros'
[1.926s] Level 1:colcon.colcon_core.package_identification:_identify(src/robo_realsense/fastsam/slam) by extensions ['cmake', 'python']
[1.926s] Level 1:colcon.colcon_core.package_identification:_identify(src/robo_realsense/fastsam/slam) by extension 'cmake'
[1.926s] Level 1:colcon.colcon_core.package_identification:_identify(src/robo_realsense/fastsam/slam) by extension 'python'
[1.927s] Level 1:colcon.colcon_core.package_identification:_identify(src/robo_realsense/fastsam/slam) by extensions ['python_setup_py']
[1.927s] Level 1:colcon.colcon_core.package_identification:_identify(src/robo_realsense/fastsam/slam) by extension 'python_setup_py'
[1.927s] Level 1:colcon.colcon_core.package_identification:_identify(src/robo_realsense/fastsam/slam/__pycache__) by extensions ['ignore', 'ignore_ament_install']
[1.928s] Level 1:colcon.colcon_core.package_identification:_identify(src/robo_realsense/fastsam/slam/__pycache__) by extension 'ignore'
[1.928s] Level 1:colcon.colcon_core.package_identification:_identify(src/robo_realsense/fastsam/slam/__pycache__) by extension 'ignore_ament_install'
[1.929s] Level 1:colcon.colcon_core.package_identification:_identify(src/robo_realsense/fastsam/slam/__pycache__) by extensions ['colcon_pkg']
[1.929s] Level 1:colcon.colcon_core.package_identification:_identify(src/robo_realsense/fastsam/slam/__pycache__) by extension 'colcon_pkg'
[1.929s] Level 1:colcon.colcon_core.package_identification:_identify(src/robo_realsense/fastsam/slam/__pycache__) by extensions ['colcon_meta']
[1.929s] Level 1:colcon.colcon_core.package_identification:_identify(src/robo_realsense/fastsam/slam/__pycache__) by extension 'colcon_meta'
[1.929s] Level 1:colcon.colcon_core.package_identification:_identify(src/robo_realsense/fastsam/slam/__pycache__) by extensions ['ros']
[1.930s] Level 1:colcon.colcon_core.package_identification:_identify(src/robo_realsense/fastsam/slam/__pycache__) by extension 'ros'
[1.930s] Level 1:colcon.colcon_core.package_identification:_identify(src/robo_realsense/fastsam/slam/__pycache__) by extensions ['cmake', 'python']
[1.930s] Level 1:colcon.colcon_core.package_identification:_identify(src/robo_realsense/fastsam/slam/__pycache__) by extension 'cmake'
[1.931s] Level 1:colcon.colcon_core.package_identification:_identify(src/robo_realsense/fastsam/slam/__pycache__) by extension 'python'
[1.931s] Level 1:colcon.colcon_core.package_identification:_identify(src/robo_realsense/fastsam/slam/__pycache__) by extensions ['python_setup_py']
[1.931s] Level 1:colcon.colcon_core.package_identification:_identify(src/robo_realsense/fastsam/slam/__pycache__) by extension 'python_setup_py'
[1.932s] Level 1:colcon.colcon_core.package_identification:_identify(src/robo_realsense/launch) by extensions ['ignore', 'ignore_ament_install']
[1.932s] Level 1:colcon.colcon_core.package_identification:_identify(src/robo_realsense/launch) by extension 'ignore'
[1.933s] Level 1:colcon.colcon_core.package_identification:_identify(src/robo_realsense/launch) by extension 'ignore_ament_install'
[1.934s] Level 1:colcon.colcon_core.package_identification:_identify(src/robo_realsense/launch) by extensions ['colcon_pkg']
[1.934s] Level 1:colcon.colcon_core.package_identification:_identify(src/robo_realsense/launch) by extension 'colcon_pkg'
[1.935s] Level 1:colcon.colcon_core.package_identification:_identify(src/robo_realsense/launch) by extensions ['colcon_meta']
[1.936s] Level 1:colcon.colcon_core.package_identification:_identify(src/robo_realsense/launch) by extension 'colcon_meta'
[1.938s] Level 1:colcon.colcon_core.package_identification:_identify(src/robo_realsense/launch) by extensions ['ros']
[1.939s] Level 1:colcon.colcon_core.package_identification:_identify(src/robo_realsense/launch) by extension 'ros'
[1.941s] Level 1:colcon.colcon_core.package_identification:_identify(src/robo_realsense/launch) by extensions ['cmake', 'python']
[1.942s] Level 1:colcon.colcon_core.package_identification:_identify(src/robo_realsense/launch) by extension 'cmake'
[1.942s] Level 1:colcon.colcon_core.package_identification:_identify(src/robo_realsense/launch) by extension 'python'
[1.944s] Level 1:colcon.colcon_core.package_identification:_identify(src/robo_realsense/launch) by extensions ['python_setup_py']
[1.944s] Level 1:colcon.colcon_core.package_identification:_identify(src/robo_realsense/launch) by extension 'python_setup_py'
[1.946s] Level 1:colcon.colcon_core.package_identification:_identify(src/robo_realsense/launch/__pycache__) by extensions ['ignore', 'ignore_ament_install']
[1.947s] Level 1:colcon.colcon_core.package_identification:_identify(src/robo_realsense/launch/__pycache__) by extension 'ignore'
[1.947s] Level 1:colcon.colcon_core.package_identification:_identify(src/robo_realsense/launch/__pycache__) by extension 'ignore_ament_install'
[1.948s] Level 1:colcon.colcon_core.package_identification:_identify(src/robo_realsense/launch/__pycache__) by extensions ['colcon_pkg']
[1.949s] Level 1:colcon.colcon_core.package_identification:_identify(src/robo_realsense/launch/__pycache__) by extension 'colcon_pkg'
[1.951s] Level 1:colcon.colcon_core.package_identification:_identify(src/robo_realsense/launch/__pycache__) by extensions ['colcon_meta']
[1.951s] Level 1:colcon.colcon_core.package_identification:_identify(src/robo_realsense/launch/__pycache__) by extension 'colcon_meta'
[1.953s] Level 1:colcon.colcon_core.package_identification:_identify(src/robo_realsense/launch/__pycache__) by extensions ['ros']
[1.954s] Level 1:colcon.colcon_core.package_identification:_identify(src/robo_realsense/launch/__pycache__) by extension 'ros'
[1.955s] Level 1:colcon.colcon_core.package_identification:_identify(src/robo_realsense/launch/__pycache__) by extensions ['cmake', 'python']
[1.960s] Level 1:colcon.colcon_core.package_identification:_identify(src/robo_realsense/launch/__pycache__) by extension 'cmake'
[1.961s] Level 1:colcon.colcon_core.package_identification:_identify(src/robo_realsense/launch/__pycache__) by extension 'python'
[1.961s] Level 1:colcon.colcon_core.package_identification:_identify(src/robo_realsense/launch/__pycache__) by extensions ['python_setup_py']
[1.962s] Level 1:colcon.colcon_core.package_identification:_identify(src/robo_realsense/launch/__pycache__) by extension 'python_setup_py'
[1.963s] Level 1:colcon.colcon_core.package_identification:_identify(src/robo_rover) by extensions ['ignore', 'ignore_ament_install']
[1.964s] Level 1:colcon.colcon_core.package_identification:_identify(src/robo_rover) by extension 'ignore'
[1.965s] Level 1:colcon.colcon_core.package_identification:_identify(src/robo_rover) by extension 'ignore_ament_install'
[1.966s] Level 1:colcon.colcon_core.package_identification:_identify(src/robo_rover) by extensions ['colcon_pkg']
[1.966s] Level 1:colcon.colcon_core.package_identification:_identify(src/robo_rover) by extension 'colcon_pkg'
[1.967s] Level 1:colcon.colcon_core.package_identification:_identify(src/robo_rover) by extensions ['colcon_meta']
[1.968s] Level 1:colcon.colcon_core.package_identification:_identify(src/robo_rover) by extension 'colcon_meta'
[1.969s] Level 1:colcon.colcon_core.package_identification:_identify(src/robo_rover) by extensions ['ros']
[1.969s] Level 1:colcon.colcon_core.package_identification:_identify(src/robo_rover) by extension 'ros'
[1.974s] DEBUG:colcon.colcon_core.package_identification:Package 'src/robo_rover' with type 'ros.ament_cmake' and name 'robo_rover'
[1.975s] Level 1:colcon.colcon_core.package_identification:_identify(src/rplidar_ros) by extensions ['ignore', 'ignore_ament_install']
[1.976s] Level 1:colcon.colcon_core.package_identification:_identify(src/rplidar_ros) by extension 'ignore'
[1.976s] Level 1:colcon.colcon_core.package_identification:_identify(src/rplidar_ros) by extension 'ignore_ament_install'
[1.977s] Level 1:colcon.colcon_core.package_identification:_identify(src/rplidar_ros) by extensions ['colcon_pkg']
[1.977s] Level 1:colcon.colcon_core.package_identification:_identify(src/rplidar_ros) by extension 'colcon_pkg'
[1.978s] Level 1:colcon.colcon_core.package_identification:_identify(src/rplidar_ros) by extensions ['colcon_meta']
[1.979s] Level 1:colcon.colcon_core.package_identification:_identify(src/rplidar_ros) by extension 'colcon_meta'
[1.979s] Level 1:colcon.colcon_core.package_identification:_identify(src/rplidar_ros) by extensions ['ros']
[1.979s] Level 1:colcon.colcon_core.package_identification:_identify(src/rplidar_ros) by extension 'ros'
[2.035s] DEBUG:colcon.colcon_core.package_identification:Package 'src/rplidar_ros' with type 'ros.ament_cmake' and name 'rplidar_ros'
[2.036s] Level 1:colcon.colcon_core.package_identification:_identify(src/sarina) by extensions ['ignore', 'ignore_ament_install']
[2.037s] Level 1:colcon.colcon_core.package_identification:_identify(src/sarina) by extension 'ignore'
[2.038s] Level 1:colcon.colcon_core.package_identification:_identify(src/sarina) by extension 'ignore_ament_install'
[2.038s] Level 1:colcon.colcon_core.package_identification:_identify(src/sarina) by extensions ['colcon_pkg']
[2.038s] Level 1:colcon.colcon_core.package_identification:_identify(src/sarina) by extension 'colcon_pkg'
[2.039s] Level 1:colcon.colcon_core.package_identification:_identify(src/sarina) by extensions ['colcon_meta']
[2.039s] Level 1:colcon.colcon_core.package_identification:_identify(src/sarina) by extension 'colcon_meta'
[2.039s] Level 1:colcon.colcon_core.package_identification:_identify(src/sarina) by extensions ['ros']
[2.040s] Level 1:colcon.colcon_core.package_identification:_identify(src/sarina) by extension 'ros'
[2.041s] Level 1:colcon.colcon_core.package_identification:_identify(src/sarina) by extensions ['cmake', 'python']
[2.041s] Level 1:colcon.colcon_core.package_identification:_identify(src/sarina) by extension 'cmake'
[2.042s] Level 1:colcon.colcon_core.package_identification:_identify(src/sarina) by extension 'python'
[2.042s] Level 1:colcon.colcon_core.package_identification:_identify(src/sarina) by extensions ['python_setup_py']
[2.043s] Level 1:colcon.colcon_core.package_identification:_identify(src/sarina) by extension 'python_setup_py'
[2.044s] Level 1:colcon.colcon_core.package_identification:_identify(src/stop_sign) by extensions ['ignore', 'ignore_ament_install']
[2.044s] Level 1:colcon.colcon_core.package_identification:_identify(src/stop_sign) by extension 'ignore'
[2.045s] Level 1:colcon.colcon_core.package_identification:_identify(src/stop_sign) by extension 'ignore_ament_install'
[2.045s] Level 1:colcon.colcon_core.package_identification:_identify(src/stop_sign) by extensions ['colcon_pkg']
[2.045s] Level 1:colcon.colcon_core.package_identification:_identify(src/stop_sign) by extension 'colcon_pkg'
[2.046s] Level 1:colcon.colcon_core.package_identification:_identify(src/stop_sign) by extensions ['colcon_meta']
[2.046s] Level 1:colcon.colcon_core.package_identification:_identify(src/stop_sign) by extension 'colcon_meta'
[2.046s] Level 1:colcon.colcon_core.package_identification:_identify(src/stop_sign) by extensions ['ros']
[2.047s] Level 1:colcon.colcon_core.package_identification:_identify(src/stop_sign) by extension 'ros'
[2.049s] DEBUG:colcon.colcon_core.package_identification:Failed to parse potential ROS package manifest in'src/stop_sign': Error(s) in package 'src/stop_sign/package.xml':
The manifest contains invalid XML:
syntax error: line 1, column 0
[2.050s] Level 1:colcon.colcon_core.package_identification:_identify(src/stop_sign) by extensions ['cmake', 'python']
[2.050s] Level 1:colcon.colcon_core.package_identification:_identify(src/stop_sign) by extension 'cmake'
[2.051s] Level 1:colcon.colcon_core.package_identification:_identify(src/stop_sign) by extension 'python'
[2.052s] DEBUG:colcon.colcon_core.package_identification:Python package in 'src/stop_sign' passes arguments to the setup() function which requires a different identification extension than 'python'
[2.053s] Level 1:colcon.colcon_core.package_identification:_identify(src/stop_sign) by extensions ['python_setup_py']
[2.053s] Level 1:colcon.colcon_core.package_identification:_identify(src/stop_sign) by extension 'python_setup_py'
[4.348s] ERROR:colcon.colcon_core.package_identification:Exception in package identification extension 'python_setup_py' in 'src/stop_sign': Command '['/usr/bin/python3', '-c', 'import sys;from contextlib import suppress;exec("with suppress(ImportError):    from setuptools.extern.packaging.specifiers    import SpecifierSet");exec("with suppress(ImportError):    from packaging.specifiers import SpecifierSet");from distutils.core import run_setup;dist = run_setup(    \'setup.py\', script_args=(\'--dry-run\',), stop_after=\'config\');skip_keys = (\'cmdclass\', \'distclass\', \'ext_modules\', \'metadata\');data = {    key: value for key, value in dist.__dict__.items()     if (        not key.startswith(\'_\') and         not callable(value) and         key not in skip_keys and         key not in dist.display_option_names    )};data[\'metadata\'] = {    k: v for k, v in dist.metadata.__dict__.items()     if k not in (\'license_files\', \'provides_extras\')};sys.stdout.buffer.write(repr(data).encode(\'utf-8\'))']' returned non-zero exit status 1.
Traceback (most recent call last):
  File "/usr/lib/python3/dist-packages/colcon_core/package_identification/__init__.py", line 144, in _identify
    retval = extension.identify(_reused_descriptor_instance)
  File "/usr/lib/python3/dist-packages/colcon_python_setup_py/package_identification/python_setup_py.py", line 48, in identify
    config = get_setup_information(setup_py)
  File "/usr/lib/python3/dist-packages/colcon_python_setup_py/package_identification/python_setup_py.py", line 249, in get_setup_information
    _setup_information_cache[hashable_env] = _get_setup_information(
  File "/usr/lib/python3/dist-packages/colcon_python_setup_py/package_identification/python_setup_py.py", line 296, in _get_setup_information
    result = subprocess.run(
  File "/usr/lib/python3.10/subprocess.py", line 526, in run
    raise CalledProcessError(retcode, process.args,
subprocess.CalledProcessError: Command '['/usr/bin/python3', '-c', 'import sys;from contextlib import suppress;exec("with suppress(ImportError):    from setuptools.extern.packaging.specifiers    import SpecifierSet");exec("with suppress(ImportError):    from packaging.specifiers import SpecifierSet");from distutils.core import run_setup;dist = run_setup(    \'setup.py\', script_args=(\'--dry-run\',), stop_after=\'config\');skip_keys = (\'cmdclass\', \'distclass\', \'ext_modules\', \'metadata\');data = {    key: value for key, value in dist.__dict__.items()     if (        not key.startswith(\'_\') and         not callable(value) and         key not in skip_keys and         key not in dist.display_option_names    )};data[\'metadata\'] = {    k: v for k, v in dist.metadata.__dict__.items()     if k not in (\'license_files\', \'provides_extras\')};sys.stdout.buffer.write(repr(data).encode(\'utf-8\'))']' returned non-zero exit status 1.

[4.350s] Level 1:colcon.colcon_core.package_identification:_identify(src/stop_sign/resource) by extensions ['ignore', 'ignore_ament_install']
[4.351s] Level 1:colcon.colcon_core.package_identification:_identify(src/stop_sign/resource) by extension 'ignore'
[4.352s] Level 1:colcon.colcon_core.package_identification:_identify(src/stop_sign/resource) by extension 'ignore_ament_install'
[4.353s] Level 1:colcon.colcon_core.package_identification:_identify(src/stop_sign/resource) by extensions ['colcon_pkg']
[4.354s] Level 1:colcon.colcon_core.package_identification:_identify(src/stop_sign/resource) by extension 'colcon_pkg'
[4.354s] Level 1:colcon.colcon_core.package_identification:_identify(src/stop_sign/resource) by extensions ['colcon_meta']
[4.354s] Level 1:colcon.colcon_core.package_identification:_identify(src/stop_sign/resource) by extension 'colcon_meta'
[4.355s] Level 1:colcon.colcon_core.package_identification:_identify(src/stop_sign/resource) by extensions ['ros']
[4.356s] Level 1:colcon.colcon_core.package_identification:_identify(src/stop_sign/resource) by extension 'ros'
[4.357s] Level 1:colcon.colcon_core.package_identification:_identify(src/stop_sign/resource) by extensions ['cmake', 'python']
[4.358s] Level 1:colcon.colcon_core.package_identification:_identify(src/stop_sign/resource) by extension 'cmake'
[4.358s] Level 1:colcon.colcon_core.package_identification:_identify(src/stop_sign/resource) by extension 'python'
[4.359s] Level 1:colcon.colcon_core.package_identification:_identify(src/stop_sign/resource) by extensions ['python_setup_py']
[4.360s] Level 1:colcon.colcon_core.package_identification:_identify(src/stop_sign/resource) by extension 'python_setup_py'
[4.362s] Level 1:colcon.colcon_core.package_identification:_identify(src/stop_sign/stop_sign_detect) by extensions ['ignore', 'ignore_ament_install']
[4.363s] Level 1:colcon.colcon_core.package_identification:_identify(src/stop_sign/stop_sign_detect) by extension 'ignore'
[4.364s] Level 1:colcon.colcon_core.package_identification:_identify(src/stop_sign/stop_sign_detect) by extension 'ignore_ament_install'
[4.364s] Level 1:colcon.colcon_core.package_identification:_identify(src/stop_sign/stop_sign_detect) by extensions ['colcon_pkg']
[4.365s] Level 1:colcon.colcon_core.package_identification:_identify(src/stop_sign/stop_sign_detect) by extension 'colcon_pkg'
[4.366s] Level 1:colcon.colcon_core.package_identification:_identify(src/stop_sign/stop_sign_detect) by extensions ['colcon_meta']
[4.366s] Level 1:colcon.colcon_core.package_identification:_identify(src/stop_sign/stop_sign_detect) by extension 'colcon_meta'
[4.367s] Level 1:colcon.colcon_core.package_identification:_identify(src/stop_sign/stop_sign_detect) by extensions ['ros']
[4.368s] Level 1:colcon.colcon_core.package_identification:_identify(src/stop_sign/stop_sign_detect) by extension 'ros'
[4.369s] Level 1:colcon.colcon_core.package_identification:_identify(src/stop_sign/stop_sign_detect) by extensions ['cmake', 'python']
[4.370s] Level 1:colcon.colcon_core.package_identification:_identify(src/stop_sign/stop_sign_detect) by extension 'cmake'
[4.371s] Level 1:colcon.colcon_core.package_identification:_identify(src/stop_sign/stop_sign_detect) by extension 'python'
[4.372s] Level 1:colcon.colcon_core.package_identification:_identify(src/stop_sign/stop_sign_detect) by extensions ['python_setup_py']
[4.372s] Level 1:colcon.colcon_core.package_identification:_identify(src/stop_sign/stop_sign_detect) by extension 'python_setup_py'
[4.374s] Level 1:colcon.colcon_core.package_identification:_identify(src/teleop_files) by extensions ['ignore', 'ignore_ament_install']
[4.375s] Level 1:colcon.colcon_core.package_identification:_identify(src/teleop_files) by extension 'ignore'
[4.376s] Level 1:colcon.colcon_core.package_identification:_identify(src/teleop_files) by extension 'ignore_ament_install'
[4.376s] Level 1:colcon.colcon_core.package_identification:_identify(src/teleop_files) by extensions ['colcon_pkg']
[4.377s] Level 1:colcon.colcon_core.package_identification:_identify(src/teleop_files) by extension 'colcon_pkg'
[4.378s] Level 1:colcon.colcon_core.package_identification:_identify(src/teleop_files) by extensions ['colcon_meta']
[4.378s] Level 1:colcon.colcon_core.package_identification:_identify(src/teleop_files) by extension 'colcon_meta'
[4.379s] Level 1:colcon.colcon_core.package_identification:_identify(src/teleop_files) by extensions ['ros']
[4.380s] Level 1:colcon.colcon_core.package_identification:_identify(src/teleop_files) by extension 'ros'
[4.380s] Level 1:colcon.colcon_core.package_identification:_identify(src/teleop_files) by extensions ['cmake', 'python']
[4.381s] Level 1:colcon.colcon_core.package_identification:_identify(src/teleop_files) by extension 'cmake'
[4.382s] Level 1:colcon.colcon_core.package_identification:_identify(src/teleop_files) by extension 'python'
[4.382s] Level 1:colcon.colcon_core.package_identification:_identify(src/teleop_files) by extensions ['python_setup_py']
[4.383s] Level 1:colcon.colcon_core.package_identification:_identify(src/teleop_files) by extension 'python_setup_py'
[4.384s] Level 1:colcon.colcon_core.package_identification:_identify(src/visualize_sensors) by extensions ['ignore', 'ignore_ament_install']
[4.385s] Level 1:colcon.colcon_core.package_identification:_identify(src/visualize_sensors) by extension 'ignore'
[4.385s] Level 1:colcon.colcon_core.package_identification:_identify(src/visualize_sensors) by extension 'ignore_ament_install'
[4.386s] Level 1:colcon.colcon_core.package_identification:_identify(src/visualize_sensors) by extensions ['colcon_pkg']
[4.386s] Level 1:colcon.colcon_core.package_identification:_identify(src/visualize_sensors) by extension 'colcon_pkg'
[4.387s] Level 1:colcon.colcon_core.package_identification:_identify(src/visualize_sensors) by extensions ['colcon_meta']
[4.387s] Level 1:colcon.colcon_core.package_identification:_identify(src/visualize_sensors) by extension 'colcon_meta'
[4.388s] Level 1:colcon.colcon_core.package_identification:_identify(src/visualize_sensors) by extensions ['ros']
[4.388s] Level 1:colcon.colcon_core.package_identification:_identify(src/visualize_sensors) by extension 'ros'
[4.391s] DEBUG:colcon.colcon_core.package_identification:Package 'src/visualize_sensors' with type 'ros.ament_python' and name 'visualize_sensors'
[4.392s] Level 1:colcon.colcon_core.package_discovery:discover_packages(recursive) using defaults
[4.392s] Level 1:colcon.colcon_core.package_discovery:discover_packages(ignore) discover
[4.393s] Level 1:colcon.colcon_core.package_discovery:discover_packages(ignore) using defaults
[4.393s] Level 1:colcon.colcon_core.package_discovery:discover_packages(path) discover
[4.393s] Level 1:colcon.colcon_core.package_discovery:discover_packages(path) using defaults
[4.394s] WARNING:colcon.colcon_core.package_selection:ignoring unknown package 'stop_sign' in --packages-select
[4.501s] INFO:colcon.colcon_core.package_selection:Skipping not selected package 'camera_navigation' in 'src/Camera_Navigation'
[4.501s] INFO:colcon.colcon_core.package_selection:Skipping not selected package 'custom_messages' in 'src/custom_messages'
[4.501s] INFO:colcon.colcon_core.package_selection:Skipping not selected package 'imu_pose_estimate' in 'src/imu_pose_estimate'
[4.502s] INFO:colcon.colcon_core.package_selection:Skipping not selected package 'landmark_slam' in 'src/landmark_slam'
[4.502s] INFO:colcon.colcon_core.package_selection:Skipping not selected package 'realsense_publisher' in 'src/realsense_publisher'
[4.502s] INFO:colcon.colcon_core.package_selection:Skipping not selected package 'rplidar_ros' in 'src/rplidar_ros'
[4.502s] INFO:colcon.colcon_core.package_selection:Skipping not selected package 'visualize_sensors' in 'src/visualize_sensors'
[4.502s] INFO:colcon.colcon_core.package_selection:Skipping not selected package 'obstacle_avoidance' in 'src/obstacle_avoidance'
[4.502s] INFO:colcon.colcon_core.package_selection:Skipping not selected package 'robo_rover' in 'src/robo_rover'
[4.503s] INFO:colcon.colcon_core.package_selection:Skipping not selected package 'amy_test' in 'src/amy_test'
[4.505s] Level 1:colcon.colcon_core.package_discovery:discover_packages(prefix_path) check parameters
[4.505s] Level 1:colcon.colcon_core.package_discovery:discover_packages(prefix_path) discover
[4.519s] DEBUG:colcon.colcon_installed_package_information.package_discovery:Found 10 installed packages in /home/copperbottoms/code/Copperbottoms/ros_ws/install
[4.530s] DEBUG:colcon.colcon_installed_package_information.package_discovery:Found 297 installed packages in /opt/ros/humble
[4.537s] Level 1:colcon.colcon_core.package_discovery:discover_packages(prefix_path) using defaults
[4.779s] INFO:colcon.colcon_core.executor:Executing jobs using 'parallel' executor
[4.785s] DEBUG:colcon.colcon_parallel_executor.executor.parallel:run_until_complete
[4.785s] DEBUG:colcon.colcon_parallel_executor.executor.parallel:closing loop
[4.786s] DEBUG:colcon.colcon_parallel_executor.executor.parallel:loop closed
[4.787s] DEBUG:colcon.colcon_parallel_executor.executor.parallel:run_until_complete finished with '0'
[4.787s] DEBUG:colcon.colcon_core.event_reactor:joining thread
[4.822s] INFO:colcon.colcon_core.plugin_system:Skipping extension 'colcon_notification.desktop_notification.terminal_notifier': Not used on non-Darwin systems
[4.823s] INFO:colcon.colcon_core.plugin_system:Skipping extension 'colcon_notification.desktop_notification.win32': Not used on non-Windows systems
[4.823s] INFO:colcon.colcon_notification.desktop_notification:Sending desktop notification using 'notify2'
[4.830s] DEBUG:colcon.colcon_notification.desktop_notification.notify2:Failed to initialize notify2: org.freedesktop.DBus.Error.ServiceUnknown: The name org.freedesktop.Notifications was not provided by any .service files
[4.830s] DEBUG:colcon.colcon_core.event_reactor:joined thread
[4.840s] INFO:colcon.colcon_core.plugin_system:Skipping extension 'colcon_core.shell.bat': Not used on non-Windows systems
[4.841s] INFO:colcon.colcon_core.shell:Creating prefix script '/home/copperbottoms/code/Copperbottoms/ros_ws/install/local_setup.ps1'
[4.845s] INFO:colcon.colcon_core.shell:Creating prefix util module '/home/copperbottoms/code/Copperbottoms/ros_ws/install/_local_setup_util_ps1.py'
[4.851s] INFO:colcon.colcon_core.shell:Creating prefix chain script '/home/copperbottoms/code/Copperbottoms/ros_ws/install/setup.ps1'
[4.858s] INFO:colcon.colcon_core.shell:Creating prefix script '/home/copperbottoms/code/Copperbottoms/ros_ws/install/local_setup.sh'
[4.862s] INFO:colcon.colcon_core.shell:Creating prefix util module '/home/copperbottoms/code/Copperbottoms/ros_ws/install/_local_setup_util_sh.py'
[4.865s] INFO:colcon.colcon_core.shell:Creating prefix chain script '/home/copperbottoms/code/Copperbottoms/ros_ws/install/setup.sh'
[4.874s] INFO:colcon.colcon_core.shell:Creating prefix script '/home/copperbottoms/code/Copperbottoms/ros_ws/install/local_setup.bash'
[4.877s] INFO:colcon.colcon_core.shell:Creating prefix chain script '/home/copperbottoms/code/Copperbottoms/ros_ws/install/setup.bash'
[4.885s] INFO:colcon.colcon_core.shell:Creating prefix script '/home/copperbottoms/code/Copperbottoms/ros_ws/install/local_setup.zsh'
[4.888s] INFO:colcon.colcon_core.shell:Creating prefix chain script '/home/copperbottoms/code/Copperbottoms/ros_ws/install/setup.zsh'
