[3.290s] Invoking command in '/home/copperbottoms/code/Copperbottoms/ros_ws/src/sensor_visualization': PYTHONPATH=/home/copperbottoms/code/Copperbottoms/ros_ws/build/sensor_visualization/prefix_override:/usr/lib/python3/dist-packages/colcon_core/task/python/colcon_distutils_commands:/home/copperbottoms/code/Copperbottoms/ros_ws/install/sensor_visualization/lib/python3.10/site-packages:${PYTHONPATH} /usr/bin/python3 -W ignore:setup.py install is deprecated -W ignore:easy_install command is deprecated setup.py egg_info --egg-base ../../build/sensor_visualization build --build-base /home/copperbottoms/code/Copperbottoms/ros_ws/build/sensor_visualization/build install --record /home/copperbottoms/code/Copperbottoms/ros_ws/build/sensor_visualization/install.log --single-version-externally-managed install_data
[4.688s] running egg_info
[4.691s] creating ../../build/sensor_visualization/sensor_visualization.egg-info
[4.692s] writing ../../build/sensor_visualization/sensor_visualization.egg-info/PKG-INFO
[4.693s] writing dependency_links to ../../build/sensor_visualization/sensor_visualization.egg-info/dependency_links.txt
[4.694s] writing entry points to ../../build/sensor_visualization/sensor_visualization.egg-info/entry_points.txt
[4.694s] writing requirements to ../../build/sensor_visualization/sensor_visualization.egg-info/requires.txt
[4.695s] writing top-level names to ../../build/sensor_visualization/sensor_visualization.egg-info/top_level.txt
[4.696s] writing manifest file '../../build/sensor_visualization/sensor_visualization.egg-info/SOURCES.txt'
[4.703s] reading manifest file '../../build/sensor_visualization/sensor_visualization.egg-info/SOURCES.txt'
[4.707s] writing manifest file '../../build/sensor_visualization/sensor_visualization.egg-info/SOURCES.txt'
[4.708s] running build
[4.709s] running build_py
[4.710s] creating /home/copperbottoms/code/Copperbottoms/ros_ws/build/sensor_visualization/build
[4.711s] creating /home/copperbottoms/code/Copperbottoms/ros_ws/build/sensor_visualization/build/lib
[4.712s] creating /home/copperbottoms/code/Copperbottoms/ros_ws/build/sensor_visualization/build/lib/sensor_visualization
[4.712s] copying sensor_visualization/__init__.py -> /home/copperbottoms/code/Copperbottoms/ros_ws/build/sensor_visualization/build/lib/sensor_visualization
[4.713s] copying sensor_visualization/sensor_visualization.py -> /home/copperbottoms/code/Copperbottoms/ros_ws/build/sensor_visualization/build/lib/sensor_visualization
[4.713s] running install
[4.714s] running install_lib
[4.717s] creating /home/copperbottoms/code/Copperbottoms/ros_ws/install/sensor_visualization/lib/python3.10/site-packages/sensor_visualization
[4.718s] copying /home/copperbottoms/code/Copperbottoms/ros_ws/build/sensor_visualization/build/lib/sensor_visualization/__init__.py -> /home/copperbottoms/code/Copperbottoms/ros_ws/install/sensor_visualization/lib/python3.10/site-packages/sensor_visualization
[4.718s] copying /home/copperbottoms/code/Copperbottoms/ros_ws/build/sensor_visualization/build/lib/sensor_visualization/sensor_visualization.py -> /home/copperbottoms/code/Copperbottoms/ros_ws/install/sensor_visualization/lib/python3.10/site-packages/sensor_visualization
[4.721s] byte-compiling /home/copperbottoms/code/Copperbottoms/ros_ws/install/sensor_visualization/lib/python3.10/site-packages/sensor_visualization/__init__.py to __init__.cpython-310.pyc
[4.722s] byte-compiling /home/copperbottoms/code/Copperbottoms/ros_ws/install/sensor_visualization/lib/python3.10/site-packages/sensor_visualization/sensor_visualization.py to sensor_visualization.cpython-310.pyc
[4.726s] running install_data
[4.727s] creating /home/copperbottoms/code/Copperbottoms/ros_ws/install/sensor_visualization/share
[4.728s] creating /home/copperbottoms/code/Copperbottoms/ros_ws/install/sensor_visualization/share/ament_index
[4.728s] creating /home/copperbottoms/code/Copperbottoms/ros_ws/install/sensor_visualization/share/ament_index/resource_index
[4.729s] creating /home/copperbottoms/code/Copperbottoms/ros_ws/install/sensor_visualization/share/ament_index/resource_index/packages
[4.729s] copying resource/sensor_visualization -> /home/copperbottoms/code/Copperbottoms/ros_ws/install/sensor_visualization/share/ament_index/resource_index/packages
[4.730s] creating /home/copperbottoms/code/Copperbottoms/ros_ws/install/sensor_visualization/share/sensor_visualization
[4.730s] copying package.xml -> /home/copperbottoms/code/Copperbottoms/ros_ws/install/sensor_visualization/share/sensor_visualization
[4.731s] running install_egg_info
[4.738s] Copying ../../build/sensor_visualization/sensor_visualization.egg-info to /home/copperbottoms/code/Copperbottoms/ros_ws/install/sensor_visualization/lib/python3.10/site-packages/sensor_visualization-0.0.1-py3.10.egg-info
[4.745s] running install_scripts
[4.828s] Installing sensor_visualization_node script to /home/copperbottoms/code/Copperbottoms/ros_ws/install/sensor_visualization/bin
[4.830s] writing list of installed files to '/home/copperbottoms/code/Copperbottoms/ros_ws/build/sensor_visualization/install.log'
[4.964s] Invoked command in '/home/copperbottoms/code/Copperbottoms/ros_ws/src/sensor_visualization' returned '0': PYTHONPATH=/home/copperbottoms/code/Copperbottoms/ros_ws/build/sensor_visualization/prefix_override:/usr/lib/python3/dist-packages/colcon_core/task/python/colcon_distutils_commands:/home/copperbottoms/code/Copperbottoms/ros_ws/install/sensor_visualization/lib/python3.10/site-packages:${PYTHONPATH} /usr/bin/python3 -W ignore:setup.py install is deprecated -W ignore:easy_install command is deprecated setup.py egg_info --egg-base ../../build/sensor_visualization build --build-base /home/copperbottoms/code/Copperbottoms/ros_ws/build/sensor_visualization/build install --record /home/copperbottoms/code/Copperbottoms/ros_ws/build/sensor_visualization/install.log --single-version-externally-managed install_data
