[0.078s] Invoking command in '/home/copperbottoms/code/Copperbottoms/ros_ws/build/robo_rover': CMAKE_PREFIX_PATH=/home/copperbottoms/code/Copperbottoms/ros_ws/install/custom_messages:/home/copperbottoms/code/Copperbottoms/ros_ws/install/rplidar_ros:/home/copperbottoms/code/Copperbottoms/ros_ws/install/robo_rover:/home/copperbottoms/code/Copperbottoms/ros_ws/install/realsense_publisher:/home/copperbottoms/code/Copperbottoms/ros_ws/install/obstacle_avoidance:/opt/ros/humble /usr/bin/cmake --build /home/copperbottoms/code/Copperbottoms/ros_ws/build/robo_rover -- -j4 -l4
[0.343s] Built target ament_cmake_python_symlink_robo_rover
[1.719s] running egg_info
[1.721s] writing robo_rover.egg-info/PKG-INFO
[1.723s] writing dependency_links to robo_rover.egg-info/dependency_links.txt
[1.724s] writing top-level names to robo_rover.egg-info/top_level.txt
[1.739s] reading manifest file 'robo_rover.egg-info/SOURCES.txt'
[1.741s] writing manifest file 'robo_rover.egg-info/SOURCES.txt'
[1.879s] Built target ament_cmake_python_build_robo_rover_egg
[1.920s] Invoked command in '/home/copperbottoms/code/Copperbottoms/ros_ws/build/robo_rover' returned '0': CMAKE_PREFIX_PATH=/home/copperbottoms/code/Copperbottoms/ros_ws/install/custom_messages:/home/copperbottoms/code/Copperbottoms/ros_ws/install/rplidar_ros:/home/copperbottoms/code/Copperbottoms/ros_ws/install/robo_rover:/home/copperbottoms/code/Copperbottoms/ros_ws/install/realsense_publisher:/home/copperbottoms/code/Copperbottoms/ros_ws/install/obstacle_avoidance:/opt/ros/humble /usr/bin/cmake --build /home/copperbottoms/code/Copperbottoms/ros_ws/build/robo_rover -- -j4 -l4
[1.961s] Invoking command in '/home/copperbottoms/code/Copperbottoms/ros_ws/build/robo_rover': CMAKE_PREFIX_PATH=/home/copperbottoms/code/Copperbottoms/ros_ws/install/custom_messages:/home/copperbottoms/code/Copperbottoms/ros_ws/install/rplidar_ros:/home/copperbottoms/code/Copperbottoms/ros_ws/install/robo_rover:/home/copperbottoms/code/Copperbottoms/ros_ws/install/realsense_publisher:/home/copperbottoms/code/Copperbottoms/ros_ws/install/obstacle_avoidance:/opt/ros/humble /usr/bin/cmake --install /home/copperbottoms/code/Copperbottoms/ros_ws/build/robo_rover
[1.990s] -- Install configuration: ""
[1.992s] -- Execute custom install script
[1.993s] -- Up-to-date symlink: /home/copperbottoms/code/Copperbottoms/ros_ws/install/robo_rover/share/robo_rover/environment/pythonpath.sh
[1.994s] -- Up-to-date symlink: /home/copperbottoms/code/Copperbottoms/ros_ws/install/robo_rover/share/robo_rover/environment/pythonpath.dsv
[1.997s] -- Up-to-date symlink: /home/copperbottoms/code/Copperbottoms/ros_ws/install/robo_rover/local/lib/python3.10/dist-packages/robo_rover-1.0.0-py3.10.egg-info/PKG-INFO
[1.998s] -- Up-to-date symlink: /home/copperbottoms/code/Copperbottoms/ros_ws/install/robo_rover/local/lib/python3.10/dist-packages/robo_rover-1.0.0-py3.10.egg-info/SOURCES.txt
[1.999s] -- Up-to-date symlink: /home/copperbottoms/code/Copperbottoms/ros_ws/install/robo_rover/local/lib/python3.10/dist-packages/robo_rover-1.0.0-py3.10.egg-info/dependency_links.txt
[2.000s] -- Up-to-date symlink: /home/copperbottoms/code/Copperbottoms/ros_ws/install/robo_rover/local/lib/python3.10/dist-packages/robo_rover-1.0.0-py3.10.egg-info/top_level.txt
[2.003s] -- Up-to-date symlink: /home/copperbottoms/code/Copperbottoms/ros_ws/install/robo_rover/local/lib/python3.10/dist-packages/robo_rover/__init__.py
[2.003s] -- Up-to-date symlink: /home/copperbottoms/code/Copperbottoms/ros_ws/install/robo_rover/local/lib/python3.10/dist-packages/robo_rover/rover_node.py
[2.005s] -- Up-to-date symlink: /home/copperbottoms/code/Copperbottoms/ros_ws/install/robo_rover/share/robo_rover/launch/rover_launch.py
[2.007s] -- Up-to-date symlink: /home/copperbottoms/code/Copperbottoms/ros_ws/install/robo_rover/share/ament_index/resource_index/package_run_dependencies/robo_rover
[2.008s] -- Up-to-date symlink: /home/copperbottoms/code/Copperbottoms/ros_ws/install/robo_rover/share/ament_index/resource_index/parent_prefix_path/robo_rover
[2.009s] -- Up-to-date symlink: /home/copperbottoms/code/Copperbottoms/ros_ws/install/robo_rover/share/robo_rover/environment/ament_prefix_path.sh
[2.010s] -- Up-to-date symlink: /home/copperbottoms/code/Copperbottoms/ros_ws/install/robo_rover/share/robo_rover/environment/ament_prefix_path.dsv
[2.011s] -- Up-to-date symlink: /home/copperbottoms/code/Copperbottoms/ros_ws/install/robo_rover/share/robo_rover/environment/path.sh
[2.013s] -- Up-to-date symlink: /home/copperbottoms/code/Copperbottoms/ros_ws/install/robo_rover/share/robo_rover/environment/path.dsv
[2.014s] -- Up-to-date symlink: /home/copperbottoms/code/Copperbottoms/ros_ws/install/robo_rover/share/robo_rover/local_setup.bash
[2.015s] -- Up-to-date symlink: /home/copperbottoms/code/Copperbottoms/ros_ws/install/robo_rover/share/robo_rover/local_setup.sh
[2.016s] -- Up-to-date symlink: /home/copperbottoms/code/Copperbottoms/ros_ws/install/robo_rover/share/robo_rover/local_setup.zsh
[2.017s] -- Up-to-date symlink: /home/copperbottoms/code/Copperbottoms/ros_ws/install/robo_rover/share/robo_rover/local_setup.dsv
[2.018s] -- Symlinking: /home/copperbottoms/code/Copperbottoms/ros_ws/install/robo_rover/share/robo_rover/package.dsv
[2.054s] -- Up-to-date symlink: /home/copperbottoms/code/Copperbottoms/ros_ws/install/robo_rover/share/ament_index/resource_index/packages/robo_rover
[2.055s] -- Up-to-date symlink: /home/copperbottoms/code/Copperbottoms/ros_ws/install/robo_rover/share/robo_rover/cmake/robo_roverConfig.cmake
[2.056s] -- Up-to-date symlink: /home/copperbottoms/code/Copperbottoms/ros_ws/install/robo_rover/share/robo_rover/cmake/robo_roverConfig-version.cmake
[2.057s] -- Up-to-date symlink: /home/copperbottoms/code/Copperbottoms/ros_ws/install/robo_rover/share/robo_rover/package.xml
[2.220s] Listing '/home/copperbottoms/code/Copperbottoms/ros_ws/install/robo_rover/local/lib/python3.10/dist-packages/robo_rover'...
[2.243s] -- Up-to-date: /home/copperbottoms/code/Copperbottoms/ros_ws/install/robo_rover/lib/robo_rover/rover_node
[2.250s] Invoked command in '/home/copperbottoms/code/Copperbottoms/ros_ws/build/robo_rover' returned '0': CMAKE_PREFIX_PATH=/home/copperbottoms/code/Copperbottoms/ros_ws/install/custom_messages:/home/copperbottoms/code/Copperbottoms/ros_ws/install/rplidar_ros:/home/copperbottoms/code/Copperbottoms/ros_ws/install/robo_rover:/home/copperbottoms/code/Copperbottoms/ros_ws/install/realsense_publisher:/home/copperbottoms/code/Copperbottoms/ros_ws/install/obstacle_avoidance:/opt/ros/humble /usr/bin/cmake --install /home/copperbottoms/code/Copperbottoms/ros_ws/build/robo_rover
