[0.117s] Invoking command in '/home/copperbottoms/code/Copperbottoms/ros_ws/build/robo_rover': CMAKE_PREFIX_PATH=/home/copperbottoms/code/Copperbottoms/ros_ws/install/custom_messages:/home/copperbottoms/code/Copperbottoms/ros_ws/install/rplidar_ros:/home/copperbottoms/code/Copperbottoms/ros_ws/install/amy_test:/home/copperbottoms/code/Copperbottoms/ros_ws/install/robo_rover:/home/copperbottoms/code/Copperbottoms/ros_ws/install/visualize_sensors:/home/copperbottoms/code/Copperbottoms/ros_ws/install/realsense_publisher:/home/copperbottoms/code/Copperbottoms/ros_ws/install/obstacle_avoidance:/home/copperbottoms/code/Copperbottoms/ros_ws/install/landmark_slam:/home/copperbottoms/code/Copperbottoms/ros_ws/install/imu_pose_estimate:/home/copperbottoms/code/Copperbottoms/ros_ws/install/camera_navigation:/opt/ros/humble LD_LIBRARY_PATH=/home/copperbottoms/code/Copperbottoms/ros_ws/install/custom_messages/lib:/home/copperbottoms/code/Copperbottoms/ros_ws/install/amy_test/lib:/opt/ros/humble/opt/rviz_ogre_vendor/lib:/opt/ros/humble/lib/aarch64-linux-gnu:/opt/ros/humble/lib /usr/bin/cmake /home/copperbottoms/code/Copperbottoms/ros_ws/src/robo_rover -DCMAKE_INSTALL_PREFIX=/home/copperbottoms/code/Copperbottoms/ros_ws/install/robo_rover
[0.680s] -- The C compiler identification is GNU 11.4.0
[1.156s] -- The CXX compiler identification is GNU 11.4.0
[1.205s] -- Detecting C compiler ABI info
[1.883s] -- Detecting C compiler ABI info - done
[1.924s] -- Check for working C compiler: /usr/bin/cc - skipped
[1.926s] -- Detecting C compile features
[1.928s] -- Detecting C compile features - done
[1.957s] -- Detecting CXX compiler ABI info
[2.692s] -- Detecting CXX compiler ABI info - done
[2.779s] -- Check for working CXX compiler: /usr/bin/c++ - skipped
[2.782s] -- Detecting CXX compile features
[2.783s] -- Detecting CXX compile features - done
[2.868s] -- Found ament_cmake: 1.3.12 (/opt/ros/humble/share/ament_cmake/cmake)
[4.410s] -- Found Python3: /usr/bin/python3 (found version "3.10.12") found components: Interpreter 
[5.651s] -- Found rclpy: 3.3.19 (/opt/ros/humble/share/rclpy/cmake)
[5.699s] -- Found std_msgs: 4.9.0 (/opt/ros/humble/share/std_msgs/cmake)
[6.303s] -- Found rosidl_generator_c: 3.1.8 (/opt/ros/humble/share/rosidl_generator_c/cmake)
[6.406s] -- Found rosidl_adapter: 3.1.8 (/opt/ros/humble/share/rosidl_adapter/cmake)
[6.557s] -- Found rosidl_generator_cpp: 3.1.8 (/opt/ros/humble/share/rosidl_generator_cpp/cmake)
[6.764s] -- Using all available rosidl_typesupport_c: rosidl_typesupport_fastrtps_c;rosidl_typesupport_introspection_c
[7.028s] -- Using all available rosidl_typesupport_cpp: rosidl_typesupport_fastrtps_cpp;rosidl_typesupport_introspection_cpp
[7.375s] -- Found geometry_msgs: 4.9.0 (/opt/ros/humble/share/geometry_msgs/cmake)
[7.527s] -- Found sensor_msgs: 4.9.0 (/opt/ros/humble/share/sensor_msgs/cmake)
[8.528s] -- Found ament_lint_auto: 0.12.14 (/opt/ros/humble/share/ament_lint_auto/cmake)
[9.684s] -- Added test 'copyright' to check source files copyright and LICENSE
[9.715s] -- Added test 'flake8' to check Python code syntax and style conventions
[9.722s] -- Added test 'lint_cmake' to check CMake code style
[9.728s] -- Added test 'pep257' to check Python code against some of the docstring style conventions in PEP 257
[9.751s] -- Added test 'xmllint' to check XML markup files
[9.765s] -- Configuring done
[9.827s] -- Generating done
[9.878s] -- Build files have been written to: /home/copperbottoms/code/Copperbottoms/ros_ws/build/robo_rover
[10.009s] Invoked command in '/home/copperbottoms/code/Copperbottoms/ros_ws/build/robo_rover' returned '0': CMAKE_PREFIX_PATH=/home/copperbottoms/code/Copperbottoms/ros_ws/install/custom_messages:/home/copperbottoms/code/Copperbottoms/ros_ws/install/rplidar_ros:/home/copperbottoms/code/Copperbottoms/ros_ws/install/amy_test:/home/copperbottoms/code/Copperbottoms/ros_ws/install/robo_rover:/home/copperbottoms/code/Copperbottoms/ros_ws/install/visualize_sensors:/home/copperbottoms/code/Copperbottoms/ros_ws/install/realsense_publisher:/home/copperbottoms/code/Copperbottoms/ros_ws/install/obstacle_avoidance:/home/copperbottoms/code/Copperbottoms/ros_ws/install/landmark_slam:/home/copperbottoms/code/Copperbottoms/ros_ws/install/imu_pose_estimate:/home/copperbottoms/code/Copperbottoms/ros_ws/install/camera_navigation:/opt/ros/humble LD_LIBRARY_PATH=/home/copperbottoms/code/Copperbottoms/ros_ws/install/custom_messages/lib:/home/copperbottoms/code/Copperbottoms/ros_ws/install/amy_test/lib:/opt/ros/humble/opt/rviz_ogre_vendor/lib:/opt/ros/humble/lib/aarch64-linux-gnu:/opt/ros/humble/lib /usr/bin/cmake /home/copperbottoms/code/Copperbottoms/ros_ws/src/robo_rover -DCMAKE_INSTALL_PREFIX=/home/copperbottoms/code/Copperbottoms/ros_ws/install/robo_rover
[10.039s] Invoking command in '/home/copperbottoms/code/Copperbottoms/ros_ws/build/robo_rover': CMAKE_PREFIX_PATH=/home/copperbottoms/code/Copperbottoms/ros_ws/install/custom_messages:/home/copperbottoms/code/Copperbottoms/ros_ws/install/rplidar_ros:/home/copperbottoms/code/Copperbottoms/ros_ws/install/amy_test:/home/copperbottoms/code/Copperbottoms/ros_ws/install/robo_rover:/home/copperbottoms/code/Copperbottoms/ros_ws/install/visualize_sensors:/home/copperbottoms/code/Copperbottoms/ros_ws/install/realsense_publisher:/home/copperbottoms/code/Copperbottoms/ros_ws/install/obstacle_avoidance:/home/copperbottoms/code/Copperbottoms/ros_ws/install/landmark_slam:/home/copperbottoms/code/Copperbottoms/ros_ws/install/imu_pose_estimate:/home/copperbottoms/code/Copperbottoms/ros_ws/install/camera_navigation:/opt/ros/humble LD_LIBRARY_PATH=/home/copperbottoms/code/Copperbottoms/ros_ws/install/custom_messages/lib:/home/copperbottoms/code/Copperbottoms/ros_ws/install/amy_test/lib:/opt/ros/humble/opt/rviz_ogre_vendor/lib:/opt/ros/humble/lib/aarch64-linux-gnu:/opt/ros/humble/lib /usr/bin/cmake --build /home/copperbottoms/code/Copperbottoms/ros_ws/build/robo_rover -- -j4 -l4
[10.379s] Built target ament_cmake_python_copy_robo_rover
[12.532s] running egg_info
[12.538s] creating robo_rover.egg-info
[12.542s] writing robo_rover.egg-info/PKG-INFO
[12.544s] writing dependency_links to robo_rover.egg-info/dependency_links.txt
[12.547s] writing top-level names to robo_rover.egg-info/top_level.txt
[12.550s] writing manifest file 'robo_rover.egg-info/SOURCES.txt'
[12.570s] reading manifest file 'robo_rover.egg-info/SOURCES.txt'
[12.591s] writing manifest file 'robo_rover.egg-info/SOURCES.txt'
[12.823s] Built target ament_cmake_python_build_robo_rover_egg
[12.911s] Invoked command in '/home/copperbottoms/code/Copperbottoms/ros_ws/build/robo_rover' returned '0': CMAKE_PREFIX_PATH=/home/copperbottoms/code/Copperbottoms/ros_ws/install/custom_messages:/home/copperbottoms/code/Copperbottoms/ros_ws/install/rplidar_ros:/home/copperbottoms/code/Copperbottoms/ros_ws/install/amy_test:/home/copperbottoms/code/Copperbottoms/ros_ws/install/robo_rover:/home/copperbottoms/code/Copperbottoms/ros_ws/install/visualize_sensors:/home/copperbottoms/code/Copperbottoms/ros_ws/install/realsense_publisher:/home/copperbottoms/code/Copperbottoms/ros_ws/install/obstacle_avoidance:/home/copperbottoms/code/Copperbottoms/ros_ws/install/landmark_slam:/home/copperbottoms/code/Copperbottoms/ros_ws/install/imu_pose_estimate:/home/copperbottoms/code/Copperbottoms/ros_ws/install/camera_navigation:/opt/ros/humble LD_LIBRARY_PATH=/home/copperbottoms/code/Copperbottoms/ros_ws/install/custom_messages/lib:/home/copperbottoms/code/Copperbottoms/ros_ws/install/amy_test/lib:/opt/ros/humble/opt/rviz_ogre_vendor/lib:/opt/ros/humble/lib/aarch64-linux-gnu:/opt/ros/humble/lib /usr/bin/cmake --build /home/copperbottoms/code/Copperbottoms/ros_ws/build/robo_rover -- -j4 -l4
[12.918s] Invoking command in '/home/copperbottoms/code/Copperbottoms/ros_ws/build/robo_rover': CMAKE_PREFIX_PATH=/home/copperbottoms/code/Copperbottoms/ros_ws/install/custom_messages:/home/copperbottoms/code/Copperbottoms/ros_ws/install/rplidar_ros:/home/copperbottoms/code/Copperbottoms/ros_ws/install/amy_test:/home/copperbottoms/code/Copperbottoms/ros_ws/install/robo_rover:/home/copperbottoms/code/Copperbottoms/ros_ws/install/visualize_sensors:/home/copperbottoms/code/Copperbottoms/ros_ws/install/realsense_publisher:/home/copperbottoms/code/Copperbottoms/ros_ws/install/obstacle_avoidance:/home/copperbottoms/code/Copperbottoms/ros_ws/install/landmark_slam:/home/copperbottoms/code/Copperbottoms/ros_ws/install/imu_pose_estimate:/home/copperbottoms/code/Copperbottoms/ros_ws/install/camera_navigation:/opt/ros/humble LD_LIBRARY_PATH=/home/copperbottoms/code/Copperbottoms/ros_ws/install/custom_messages/lib:/home/copperbottoms/code/Copperbottoms/ros_ws/install/amy_test/lib:/opt/ros/humble/opt/rviz_ogre_vendor/lib:/opt/ros/humble/lib/aarch64-linux-gnu:/opt/ros/humble/lib /usr/bin/cmake --install /home/copperbottoms/code/Copperbottoms/ros_ws/build/robo_rover
[12.957s] -- Install configuration: ""
[12.957s] -- Installing: /home/copperbottoms/code/Copperbottoms/ros_ws/install/robo_rover/share/robo_rover/environment/pythonpath.sh
[12.960s] -- Installing: /home/copperbottoms/code/Copperbottoms/ros_ws/install/robo_rover/share/robo_rover/environment/pythonpath.dsv
[12.963s] -- Installing: /home/copperbottoms/code/Copperbottoms/ros_ws/install/robo_rover/local/lib/python3.10/dist-packages/robo_rover-1.0.0-py3.10.egg-info
[12.967s] -- Installing: /home/copperbottoms/code/Copperbottoms/ros_ws/install/robo_rover/local/lib/python3.10/dist-packages/robo_rover-1.0.0-py3.10.egg-info/PKG-INFO
[12.969s] -- Installing: /home/copperbottoms/code/Copperbottoms/ros_ws/install/robo_rover/local/lib/python3.10/dist-packages/robo_rover-1.0.0-py3.10.egg-info/top_level.txt
[12.971s] -- Installing: /home/copperbottoms/code/Copperbottoms/ros_ws/install/robo_rover/local/lib/python3.10/dist-packages/robo_rover-1.0.0-py3.10.egg-info/dependency_links.txt
[12.972s] -- Installing: /home/copperbottoms/code/Copperbottoms/ros_ws/install/robo_rover/local/lib/python3.10/dist-packages/robo_rover-1.0.0-py3.10.egg-info/SOURCES.txt
[12.974s] -- Installing: /home/copperbottoms/code/Copperbottoms/ros_ws/install/robo_rover/local/lib/python3.10/dist-packages/robo_rover
[12.975s] -- Installing: /home/copperbottoms/code/Copperbottoms/ros_ws/install/robo_rover/local/lib/python3.10/dist-packages/robo_rover/__init__.py
[12.976s] -- Installing: /home/copperbottoms/code/Copperbottoms/ros_ws/install/robo_rover/local/lib/python3.10/dist-packages/robo_rover/rover_node.py
[13.265s] Listing '/home/copperbottoms/code/Copperbottoms/ros_ws/install/robo_rover/local/lib/python3.10/dist-packages/robo_rover'...
[13.267s] Compiling '/home/copperbottoms/code/Copperbottoms/ros_ws/install/robo_rover/local/lib/python3.10/dist-packages/robo_rover/__init__.py'...
[13.268s] Compiling '/home/copperbottoms/code/Copperbottoms/ros_ws/install/robo_rover/local/lib/python3.10/dist-packages/robo_rover/rover_node.py'...
[13.306s] -- Installing: /home/copperbottoms/code/Copperbottoms/ros_ws/install/robo_rover/lib/robo_rover/rover_node
[13.307s] -- Installing: /home/copperbottoms/code/Copperbottoms/ros_ws/install/robo_rover/share/robo_rover/launch
[13.308s] -- Installing: /home/copperbottoms/code/Copperbottoms/ros_ws/install/robo_rover/share/robo_rover/launch/rover_launch.py
[13.312s] -- Installing: /home/copperbottoms/code/Copperbottoms/ros_ws/install/robo_rover/share/ament_index/resource_index/package_run_dependencies/robo_rover
[13.318s] -- Installing: /home/copperbottoms/code/Copperbottoms/ros_ws/install/robo_rover/share/ament_index/resource_index/parent_prefix_path/robo_rover
[13.320s] -- Installing: /home/copperbottoms/code/Copperbottoms/ros_ws/install/robo_rover/share/robo_rover/environment/ament_prefix_path.sh
[13.321s] -- Installing: /home/copperbottoms/code/Copperbottoms/ros_ws/install/robo_rover/share/robo_rover/environment/ament_prefix_path.dsv
[13.323s] -- Installing: /home/copperbottoms/code/Copperbottoms/ros_ws/install/robo_rover/share/robo_rover/environment/path.sh
[13.325s] -- Installing: /home/copperbottoms/code/Copperbottoms/ros_ws/install/robo_rover/share/robo_rover/environment/path.dsv
[13.326s] -- Installing: /home/copperbottoms/code/Copperbottoms/ros_ws/install/robo_rover/share/robo_rover/local_setup.bash
[13.328s] -- Installing: /home/copperbottoms/code/Copperbottoms/ros_ws/install/robo_rover/share/robo_rover/local_setup.sh
[13.329s] -- Installing: /home/copperbottoms/code/Copperbottoms/ros_ws/install/robo_rover/share/robo_rover/local_setup.zsh
[13.332s] -- Installing: /home/copperbottoms/code/Copperbottoms/ros_ws/install/robo_rover/share/robo_rover/local_setup.dsv
[13.361s] -- Installing: /home/copperbottoms/code/Copperbottoms/ros_ws/install/robo_rover/share/robo_rover/package.dsv
[13.362s] -- Installing: /home/copperbottoms/code/Copperbottoms/ros_ws/install/robo_rover/share/ament_index/resource_index/packages/robo_rover
[13.363s] -- Installing: /home/copperbottoms/code/Copperbottoms/ros_ws/install/robo_rover/share/robo_rover/cmake/robo_roverConfig.cmake
[13.364s] -- Installing: /home/copperbottoms/code/Copperbottoms/ros_ws/install/robo_rover/share/robo_rover/cmake/robo_roverConfig-version.cmake
[13.365s] -- Installing: /home/copperbottoms/code/Copperbottoms/ros_ws/install/robo_rover/share/robo_rover/package.xml
[13.381s] Invoked command in '/home/copperbottoms/code/Copperbottoms/ros_ws/build/robo_rover' returned '0': CMAKE_PREFIX_PATH=/home/copperbottoms/code/Copperbottoms/ros_ws/install/custom_messages:/home/copperbottoms/code/Copperbottoms/ros_ws/install/rplidar_ros:/home/copperbottoms/code/Copperbottoms/ros_ws/install/amy_test:/home/copperbottoms/code/Copperbottoms/ros_ws/install/robo_rover:/home/copperbottoms/code/Copperbottoms/ros_ws/install/visualize_sensors:/home/copperbottoms/code/Copperbottoms/ros_ws/install/realsense_publisher:/home/copperbottoms/code/Copperbottoms/ros_ws/install/obstacle_avoidance:/home/copperbottoms/code/Copperbottoms/ros_ws/install/landmark_slam:/home/copperbottoms/code/Copperbottoms/ros_ws/install/imu_pose_estimate:/home/copperbottoms/code/Copperbottoms/ros_ws/install/camera_navigation:/opt/ros/humble LD_LIBRARY_PATH=/home/copperbottoms/code/Copperbottoms/ros_ws/install/custom_messages/lib:/home/copperbottoms/code/Copperbottoms/ros_ws/install/amy_test/lib:/opt/ros/humble/opt/rviz_ogre_vendor/lib:/opt/ros/humble/lib/aarch64-linux-gnu:/opt/ros/humble/lib /usr/bin/cmake --install /home/copperbottoms/code/Copperbottoms/ros_ws/build/robo_rover
