[0.047s] Invoking command in '/home/copperbottoms/code/Copperbottoms/ros_ws/src/build/custom_messages': /usr/bin/cmake /home/copperbottoms/code/Copperbottoms/ros_ws/src/custom_messages -DCMAKE_INSTALL_PREFIX=/home/copperbottoms/code/Copperbottoms/ros_ws/src/install/custom_messages
[1.037s] -- The C compiler identification is GNU 11.4.0
[1.816s] -- The CXX compiler identification is GNU 11.4.0
[1.869s] -- Detecting C compiler ABI info
[2.322s] -- Detecting C compiler ABI info - done
[2.357s] -- Check for working C compiler: /usr/bin/cc - skipped
[2.361s] -- Detecting C compile features
[2.365s] -- Detecting C compile features - done
[2.391s] -- Detecting CXX compiler ABI info
[2.833s] -- Detecting CXX compiler ABI info - done
[2.862s] -- Check for working CXX compiler: /usr/bin/c++ - skipped
[2.863s] -- Detecting CXX compile features
[2.865s] -- Detecting CXX compile features - done
[2.917s] -- Found ament_cmake: 1.3.12 (/opt/ros/humble/share/ament_cmake/cmake)
[3.748s] -- Found Python3: /usr/bin/python3 (found version "3.10.12") found components: Interpreter 
[4.522s] -- Found rosidl_default_generators: 1.2.0 (/opt/ros/humble/share/rosidl_default_generators/cmake)
[4.566s] -- Using all available rosidl_typesupport_c: rosidl_typesupport_fastrtps_c;rosidl_typesupport_introspection_c
[4.669s] -- Found rosidl_adapter: 3.1.8 (/opt/ros/humble/share/rosidl_adapter/cmake)
[5.152s] -- Using all available rosidl_typesupport_cpp: rosidl_typesupport_fastrtps_cpp;rosidl_typesupport_introspection_cpp
[6.461s] [31mCMake Error at /opt/ros/humble/share/rosidl_adapter/cmake/rosidl_adapt_interfaces.cmake:59 (message):
[6.461s]   execute_process(/usr/bin/python3 -m rosidl_adapter --package-name
[6.462s]   custom_messages --arguments-file
[6.462s]   /home/copperbottoms/code/Copperbottoms/ros_ws/src/build/custom_messages/rosidl_adapter__arguments__custom_messages.json
[6.462s]   --output-dir
[6.463s]   /home/copperbottoms/code/Copperbottoms/ros_ws/src/build/custom_messages/rosidl_adapter/custom_messages
[6.463s]   --output-file
[6.463s]   /home/copperbottoms/code/Copperbottoms/ros_ws/src/build/custom_messages/rosidl_adapter/custom_messages.idls)
[6.464s]   returned error code 1:
[6.464s] 
[6.465s]   Error processing 'float32 SlowCmdVel' of 'custom_messages/slow':
[6.465s]   ''SlowCmdVel' is an invalid field name.  It should have the pattern
[6.465s]   '^(?!.*__)(?!.*_$)[a-z][a-z0-9_]*$''
[6.466s] 
[6.466s]   Traceback (most recent call last):
[6.467s] 
[6.467s]     File "/usr/lib/python3.10/runpy.py", line 196, in _run_module_as_main
[6.467s]       return _run_code(code, main_globals, None,
[6.468s]     File "/usr/lib/python3.10/runpy.py", line 86, in _run_code
[6.468s]       exec(code, run_globals)
[6.469s]     File "/opt/ros/humble/local/lib/python3.10/dist-packages/rosidl_adapter/__main__.py", line 19, in <module>
[6.469s]       sys.exit(main())
[6.470s]     File "/opt/ros/humble/local/lib/python3.10/dist-packages/rosidl_adapter/main.py", line 53, in main
[6.470s]       abs_idl_file = convert_to_idl(
[6.471s]     File "/opt/ros/humble/local/lib/python3.10/dist-packages/rosidl_adapter/__init__.py", line 19, in convert_to_idl
[6.471s]       return convert_msg_to_idl(
[6.472s]     File "/opt/ros/humble/local/lib/python3.10/dist-packages/rosidl_adapter/msg/__init__.py", line 28, in convert_msg_to_idl
[6.473s]       msg = parse_message_string(package_name, input_file.stem, content)
[6.473s]     File "/opt/ros/humble/local/lib/python3.10/dist-packages/rosidl_adapter/parser.py", line 519, in parse_message_string
[6.474s]       fields.append(Field(
[6.475s]     File "/opt/ros/humble/local/lib/python3.10/dist-packages/rosidl_adapter/parser.py", line 354, in __init__
[6.476s]       raise NameError(
[6.476s] 
[6.476s]   NameError: 'SlowCmdVel' is an invalid field name.  It should have the
[6.477s]   pattern '^(?!.*__)(?!.*_$)[a-z][a-z0-9_]*$'
[6.477s] 
[6.477s] Call Stack (most recent call first):
[6.478s]   /opt/ros/humble/share/rosidl_cmake/cmake/rosidl_generate_interfaces.cmake:130 (rosidl_adapt_interfaces)
[6.478s]   CMakeLists.txt:15 (rosidl_generate_interfaces)
[6.479s] 
[6.479s] [0m
[6.480s] -- Configuring incomplete, errors occurred!
[6.481s] See also "/home/copperbottoms/code/Copperbottoms/ros_ws/src/build/custom_messages/CMakeFiles/CMakeOutput.log".
[6.483s] Invoked command in '/home/copperbottoms/code/Copperbottoms/ros_ws/src/build/custom_messages' returned '1': /usr/bin/cmake /home/copperbottoms/code/Copperbottoms/ros_ws/src/custom_messages -DCMAKE_INSTALL_PREFIX=/home/copperbottoms/code/Copperbottoms/ros_ws/src/install/custom_messages
