[0.061s] Invoking command in '/home/copperbottoms/code/Copperbottoms/ros_ws/build/rplidar_ros': CMAKE_PREFIX_PATH=${CMAKE_PREFIX_PATH}:/home/copperbottoms/code/Copperbottoms/ros_ws/install/realsense_publisher:/home/copperbottoms/code/Copperbottoms/ros_ws/install/obstacle_avoidance:/home/copperbottoms/code/Copperbottoms/ros_ws/install/landmark_slam:/home/copperbottoms/code/Copperbottoms/ros_ws/install/camera_navigation:/opt/ros/humble /usr/bin/cmake --build /home/copperbottoms/code/Copperbottoms/ros_ws/build/rplidar_ros -- -j4 -l4
[0.580s] [ 47%] Built target rplidar_node
[0.585s] [ 52%] Built target rplidar_client
[0.639s] [100%] Built target rplidar_composition
[0.736s] Invoked command in '/home/copperbottoms/code/Copperbottoms/ros_ws/build/rplidar_ros' returned '0': CMAKE_PREFIX_PATH=${CMAKE_PREFIX_PATH}:/home/copperbottoms/code/Copperbottoms/ros_ws/install/realsense_publisher:/home/copperbottoms/code/Copperbottoms/ros_ws/install/obstacle_avoidance:/home/copperbottoms/code/Copperbottoms/ros_ws/install/landmark_slam:/home/copperbottoms/code/Copperbottoms/ros_ws/install/camera_navigation:/opt/ros/humble /usr/bin/cmake --build /home/copperbottoms/code/Copperbottoms/ros_ws/build/rplidar_ros -- -j4 -l4
[0.738s] Invoking command in '/home/copperbottoms/code/Copperbottoms/ros_ws/build/rplidar_ros': CMAKE_PREFIX_PATH=${CMAKE_PREFIX_PATH}:/home/copperbottoms/code/Copperbottoms/ros_ws/install/realsense_publisher:/home/copperbottoms/code/Copperbottoms/ros_ws/install/obstacle_avoidance:/home/copperbottoms/code/Copperbottoms/ros_ws/install/landmark_slam:/home/copperbottoms/code/Copperbottoms/ros_ws/install/camera_navigation:/opt/ros/humble /usr/bin/cmake --install /home/copperbottoms/code/Copperbottoms/ros_ws/build/rplidar_ros
[0.797s] -- Install configuration: ""
[0.803s] -- Execute custom install script
[0.808s] -- Up-to-date symlink: /home/copperbottoms/code/Copperbottoms/ros_ws/install/rplidar_ros/share/rplidar_ros/launch/__pycache__/view_rplidar_a1_launch.cpython-310.pyc
[0.810s] -- Up-to-date symlink: /home/copperbottoms/code/Copperbottoms/ros_ws/install/rplidar_ros/share/rplidar_ros/launch/hallway_launch.py
[0.813s] -- Up-to-date symlink: /home/copperbottoms/code/Copperbottoms/ros_ws/install/rplidar_ros/share/rplidar_ros/launch/rplidar_a1_launch.py
[0.816s] -- Up-to-date symlink: /home/copperbottoms/code/Copperbottoms/ros_ws/install/rplidar_ros/share/rplidar_ros/launch/view_rplidar_a1_launch.py
[0.819s] -- Up-to-date symlink: /home/copperbottoms/code/Copperbottoms/ros_ws/install/rplidar_ros/share/rplidar_ros/launch/view_rplidar_a2m12_launch.py
[0.821s] -- Up-to-date symlink: /home/copperbottoms/code/Copperbottoms/ros_ws/install/rplidar_ros/share/rplidar_ros/launch/view_rplidar_a2m7_launch.py
[0.824s] -- Up-to-date symlink: /home/copperbottoms/code/Copperbottoms/ros_ws/install/rplidar_ros/share/rplidar_ros/launch/view_rplidar_a2m8_launch.py
[0.826s] -- Up-to-date symlink: /home/copperbottoms/code/Copperbottoms/ros_ws/install/rplidar_ros/share/rplidar_ros/launch/view_rplidar_a3_launch.py
[0.829s] -- Up-to-date symlink: /home/copperbottoms/code/Copperbottoms/ros_ws/install/rplidar_ros/share/rplidar_ros/launch/view_rplidar_c1_launch.py
[0.832s] -- Up-to-date symlink: /home/copperbottoms/code/Copperbottoms/ros_ws/install/rplidar_ros/share/rplidar_ros/launch/view_rplidar_s1_launch.py
[0.834s] -- Up-to-date symlink: /home/copperbottoms/code/Copperbottoms/ros_ws/install/rplidar_ros/share/rplidar_ros/launch/view_rplidar_s1_tcp_launch.py
[0.837s] -- Up-to-date symlink: /home/copperbottoms/code/Copperbottoms/ros_ws/install/rplidar_ros/share/rplidar_ros/launch/view_rplidar_s2_launch.py
[0.840s] -- Up-to-date symlink: /home/copperbottoms/code/Copperbottoms/ros_ws/install/rplidar_ros/share/rplidar_ros/launch/view_rplidar_s2e_launch.py
[0.847s] -- Up-to-date symlink: /home/copperbottoms/code/Copperbottoms/ros_ws/install/rplidar_ros/share/rplidar_ros/launch/view_rplidar_s3_launch.py
[0.851s] -- Up-to-date symlink: /home/copperbottoms/code/Copperbottoms/ros_ws/install/rplidar_ros/share/rplidar_ros/launch/view_rplidar_t1_launch.py
[0.867s] -- Up-to-date symlink: /home/copperbottoms/code/Copperbottoms/ros_ws/install/rplidar_ros/share/rplidar_ros/rviz/rplidar_ros.rviz
[0.873s] -- Up-to-date symlink: /home/copperbottoms/code/Copperbottoms/ros_ws/install/rplidar_ros/lib/rplidar_ros/rplidar_node
[0.876s] -- Up-to-date symlink: /home/copperbottoms/code/Copperbottoms/ros_ws/install/rplidar_ros/lib/rplidar_ros/rplidar_composition
[0.879s] -- Up-to-date symlink: /home/copperbottoms/code/Copperbottoms/ros_ws/install/rplidar_ros/lib/rplidar_ros/rplidar_client
[0.882s] -- Up-to-date symlink: /home/copperbottoms/code/Copperbottoms/ros_ws/install/rplidar_ros/share/ament_index/resource_index/package_run_dependencies/rplidar_ros
[0.885s] -- Up-to-date symlink: /home/copperbottoms/code/Copperbottoms/ros_ws/install/rplidar_ros/share/ament_index/resource_index/parent_prefix_path/rplidar_ros
[0.888s] -- Up-to-date symlink: /home/copperbottoms/code/Copperbottoms/ros_ws/install/rplidar_ros/share/rplidar_ros/environment/ament_prefix_path.sh
[0.892s] -- Up-to-date symlink: /home/copperbottoms/code/Copperbottoms/ros_ws/install/rplidar_ros/share/rplidar_ros/environment/ament_prefix_path.dsv
[0.896s] -- Up-to-date symlink: /home/copperbottoms/code/Copperbottoms/ros_ws/install/rplidar_ros/share/rplidar_ros/environment/path.sh
[0.900s] -- Up-to-date symlink: /home/copperbottoms/code/Copperbottoms/ros_ws/install/rplidar_ros/share/rplidar_ros/environment/path.dsv
[0.902s] -- Up-to-date symlink: /home/copperbottoms/code/Copperbottoms/ros_ws/install/rplidar_ros/share/rplidar_ros/local_setup.bash
[0.905s] -- Up-to-date symlink: /home/copperbottoms/code/Copperbottoms/ros_ws/install/rplidar_ros/share/rplidar_ros/local_setup.sh
[0.908s] -- Up-to-date symlink: /home/copperbottoms/code/Copperbottoms/ros_ws/install/rplidar_ros/share/rplidar_ros/local_setup.zsh
[0.912s] -- Up-to-date symlink: /home/copperbottoms/code/Copperbottoms/ros_ws/install/rplidar_ros/share/rplidar_ros/local_setup.dsv
[0.915s] -- Symlinking: /home/copperbottoms/code/Copperbottoms/ros_ws/install/rplidar_ros/share/rplidar_ros/package.dsv
[0.985s] -- Up-to-date symlink: /home/copperbottoms/code/Copperbottoms/ros_ws/install/rplidar_ros/share/ament_index/resource_index/packages/rplidar_ros
[0.992s] -- Up-to-date symlink: /home/copperbottoms/code/Copperbottoms/ros_ws/install/rplidar_ros/share/rplidar_ros/cmake/ament_cmake_export_dependencies-extras.cmake
[0.995s] -- Up-to-date symlink: /home/copperbottoms/code/Copperbottoms/ros_ws/install/rplidar_ros/share/rplidar_ros/cmake/ament_cmake_export_include_directories-extras.cmake
[0.997s] -- Up-to-date symlink: /home/copperbottoms/code/Copperbottoms/ros_ws/install/rplidar_ros/share/rplidar_ros/cmake/rplidar_rosConfig.cmake
[1.000s] -- Up-to-date symlink: /home/copperbottoms/code/Copperbottoms/ros_ws/install/rplidar_ros/share/rplidar_ros/cmake/rplidar_rosConfig-version.cmake
[1.002s] -- Up-to-date symlink: /home/copperbottoms/code/Copperbottoms/ros_ws/install/rplidar_ros/share/rplidar_ros/package.xml
[1.012s] Invoked command in '/home/copperbottoms/code/Copperbottoms/ros_ws/build/rplidar_ros' returned '0': CMAKE_PREFIX_PATH=${CMAKE_PREFIX_PATH}:/home/copperbottoms/code/Copperbottoms/ros_ws/install/realsense_publisher:/home/copperbottoms/code/Copperbottoms/ros_ws/install/obstacle_avoidance:/home/copperbottoms/code/Copperbottoms/ros_ws/install/landmark_slam:/home/copperbottoms/code/Copperbottoms/ros_ws/install/camera_navigation:/opt/ros/humble /usr/bin/cmake --install /home/copperbottoms/code/Copperbottoms/ros_ws/build/rplidar_ros
