[8.352s] Invoking command in '/home/copperbottoms/code/Copperbottoms/ros_ws/src/stop_sign': PYTHONPATH=/home/copperbottoms/code/Copperbottoms/ros_ws/src/stop_sign/build/stop_sign/prefix_override:/usr/lib/python3/dist-packages/colcon_core/task/python/colcon_distutils_commands:/home/copperbottoms/code/Copperbottoms/ros_ws/src/stop_sign/install/stop_sign/lib/python3.10/site-packages:${PYTHONPATH} /usr/bin/python3 -W ignore:setup.py install is deprecated -W ignore:easy_install command is deprecated setup.py egg_info --egg-base build/stop_sign build --build-base /home/copperbottoms/code/Copperbottoms/ros_ws/src/stop_sign/build/stop_sign/build install --record /home/copperbottoms/code/Copperbottoms/ros_ws/src/stop_sign/build/stop_sign/install.log --single-version-externally-managed install_data
[11.548s] running egg_info
[11.555s] writing build/stop_sign/stop_sign.egg-info/PKG-INFO
[11.560s] writing dependency_links to build/stop_sign/stop_sign.egg-info/dependency_links.txt
[11.568s] writing entry points to build/stop_sign/stop_sign.egg-info/entry_points.txt
[11.569s] writing requirements to build/stop_sign/stop_sign.egg-info/requires.txt
[11.570s] writing top-level names to build/stop_sign/stop_sign.egg-info/top_level.txt
[11.609s] reading manifest file 'build/stop_sign/stop_sign.egg-info/SOURCES.txt'
[11.635s] adding license file 'LICENSE'
[11.636s] writing manifest file 'build/stop_sign/stop_sign.egg-info/SOURCES.txt'
[11.637s] running build
[11.638s] running build_py
[11.641s] copying stop_sign_detect/stop_sign_detect.py -> /home/copperbottoms/code/Copperbottoms/ros_ws/src/stop_sign/build/stop_sign/build/lib/stop_sign_detect
[11.641s] running install
[11.644s] running install_lib
[11.646s] copying /home/copperbottoms/code/Copperbottoms/ros_ws/src/stop_sign/build/stop_sign/build/lib/stop_sign_detect/stop_sign_detect.py -> /home/copperbottoms/code/Copperbottoms/ros_ws/src/stop_sign/install/stop_sign/lib/python3.10/site-packages/stop_sign_detect
[11.648s] byte-compiling /home/copperbottoms/code/Copperbottoms/ros_ws/src/stop_sign/install/stop_sign/lib/python3.10/site-packages/stop_sign_detect/stop_sign_detect.py to stop_sign_detect.cpython-310.pyc
[11.655s] running install_data
[11.656s] running install_egg_info
[11.668s] removing '/home/copperbottoms/code/Copperbottoms/ros_ws/src/stop_sign/install/stop_sign/lib/python3.10/site-packages/stop_sign-0.0.0-py3.10.egg-info' (and everything under it)
[11.673s] Copying build/stop_sign/stop_sign.egg-info to /home/copperbottoms/code/Copperbottoms/ros_ws/src/stop_sign/install/stop_sign/lib/python3.10/site-packages/stop_sign-0.0.0-py3.10.egg-info
[11.682s] running install_scripts
[11.831s] Installing stop_sign_detect script to /home/copperbottoms/code/Copperbottoms/ros_ws/src/stop_sign/install/stop_sign/lib/stop_sign
[11.834s] writing list of installed files to '/home/copperbottoms/code/Copperbottoms/ros_ws/src/stop_sign/build/stop_sign/install.log'
[12.124s] Invoked command in '/home/copperbottoms/code/Copperbottoms/ros_ws/src/stop_sign' returned '0': PYTHONPATH=/home/copperbottoms/code/Copperbottoms/ros_ws/src/stop_sign/build/stop_sign/prefix_override:/usr/lib/python3/dist-packages/colcon_core/task/python/colcon_distutils_commands:/home/copperbottoms/code/Copperbottoms/ros_ws/src/stop_sign/install/stop_sign/lib/python3.10/site-packages:${PYTHONPATH} /usr/bin/python3 -W ignore:setup.py install is deprecated -W ignore:easy_install command is deprecated setup.py egg_info --egg-base build/stop_sign build --build-base /home/copperbottoms/code/Copperbottoms/ros_ws/src/stop_sign/build/stop_sign/build install --record /home/copperbottoms/code/Copperbottoms/ros_ws/src/stop_sign/build/stop_sign/install.log --single-version-externally-managed install_data
