[0.051s] Invoking command in '/home/copperbottoms/code/Copperbottoms/ros_ws/build/robo_rover': CMAKE_PREFIX_PATH=${CMAKE_PREFIX_PATH}:/home/copperbottoms/code/Copperbottoms/ros_ws/install/realsense_publisher:/home/copperbottoms/code/Copperbottoms/ros_ws/install/obstacle_avoidance:/opt/ros/humble /usr/bin/cmake --build /home/copperbottoms/code/Copperbottoms/ros_ws/build/robo_rover -- -j4 -l4
[0.298s] Built target ament_cmake_python_symlink_robo_rover
[1.568s] running egg_info
[1.571s] writing robo_rover.egg-info/PKG-INFO
[1.572s] writing dependency_links to robo_rover.egg-info/dependency_links.txt
[1.573s] writing top-level names to robo_rover.egg-info/top_level.txt
[1.588s] reading manifest file 'robo_rover.egg-info/SOURCES.txt'
[1.590s] writing manifest file 'robo_rover.egg-info/SOURCES.txt'
[1.724s] Built target ament_cmake_python_build_robo_rover_egg
[1.763s] Invoked command in '/home/copperbottoms/code/Copperbottoms/ros_ws/build/robo_rover' returned '0': CMAKE_PREFIX_PATH=${CMAKE_PREFIX_PATH}:/home/copperbottoms/code/Copperbottoms/ros_ws/install/realsense_publisher:/home/copperbottoms/code/Copperbottoms/ros_ws/install/obstacle_avoidance:/opt/ros/humble /usr/bin/cmake --build /home/copperbottoms/code/Copperbottoms/ros_ws/build/robo_rover -- -j4 -l4
[1.803s] Invoking command in '/home/copperbottoms/code/Copperbottoms/ros_ws/build/robo_rover': CMAKE_PREFIX_PATH=${CMAKE_PREFIX_PATH}:/home/copperbottoms/code/Copperbottoms/ros_ws/install/realsense_publisher:/home/copperbottoms/code/Copperbottoms/ros_ws/install/obstacle_avoidance:/opt/ros/humble /usr/bin/cmake --install /home/copperbottoms/code/Copperbottoms/ros_ws/build/robo_rover
[1.831s] -- Install configuration: ""
[1.832s] -- Execute custom install script
[1.834s] -- Up-to-date symlink: /home/copperbottoms/code/Copperbottoms/ros_ws/install/robo_rover/share/robo_rover/environment/pythonpath.sh
[1.834s] -- Up-to-date symlink: /home/copperbottoms/code/Copperbottoms/ros_ws/install/robo_rover/share/robo_rover/environment/pythonpath.dsv
[1.837s] -- Up-to-date symlink: /home/copperbottoms/code/Copperbottoms/ros_ws/install/robo_rover/local/lib/python3.10/dist-packages/robo_rover-1.0.0-py3.10.egg-info/PKG-INFO
[1.838s] -- Up-to-date symlink: /home/copperbottoms/code/Copperbottoms/ros_ws/install/robo_rover/local/lib/python3.10/dist-packages/robo_rover-1.0.0-py3.10.egg-info/SOURCES.txt
[1.839s] -- Up-to-date symlink: /home/copperbottoms/code/Copperbottoms/ros_ws/install/robo_rover/local/lib/python3.10/dist-packages/robo_rover-1.0.0-py3.10.egg-info/dependency_links.txt
[1.840s] -- Up-to-date symlink: /home/copperbottoms/code/Copperbottoms/ros_ws/install/robo_rover/local/lib/python3.10/dist-packages/robo_rover-1.0.0-py3.10.egg-info/top_level.txt
[1.843s] -- Up-to-date symlink: /home/copperbottoms/code/Copperbottoms/ros_ws/install/robo_rover/local/lib/python3.10/dist-packages/robo_rover/__init__.py
[1.843s] -- Up-to-date symlink: /home/copperbottoms/code/Copperbottoms/ros_ws/install/robo_rover/local/lib/python3.10/dist-packages/robo_rover/rover_node.py
[1.845s] -- Up-to-date symlink: /home/copperbottoms/code/Copperbottoms/ros_ws/install/robo_rover/share/robo_rover/launch/rover_launch.py
[1.846s] -- Up-to-date symlink: /home/copperbottoms/code/Copperbottoms/ros_ws/install/robo_rover/share/ament_index/resource_index/package_run_dependencies/robo_rover
[1.848s] -- Up-to-date symlink: /home/copperbottoms/code/Copperbottoms/ros_ws/install/robo_rover/share/ament_index/resource_index/parent_prefix_path/robo_rover
[1.849s] -- Up-to-date symlink: /home/copperbottoms/code/Copperbottoms/ros_ws/install/robo_rover/share/robo_rover/environment/ament_prefix_path.sh
[1.850s] -- Up-to-date symlink: /home/copperbottoms/code/Copperbottoms/ros_ws/install/robo_rover/share/robo_rover/environment/ament_prefix_path.dsv
[1.851s] -- Up-to-date symlink: /home/copperbottoms/code/Copperbottoms/ros_ws/install/robo_rover/share/robo_rover/environment/path.sh
[1.852s] -- Up-to-date symlink: /home/copperbottoms/code/Copperbottoms/ros_ws/install/robo_rover/share/robo_rover/environment/path.dsv
[1.853s] -- Up-to-date symlink: /home/copperbottoms/code/Copperbottoms/ros_ws/install/robo_rover/share/robo_rover/local_setup.bash
[1.854s] -- Up-to-date symlink: /home/copperbottoms/code/Copperbottoms/ros_ws/install/robo_rover/share/robo_rover/local_setup.sh
[1.855s] -- Up-to-date symlink: /home/copperbottoms/code/Copperbottoms/ros_ws/install/robo_rover/share/robo_rover/local_setup.zsh
[1.856s] -- Up-to-date symlink: /home/copperbottoms/code/Copperbottoms/ros_ws/install/robo_rover/share/robo_rover/local_setup.dsv
[1.856s] -- Symlinking: /home/copperbottoms/code/Copperbottoms/ros_ws/install/robo_rover/share/robo_rover/package.dsv
[1.892s] -- Up-to-date symlink: /home/copperbottoms/code/Copperbottoms/ros_ws/install/robo_rover/share/ament_index/resource_index/packages/robo_rover
[1.893s] -- Up-to-date symlink: /home/copperbottoms/code/Copperbottoms/ros_ws/install/robo_rover/share/robo_rover/cmake/robo_roverConfig.cmake
[1.894s] -- Up-to-date symlink: /home/copperbottoms/code/Copperbottoms/ros_ws/install/robo_rover/share/robo_rover/cmake/robo_roverConfig-version.cmake
[1.895s] -- Up-to-date symlink: /home/copperbottoms/code/Copperbottoms/ros_ws/install/robo_rover/share/robo_rover/package.xml
[2.073s] Listing '/home/copperbottoms/code/Copperbottoms/ros_ws/install/robo_rover/local/lib/python3.10/dist-packages/robo_rover'...
[2.074s] Compiling '/home/copperbottoms/code/Copperbottoms/ros_ws/install/robo_rover/local/lib/python3.10/dist-packages/robo_rover/rover_node.py'...
[2.098s] -- Installing: /home/copperbottoms/code/Copperbottoms/ros_ws/install/robo_rover/lib/robo_rover/rover_node
[2.106s] Invoked command in '/home/copperbottoms/code/Copperbottoms/ros_ws/build/robo_rover' returned '0': CMAKE_PREFIX_PATH=${CMAKE_PREFIX_PATH}:/home/copperbottoms/code/Copperbottoms/ros_ws/install/realsense_publisher:/home/copperbottoms/code/Copperbottoms/ros_ws/install/obstacle_avoidance:/opt/ros/humble /usr/bin/cmake --install /home/copperbottoms/code/Copperbottoms/ros_ws/build/robo_rover
