[0.229s] Invoking command in '/home/copperbottoms/code/Copperbottoms/ros_ws/build/custom_messages': CMAKE_PREFIX_PATH=${CMAKE_PREFIX_PATH}:/home/copperbottoms/code/Copperbottoms/ros_ws/install/realsense_publisher:/home/copperbottoms/code/Copperbottoms/ros_ws/install/obstacle_avoidance:/home/copperbottoms/code/Copperbottoms/ros_ws/install/landmark_slam:/home/copperbottoms/code/Copperbottoms/ros_ws/install/camera_navigation:/opt/ros/humble /usr/bin/cmake /home/copperbottoms/code/Copperbottoms/ros_ws/src/custom_messages -DAMENT_CMAKE_SYMLINK_INSTALL=1 -DCMAKE_INSTALL_PREFIX=/home/copperbottoms/code/Copperbottoms/ros_ws/install/custom_messages
[3.702s] -- The C compiler identification is GNU 11.4.0
[3.704s] -- The CXX compiler identification is GNU 11.4.0
[3.704s] -- Detecting C compiler ABI info
[3.705s] -- Detecting C compiler ABI info - done
[3.706s] -- Check for working C compiler: /usr/bin/cc - skipped
[3.706s] -- Detecting C compile features
[3.707s] -- Detecting C compile features - done
[3.707s] -- Detecting CXX compiler ABI info
[3.707s] -- Detecting CXX compiler ABI info - done
[3.708s] -- Check for working CXX compiler: /usr/bin/c++ - skipped
[3.709s] -- Detecting CXX compile features
[3.711s] -- Detecting CXX compile features - done
[3.712s] -- Found ament_cmake: 1.3.12 (/opt/ros/humble/share/ament_cmake/cmake)
[3.713s] -- Found Python3: /usr/bin/python3 (found version "3.10.12") found components: Interpreter 
[3.713s] -- Override CMake install command with custom implementation using symlinks instead of copying resources
[3.949s] -- Found rosidl_default_generators: 1.2.0 (/opt/ros/humble/share/rosidl_default_generators/cmake)
[3.986s] -- Using all available rosidl_typesupport_c: rosidl_typesupport_fastrtps_c;rosidl_typesupport_introspection_c
[4.075s] -- Found rosidl_adapter: 3.1.8 (/opt/ros/humble/share/rosidl_adapter/cmake)
[4.486s] -- Using all available rosidl_typesupport_cpp: rosidl_typesupport_fastrtps_cpp;rosidl_typesupport_introspection_cpp
[4.778s] -- Found std_msgs: 4.9.0 (/opt/ros/humble/share/std_msgs/cmake)
[7.057s] -- Found ament_cmake_ros: 0.10.0 (/opt/ros/humble/share/ament_cmake_ros/cmake)
[9.181s] -- Using all available rosidl_typesupport_c: rosidl_typesupport_fastrtps_c;rosidl_typesupport_introspection_c
[11.321s] -- Using all available rosidl_typesupport_cpp: rosidl_typesupport_fastrtps_cpp;rosidl_typesupport_introspection_cpp
[11.495s] -- Found PythonInterp: /usr/bin/python3 (found suitable version "3.10.12", minimum required is "3.6") 
[11.527s] -- Found python_cmake_module: 0.10.0 (/opt/ros/humble/share/python_cmake_module/cmake)
[11.730s] -- Found PythonLibs: /usr/lib/aarch64-linux-gnu/libpython3.10.so (found suitable version "3.10.12", minimum required is "3.5") 
[11.731s] -- Using PYTHON_EXECUTABLE: /usr/bin/python3
[11.732s] -- Using PYTHON_INCLUDE_DIRS: /usr/include/python3.10
[11.733s] -- Using PYTHON_LIBRARIES: /usr/lib/aarch64-linux-gnu/libpython3.10.so
[11.898s] -- Found PythonExtra: .so  
[12.470s] -- Found ament_lint_auto: 0.12.14 (/opt/ros/humble/share/ament_lint_auto/cmake)
[12.907s] -- Added test 'lint_cmake' to check CMake code style
[12.914s] -- Added test 'xmllint' to check XML markup files
[12.946s] -- Configuring done
[13.198s] -- Generating done
[13.253s] -- Build files have been written to: /home/copperbottoms/code/Copperbottoms/ros_ws/build/custom_messages
[13.277s] Invoked command in '/home/copperbottoms/code/Copperbottoms/ros_ws/build/custom_messages' returned '0': CMAKE_PREFIX_PATH=${CMAKE_PREFIX_PATH}:/home/copperbottoms/code/Copperbottoms/ros_ws/install/realsense_publisher:/home/copperbottoms/code/Copperbottoms/ros_ws/install/obstacle_avoidance:/home/copperbottoms/code/Copperbottoms/ros_ws/install/landmark_slam:/home/copperbottoms/code/Copperbottoms/ros_ws/install/camera_navigation:/opt/ros/humble /usr/bin/cmake /home/copperbottoms/code/Copperbottoms/ros_ws/src/custom_messages -DAMENT_CMAKE_SYMLINK_INSTALL=1 -DCMAKE_INSTALL_PREFIX=/home/copperbottoms/code/Copperbottoms/ros_ws/install/custom_messages
[13.290s] Invoking command in '/home/copperbottoms/code/Copperbottoms/ros_ws/build/custom_messages': CMAKE_PREFIX_PATH=${CMAKE_PREFIX_PATH}:/home/copperbottoms/code/Copperbottoms/ros_ws/install/realsense_publisher:/home/copperbottoms/code/Copperbottoms/ros_ws/install/obstacle_avoidance:/home/copperbottoms/code/Copperbottoms/ros_ws/install/landmark_slam:/home/copperbottoms/code/Copperbottoms/ros_ws/install/camera_navigation:/opt/ros/humble /usr/bin/cmake --build /home/copperbottoms/code/Copperbottoms/ros_ws/build/custom_messages -- -j4 -l4
[13.559s] [  2%] [34m[1mGenerating C code for ROS interfaces[0m
[13.574s] [  4%] [34m[1mGenerating C++ code for ROS interfaces[0m
[13.668s] [  4%] Built target ament_cmake_python_symlink_custom_messages
[15.856s] running egg_info
[15.859s] creating custom_messages.egg-info
[15.861s] writing custom_messages.egg-info/PKG-INFO
[15.862s] writing dependency_links to custom_messages.egg-info/dependency_links.txt
[15.867s] writing top-level names to custom_messages.egg-info/top_level.txt
[15.871s] writing manifest file 'custom_messages.egg-info/SOURCES.txt'
[15.893s] reading manifest file 'custom_messages.egg-info/SOURCES.txt'
[15.899s] writing manifest file 'custom_messages.egg-info/SOURCES.txt'
[16.156s] [  4%] Built target ament_cmake_python_build_custom_messages_egg
[16.354s] [  4%] Built target custom_messages__cpp
[16.424s] [  6%] [34m[1mGenerating C++ type support for eProsima Fast-RTPS[0m
[16.481s] [  8%] [34m[1mGenerating C++ type support dispatch for ROS interfaces[0m
[16.601s] [ 10%] [34m[1mGenerating C++ introspection for ROS interfaces[0m
[16.715s] [ 12%] [32mBuilding C object CMakeFiles/custom_messages__rosidl_generator_c.dir/rosidl_generator_c/custom_messages/msg/detail/slow__functions.c.o[0m
[17.309s] [ 14%] [32mBuilding C object CMakeFiles/custom_messages__rosidl_generator_c.dir/rosidl_generator_c/custom_messages/msg/detail/latency_stats__functions.c.o[0m
[17.690s] [ 17%] [32mBuilding C object CMakeFiles/custom_messages__rosidl_generator_c.dir/rosidl_generator_c/custom_messages/msg/detail/rate_stats__functions.c.o[0m
[18.155s] [ 19%] [32m[1mLinking C shared library libcustom_messages__rosidl_generator_c.so[0m
[18.290s] [ 21%] [32mBuilding CXX object CMakeFiles/custom_messages__rosidl_typesupport_cpp.dir/rosidl_typesupport_cpp/custom_messages/msg/slow__type_support.cpp.o[0m
[18.564s] [ 21%] Built target custom_messages__rosidl_generator_c
[18.703s] [ 23%] [34m[1mGenerating C type support for eProsima Fast-RTPS[0m
[18.966s] [ 25%] [32mBuilding CXX object CMakeFiles/custom_messages__rosidl_typesupport_introspection_cpp.dir/rosidl_typesupport_introspection_cpp/custom_messages/msg/detail/slow__type_support.cpp.o[0m
[19.006s] [ 27%] [32mBuilding CXX object CMakeFiles/custom_messages__rosidl_typesupport_fastrtps_cpp.dir/rosidl_typesupport_fastrtps_cpp/custom_messages/msg/detail/dds_fastrtps/slow__type_support.cpp.o[0m
[20.815s] [ 29%] [32mBuilding CXX object CMakeFiles/custom_messages__rosidl_typesupport_cpp.dir/rosidl_typesupport_cpp/custom_messages/msg/latency_stats__type_support.cpp.o[0m
[21.115s] [ 31%] [32mBuilding CXX object CMakeFiles/custom_messages__rosidl_typesupport_fastrtps_c.dir/rosidl_typesupport_fastrtps_c/custom_messages/msg/detail/slow__type_support_c.cpp.o[0m
[22.014s] [ 34%] [32mBuilding CXX object CMakeFiles/custom_messages__rosidl_typesupport_fastrtps_cpp.dir/rosidl_typesupport_fastrtps_cpp/custom_messages/msg/detail/dds_fastrtps/latency_stats__type_support.cpp.o[0m
[22.066s] [ 36%] [32mBuilding CXX object CMakeFiles/custom_messages__rosidl_typesupport_introspection_cpp.dir/rosidl_typesupport_introspection_cpp/custom_messages/msg/detail/latency_stats__type_support.cpp.o[0m
[22.617s] [ 38%] [32mBuilding CXX object CMakeFiles/custom_messages__rosidl_typesupport_cpp.dir/rosidl_typesupport_cpp/custom_messages/msg/rate_stats__type_support.cpp.o[0m
[24.376s] [ 40%] [32mBuilding CXX object CMakeFiles/custom_messages__rosidl_typesupport_fastrtps_c.dir/rosidl_typesupport_fastrtps_c/custom_messages/msg/detail/latency_stats__type_support_c.cpp.o[0m
[24.415s] [ 42%] [32m[1mLinking CXX shared library libcustom_messages__rosidl_typesupport_cpp.so[0m
[24.788s] [ 42%] Built target custom_messages__rosidl_typesupport_cpp
[24.911s] [ 44%] [32mBuilding CXX object CMakeFiles/custom_messages__rosidl_typesupport_fastrtps_c.dir/rosidl_typesupport_fastrtps_c/custom_messages/msg/detail/rate_stats__type_support_c.cpp.o[0m
[25.015s] [ 46%] [32mBuilding CXX object CMakeFiles/custom_messages__rosidl_typesupport_introspection_cpp.dir/rosidl_typesupport_introspection_cpp/custom_messages/msg/detail/rate_stats__type_support.cpp.o[0m
[25.476s] [ 48%] [32mBuilding CXX object CMakeFiles/custom_messages__rosidl_typesupport_fastrtps_cpp.dir/rosidl_typesupport_fastrtps_cpp/custom_messages/msg/detail/dds_fastrtps/rate_stats__type_support.cpp.o[0m
[27.430s] [ 51%] [34m[1mGenerating C introspection for ROS interfaces[0m
[27.758s] [ 53%] [32m[1mLinking CXX shared library libcustom_messages__rosidl_typesupport_introspection_cpp.so[0m
[27.975s] [ 55%] [32m[1mLinking CXX shared library libcustom_messages__rosidl_typesupport_fastrtps_c.so[0m
[28.171s] [ 55%] Built target custom_messages__rosidl_typesupport_introspection_cpp
[28.255s] [ 57%] [34m[1mGenerating C type support dispatch for ROS interfaces[0m
[28.621s] [ 57%] Built target custom_messages__rosidl_typesupport_fastrtps_c
[29.390s] [ 59%] [32m[1mLinking CXX shared library libcustom_messages__rosidl_typesupport_fastrtps_cpp.so[0m
[30.396s] [ 59%] Built target custom_messages__rosidl_typesupport_fastrtps_cpp
[30.648s] [ 61%] [32mBuilding C object CMakeFiles/custom_messages__rosidl_typesupport_introspection_c.dir/rosidl_typesupport_introspection_c/custom_messages/msg/detail/slow__type_support.c.o[0m
[30.667s] [ 63%] [32mBuilding C object CMakeFiles/custom_messages__rosidl_typesupport_introspection_c.dir/rosidl_typesupport_introspection_c/custom_messages/msg/detail/latency_stats__type_support.c.o[0m
[30.700s] [ 65%] [32mBuilding C object CMakeFiles/custom_messages__rosidl_typesupport_introspection_c.dir/rosidl_typesupport_introspection_c/custom_messages/msg/detail/rate_stats__type_support.c.o[0m
[31.100s] [ 68%] [32m[1mLinking C shared library libcustom_messages__rosidl_typesupport_introspection_c.so[0m
[31.315s] [ 70%] [32mBuilding CXX object CMakeFiles/custom_messages__rosidl_typesupport_c.dir/rosidl_typesupport_c/custom_messages/msg/slow__type_support.cpp.o[0m
[31.407s] [ 72%] [32mBuilding CXX object CMakeFiles/custom_messages__rosidl_typesupport_c.dir/rosidl_typesupport_c/custom_messages/msg/latency_stats__type_support.cpp.o[0m
[31.428s] [ 74%] [32mBuilding CXX object CMakeFiles/custom_messages__rosidl_typesupport_c.dir/rosidl_typesupport_c/custom_messages/msg/rate_stats__type_support.cpp.o[0m
[31.508s] [ 74%] Built target custom_messages__rosidl_typesupport_introspection_c
[31.762s] [ 76%] [32m[1mLinking CXX shared library libcustom_messages__rosidl_typesupport_c.so[0m
[32.021s] [ 76%] Built target custom_messages__rosidl_typesupport_c
[32.186s] [ 76%] Built target custom_messages
[32.294s] [ 78%] [34m[1mGenerating Python code for ROS interfaces[0m
[36.828s] [ 78%] Built target custom_messages__py
[37.140s] [ 80%] [32mBuilding C object CMakeFiles/custom_messages__rosidl_generator_py.dir/rosidl_generator_py/custom_messages/msg/_slow_s.c.o[0m
[37.146s] [ 82%] [32mBuilding C object CMakeFiles/custom_messages__rosidl_generator_py.dir/rosidl_generator_py/custom_messages/msg/_latency_stats_s.c.o[0m
[37.195s] [ 85%] [32mBuilding C object CMakeFiles/custom_messages__rosidl_generator_py.dir/rosidl_generator_py/custom_messages/msg/_rate_stats_s.c.o[0m
[38.637s] [ 87%] [32m[1mLinking C shared library rosidl_generator_py/custom_messages/libcustom_messages__rosidl_generator_py.so[0m
[39.044s] [ 87%] Built target custom_messages__rosidl_generator_py
[39.334s] [ 89%] [32mBuilding C object CMakeFiles/custom_messages__rosidl_typesupport_introspection_c__pyext.dir/rosidl_generator_py/custom_messages/_custom_messages_s.ep.rosidl_typesupport_introspection_c.c.o[0m
[39.341s] [ 91%] [32mBuilding C object CMakeFiles/custom_messages__rosidl_typesupport_c__pyext.dir/rosidl_generator_py/custom_messages/_custom_messages_s.ep.rosidl_typesupport_c.c.o[0m
[39.375s] [ 93%] [32mBuilding C object CMakeFiles/custom_messages__rosidl_typesupport_fastrtps_c__pyext.dir/rosidl_generator_py/custom_messages/_custom_messages_s.ep.rosidl_typesupport_fastrtps_c.c.o[0m
[40.704s] [ 95%] [32m[1mLinking C shared library rosidl_generator_py/custom_messages/custom_messages_s__rosidl_typesupport_introspection_c.cpython-310-aarch64-linux-gnu.so[0m
[40.903s] [ 97%] [32m[1mLinking C shared library rosidl_generator_py/custom_messages/custom_messages_s__rosidl_typesupport_fastrtps_c.cpython-310-aarch64-linux-gnu.so[0m
[41.055s] [100%] [32m[1mLinking C shared library rosidl_generator_py/custom_messages/custom_messages_s__rosidl_typesupport_c.cpython-310-aarch64-linux-gnu.so[0m
[41.320s] [100%] Built target custom_messages__rosidl_typesupport_fastrtps_c__pyext
[41.517s] [100%] Built target custom_messages__rosidl_typesupport_introspection_c__pyext
[41.791s] [100%] Built target custom_messages__rosidl_typesupport_c__pyext
[41.988s] Invoked command in '/home/copperbottoms/code/Copperbottoms/ros_ws/build/custom_messages' returned '0': CMAKE_PREFIX_PATH=${CMAKE_PREFIX_PATH}:/home/copperbottoms/code/Copperbottoms/ros_ws/install/realsense_publisher:/home/copperbottoms/code/Copperbottoms/ros_ws/install/obstacle_avoidance:/home/copperbottoms/code/Copperbottoms/ros_ws/install/landmark_slam:/home/copperbottoms/code/Copperbottoms/ros_ws/install/camera_navigation:/opt/ros/humble /usr/bin/cmake --build /home/copperbottoms/code/Copperbottoms/ros_ws/build/custom_messages -- -j4 -l4
[42.139s] Invoking command in '/home/copperbottoms/code/Copperbottoms/ros_ws/build/custom_messages': CMAKE_PREFIX_PATH=${CMAKE_PREFIX_PATH}:/home/copperbottoms/code/Copperbottoms/ros_ws/install/realsense_publisher:/home/copperbottoms/code/Copperbottoms/ros_ws/install/obstacle_avoidance:/home/copperbottoms/code/Copperbottoms/ros_ws/install/landmark_slam:/home/copperbottoms/code/Copperbottoms/ros_ws/install/camera_navigation:/opt/ros/humble /usr/bin/cmake --install /home/copperbottoms/code/Copperbottoms/ros_ws/build/custom_messages
[42.201s] -- Install configuration: ""
[42.207s] -- Execute custom install script
[42.216s] -- Symlinking: /home/copperbottoms/code/Copperbottoms/ros_ws/install/custom_messages/share/ament_index/resource_index/rosidl_interfaces/custom_messages
[42.309s] -- Symlinking: /home/copperbottoms/code/Copperbottoms/ros_ws/install/custom_messages/include/custom_messages/custom_messages/msg/detail/latency_stats__functions.h
[42.419s] -- Symlinking: /home/copperbottoms/code/Copperbottoms/ros_ws/install/custom_messages/include/custom_messages/custom_messages/msg/detail/latency_stats__struct.h
[42.470s] -- Symlinking: /home/copperbottoms/code/Copperbottoms/ros_ws/install/custom_messages/include/custom_messages/custom_messages/msg/detail/latency_stats__type_support.h
[42.528s] -- Symlinking: /home/copperbottoms/code/Copperbottoms/ros_ws/install/custom_messages/include/custom_messages/custom_messages/msg/detail/rate_stats__functions.h
[42.579s] -- Symlinking: /home/copperbottoms/code/Copperbottoms/ros_ws/install/custom_messages/include/custom_messages/custom_messages/msg/detail/rate_stats__struct.h
[42.637s] -- Symlinking: /home/copperbottoms/code/Copperbottoms/ros_ws/install/custom_messages/include/custom_messages/custom_messages/msg/detail/rate_stats__type_support.h
[42.683s] -- Symlinking: /home/copperbottoms/code/Copperbottoms/ros_ws/install/custom_messages/include/custom_messages/custom_messages/msg/detail/slow__functions.h
[42.734s] -- Symlinking: /home/copperbottoms/code/Copperbottoms/ros_ws/install/custom_messages/include/custom_messages/custom_messages/msg/detail/slow__struct.h
[42.778s] -- Symlinking: /home/copperbottoms/code/Copperbottoms/ros_ws/install/custom_messages/include/custom_messages/custom_messages/msg/detail/slow__type_support.h
[42.839s] -- Symlinking: /home/copperbottoms/code/Copperbottoms/ros_ws/install/custom_messages/include/custom_messages/custom_messages/msg/latency_stats.h
[42.892s] -- Symlinking: /home/copperbottoms/code/Copperbottoms/ros_ws/install/custom_messages/include/custom_messages/custom_messages/msg/rate_stats.h
[42.954s] -- Symlinking: /home/copperbottoms/code/Copperbottoms/ros_ws/install/custom_messages/include/custom_messages/custom_messages/msg/rosidl_generator_c__visibility_control.h
[43.019s] -- Symlinking: /home/copperbottoms/code/Copperbottoms/ros_ws/install/custom_messages/include/custom_messages/custom_messages/msg/slow.h
[43.083s] -- Symlinking: /home/copperbottoms/code/Copperbottoms/ros_ws/install/custom_messages/share/custom_messages/environment/library_path.sh
[43.145s] -- Symlinking: /home/copperbottoms/code/Copperbottoms/ros_ws/install/custom_messages/share/custom_messages/environment/library_path.dsv
[43.236s] -- Symlinking: /home/copperbottoms/code/Copperbottoms/ros_ws/install/custom_messages/include/custom_messages/custom_messages/msg/detail/latency_stats__rosidl_typesupport_fastrtps_c.h
[43.298s] -- Symlinking: /home/copperbottoms/code/Copperbottoms/ros_ws/install/custom_messages/include/custom_messages/custom_messages/msg/detail/rate_stats__rosidl_typesupport_fastrtps_c.h
[43.352s] -- Symlinking: /home/copperbottoms/code/Copperbottoms/ros_ws/install/custom_messages/include/custom_messages/custom_messages/msg/detail/slow__rosidl_typesupport_fastrtps_c.h
[43.420s] -- Symlinking: /home/copperbottoms/code/Copperbottoms/ros_ws/install/custom_messages/include/custom_messages/custom_messages/msg/rosidl_typesupport_fastrtps_c__visibility_control.h
[43.519s] -- Symlinking: /home/copperbottoms/code/Copperbottoms/ros_ws/install/custom_messages/include/custom_messages/custom_messages/msg/detail/latency_stats__rosidl_typesupport_introspection_c.h
[43.596s] -- Symlinking: /home/copperbottoms/code/Copperbottoms/ros_ws/install/custom_messages/include/custom_messages/custom_messages/msg/detail/rate_stats__rosidl_typesupport_introspection_c.h
[43.654s] -- Symlinking: /home/copperbottoms/code/Copperbottoms/ros_ws/install/custom_messages/include/custom_messages/custom_messages/msg/detail/slow__rosidl_typesupport_introspection_c.h
[43.725s] -- Symlinking: /home/copperbottoms/code/Copperbottoms/ros_ws/install/custom_messages/include/custom_messages/custom_messages/msg/rosidl_typesupport_introspection_c__visibility_control.h
[43.816s] -- Symlinking: /home/copperbottoms/code/Copperbottoms/ros_ws/install/custom_messages/include/custom_messages/custom_messages/msg/detail/latency_stats__builder.hpp
[43.917s] -- Symlinking: /home/copperbottoms/code/Copperbottoms/ros_ws/install/custom_messages/include/custom_messages/custom_messages/msg/detail/latency_stats__struct.hpp
[44.005s] -- Symlinking: /home/copperbottoms/code/Copperbottoms/ros_ws/install/custom_messages/include/custom_messages/custom_messages/msg/detail/latency_stats__traits.hpp
[44.118s] -- Symlinking: /home/copperbottoms/code/Copperbottoms/ros_ws/install/custom_messages/include/custom_messages/custom_messages/msg/detail/latency_stats__type_support.hpp
[44.222s] -- Symlinking: /home/copperbottoms/code/Copperbottoms/ros_ws/install/custom_messages/include/custom_messages/custom_messages/msg/detail/rate_stats__builder.hpp
[44.341s] -- Symlinking: /home/copperbottoms/code/Copperbottoms/ros_ws/install/custom_messages/include/custom_messages/custom_messages/msg/detail/rate_stats__struct.hpp
[44.442s] -- Symlinking: /home/copperbottoms/code/Copperbottoms/ros_ws/install/custom_messages/include/custom_messages/custom_messages/msg/detail/rate_stats__traits.hpp
[44.500s] -- Symlinking: /home/copperbottoms/code/Copperbottoms/ros_ws/install/custom_messages/include/custom_messages/custom_messages/msg/detail/rate_stats__type_support.hpp
[44.558s] -- Symlinking: /home/copperbottoms/code/Copperbottoms/ros_ws/install/custom_messages/include/custom_messages/custom_messages/msg/detail/slow__builder.hpp
[44.620s] -- Symlinking: /home/copperbottoms/code/Copperbottoms/ros_ws/install/custom_messages/include/custom_messages/custom_messages/msg/detail/slow__struct.hpp
[44.692s] -- Symlinking: /home/copperbottoms/code/Copperbottoms/ros_ws/install/custom_messages/include/custom_messages/custom_messages/msg/detail/slow__traits.hpp
[44.837s] -- Symlinking: /home/copperbottoms/code/Copperbottoms/ros_ws/install/custom_messages/include/custom_messages/custom_messages/msg/detail/slow__type_support.hpp
[44.942s] -- Symlinking: /home/copperbottoms/code/Copperbottoms/ros_ws/install/custom_messages/include/custom_messages/custom_messages/msg/latency_stats.hpp
[45.055s] -- Symlinking: /home/copperbottoms/code/Copperbottoms/ros_ws/install/custom_messages/include/custom_messages/custom_messages/msg/rate_stats.hpp
[45.146s] -- Symlinking: /home/copperbottoms/code/Copperbottoms/ros_ws/install/custom_messages/include/custom_messages/custom_messages/msg/rosidl_generator_cpp__visibility_control.hpp
[45.273s] -- Symlinking: /home/copperbottoms/code/Copperbottoms/ros_ws/install/custom_messages/include/custom_messages/custom_messages/msg/slow.hpp
[45.399s] -- Symlinking: /home/copperbottoms/code/Copperbottoms/ros_ws/install/custom_messages/include/custom_messages/custom_messages/msg/detail/latency_stats__rosidl_typesupport_fastrtps_cpp.hpp
[45.472s] -- Symlinking: /home/copperbottoms/code/Copperbottoms/ros_ws/install/custom_messages/include/custom_messages/custom_messages/msg/detail/rate_stats__rosidl_typesupport_fastrtps_cpp.hpp
[45.532s] -- Symlinking: /home/copperbottoms/code/Copperbottoms/ros_ws/install/custom_messages/include/custom_messages/custom_messages/msg/detail/slow__rosidl_typesupport_fastrtps_cpp.hpp
[45.586s] -- Symlinking: /home/copperbottoms/code/Copperbottoms/ros_ws/install/custom_messages/include/custom_messages/custom_messages/msg/rosidl_typesupport_fastrtps_cpp__visibility_control.h
[45.652s] -- Symlinking: /home/copperbottoms/code/Copperbottoms/ros_ws/install/custom_messages/include/custom_messages/custom_messages/msg/detail/latency_stats__rosidl_typesupport_introspection_cpp.hpp
[45.725s] -- Symlinking: /home/copperbottoms/code/Copperbottoms/ros_ws/install/custom_messages/include/custom_messages/custom_messages/msg/detail/rate_stats__rosidl_typesupport_introspection_cpp.hpp
[45.775s] -- Symlinking: /home/copperbottoms/code/Copperbottoms/ros_ws/install/custom_messages/include/custom_messages/custom_messages/msg/detail/slow__rosidl_typesupport_introspection_cpp.hpp
[45.846s] -- Symlinking: /home/copperbottoms/code/Copperbottoms/ros_ws/install/custom_messages/share/custom_messages/environment/pythonpath.sh
[45.897s] -- Symlinking: /home/copperbottoms/code/Copperbottoms/ros_ws/install/custom_messages/share/custom_messages/environment/pythonpath.dsv
[45.977s] -- Symlinking: /home/copperbottoms/code/Copperbottoms/ros_ws/install/custom_messages/local/lib/python3.10/dist-packages/custom_messages-0.0.0-py3.10.egg-info/PKG-INFO
[46.032s] -- Symlinking: /home/copperbottoms/code/Copperbottoms/ros_ws/install/custom_messages/local/lib/python3.10/dist-packages/custom_messages-0.0.0-py3.10.egg-info/SOURCES.txt
[46.109s] -- Symlinking: /home/copperbottoms/code/Copperbottoms/ros_ws/install/custom_messages/local/lib/python3.10/dist-packages/custom_messages-0.0.0-py3.10.egg-info/dependency_links.txt
[46.175s] -- Symlinking: /home/copperbottoms/code/Copperbottoms/ros_ws/install/custom_messages/local/lib/python3.10/dist-packages/custom_messages-0.0.0-py3.10.egg-info/top_level.txt
[46.253s] -- Symlinking: /home/copperbottoms/code/Copperbottoms/ros_ws/install/custom_messages/local/lib/python3.10/dist-packages/custom_messages/__init__.py
[46.330s] -- Symlinking: /home/copperbottoms/code/Copperbottoms/ros_ws/install/custom_messages/local/lib/python3.10/dist-packages/custom_messages/_custom_messages_s.ep.rosidl_typesupport_c.c
[46.374s] -- Symlinking: /home/copperbottoms/code/Copperbottoms/ros_ws/install/custom_messages/local/lib/python3.10/dist-packages/custom_messages/_custom_messages_s.ep.rosidl_typesupport_fastrtps_c.c
[46.431s] -- Symlinking: /home/copperbottoms/code/Copperbottoms/ros_ws/install/custom_messages/local/lib/python3.10/dist-packages/custom_messages/_custom_messages_s.ep.rosidl_typesupport_introspection_c.c
[46.489s] -- Symlinking: /home/copperbottoms/code/Copperbottoms/ros_ws/install/custom_messages/local/lib/python3.10/dist-packages/custom_messages/custom_messages_s__rosidl_typesupport_c.cpython-310-aarch64-linux-gnu.so
[46.547s] -- Symlinking: /home/copperbottoms/code/Copperbottoms/ros_ws/install/custom_messages/local/lib/python3.10/dist-packages/custom_messages/custom_messages_s__rosidl_typesupport_fastrtps_c.cpython-310-aarch64-linux-gnu.so
[46.619s] -- Symlinking: /home/copperbottoms/code/Copperbottoms/ros_ws/install/custom_messages/local/lib/python3.10/dist-packages/custom_messages/custom_messages_s__rosidl_typesupport_introspection_c.cpython-310-aarch64-linux-gnu.so
[46.679s] -- Symlinking: /home/copperbottoms/code/Copperbottoms/ros_ws/install/custom_messages/local/lib/python3.10/dist-packages/custom_messages/libcustom_messages__rosidl_generator_py.so
[46.783s] -- Symlinking: /home/copperbottoms/code/Copperbottoms/ros_ws/install/custom_messages/local/lib/python3.10/dist-packages/custom_messages/msg/__init__.py
[46.880s] -- Symlinking: /home/copperbottoms/code/Copperbottoms/ros_ws/install/custom_messages/local/lib/python3.10/dist-packages/custom_messages/msg/_latency_stats.py
[46.932s] -- Symlinking: /home/copperbottoms/code/Copperbottoms/ros_ws/install/custom_messages/local/lib/python3.10/dist-packages/custom_messages/msg/_latency_stats_s.c
[46.975s] -- Symlinking: /home/copperbottoms/code/Copperbottoms/ros_ws/install/custom_messages/local/lib/python3.10/dist-packages/custom_messages/msg/_rate_stats.py
[47.020s] -- Symlinking: /home/copperbottoms/code/Copperbottoms/ros_ws/install/custom_messages/local/lib/python3.10/dist-packages/custom_messages/msg/_rate_stats_s.c
[47.065s] -- Symlinking: /home/copperbottoms/code/Copperbottoms/ros_ws/install/custom_messages/local/lib/python3.10/dist-packages/custom_messages/msg/_slow.py
[47.108s] -- Symlinking: /home/copperbottoms/code/Copperbottoms/ros_ws/install/custom_messages/local/lib/python3.10/dist-packages/custom_messages/msg/_slow_s.c
[47.158s] -- Up-to-date symlink: /home/copperbottoms/code/Copperbottoms/ros_ws/install/custom_messages/local/lib/python3.10/dist-packages/custom_messages/custom_messages_s__rosidl_typesupport_fastrtps_c.cpython-310-aarch64-linux-gnu.so
[47.162s] -- Up-to-date symlink: /home/copperbottoms/code/Copperbottoms/ros_ws/install/custom_messages/local/lib/python3.10/dist-packages/custom_messages/custom_messages_s__rosidl_typesupport_introspection_c.cpython-310-aarch64-linux-gnu.so
[47.166s] -- Up-to-date symlink: /home/copperbottoms/code/Copperbottoms/ros_ws/install/custom_messages/local/lib/python3.10/dist-packages/custom_messages/custom_messages_s__rosidl_typesupport_c.cpython-310-aarch64-linux-gnu.so
[47.169s] -- Symlinking: /home/copperbottoms/code/Copperbottoms/ros_ws/install/custom_messages/share/custom_messages/msg/Slow.idl
[47.212s] -- Symlinking: /home/copperbottoms/code/Copperbottoms/ros_ws/install/custom_messages/share/custom_messages/msg/LatencyStats.idl
[47.259s] -- Symlinking: /home/copperbottoms/code/Copperbottoms/ros_ws/install/custom_messages/share/custom_messages/msg/RateStats.idl
[47.303s] -- Symlinking: /home/copperbottoms/code/Copperbottoms/ros_ws/install/custom_messages/share/custom_messages/msg/Slow.msg
[47.354s] -- Symlinking: /home/copperbottoms/code/Copperbottoms/ros_ws/install/custom_messages/share/custom_messages/msg/LatencyStats.msg
[47.400s] -- Symlinking: /home/copperbottoms/code/Copperbottoms/ros_ws/install/custom_messages/share/custom_messages/msg/RateStats.msg
[47.451s] -- Symlinking: /home/copperbottoms/code/Copperbottoms/ros_ws/install/custom_messages/share/ament_index/resource_index/package_run_dependencies/custom_messages
[47.502s] -- Symlinking: /home/copperbottoms/code/Copperbottoms/ros_ws/install/custom_messages/share/ament_index/resource_index/parent_prefix_path/custom_messages
[47.561s] -- Symlinking: /home/copperbottoms/code/Copperbottoms/ros_ws/install/custom_messages/share/custom_messages/environment/ament_prefix_path.sh
[47.644s] -- Symlinking: /home/copperbottoms/code/Copperbottoms/ros_ws/install/custom_messages/share/custom_messages/environment/ament_prefix_path.dsv
[47.694s] -- Symlinking: /home/copperbottoms/code/Copperbottoms/ros_ws/install/custom_messages/share/custom_messages/environment/path.sh
[47.744s] -- Symlinking: /home/copperbottoms/code/Copperbottoms/ros_ws/install/custom_messages/share/custom_messages/environment/path.dsv
[47.790s] -- Symlinking: /home/copperbottoms/code/Copperbottoms/ros_ws/install/custom_messages/share/custom_messages/local_setup.bash
[47.846s] -- Symlinking: /home/copperbottoms/code/Copperbottoms/ros_ws/install/custom_messages/share/custom_messages/local_setup.sh
[47.896s] -- Symlinking: /home/copperbottoms/code/Copperbottoms/ros_ws/install/custom_messages/share/custom_messages/local_setup.zsh
[47.948s] -- Symlinking: /home/copperbottoms/code/Copperbottoms/ros_ws/install/custom_messages/share/custom_messages/local_setup.dsv
[47.999s] -- Symlinking: /home/copperbottoms/code/Copperbottoms/ros_ws/install/custom_messages/share/custom_messages/package.dsv
[48.056s] -- Symlinking: /home/copperbottoms/code/Copperbottoms/ros_ws/install/custom_messages/share/ament_index/resource_index/packages/custom_messages
[48.108s] -- Symlinking: /home/copperbottoms/code/Copperbottoms/ros_ws/install/custom_messages/share/custom_messages/cmake/rosidl_cmake-extras.cmake
[48.161s] -- Symlinking: /home/copperbottoms/code/Copperbottoms/ros_ws/install/custom_messages/share/custom_messages/cmake/ament_cmake_export_dependencies-extras.cmake
[48.211s] -- Symlinking: /home/copperbottoms/code/Copperbottoms/ros_ws/install/custom_messages/share/custom_messages/cmake/ament_cmake_export_include_directories-extras.cmake
[48.268s] -- Symlinking: /home/copperbottoms/code/Copperbottoms/ros_ws/install/custom_messages/share/custom_messages/cmake/ament_cmake_export_libraries-extras.cmake
[48.320s] -- Symlinking: /home/copperbottoms/code/Copperbottoms/ros_ws/install/custom_messages/share/custom_messages/cmake/ament_cmake_export_targets-extras.cmake
[48.375s] -- Symlinking: /home/copperbottoms/code/Copperbottoms/ros_ws/install/custom_messages/share/custom_messages/cmake/rosidl_cmake_export_typesupport_targets-extras.cmake
[48.437s] -- Symlinking: /home/copperbottoms/code/Copperbottoms/ros_ws/install/custom_messages/share/custom_messages/cmake/rosidl_cmake_export_typesupport_libraries-extras.cmake
[48.489s] -- Symlinking: /home/copperbottoms/code/Copperbottoms/ros_ws/install/custom_messages/share/custom_messages/cmake/custom_messagesConfig.cmake
[48.544s] -- Symlinking: /home/copperbottoms/code/Copperbottoms/ros_ws/install/custom_messages/share/custom_messages/cmake/custom_messagesConfig-version.cmake
[48.592s] -- Symlinking: /home/copperbottoms/code/Copperbottoms/ros_ws/install/custom_messages/share/custom_messages/package.xml
[48.647s] -- Installing: /home/copperbottoms/code/Copperbottoms/ros_ws/install/custom_messages/lib/libcustom_messages__rosidl_generator_c.so
[48.675s] -- Set runtime path of "/home/copperbottoms/code/Copperbottoms/ros_ws/install/custom_messages/lib/libcustom_messages__rosidl_generator_c.so" to ""
[48.679s] -- Installing: /home/copperbottoms/code/Copperbottoms/ros_ws/install/custom_messages/lib/libcustom_messages__rosidl_typesupport_fastrtps_c.so
[48.692s] -- Set runtime path of "/home/copperbottoms/code/Copperbottoms/ros_ws/install/custom_messages/lib/libcustom_messages__rosidl_typesupport_fastrtps_c.so" to ""
[48.701s] -- Installing: /home/copperbottoms/code/Copperbottoms/ros_ws/install/custom_messages/lib/libcustom_messages__rosidl_typesupport_introspection_c.so
[48.706s] -- Set runtime path of "/home/copperbottoms/code/Copperbottoms/ros_ws/install/custom_messages/lib/libcustom_messages__rosidl_typesupport_introspection_c.so" to ""
[48.709s] -- Installing: /home/copperbottoms/code/Copperbottoms/ros_ws/install/custom_messages/lib/libcustom_messages__rosidl_typesupport_c.so
[48.714s] -- Set runtime path of "/home/copperbottoms/code/Copperbottoms/ros_ws/install/custom_messages/lib/libcustom_messages__rosidl_typesupport_c.so" to ""
[48.717s] -- Installing: /home/copperbottoms/code/Copperbottoms/ros_ws/install/custom_messages/lib/libcustom_messages__rosidl_typesupport_fastrtps_cpp.so
[48.729s] -- Set runtime path of "/home/copperbottoms/code/Copperbottoms/ros_ws/install/custom_messages/lib/libcustom_messages__rosidl_typesupport_fastrtps_cpp.so" to ""
[48.737s] -- Installing: /home/copperbottoms/code/Copperbottoms/ros_ws/install/custom_messages/lib/libcustom_messages__rosidl_typesupport_introspection_cpp.so
[48.750s] -- Set runtime path of "/home/copperbottoms/code/Copperbottoms/ros_ws/install/custom_messages/lib/libcustom_messages__rosidl_typesupport_introspection_cpp.so" to ""
[48.752s] -- Installing: /home/copperbottoms/code/Copperbottoms/ros_ws/install/custom_messages/lib/libcustom_messages__rosidl_typesupport_cpp.so
[48.766s] -- Set runtime path of "/home/copperbottoms/code/Copperbottoms/ros_ws/install/custom_messages/lib/libcustom_messages__rosidl_typesupport_cpp.so" to ""
[49.246s] Listing '/home/copperbottoms/code/Copperbottoms/ros_ws/install/custom_messages/local/lib/python3.10/dist-packages/custom_messages'...
[49.247s] Compiling '/home/copperbottoms/code/Copperbottoms/ros_ws/install/custom_messages/local/lib/python3.10/dist-packages/custom_messages/__init__.py'...
[49.249s] Listing '/home/copperbottoms/code/Copperbottoms/ros_ws/install/custom_messages/local/lib/python3.10/dist-packages/custom_messages/msg'...
[49.250s] Compiling '/home/copperbottoms/code/Copperbottoms/ros_ws/install/custom_messages/local/lib/python3.10/dist-packages/custom_messages/msg/__init__.py'...
[49.252s] Compiling '/home/copperbottoms/code/Copperbottoms/ros_ws/install/custom_messages/local/lib/python3.10/dist-packages/custom_messages/msg/_latency_stats.py'...
[49.262s] Compiling '/home/copperbottoms/code/Copperbottoms/ros_ws/install/custom_messages/local/lib/python3.10/dist-packages/custom_messages/msg/_rate_stats.py'...
[49.263s] Compiling '/home/copperbottoms/code/Copperbottoms/ros_ws/install/custom_messages/local/lib/python3.10/dist-packages/custom_messages/msg/_slow.py'...
[49.292s] -- Installing: /home/copperbottoms/code/Copperbottoms/ros_ws/install/custom_messages/lib/libcustom_messages__rosidl_generator_py.so
[49.309s] -- Set runtime path of "/home/copperbottoms/code/Copperbottoms/ros_ws/install/custom_messages/lib/libcustom_messages__rosidl_generator_py.so" to ""
[49.313s] -- Installing: /home/copperbottoms/code/Copperbottoms/ros_ws/install/custom_messages/share/custom_messages/cmake/export_custom_messages__rosidl_generator_cExport.cmake
[49.317s] -- Installing: /home/copperbottoms/code/Copperbottoms/ros_ws/install/custom_messages/share/custom_messages/cmake/export_custom_messages__rosidl_generator_cExport-noconfig.cmake
[49.322s] -- Installing: /home/copperbottoms/code/Copperbottoms/ros_ws/install/custom_messages/share/custom_messages/cmake/export_custom_messages__rosidl_typesupport_fastrtps_cExport.cmake
[49.327s] -- Installing: /home/copperbottoms/code/Copperbottoms/ros_ws/install/custom_messages/share/custom_messages/cmake/export_custom_messages__rosidl_typesupport_fastrtps_cExport-noconfig.cmake
[49.342s] -- Installing: /home/copperbottoms/code/Copperbottoms/ros_ws/install/custom_messages/share/custom_messages/cmake/custom_messages__rosidl_typesupport_introspection_cExport.cmake
[49.346s] -- Installing: /home/copperbottoms/code/Copperbottoms/ros_ws/install/custom_messages/share/custom_messages/cmake/custom_messages__rosidl_typesupport_introspection_cExport-noconfig.cmake
[49.352s] -- Installing: /home/copperbottoms/code/Copperbottoms/ros_ws/install/custom_messages/share/custom_messages/cmake/custom_messages__rosidl_typesupport_cExport.cmake
[49.356s] -- Installing: /home/copperbottoms/code/Copperbottoms/ros_ws/install/custom_messages/share/custom_messages/cmake/custom_messages__rosidl_typesupport_cExport-noconfig.cmake
[49.360s] -- Installing: /home/copperbottoms/code/Copperbottoms/ros_ws/install/custom_messages/share/custom_messages/cmake/export_custom_messages__rosidl_generator_cppExport.cmake
[49.363s] -- Installing: /home/copperbottoms/code/Copperbottoms/ros_ws/install/custom_messages/share/custom_messages/cmake/export_custom_messages__rosidl_typesupport_fastrtps_cppExport.cmake
[49.367s] -- Installing: /home/copperbottoms/code/Copperbottoms/ros_ws/install/custom_messages/share/custom_messages/cmake/export_custom_messages__rosidl_typesupport_fastrtps_cppExport-noconfig.cmake
[49.376s] -- Installing: /home/copperbottoms/code/Copperbottoms/ros_ws/install/custom_messages/share/custom_messages/cmake/custom_messages__rosidl_typesupport_introspection_cppExport.cmake
[49.379s] -- Installing: /home/copperbottoms/code/Copperbottoms/ros_ws/install/custom_messages/share/custom_messages/cmake/custom_messages__rosidl_typesupport_introspection_cppExport-noconfig.cmake
[49.387s] -- Installing: /home/copperbottoms/code/Copperbottoms/ros_ws/install/custom_messages/share/custom_messages/cmake/custom_messages__rosidl_typesupport_cppExport.cmake
[49.390s] -- Installing: /home/copperbottoms/code/Copperbottoms/ros_ws/install/custom_messages/share/custom_messages/cmake/custom_messages__rosidl_typesupport_cppExport-noconfig.cmake
[49.393s] -- Installing: /home/copperbottoms/code/Copperbottoms/ros_ws/install/custom_messages/share/custom_messages/cmake/export_custom_messages__rosidl_generator_pyExport.cmake
[49.396s] -- Installing: /home/copperbottoms/code/Copperbottoms/ros_ws/install/custom_messages/share/custom_messages/cmake/export_custom_messages__rosidl_generator_pyExport-noconfig.cmake
[49.414s] Invoked command in '/home/copperbottoms/code/Copperbottoms/ros_ws/build/custom_messages' returned '0': CMAKE_PREFIX_PATH=${CMAKE_PREFIX_PATH}:/home/copperbottoms/code/Copperbottoms/ros_ws/install/realsense_publisher:/home/copperbottoms/code/Copperbottoms/ros_ws/install/obstacle_avoidance:/home/copperbottoms/code/Copperbottoms/ros_ws/install/landmark_slam:/home/copperbottoms/code/Copperbottoms/ros_ws/install/camera_navigation:/opt/ros/humble /usr/bin/cmake --install /home/copperbottoms/code/Copperbottoms/ros_ws/build/custom_messages
