[0.046s] Invoking command in '/home/copperbottoms/code/Copperbottoms/ros_ws/build/custom_messages': /usr/bin/cmake /home/copperbottoms/code/Copperbottoms/ros_ws/src/custom_messages -DCMAKE_INSTALL_PREFIX=/home/copperbottoms/code/Copperbottoms/ros_ws/install/custom_messages
[0.104s] -- Found ament_cmake: 1.3.12 (/opt/ros/humble/share/ament_cmake/cmake)
[0.717s] -- Found rosidl_default_generators: 1.2.0 (/opt/ros/humble/share/rosidl_default_generators/cmake)
[0.725s] -- Using all available rosidl_typesupport_c: rosidl_typesupport_fastrtps_c;rosidl_typesupport_introspection_c
[0.737s] -- Found rosidl_adapter: 3.1.8 (/opt/ros/humble/share/rosidl_adapter/cmake)
[0.926s] -- Using all available rosidl_typesupport_cpp: rosidl_typesupport_fastrtps_cpp;rosidl_typesupport_introspection_cpp
[1.841s] Error parsing '/home/copperbottoms/code/Copperbottoms/ros_ws/src/custom_messages/package.xml':
[2.032s] Traceback (most recent call last):
[2.033s]   File "/opt/ros/humble/share/ament_cmake_core/cmake/core/package_xml_2_cmake.py", line 150, in <module>
[2.033s]     main()
[2.034s]   File "/opt/ros/humble/share/ament_cmake_core/cmake/core/package_xml_2_cmake.py", line 53, in main
[2.034s]     raise e
[2.034s]   File "/opt/ros/humble/share/ament_cmake_core/cmake/core/package_xml_2_cmake.py", line 49, in main
[2.035s]     package = parse_package_string(
[2.035s]   File "/usr/lib/python3/dist-packages/catkin_pkg/package.py", line 788, in parse_package_string
[2.036s]     pkg.validate(warnings=warnings)
[2.037s]   File "/usr/lib/python3/dist-packages/catkin_pkg/package.py", line 330, in validate
[2.039s]     raise InvalidPackage('\n'.join(errors), self.filename)
[2.041s] catkin_pkg.package.InvalidPackage: Error(s) in package '/home/copperbottoms/code/Copperbottoms/ros_ws/src/custom_messages/package.xml':
[2.042s] Invalid email "copperbottom" for person "copperbottoms"
[2.118s] [31mCMake Error at /opt/ros/humble/share/ament_cmake_core/cmake/core/ament_package_xml.cmake:95 (message):
[2.118s]   execute_process(/usr/bin/python3
[2.119s]   /opt/ros/humble/share/ament_cmake_core/cmake/core/package_xml_2_cmake.py
[2.120s]   /home/copperbottoms/code/Copperbottoms/ros_ws/src/custom_messages/package.xml
[2.120s]   /home/copperbottoms/code/Copperbottoms/ros_ws/build/custom_messages/ament_cmake_core/package.cmake)
[2.120s]   returned error code 1
[2.121s] Call Stack (most recent call first):
[2.121s]   /opt/ros/humble/share/ament_cmake_core/cmake/core/ament_package_xml.cmake:49 (_ament_package_xml)
[2.121s]   /opt/ros/humble/share/rosidl_cmake/cmake/rosidl_generate_interfaces.cmake:226 (ament_package_xml)
[2.122s]   CMakeLists.txt:15 (rosidl_generate_interfaces)
[2.122s] 
[2.123s] [0m
[2.123s] -- Configuring incomplete, errors occurred!
[2.124s] See also "/home/copperbottoms/code/Copperbottoms/ros_ws/build/custom_messages/CMakeFiles/CMakeOutput.log".
[2.136s] Invoked command in '/home/copperbottoms/code/Copperbottoms/ros_ws/build/custom_messages' returned '1': /usr/bin/cmake /home/copperbottoms/code/Copperbottoms/ros_ws/src/custom_messages -DCMAKE_INSTALL_PREFIX=/home/copperbottoms/code/Copperbottoms/ros_ws/install/custom_messages
