running develop
running egg_info
creating landmark_slam.egg-info
writing landmark_slam.egg-info/PKG-INFO
writing dependency_links to landmark_slam.egg-info/dependency_links.txt
writing entry points to landmark_slam.egg-info/entry_points.txt
writing requirements to landmark_slam.egg-info/requires.txt
writing top-level names to landmark_slam.egg-info/top_level.txt
writing manifest file 'landmark_slam.egg-info/SOURCES.txt'
reading manifest file 'landmark_slam.egg-info/SOURCES.txt'
writing manifest file 'landmark_slam.egg-info/SOURCES.txt'
running build_ext
Creating /home/copperbottoms/code/Copperbottoms/ros_ws/install/landmark_slam/lib/python3.10/site-packages/landmark-slam.egg-link (link to .)
Installing landmark_slam script to /home/copperbottoms/code/Copperbottoms/ros_ws/install/landmark_slam/lib/landmark_slam

Installed /home/copperbottoms/code/Copperbottoms/ros_ws/build/landmark_slam
running symlink_data
creating /home/copperbottoms/code/Copperbottoms/ros_ws/install/landmark_slam/share/ament_index
creating /home/copperbottoms/code/Copperbottoms/ros_ws/install/landmark_slam/share/ament_index/resource_index
creating /home/copperbottoms/code/Copperbottoms/ros_ws/install/landmark_slam/share/ament_index/resource_index/packages
symbolically linking /home/copperbottoms/code/Copperbottoms/ros_ws/build/landmark_slam/resource/landmark_slam -> /home/copperbottoms/code/Copperbottoms/ros_ws/install/landmark_slam/share/ament_index/resource_index/packages
symbolically linking /home/copperbottoms/code/Copperbottoms/ros_ws/build/landmark_slam/package.xml -> /home/copperbottoms/code/Copperbottoms/ros_ws/install/landmark_slam/share/landmark_slam
