running egg_info
creating ../../build/stop_sign/stop_sign.egg-info
writing ../../build/stop_sign/stop_sign.egg-info/PKG-INFO
writing dependency_links to ../../build/stop_sign/stop_sign.egg-info/dependency_links.txt
writing entry points to ../../build/stop_sign/stop_sign.egg-info/entry_points.txt
writing requirements to ../../build/stop_sign/stop_sign.egg-info/requires.txt
writing top-level names to ../../build/stop_sign/stop_sign.egg-info/top_level.txt
writing manifest file '../../build/stop_sign/stop_sign.egg-info/SOURCES.txt'
reading manifest file '../../build/stop_sign/stop_sign.egg-info/SOURCES.txt'
adding license file 'LICENSE'
writing manifest file '../../build/stop_sign/stop_sign.egg-info/SOURCES.txt'
running build
running build_py
creating /home/copperbottoms/code/Copperbottoms/ros_ws/build/stop_sign/build
creating /home/copperbottoms/code/Copperbottoms/ros_ws/build/stop_sign/build/lib
creating /home/copperbottoms/code/Copperbottoms/ros_ws/build/stop_sign/build/lib/stop_sign_detect
copying stop_sign_detect/stop_sign_detect.py -> /home/copperbottoms/code/Copperbottoms/ros_ws/build/stop_sign/build/lib/stop_sign_detect
copying stop_sign_detect/__init__.py -> /home/copperbottoms/code/Copperbottoms/ros_ws/build/stop_sign/build/lib/stop_sign_detect
running install
running install_lib
creating /home/copperbottoms/code/Copperbottoms/ros_ws/install/stop_sign/lib/python3.10/site-packages/stop_sign_detect
copying /home/copperbottoms/code/Copperbottoms/ros_ws/build/stop_sign/build/lib/stop_sign_detect/stop_sign_detect.py -> /home/copperbottoms/code/Copperbottoms/ros_ws/install/stop_sign/lib/python3.10/site-packages/stop_sign_detect
copying /home/copperbottoms/code/Copperbottoms/ros_ws/build/stop_sign/build/lib/stop_sign_detect/__init__.py -> /home/copperbottoms/code/Copperbottoms/ros_ws/install/stop_sign/lib/python3.10/site-packages/stop_sign_detect
byte-compiling /home/copperbottoms/code/Copperbottoms/ros_ws/install/stop_sign/lib/python3.10/site-packages/stop_sign_detect/stop_sign_detect.py to stop_sign_detect.cpython-310.pyc
byte-compiling /home/copperbottoms/code/Copperbottoms/ros_ws/install/stop_sign/lib/python3.10/site-packages/stop_sign_detect/__init__.py to __init__.cpython-310.pyc
running install_data
creating /home/copperbottoms/code/Copperbottoms/ros_ws/install/stop_sign/share
creating /home/copperbottoms/code/Copperbottoms/ros_ws/install/stop_sign/share/ament_index
creating /home/copperbottoms/code/Copperbottoms/ros_ws/install/stop_sign/share/ament_index/resource_index
creating /home/copperbottoms/code/Copperbottoms/ros_ws/install/stop_sign/share/ament_index/resource_index/packages
copying resource/stop_sign -> /home/copperbottoms/code/Copperbottoms/ros_ws/install/stop_sign/share/ament_index/resource_index/packages
creating /home/copperbottoms/code/Copperbottoms/ros_ws/install/stop_sign/share/stop_sign
copying package.xml -> /home/copperbottoms/code/Copperbottoms/ros_ws/install/stop_sign/share/stop_sign
running install_egg_info
Copying ../../build/stop_sign/stop_sign.egg-info to /home/copperbottoms/code/Copperbottoms/ros_ws/install/stop_sign/lib/python3.10/site-packages/stop_sign-0.0.0-py3.10.egg-info
running install_scripts
Installing stop_sign_detect script to /home/copperbottoms/code/Copperbottoms/ros_ws/install/stop_sign/lib/stop_sign
writing list of installed files to '/home/copperbottoms/code/Copperbottoms/ros_ws/build/stop_sign/install.log'
