[0.539s] DEBUG:colcon:Command line arguments: ['/usr/bin/colcon', 'build', '--packages-select', 'amy_test']
[0.540s] DEBUG:colcon:Parsed command line arguments: Namespace(log_base=None, log_level=None, verb_name='build', build_base='build', install_base='install', merge_install=False, symlink_install=False, test_result_base=None, continue_on_error=False, executor='parallel', parallel_workers=4, event_handlers=None, ignore_user_meta=False, metas=['./colcon.meta'], base_paths=['.'], packages_ignore=None, packages_ignore_regex=None, paths=None, packages_up_to=None, packages_up_to_regex=None, packages_above=None, packages_above_and_dependencies=None, packages_above_depth=None, packages_select_by_dep=None, packages_skip_by_dep=None, packages_skip_up_to=None, packages_select_build_failed=False, packages_skip_build_finished=False, packages_select_test_failures=False, packages_skip_test_passed=False, packages_select=['amy_test'], packages_skip=None, packages_select_regex=None, packages_skip_regex=None, packages_start=None, packages_end=None, allow_overriding=[], cmake_args=None, cmake_target=None, cmake_target_skip_unavailable=False, cmake_clean_cache=False, cmake_clean_first=False, cmake_force_configure=False, ament_cmake_args=None, catkin_cmake_args=None, catkin_skip_building_tests=False, mixin_files=None, mixin=None, verb_parser=<colcon_mixin.mixin.mixin_argument.MixinArgumentDecorator object at 0xffffa25d3a90>, verb_extension=<colcon_core.verb.build.BuildVerb object at 0xffffa27c4a30>, main=<bound method BuildVerb.main of <colcon_core.verb.build.BuildVerb object at 0xffffa27c4a30>>, mixin_verb=('build',))
[1.560s] Level 1:colcon.colcon_core.package_discovery:discover_packages(colcon_meta) check parameters
[1.561s] Level 1:colcon.colcon_core.package_discovery:discover_packages(recursive) check parameters
[1.561s] Level 1:colcon.colcon_core.package_discovery:discover_packages(ignore) check parameters
[1.561s] Level 1:colcon.colcon_core.package_discovery:discover_packages(path) check parameters
[1.561s] Level 1:colcon.colcon_core.package_discovery:discover_packages(colcon_meta) discover
[1.562s] Level 1:colcon.colcon_core.package_discovery:discover_packages(recursive) discover
[1.562s] INFO:colcon.colcon_core.package_discovery:Crawling recursively for packages in '/home/copperbottoms/code/Copperbottoms/ros_ws'
[1.563s] Level 1:colcon.colcon_core.package_identification:_identify(.) by extensions ['ignore', 'ignore_ament_install']
[1.563s] Level 1:colcon.colcon_core.package_identification:_identify(.) by extension 'ignore'
[1.563s] Level 1:colcon.colcon_core.package_identification:_identify(.) by extension 'ignore_ament_install'
[1.564s] Level 1:colcon.colcon_core.package_identification:_identify(.) by extensions ['colcon_pkg']
[1.564s] Level 1:colcon.colcon_core.package_identification:_identify(.) by extension 'colcon_pkg'
[1.564s] Level 1:colcon.colcon_core.package_identification:_identify(.) by extensions ['colcon_meta']
[1.564s] Level 1:colcon.colcon_core.package_identification:_identify(.) by extension 'colcon_meta'
[1.564s] Level 1:colcon.colcon_core.package_identification:_identify(.) by extensions ['ros']
[1.564s] Level 1:colcon.colcon_core.package_identification:_identify(.) by extension 'ros'
[1.610s] Level 1:colcon.colcon_core.package_identification:_identify(.) by extensions ['cmake', 'python']
[1.610s] Level 1:colcon.colcon_core.package_identification:_identify(.) by extension 'cmake'
[1.611s] Level 1:colcon.colcon_core.package_identification:_identify(.) by extension 'python'
[1.611s] Level 1:colcon.colcon_core.package_identification:_identify(.) by extensions ['python_setup_py']
[1.611s] Level 1:colcon.colcon_core.package_identification:_identify(.) by extension 'python_setup_py'
[1.612s] Level 1:colcon.colcon_core.package_identification:_identify(build) by extensions ['ignore', 'ignore_ament_install']
[1.612s] Level 1:colcon.colcon_core.package_identification:_identify(build) by extension 'ignore'
[1.612s] Level 1:colcon.colcon_core.package_identification:_identify(build) ignored
[1.613s] Level 1:colcon.colcon_core.package_identification:_identify(install) by extensions ['ignore', 'ignore_ament_install']
[1.614s] Level 1:colcon.colcon_core.package_identification:_identify(install) by extension 'ignore'
[1.614s] Level 1:colcon.colcon_core.package_identification:_identify(install) ignored
[1.615s] Level 1:colcon.colcon_core.package_identification:_identify(log) by extensions ['ignore', 'ignore_ament_install']
[1.615s] Level 1:colcon.colcon_core.package_identification:_identify(log) by extension 'ignore'
[1.616s] Level 1:colcon.colcon_core.package_identification:_identify(log) ignored
[1.616s] Level 1:colcon.colcon_core.package_identification:_identify(rosbag2_2026_04_28-12_33_23) by extensions ['ignore', 'ignore_ament_install']
[1.616s] Level 1:colcon.colcon_core.package_identification:_identify(rosbag2_2026_04_28-12_33_23) by extension 'ignore'
[1.617s] Level 1:colcon.colcon_core.package_identification:_identify(rosbag2_2026_04_28-12_33_23) by extension 'ignore_ament_install'
[1.617s] Level 1:colcon.colcon_core.package_identification:_identify(rosbag2_2026_04_28-12_33_23) by extensions ['colcon_pkg']
[1.617s] Level 1:colcon.colcon_core.package_identification:_identify(rosbag2_2026_04_28-12_33_23) by extension 'colcon_pkg'
[1.617s] Level 1:colcon.colcon_core.package_identification:_identify(rosbag2_2026_04_28-12_33_23) by extensions ['colcon_meta']
[1.618s] Level 1:colcon.colcon_core.package_identification:_identify(rosbag2_2026_04_28-12_33_23) by extension 'colcon_meta'
[1.618s] Level 1:colcon.colcon_core.package_identification:_identify(rosbag2_2026_04_28-12_33_23) by extensions ['ros']
[1.618s] Level 1:colcon.colcon_core.package_identification:_identify(rosbag2_2026_04_28-12_33_23) by extension 'ros'
[1.619s] Level 1:colcon.colcon_core.package_identification:_identify(rosbag2_2026_04_28-12_33_23) by extensions ['cmake', 'python']
[1.619s] Level 1:colcon.colcon_core.package_identification:_identify(rosbag2_2026_04_28-12_33_23) by extension 'cmake'
[1.619s] Level 1:colcon.colcon_core.package_identification:_identify(rosbag2_2026_04_28-12_33_23) by extension 'python'
[1.620s] Level 1:colcon.colcon_core.package_identification:_identify(rosbag2_2026_04_28-12_33_23) by extensions ['python_setup_py']
[1.620s] Level 1:colcon.colcon_core.package_identification:_identify(rosbag2_2026_04_28-12_33_23) by extension 'python_setup_py'
[1.621s] Level 1:colcon.colcon_core.package_identification:_identify(src) by extensions ['ignore', 'ignore_ament_install']
[1.621s] Level 1:colcon.colcon_core.package_identification:_identify(src) by extension 'ignore'
[1.622s] Level 1:colcon.colcon_core.package_identification:_identify(src) by extension 'ignore_ament_install'
[1.622s] Level 1:colcon.colcon_core.package_identification:_identify(src) by extensions ['colcon_pkg']
[1.622s] Level 1:colcon.colcon_core.package_identification:_identify(src) by extension 'colcon_pkg'
[1.623s] Level 1:colcon.colcon_core.package_identification:_identify(src) by extensions ['colcon_meta']
[1.623s] Level 1:colcon.colcon_core.package_identification:_identify(src) by extension 'colcon_meta'
[1.623s] Level 1:colcon.colcon_core.package_identification:_identify(src) by extensions ['ros']
[1.623s] Level 1:colcon.colcon_core.package_identification:_identify(src) by extension 'ros'
[1.624s] Level 1:colcon.colcon_core.package_identification:_identify(src) by extensions ['cmake', 'python']
[1.624s] Level 1:colcon.colcon_core.package_identification:_identify(src) by extension 'cmake'
[1.624s] Level 1:colcon.colcon_core.package_identification:_identify(src) by extension 'python'
[1.624s] Level 1:colcon.colcon_core.package_identification:_identify(src) by extensions ['python_setup_py']
[1.624s] Level 1:colcon.colcon_core.package_identification:_identify(src) by extension 'python_setup_py'
[1.625s] Level 1:colcon.colcon_core.package_identification:_identify(src/Camera_Navigation) by extensions ['ignore', 'ignore_ament_install']
[1.626s] Level 1:colcon.colcon_core.package_identification:_identify(src/Camera_Navigation) by extension 'ignore'
[1.626s] Level 1:colcon.colcon_core.package_identification:_identify(src/Camera_Navigation) by extension 'ignore_ament_install'
[1.626s] Level 1:colcon.colcon_core.package_identification:_identify(src/Camera_Navigation) by extensions ['colcon_pkg']
[1.626s] Level 1:colcon.colcon_core.package_identification:_identify(src/Camera_Navigation) by extension 'colcon_pkg'
[1.627s] Level 1:colcon.colcon_core.package_identification:_identify(src/Camera_Navigation) by extensions ['colcon_meta']
[1.627s] Level 1:colcon.colcon_core.package_identification:_identify(src/Camera_Navigation) by extension 'colcon_meta'
[1.627s] Level 1:colcon.colcon_core.package_identification:_identify(src/Camera_Navigation) by extensions ['ros']
[1.627s] Level 1:colcon.colcon_core.package_identification:_identify(src/Camera_Navigation) by extension 'ros'
[1.637s] DEBUG:colcon.colcon_core.package_identification:Package 'src/Camera_Navigation' with type 'ros.ament_python' and name 'camera_navigation'
[1.639s] Level 1:colcon.colcon_core.package_identification:_identify(src/SLAM) by extensions ['ignore', 'ignore_ament_install']
[1.640s] Level 1:colcon.colcon_core.package_identification:_identify(src/SLAM) by extension 'ignore'
[1.640s] Level 1:colcon.colcon_core.package_identification:_identify(src/SLAM) by extension 'ignore_ament_install'
[1.641s] Level 1:colcon.colcon_core.package_identification:_identify(src/SLAM) by extensions ['colcon_pkg']
[1.641s] Level 1:colcon.colcon_core.package_identification:_identify(src/SLAM) by extension 'colcon_pkg'
[1.641s] Level 1:colcon.colcon_core.package_identification:_identify(src/SLAM) by extensions ['colcon_meta']
[1.641s] Level 1:colcon.colcon_core.package_identification:_identify(src/SLAM) by extension 'colcon_meta'
[1.641s] Level 1:colcon.colcon_core.package_identification:_identify(src/SLAM) by extensions ['ros']
[1.642s] Level 1:colcon.colcon_core.package_identification:_identify(src/SLAM) by extension 'ros'
[1.642s] Level 1:colcon.colcon_core.package_identification:_identify(src/SLAM) by extensions ['cmake', 'python']
[1.642s] Level 1:colcon.colcon_core.package_identification:_identify(src/SLAM) by extension 'cmake'
[1.642s] Level 1:colcon.colcon_core.package_identification:_identify(src/SLAM) by extension 'python'
[1.642s] Level 1:colcon.colcon_core.package_identification:_identify(src/SLAM) by extensions ['python_setup_py']
[1.643s] Level 1:colcon.colcon_core.package_identification:_identify(src/SLAM) by extension 'python_setup_py'
[1.643s] Level 1:colcon.colcon_core.package_identification:_identify(src/SLAM/__pycache__) by extensions ['ignore', 'ignore_ament_install']
[1.644s] Level 1:colcon.colcon_core.package_identification:_identify(src/SLAM/__pycache__) by extension 'ignore'
[1.644s] Level 1:colcon.colcon_core.package_identification:_identify(src/SLAM/__pycache__) by extension 'ignore_ament_install'
[1.644s] Level 1:colcon.colcon_core.package_identification:_identify(src/SLAM/__pycache__) by extensions ['colcon_pkg']
[1.644s] Level 1:colcon.colcon_core.package_identification:_identify(src/SLAM/__pycache__) by extension 'colcon_pkg'
[1.645s] Level 1:colcon.colcon_core.package_identification:_identify(src/SLAM/__pycache__) by extensions ['colcon_meta']
[1.645s] Level 1:colcon.colcon_core.package_identification:_identify(src/SLAM/__pycache__) by extension 'colcon_meta'
[1.645s] Level 1:colcon.colcon_core.package_identification:_identify(src/SLAM/__pycache__) by extensions ['ros']
[1.645s] Level 1:colcon.colcon_core.package_identification:_identify(src/SLAM/__pycache__) by extension 'ros'
[1.645s] Level 1:colcon.colcon_core.package_identification:_identify(src/SLAM/__pycache__) by extensions ['cmake', 'python']
[1.646s] Level 1:colcon.colcon_core.package_identification:_identify(src/SLAM/__pycache__) by extension 'cmake'
[1.646s] Level 1:colcon.colcon_core.package_identification:_identify(src/SLAM/__pycache__) by extension 'python'
[1.646s] Level 1:colcon.colcon_core.package_identification:_identify(src/SLAM/__pycache__) by extensions ['python_setup_py']
[1.646s] Level 1:colcon.colcon_core.package_identification:_identify(src/SLAM/__pycache__) by extension 'python_setup_py'
[1.647s] Level 1:colcon.colcon_core.package_identification:_identify(src/SLAM/waypoint_nav) by extensions ['ignore', 'ignore_ament_install']
[1.647s] Level 1:colcon.colcon_core.package_identification:_identify(src/SLAM/waypoint_nav) by extension 'ignore'
[1.648s] Level 1:colcon.colcon_core.package_identification:_identify(src/SLAM/waypoint_nav) by extension 'ignore_ament_install'
[1.648s] Level 1:colcon.colcon_core.package_identification:_identify(src/SLAM/waypoint_nav) by extensions ['colcon_pkg']
[1.648s] Level 1:colcon.colcon_core.package_identification:_identify(src/SLAM/waypoint_nav) by extension 'colcon_pkg'
[1.648s] Level 1:colcon.colcon_core.package_identification:_identify(src/SLAM/waypoint_nav) by extensions ['colcon_meta']
[1.649s] Level 1:colcon.colcon_core.package_identification:_identify(src/SLAM/waypoint_nav) by extension 'colcon_meta'
[1.649s] Level 1:colcon.colcon_core.package_identification:_identify(src/SLAM/waypoint_nav) by extensions ['ros']
[1.649s] Level 1:colcon.colcon_core.package_identification:_identify(src/SLAM/waypoint_nav) by extension 'ros'
[1.649s] Level 1:colcon.colcon_core.package_identification:_identify(src/SLAM/waypoint_nav) by extensions ['cmake', 'python']
[1.650s] Level 1:colcon.colcon_core.package_identification:_identify(src/SLAM/waypoint_nav) by extension 'cmake'
[1.650s] Level 1:colcon.colcon_core.package_identification:_identify(src/SLAM/waypoint_nav) by extension 'python'
[1.650s] Level 1:colcon.colcon_core.package_identification:_identify(src/SLAM/waypoint_nav) by extensions ['python_setup_py']
[1.650s] Level 1:colcon.colcon_core.package_identification:_identify(src/SLAM/waypoint_nav) by extension 'python_setup_py'
[1.651s] Level 1:colcon.colcon_core.package_identification:_identify(src/__pycache__) by extensions ['ignore', 'ignore_ament_install']
[1.651s] Level 1:colcon.colcon_core.package_identification:_identify(src/__pycache__) by extension 'ignore'
[1.651s] Level 1:colcon.colcon_core.package_identification:_identify(src/__pycache__) by extension 'ignore_ament_install'
[1.652s] Level 1:colcon.colcon_core.package_identification:_identify(src/__pycache__) by extensions ['colcon_pkg']
[1.652s] Level 1:colcon.colcon_core.package_identification:_identify(src/__pycache__) by extension 'colcon_pkg'
[1.652s] Level 1:colcon.colcon_core.package_identification:_identify(src/__pycache__) by extensions ['colcon_meta']
[1.652s] Level 1:colcon.colcon_core.package_identification:_identify(src/__pycache__) by extension 'colcon_meta'
[1.652s] Level 1:colcon.colcon_core.package_identification:_identify(src/__pycache__) by extensions ['ros']
[1.652s] Level 1:colcon.colcon_core.package_identification:_identify(src/__pycache__) by extension 'ros'
[1.653s] Level 1:colcon.colcon_core.package_identification:_identify(src/__pycache__) by extensions ['cmake', 'python']
[1.653s] Level 1:colcon.colcon_core.package_identification:_identify(src/__pycache__) by extension 'cmake'
[1.653s] Level 1:colcon.colcon_core.package_identification:_identify(src/__pycache__) by extension 'python'
[1.653s] Level 1:colcon.colcon_core.package_identification:_identify(src/__pycache__) by extensions ['python_setup_py']
[1.653s] Level 1:colcon.colcon_core.package_identification:_identify(src/__pycache__) by extension 'python_setup_py'
[1.654s] Level 1:colcon.colcon_core.package_identification:_identify(src/amy_test) by extensions ['ignore', 'ignore_ament_install']
[1.654s] Level 1:colcon.colcon_core.package_identification:_identify(src/amy_test) by extension 'ignore'
[1.655s] Level 1:colcon.colcon_core.package_identification:_identify(src/amy_test) by extension 'ignore_ament_install'
[1.655s] Level 1:colcon.colcon_core.package_identification:_identify(src/amy_test) by extensions ['colcon_pkg']
[1.655s] Level 1:colcon.colcon_core.package_identification:_identify(src/amy_test) by extension 'colcon_pkg'
[1.656s] Level 1:colcon.colcon_core.package_identification:_identify(src/amy_test) by extensions ['colcon_meta']
[1.656s] Level 1:colcon.colcon_core.package_identification:_identify(src/amy_test) by extension 'colcon_meta'
[1.656s] Level 1:colcon.colcon_core.package_identification:_identify(src/amy_test) by extensions ['ros']
[1.656s] Level 1:colcon.colcon_core.package_identification:_identify(src/amy_test) by extension 'ros'
[1.659s] DEBUG:colcon.colcon_core.package_identification:Package 'src/amy_test' with type 'ros.ament_cmake' and name 'amy_test'
[1.660s] Level 1:colcon.colcon_core.package_identification:_identify(src/custom_messages) by extensions ['ignore', 'ignore_ament_install']
[1.661s] Level 1:colcon.colcon_core.package_identification:_identify(src/custom_messages) by extension 'ignore'
[1.661s] Level 1:colcon.colcon_core.package_identification:_identify(src/custom_messages) by extension 'ignore_ament_install'
[1.662s] Level 1:colcon.colcon_core.package_identification:_identify(src/custom_messages) by extensions ['colcon_pkg']
[1.662s] Level 1:colcon.colcon_core.package_identification:_identify(src/custom_messages) by extension 'colcon_pkg'
[1.662s] Level 1:colcon.colcon_core.package_identification:_identify(src/custom_messages) by extensions ['colcon_meta']
[1.663s] Level 1:colcon.colcon_core.package_identification:_identify(src/custom_messages) by extension 'colcon_meta'
[1.663s] Level 1:colcon.colcon_core.package_identification:_identify(src/custom_messages) by extensions ['ros']
[1.663s] Level 1:colcon.colcon_core.package_identification:_identify(src/custom_messages) by extension 'ros'
[1.666s] DEBUG:colcon.colcon_core.package_identification:Package 'src/custom_messages' with type 'ros.ament_cmake' and name 'custom_messages'
[1.667s] Level 1:colcon.colcon_core.package_identification:_identify(src/imu_pose_estimate) by extensions ['ignore', 'ignore_ament_install']
[1.667s] Level 1:colcon.colcon_core.package_identification:_identify(src/imu_pose_estimate) by extension 'ignore'
[1.668s] Level 1:colcon.colcon_core.package_identification:_identify(src/imu_pose_estimate) by extension 'ignore_ament_install'
[1.668s] Level 1:colcon.colcon_core.package_identification:_identify(src/imu_pose_estimate) by extensions ['colcon_pkg']
[1.668s] Level 1:colcon.colcon_core.package_identification:_identify(src/imu_pose_estimate) by extension 'colcon_pkg'
[1.668s] Level 1:colcon.colcon_core.package_identification:_identify(src/imu_pose_estimate) by extensions ['colcon_meta']
[1.668s] Level 1:colcon.colcon_core.package_identification:_identify(src/imu_pose_estimate) by extension 'colcon_meta'
[1.669s] Level 1:colcon.colcon_core.package_identification:_identify(src/imu_pose_estimate) by extensions ['ros']
[1.669s] Level 1:colcon.colcon_core.package_identification:_identify(src/imu_pose_estimate) by extension 'ros'
[1.676s] DEBUG:colcon.colcon_core.package_identification:Package 'src/imu_pose_estimate' with type 'ros.ament_python' and name 'imu_pose_estimate'
[1.677s] Level 1:colcon.colcon_core.package_identification:_identify(src/nav2_waypointing) by extensions ['ignore', 'ignore_ament_install']
[1.677s] Level 1:colcon.colcon_core.package_identification:_identify(src/nav2_waypointing) by extension 'ignore'
[1.678s] Level 1:colcon.colcon_core.package_identification:_identify(src/nav2_waypointing) by extension 'ignore_ament_install'
[1.678s] Level 1:colcon.colcon_core.package_identification:_identify(src/nav2_waypointing) by extensions ['colcon_pkg']
[1.678s] Level 1:colcon.colcon_core.package_identification:_identify(src/nav2_waypointing) by extension 'colcon_pkg'
[1.679s] Level 1:colcon.colcon_core.package_identification:_identify(src/nav2_waypointing) by extensions ['colcon_meta']
[1.679s] Level 1:colcon.colcon_core.package_identification:_identify(src/nav2_waypointing) by extension 'colcon_meta'
[1.679s] Level 1:colcon.colcon_core.package_identification:_identify(src/nav2_waypointing) by extensions ['ros']
[1.679s] Level 1:colcon.colcon_core.package_identification:_identify(src/nav2_waypointing) by extension 'ros'
[1.680s] Level 1:colcon.colcon_core.package_identification:_identify(src/nav2_waypointing) by extensions ['cmake', 'python']
[1.680s] Level 1:colcon.colcon_core.package_identification:_identify(src/nav2_waypointing) by extension 'cmake'
[1.680s] Level 1:colcon.colcon_core.package_identification:_identify(src/nav2_waypointing) by extension 'python'
[1.680s] Level 1:colcon.colcon_core.package_identification:_identify(src/nav2_waypointing) by extensions ['python_setup_py']
[1.681s] Level 1:colcon.colcon_core.package_identification:_identify(src/nav2_waypointing) by extension 'python_setup_py'
[1.681s] Level 1:colcon.colcon_core.package_identification:_identify(src/obstacle_avoidance) by extensions ['ignore', 'ignore_ament_install']
[1.682s] Level 1:colcon.colcon_core.package_identification:_identify(src/obstacle_avoidance) by extension 'ignore'
[1.682s] Level 1:colcon.colcon_core.package_identification:_identify(src/obstacle_avoidance) by extension 'ignore_ament_install'
[1.682s] Level 1:colcon.colcon_core.package_identification:_identify(src/obstacle_avoidance) by extensions ['colcon_pkg']
[1.682s] Level 1:colcon.colcon_core.package_identification:_identify(src/obstacle_avoidance) by extension 'colcon_pkg'
[1.682s] Level 1:colcon.colcon_core.package_identification:_identify(src/obstacle_avoidance) by extensions ['colcon_meta']
[1.682s] Level 1:colcon.colcon_core.package_identification:_identify(src/obstacle_avoidance) by extension 'colcon_meta'
[1.683s] Level 1:colcon.colcon_core.package_identification:_identify(src/obstacle_avoidance) by extensions ['ros']
[1.683s] Level 1:colcon.colcon_core.package_identification:_identify(src/obstacle_avoidance) by extension 'ros'
[1.686s] DEBUG:colcon.colcon_core.package_identification:Package 'src/obstacle_avoidance' with type 'ros.ament_python' and name 'obstacle_avoidance'
[1.687s] Level 1:colcon.colcon_core.package_identification:_identify(src/realsense_publisher) by extensions ['ignore', 'ignore_ament_install']
[1.687s] Level 1:colcon.colcon_core.package_identification:_identify(src/realsense_publisher) by extension 'ignore'
[1.688s] Level 1:colcon.colcon_core.package_identification:_identify(src/realsense_publisher) by extension 'ignore_ament_install'
[1.688s] Level 1:colcon.colcon_core.package_identification:_identify(src/realsense_publisher) by extensions ['colcon_pkg']
[1.688s] Level 1:colcon.colcon_core.package_identification:_identify(src/realsense_publisher) by extension 'colcon_pkg'
[1.688s] Level 1:colcon.colcon_core.package_identification:_identify(src/realsense_publisher) by extensions ['colcon_meta']
[1.688s] Level 1:colcon.colcon_core.package_identification:_identify(src/realsense_publisher) by extension 'colcon_meta'
[1.689s] Level 1:colcon.colcon_core.package_identification:_identify(src/realsense_publisher) by extensions ['ros']
[1.689s] Level 1:colcon.colcon_core.package_identification:_identify(src/realsense_publisher) by extension 'ros'
[1.691s] DEBUG:colcon.colcon_core.package_identification:Package 'src/realsense_publisher' with type 'ros.ament_python' and name 'realsense_publisher'
[1.692s] Level 1:colcon.colcon_core.package_identification:_identify(src/rf2o_laser_odometry) by extensions ['ignore', 'ignore_ament_install']
[1.692s] Level 1:colcon.colcon_core.package_identification:_identify(src/rf2o_laser_odometry) by extension 'ignore'
[1.692s] Level 1:colcon.colcon_core.package_identification:_identify(src/rf2o_laser_odometry) by extension 'ignore_ament_install'
[1.693s] Level 1:colcon.colcon_core.package_identification:_identify(src/rf2o_laser_odometry) by extensions ['colcon_pkg']
[1.693s] Level 1:colcon.colcon_core.package_identification:_identify(src/rf2o_laser_odometry) by extension 'colcon_pkg'
[1.693s] Level 1:colcon.colcon_core.package_identification:_identify(src/rf2o_laser_odometry) by extensions ['colcon_meta']
[1.693s] Level 1:colcon.colcon_core.package_identification:_identify(src/rf2o_laser_odometry) by extension 'colcon_meta'
[1.693s] Level 1:colcon.colcon_core.package_identification:_identify(src/rf2o_laser_odometry) by extensions ['ros']
[1.693s] Level 1:colcon.colcon_core.package_identification:_identify(src/rf2o_laser_odometry) by extension 'ros'
[1.697s] DEBUG:colcon.colcon_core.package_identification:Package 'src/rf2o_laser_odometry' with type 'ros.ament_cmake' and name 'rf2o_laser_odometry'
[1.698s] Level 1:colcon.colcon_core.package_identification:_identify(src/robo_realsense) by extensions ['ignore', 'ignore_ament_install']
[1.699s] Level 1:colcon.colcon_core.package_identification:_identify(src/robo_realsense) by extension 'ignore'
[1.699s] Level 1:colcon.colcon_core.package_identification:_identify(src/robo_realsense) by extension 'ignore_ament_install'
[1.700s] Level 1:colcon.colcon_core.package_identification:_identify(src/robo_realsense) by extensions ['colcon_pkg']
[1.700s] Level 1:colcon.colcon_core.package_identification:_identify(src/robo_realsense) by extension 'colcon_pkg'
[1.700s] Level 1:colcon.colcon_core.package_identification:_identify(src/robo_realsense) by extensions ['colcon_meta']
[1.700s] Level 1:colcon.colcon_core.package_identification:_identify(src/robo_realsense) by extension 'colcon_meta'
[1.701s] Level 1:colcon.colcon_core.package_identification:_identify(src/robo_realsense) by extensions ['ros']
[1.701s] Level 1:colcon.colcon_core.package_identification:_identify(src/robo_realsense) by extension 'ros'
[1.701s] Level 1:colcon.colcon_core.package_identification:_identify(src/robo_realsense) by extensions ['cmake', 'python']
[1.701s] Level 1:colcon.colcon_core.package_identification:_identify(src/robo_realsense) by extension 'cmake'
[1.701s] Level 1:colcon.colcon_core.package_identification:_identify(src/robo_realsense) by extension 'python'
[1.702s] Level 1:colcon.colcon_core.package_identification:_identify(src/robo_realsense) by extensions ['python_setup_py']
[1.702s] Level 1:colcon.colcon_core.package_identification:_identify(src/robo_realsense) by extension 'python_setup_py'
[1.702s] Level 1:colcon.colcon_core.package_identification:_identify(src/robo_realsense/fastsam) by extensions ['ignore', 'ignore_ament_install']
[1.703s] Level 1:colcon.colcon_core.package_identification:_identify(src/robo_realsense/fastsam) by extension 'ignore'
[1.703s] Level 1:colcon.colcon_core.package_identification:_identify(src/robo_realsense/fastsam) by extension 'ignore_ament_install'
[1.703s] Level 1:colcon.colcon_core.package_identification:_identify(src/robo_realsense/fastsam) by extensions ['colcon_pkg']
[1.703s] Level 1:colcon.colcon_core.package_identification:_identify(src/robo_realsense/fastsam) by extension 'colcon_pkg'
[1.704s] Level 1:colcon.colcon_core.package_identification:_identify(src/robo_realsense/fastsam) by extensions ['colcon_meta']
[1.704s] Level 1:colcon.colcon_core.package_identification:_identify(src/robo_realsense/fastsam) by extension 'colcon_meta'
[1.704s] Level 1:colcon.colcon_core.package_identification:_identify(src/robo_realsense/fastsam) by extensions ['ros']
[1.704s] Level 1:colcon.colcon_core.package_identification:_identify(src/robo_realsense/fastsam) by extension 'ros'
[1.705s] Level 1:colcon.colcon_core.package_identification:_identify(src/robo_realsense/fastsam) by extensions ['cmake', 'python']
[1.705s] Level 1:colcon.colcon_core.package_identification:_identify(src/robo_realsense/fastsam) by extension 'cmake'
[1.706s] Level 1:colcon.colcon_core.package_identification:_identify(src/robo_realsense/fastsam) by extension 'python'
[1.706s] Level 1:colcon.colcon_core.package_identification:_identify(src/robo_realsense/fastsam) by extensions ['python_setup_py']
[1.706s] Level 1:colcon.colcon_core.package_identification:_identify(src/robo_realsense/fastsam) by extension 'python_setup_py'
[1.707s] Level 1:colcon.colcon_core.package_identification:_identify(src/robo_realsense/fastsam/slam) by extensions ['ignore', 'ignore_ament_install']
[1.708s] Level 1:colcon.colcon_core.package_identification:_identify(src/robo_realsense/fastsam/slam) by extension 'ignore'
[1.708s] Level 1:colcon.colcon_core.package_identification:_identify(src/robo_realsense/fastsam/slam) by extension 'ignore_ament_install'
[1.709s] Level 1:colcon.colcon_core.package_identification:_identify(src/robo_realsense/fastsam/slam) by extensions ['colcon_pkg']
[1.709s] Level 1:colcon.colcon_core.package_identification:_identify(src/robo_realsense/fastsam/slam) by extension 'colcon_pkg'
[1.709s] Level 1:colcon.colcon_core.package_identification:_identify(src/robo_realsense/fastsam/slam) by extensions ['colcon_meta']
[1.709s] Level 1:colcon.colcon_core.package_identification:_identify(src/robo_realsense/fastsam/slam) by extension 'colcon_meta'
[1.710s] Level 1:colcon.colcon_core.package_identification:_identify(src/robo_realsense/fastsam/slam) by extensions ['ros']
[1.710s] Level 1:colcon.colcon_core.package_identification:_identify(src/robo_realsense/fastsam/slam) by extension 'ros'
[1.710s] Level 1:colcon.colcon_core.package_identification:_identify(src/robo_realsense/fastsam/slam) by extensions ['cmake', 'python']
[1.710s] Level 1:colcon.colcon_core.package_identification:_identify(src/robo_realsense/fastsam/slam) by extension 'cmake'
[1.710s] Level 1:colcon.colcon_core.package_identification:_identify(src/robo_realsense/fastsam/slam) by extension 'python'
[1.711s] Level 1:colcon.colcon_core.package_identification:_identify(src/robo_realsense/fastsam/slam) by extensions ['python_setup_py']
[1.711s] Level 1:colcon.colcon_core.package_identification:_identify(src/robo_realsense/fastsam/slam) by extension 'python_setup_py'
[1.711s] Level 1:colcon.colcon_core.package_identification:_identify(src/robo_realsense/fastsam/slam/__pycache__) by extensions ['ignore', 'ignore_ament_install']
[1.712s] Level 1:colcon.colcon_core.package_identification:_identify(src/robo_realsense/fastsam/slam/__pycache__) by extension 'ignore'
[1.712s] Level 1:colcon.colcon_core.package_identification:_identify(src/robo_realsense/fastsam/slam/__pycache__) by extension 'ignore_ament_install'
[1.712s] Level 1:colcon.colcon_core.package_identification:_identify(src/robo_realsense/fastsam/slam/__pycache__) by extensions ['colcon_pkg']
[1.712s] Level 1:colcon.colcon_core.package_identification:_identify(src/robo_realsense/fastsam/slam/__pycache__) by extension 'colcon_pkg'
[1.713s] Level 1:colcon.colcon_core.package_identification:_identify(src/robo_realsense/fastsam/slam/__pycache__) by extensions ['colcon_meta']
[1.713s] Level 1:colcon.colcon_core.package_identification:_identify(src/robo_realsense/fastsam/slam/__pycache__) by extension 'colcon_meta'
[1.713s] Level 1:colcon.colcon_core.package_identification:_identify(src/robo_realsense/fastsam/slam/__pycache__) by extensions ['ros']
[1.713s] Level 1:colcon.colcon_core.package_identification:_identify(src/robo_realsense/fastsam/slam/__pycache__) by extension 'ros'
[1.713s] Level 1:colcon.colcon_core.package_identification:_identify(src/robo_realsense/fastsam/slam/__pycache__) by extensions ['cmake', 'python']
[1.714s] Level 1:colcon.colcon_core.package_identification:_identify(src/robo_realsense/fastsam/slam/__pycache__) by extension 'cmake'
[1.714s] Level 1:colcon.colcon_core.package_identification:_identify(src/robo_realsense/fastsam/slam/__pycache__) by extension 'python'
[1.714s] Level 1:colcon.colcon_core.package_identification:_identify(src/robo_realsense/fastsam/slam/__pycache__) by extensions ['python_setup_py']
[1.714s] Level 1:colcon.colcon_core.package_identification:_identify(src/robo_realsense/fastsam/slam/__pycache__) by extension 'python_setup_py'
[1.715s] Level 1:colcon.colcon_core.package_identification:_identify(src/robo_realsense/launch) by extensions ['ignore', 'ignore_ament_install']
[1.715s] Level 1:colcon.colcon_core.package_identification:_identify(src/robo_realsense/launch) by extension 'ignore'
[1.715s] Level 1:colcon.colcon_core.package_identification:_identify(src/robo_realsense/launch) by extension 'ignore_ament_install'
[1.716s] Level 1:colcon.colcon_core.package_identification:_identify(src/robo_realsense/launch) by extensions ['colcon_pkg']
[1.716s] Level 1:colcon.colcon_core.package_identification:_identify(src/robo_realsense/launch) by extension 'colcon_pkg'
[1.716s] Level 1:colcon.colcon_core.package_identification:_identify(src/robo_realsense/launch) by extensions ['colcon_meta']
[1.716s] Level 1:colcon.colcon_core.package_identification:_identify(src/robo_realsense/launch) by extension 'colcon_meta'
[1.716s] Level 1:colcon.colcon_core.package_identification:_identify(src/robo_realsense/launch) by extensions ['ros']
[1.717s] Level 1:colcon.colcon_core.package_identification:_identify(src/robo_realsense/launch) by extension 'ros'
[1.717s] Level 1:colcon.colcon_core.package_identification:_identify(src/robo_realsense/launch) by extensions ['cmake', 'python']
[1.717s] Level 1:colcon.colcon_core.package_identification:_identify(src/robo_realsense/launch) by extension 'cmake'
[1.717s] Level 1:colcon.colcon_core.package_identification:_identify(src/robo_realsense/launch) by extension 'python'
[1.718s] Level 1:colcon.colcon_core.package_identification:_identify(src/robo_realsense/launch) by extensions ['python_setup_py']
[1.718s] Level 1:colcon.colcon_core.package_identification:_identify(src/robo_realsense/launch) by extension 'python_setup_py'
[1.719s] Level 1:colcon.colcon_core.package_identification:_identify(src/robo_realsense/launch/__pycache__) by extensions ['ignore', 'ignore_ament_install']
[1.719s] Level 1:colcon.colcon_core.package_identification:_identify(src/robo_realsense/launch/__pycache__) by extension 'ignore'
[1.720s] Level 1:colcon.colcon_core.package_identification:_identify(src/robo_realsense/launch/__pycache__) by extension 'ignore_ament_install'
[1.720s] Level 1:colcon.colcon_core.package_identification:_identify(src/robo_realsense/launch/__pycache__) by extensions ['colcon_pkg']
[1.720s] Level 1:colcon.colcon_core.package_identification:_identify(src/robo_realsense/launch/__pycache__) by extension 'colcon_pkg'
[1.721s] Level 1:colcon.colcon_core.package_identification:_identify(src/robo_realsense/launch/__pycache__) by extensions ['colcon_meta']
[1.721s] Level 1:colcon.colcon_core.package_identification:_identify(src/robo_realsense/launch/__pycache__) by extension 'colcon_meta'
[1.721s] Level 1:colcon.colcon_core.package_identification:_identify(src/robo_realsense/launch/__pycache__) by extensions ['ros']
[1.721s] Level 1:colcon.colcon_core.package_identification:_identify(src/robo_realsense/launch/__pycache__) by extension 'ros'
[1.722s] Level 1:colcon.colcon_core.package_identification:_identify(src/robo_realsense/launch/__pycache__) by extensions ['cmake', 'python']
[1.722s] Level 1:colcon.colcon_core.package_identification:_identify(src/robo_realsense/launch/__pycache__) by extension 'cmake'
[1.722s] Level 1:colcon.colcon_core.package_identification:_identify(src/robo_realsense/launch/__pycache__) by extension 'python'
[1.723s] Level 1:colcon.colcon_core.package_identification:_identify(src/robo_realsense/launch/__pycache__) by extensions ['python_setup_py']
[1.723s] Level 1:colcon.colcon_core.package_identification:_identify(src/robo_realsense/launch/__pycache__) by extension 'python_setup_py'
[1.724s] Level 1:colcon.colcon_core.package_identification:_identify(src/robo_rover) by extensions ['ignore', 'ignore_ament_install']
[1.724s] Level 1:colcon.colcon_core.package_identification:_identify(src/robo_rover) by extension 'ignore'
[1.724s] Level 1:colcon.colcon_core.package_identification:_identify(src/robo_rover) by extension 'ignore_ament_install'
[1.725s] Level 1:colcon.colcon_core.package_identification:_identify(src/robo_rover) by extensions ['colcon_pkg']
[1.725s] Level 1:colcon.colcon_core.package_identification:_identify(src/robo_rover) by extension 'colcon_pkg'
[1.725s] Level 1:colcon.colcon_core.package_identification:_identify(src/robo_rover) by extensions ['colcon_meta']
[1.725s] Level 1:colcon.colcon_core.package_identification:_identify(src/robo_rover) by extension 'colcon_meta'
[1.725s] Level 1:colcon.colcon_core.package_identification:_identify(src/robo_rover) by extensions ['ros']
[1.725s] Level 1:colcon.colcon_core.package_identification:_identify(src/robo_rover) by extension 'ros'
[1.771s] DEBUG:colcon.colcon_core.package_identification:Package 'src/robo_rover' with type 'ros.ament_cmake' and name 'robo_rover'
[1.773s] Level 1:colcon.colcon_core.package_identification:_identify(src/rplidar_ros) by extensions ['ignore', 'ignore_ament_install']
[1.773s] Level 1:colcon.colcon_core.package_identification:_identify(src/rplidar_ros) by extension 'ignore'
[1.773s] Level 1:colcon.colcon_core.package_identification:_identify(src/rplidar_ros) by extension 'ignore_ament_install'
[1.774s] Level 1:colcon.colcon_core.package_identification:_identify(src/rplidar_ros) by extensions ['colcon_pkg']
[1.774s] Level 1:colcon.colcon_core.package_identification:_identify(src/rplidar_ros) by extension 'colcon_pkg'
[1.774s] Level 1:colcon.colcon_core.package_identification:_identify(src/rplidar_ros) by extensions ['colcon_meta']
[1.774s] Level 1:colcon.colcon_core.package_identification:_identify(src/rplidar_ros) by extension 'colcon_meta'
[1.774s] Level 1:colcon.colcon_core.package_identification:_identify(src/rplidar_ros) by extensions ['ros']
[1.774s] Level 1:colcon.colcon_core.package_identification:_identify(src/rplidar_ros) by extension 'ros'
[1.777s] DEBUG:colcon.colcon_core.package_identification:Package 'src/rplidar_ros' with type 'ros.ament_cmake' and name 'rplidar_ros'
[1.778s] Level 1:colcon.colcon_core.package_identification:_identify(src/sarina) by extensions ['ignore', 'ignore_ament_install']
[1.778s] Level 1:colcon.colcon_core.package_identification:_identify(src/sarina) by extension 'ignore'
[1.779s] Level 1:colcon.colcon_core.package_identification:_identify(src/sarina) by extension 'ignore_ament_install'
[1.779s] Level 1:colcon.colcon_core.package_identification:_identify(src/sarina) by extensions ['colcon_pkg']
[1.779s] Level 1:colcon.colcon_core.package_identification:_identify(src/sarina) by extension 'colcon_pkg'
[1.780s] Level 1:colcon.colcon_core.package_identification:_identify(src/sarina) by extensions ['colcon_meta']
[1.780s] Level 1:colcon.colcon_core.package_identification:_identify(src/sarina) by extension 'colcon_meta'
[1.780s] Level 1:colcon.colcon_core.package_identification:_identify(src/sarina) by extensions ['ros']
[1.780s] Level 1:colcon.colcon_core.package_identification:_identify(src/sarina) by extension 'ros'
[1.781s] Level 1:colcon.colcon_core.package_identification:_identify(src/sarina) by extensions ['cmake', 'python']
[1.781s] Level 1:colcon.colcon_core.package_identification:_identify(src/sarina) by extension 'cmake'
[1.781s] Level 1:colcon.colcon_core.package_identification:_identify(src/sarina) by extension 'python'
[1.781s] Level 1:colcon.colcon_core.package_identification:_identify(src/sarina) by extensions ['python_setup_py']
[1.781s] Level 1:colcon.colcon_core.package_identification:_identify(src/sarina) by extension 'python_setup_py'
[1.782s] Level 1:colcon.colcon_core.package_identification:_identify(src/stop_sign) by extensions ['ignore', 'ignore_ament_install']
[1.782s] Level 1:colcon.colcon_core.package_identification:_identify(src/stop_sign) by extension 'ignore'
[1.782s] Level 1:colcon.colcon_core.package_identification:_identify(src/stop_sign) by extension 'ignore_ament_install'
[1.783s] Level 1:colcon.colcon_core.package_identification:_identify(src/stop_sign) by extensions ['colcon_pkg']
[1.783s] Level 1:colcon.colcon_core.package_identification:_identify(src/stop_sign) by extension 'colcon_pkg'
[1.783s] Level 1:colcon.colcon_core.package_identification:_identify(src/stop_sign) by extensions ['colcon_meta']
[1.783s] Level 1:colcon.colcon_core.package_identification:_identify(src/stop_sign) by extension 'colcon_meta'
[1.784s] Level 1:colcon.colcon_core.package_identification:_identify(src/stop_sign) by extensions ['ros']
[1.784s] Level 1:colcon.colcon_core.package_identification:_identify(src/stop_sign) by extension 'ros'
[1.787s] DEBUG:colcon.colcon_core.package_identification:Package 'src/stop_sign' with type 'ros.ament_python' and name 'stop_sign'
[1.788s] Level 1:colcon.colcon_core.package_identification:_identify(src/teleop_files) by extensions ['ignore', 'ignore_ament_install']
[1.788s] Level 1:colcon.colcon_core.package_identification:_identify(src/teleop_files) by extension 'ignore'
[1.789s] Level 1:colcon.colcon_core.package_identification:_identify(src/teleop_files) by extension 'ignore_ament_install'
[1.789s] Level 1:colcon.colcon_core.package_identification:_identify(src/teleop_files) by extensions ['colcon_pkg']
[1.789s] Level 1:colcon.colcon_core.package_identification:_identify(src/teleop_files) by extension 'colcon_pkg'
[1.789s] Level 1:colcon.colcon_core.package_identification:_identify(src/teleop_files) by extensions ['colcon_meta']
[1.789s] Level 1:colcon.colcon_core.package_identification:_identify(src/teleop_files) by extension 'colcon_meta'
[1.790s] Level 1:colcon.colcon_core.package_identification:_identify(src/teleop_files) by extensions ['ros']
[1.790s] Level 1:colcon.colcon_core.package_identification:_identify(src/teleop_files) by extension 'ros'
[1.790s] Level 1:colcon.colcon_core.package_identification:_identify(src/teleop_files) by extensions ['cmake', 'python']
[1.790s] Level 1:colcon.colcon_core.package_identification:_identify(src/teleop_files) by extension 'cmake'
[1.791s] Level 1:colcon.colcon_core.package_identification:_identify(src/teleop_files) by extension 'python'
[1.791s] Level 1:colcon.colcon_core.package_identification:_identify(src/teleop_files) by extensions ['python_setup_py']
[1.791s] Level 1:colcon.colcon_core.package_identification:_identify(src/teleop_files) by extension 'python_setup_py'
[1.791s] Level 1:colcon.colcon_core.package_identification:_identify(src/teleop_files/__pycache__) by extensions ['ignore', 'ignore_ament_install']
[1.792s] Level 1:colcon.colcon_core.package_identification:_identify(src/teleop_files/__pycache__) by extension 'ignore'
[1.792s] Level 1:colcon.colcon_core.package_identification:_identify(src/teleop_files/__pycache__) by extension 'ignore_ament_install'
[1.792s] Level 1:colcon.colcon_core.package_identification:_identify(src/teleop_files/__pycache__) by extensions ['colcon_pkg']
[1.792s] Level 1:colcon.colcon_core.package_identification:_identify(src/teleop_files/__pycache__) by extension 'colcon_pkg'
[1.793s] Level 1:colcon.colcon_core.package_identification:_identify(src/teleop_files/__pycache__) by extensions ['colcon_meta']
[1.793s] Level 1:colcon.colcon_core.package_identification:_identify(src/teleop_files/__pycache__) by extension 'colcon_meta'
[1.793s] Level 1:colcon.colcon_core.package_identification:_identify(src/teleop_files/__pycache__) by extensions ['ros']
[1.793s] Level 1:colcon.colcon_core.package_identification:_identify(src/teleop_files/__pycache__) by extension 'ros'
[1.793s] Level 1:colcon.colcon_core.package_identification:_identify(src/teleop_files/__pycache__) by extensions ['cmake', 'python']
[1.794s] Level 1:colcon.colcon_core.package_identification:_identify(src/teleop_files/__pycache__) by extension 'cmake'
[1.794s] Level 1:colcon.colcon_core.package_identification:_identify(src/teleop_files/__pycache__) by extension 'python'
[1.794s] Level 1:colcon.colcon_core.package_identification:_identify(src/teleop_files/__pycache__) by extensions ['python_setup_py']
[1.794s] Level 1:colcon.colcon_core.package_identification:_identify(src/teleop_files/__pycache__) by extension 'python_setup_py'
[1.795s] Level 1:colcon.colcon_core.package_identification:_identify(src/visualize_rf2o) by extensions ['ignore', 'ignore_ament_install']
[1.795s] Level 1:colcon.colcon_core.package_identification:_identify(src/visualize_rf2o) by extension 'ignore'
[1.795s] Level 1:colcon.colcon_core.package_identification:_identify(src/visualize_rf2o) by extension 'ignore_ament_install'
[1.796s] Level 1:colcon.colcon_core.package_identification:_identify(src/visualize_rf2o) by extensions ['colcon_pkg']
[1.796s] Level 1:colcon.colcon_core.package_identification:_identify(src/visualize_rf2o) by extension 'colcon_pkg'
[1.796s] Level 1:colcon.colcon_core.package_identification:_identify(src/visualize_rf2o) by extensions ['colcon_meta']
[1.796s] Level 1:colcon.colcon_core.package_identification:_identify(src/visualize_rf2o) by extension 'colcon_meta'
[1.796s] Level 1:colcon.colcon_core.package_identification:_identify(src/visualize_rf2o) by extensions ['ros']
[1.796s] Level 1:colcon.colcon_core.package_identification:_identify(src/visualize_rf2o) by extension 'ros'
[1.800s] DEBUG:colcon.colcon_core.package_identification:Found ROS schema reference in package manifest in 'src/visualize_rf2o'
[1.800s] WARNING:colcon.colcon_core.package_identification:Failed to parse ROS package manifest in 'src/visualize_rf2o': Error(s) in package 'src/visualize_rf2o/package.xml':
Invalid email "copperbottom" for person "copperbottoms"
[1.801s] Level 1:colcon.colcon_core.package_identification:_identify(src/visualize_rf2o) by extensions ['cmake', 'python']
[1.801s] Level 1:colcon.colcon_core.package_identification:_identify(src/visualize_rf2o) by extension 'cmake'
[1.801s] Level 1:colcon.colcon_core.package_identification:_identify(src/visualize_rf2o) by extension 'python'
[1.802s] DEBUG:colcon.colcon_core.package_identification:Python package in 'src/visualize_rf2o' passes arguments to the setup() function which requires a different identification extension than 'python'
[1.802s] Level 1:colcon.colcon_core.package_identification:_identify(src/visualize_rf2o) by extensions ['python_setup_py']
[1.802s] Level 1:colcon.colcon_core.package_identification:_identify(src/visualize_rf2o) by extension 'python_setup_py'
[3.265s] DEBUG:colcon.colcon_core.package_identification:Package 'src/visualize_rf2o' with type 'python' and name 'visualize_rf2o'
[3.266s] Level 1:colcon.colcon_core.package_identification:_identify(src/visualize_sensors) by extensions ['ignore', 'ignore_ament_install']
[3.266s] Level 1:colcon.colcon_core.package_identification:_identify(src/visualize_sensors) by extension 'ignore'
[3.267s] Level 1:colcon.colcon_core.package_identification:_identify(src/visualize_sensors) by extension 'ignore_ament_install'
[3.267s] Level 1:colcon.colcon_core.package_identification:_identify(src/visualize_sensors) by extensions ['colcon_pkg']
[3.267s] Level 1:colcon.colcon_core.package_identification:_identify(src/visualize_sensors) by extension 'colcon_pkg'
[3.268s] Level 1:colcon.colcon_core.package_identification:_identify(src/visualize_sensors) by extensions ['colcon_meta']
[3.268s] Level 1:colcon.colcon_core.package_identification:_identify(src/visualize_sensors) by extension 'colcon_meta'
[3.268s] Level 1:colcon.colcon_core.package_identification:_identify(src/visualize_sensors) by extensions ['ros']
[3.268s] Level 1:colcon.colcon_core.package_identification:_identify(src/visualize_sensors) by extension 'ros'
[3.271s] DEBUG:colcon.colcon_core.package_identification:Package 'src/visualize_sensors' with type 'ros.ament_python' and name 'visualize_sensors'
[3.271s] Level 1:colcon.colcon_core.package_discovery:discover_packages(recursive) using defaults
[3.271s] Level 1:colcon.colcon_core.package_discovery:discover_packages(ignore) discover
[3.271s] Level 1:colcon.colcon_core.package_discovery:discover_packages(ignore) using defaults
[3.272s] Level 1:colcon.colcon_core.package_discovery:discover_packages(path) discover
[3.272s] Level 1:colcon.colcon_core.package_discovery:discover_packages(path) using defaults
[3.402s] INFO:colcon.colcon_core.package_selection:Skipping not selected package 'camera_navigation' in 'src/Camera_Navigation'
[3.402s] INFO:colcon.colcon_core.package_selection:Skipping not selected package 'custom_messages' in 'src/custom_messages'
[3.402s] INFO:colcon.colcon_core.package_selection:Skipping not selected package 'imu_pose_estimate' in 'src/imu_pose_estimate'
[3.403s] INFO:colcon.colcon_core.package_selection:Skipping not selected package 'realsense_publisher' in 'src/realsense_publisher'
[3.403s] INFO:colcon.colcon_core.package_selection:Skipping not selected package 'rf2o_laser_odometry' in 'src/rf2o_laser_odometry'
[3.403s] INFO:colcon.colcon_core.package_selection:Skipping not selected package 'rplidar_ros' in 'src/rplidar_ros'
[3.403s] INFO:colcon.colcon_core.package_selection:Skipping not selected package 'visualize_rf2o' in 'src/visualize_rf2o'
[3.403s] INFO:colcon.colcon_core.package_selection:Skipping not selected package 'visualize_sensors' in 'src/visualize_sensors'
[3.403s] INFO:colcon.colcon_core.package_selection:Skipping not selected package 'obstacle_avoidance' in 'src/obstacle_avoidance'
[3.404s] INFO:colcon.colcon_core.package_selection:Skipping not selected package 'robo_rover' in 'src/robo_rover'
[3.404s] INFO:colcon.colcon_core.package_selection:Skipping not selected package 'stop_sign' in 'src/stop_sign'
[3.406s] Level 1:colcon.colcon_core.package_discovery:discover_packages(prefix_path) check parameters
[3.406s] Level 1:colcon.colcon_core.package_discovery:discover_packages(prefix_path) discover
[3.420s] DEBUG:colcon.colcon_installed_package_information.package_discovery:Found 12 installed packages in /home/copperbottoms/code/Copperbottoms/ros_ws/install
[3.432s] DEBUG:colcon.colcon_installed_package_information.package_discovery:Found 336 installed packages in /opt/ros/humble
[3.443s] Level 1:colcon.colcon_core.package_discovery:discover_packages(prefix_path) using defaults
[3.685s] Level 5:colcon.colcon_core.verb:set package 'amy_test' build argument 'cmake_args' from command line to 'None'
[3.686s] Level 5:colcon.colcon_core.verb:set package 'amy_test' build argument 'cmake_target' from command line to 'None'
[3.686s] Level 5:colcon.colcon_core.verb:set package 'amy_test' build argument 'cmake_target_skip_unavailable' from command line to 'False'
[3.686s] Level 5:colcon.colcon_core.verb:set package 'amy_test' build argument 'cmake_clean_cache' from command line to 'False'
[3.686s] Level 5:colcon.colcon_core.verb:set package 'amy_test' build argument 'cmake_clean_first' from command line to 'False'
[3.687s] Level 5:colcon.colcon_core.verb:set package 'amy_test' build argument 'cmake_force_configure' from command line to 'False'
[3.687s] Level 5:colcon.colcon_core.verb:set package 'amy_test' build argument 'ament_cmake_args' from command line to 'None'
[3.687s] Level 5:colcon.colcon_core.verb:set package 'amy_test' build argument 'catkin_cmake_args' from command line to 'None'
[3.687s] Level 5:colcon.colcon_core.verb:set package 'amy_test' build argument 'catkin_skip_building_tests' from command line to 'False'
[3.687s] DEBUG:colcon.colcon_core.verb:Building package 'amy_test' with the following arguments: {'ament_cmake_args': None, 'build_base': '/home/copperbottoms/code/Copperbottoms/ros_ws/build/amy_test', 'catkin_cmake_args': None, 'catkin_skip_building_tests': False, 'cmake_args': None, 'cmake_clean_cache': False, 'cmake_clean_first': False, 'cmake_force_configure': False, 'cmake_target': None, 'cmake_target_skip_unavailable': False, 'install_base': '/home/copperbottoms/code/Copperbottoms/ros_ws/install/amy_test', 'merge_install': False, 'path': '/home/copperbottoms/code/Copperbottoms/ros_ws/src/amy_test', 'symlink_install': False, 'test_result_base': None}
[3.688s] INFO:colcon.colcon_core.executor:Executing jobs using 'parallel' executor
[3.692s] DEBUG:colcon.colcon_parallel_executor.executor.parallel:run_until_complete
[3.694s] INFO:colcon.colcon_ros.task.ament_cmake.build:Building ROS package in '/home/copperbottoms/code/Copperbottoms/ros_ws/src/amy_test' with build type 'ament_cmake'
[3.695s] INFO:colcon.colcon_cmake.task.cmake.build:Building CMake package in '/home/copperbottoms/code/Copperbottoms/ros_ws/src/amy_test'
[3.711s] INFO:colcon.colcon_core.plugin_system:Skipping extension 'colcon_core.shell.bat': Not used on non-Windows systems
[3.712s] INFO:colcon.colcon_core.shell:Skip shell extension 'powershell' for command environment: Not usable outside of PowerShell
[3.713s] DEBUG:colcon.colcon_core.shell:Skip shell extension 'dsv' for command environment
[3.800s] DEBUG:colcon.colcon_core.event_handler.log_command:Invoking command in '/home/copperbottoms/code/Copperbottoms/ros_ws/build/amy_test': AMENT_PREFIX_PATH=/home/copperbottoms/code/Copperbottoms/ros_ws/install/realsense_publisher:/home/copperbottoms/code/Copperbottoms/ros_ws/install/visualize_sensors:/home/copperbottoms/code/Copperbottoms/ros_ws/install/rplidar_ros:/home/copperbottoms/code/Copperbottoms/ros_ws/install/amy_test:/home/copperbottoms/code/Copperbottoms/ros_ws/install/robo_rover:/home/copperbottoms/code/Copperbottoms/ros_ws/install/rf2o_laser_odometry:/home/copperbottoms/code/Copperbottoms/ros_ws/install/obstacle_avoidance:/home/copperbottoms/code/Copperbottoms/ros_ws/install/landmark_slam:/home/copperbottoms/code/Copperbottoms/ros_ws/install/imu_pose_estimate:/home/copperbottoms/code/Copperbottoms/ros_ws/install/custom_messages:/home/copperbottoms/code/Copperbottoms/ros_ws/install/camera_navigation:/opt/ros/humble CMAKE_PREFIX_PATH=/home/copperbottoms/code/Copperbottoms/ros_ws/install/robo_rover:/home/copperbottoms/code/Copperbottoms/ros_ws/install/custom_messages:/home/copperbottoms/code/Copperbottoms/ros_ws/install/rplidar_ros:/home/copperbottoms/code/Copperbottoms/ros_ws/install/amy_test:/home/copperbottoms/code/Copperbottoms/ros_ws/install/rf2o_laser_odometry:/home/copperbottoms/code/Copperbottoms/ros_ws/install/visualize_sensors:/home/copperbottoms/code/Copperbottoms/ros_ws/install/realsense_publisher:/home/copperbottoms/code/Copperbottoms/ros_ws/install/obstacle_avoidance:/home/copperbottoms/code/Copperbottoms/ros_ws/install/landmark_slam:/home/copperbottoms/code/Copperbottoms/ros_ws/install/imu_pose_estimate:/home/copperbottoms/code/Copperbottoms/ros_ws/install/camera_navigation:/opt/ros/humble LD_LIBRARY_PATH=/home/copperbottoms/code/Copperbottoms/ros_ws/install/custom_messages/lib:/home/copperbottoms/code/Copperbottoms/ros_ws/install/amy_test/lib:/opt/ros/humble/opt/rviz_ogre_vendor/lib:/opt/ros/humble/lib/aarch64-linux-gnu:/opt/ros/humble/lib PYTHONPATH=/home/copperbottoms/code/Copperbottoms/ros_ws/install/realsense_publisher/lib/python3.10/site-packages:/home/copperbottoms/code/Copperbottoms/ros_ws/install/visualize_sensors/lib/python3.10/site-packages:/home/copperbottoms/code/Copperbottoms/ros_ws/install/stop_sign/lib/python3.10/site-packages:/home/copperbottoms/code/Copperbottoms/ros_ws/install/amy_test/local/lib/python3.10/dist-packages:/home/copperbottoms/code/Copperbottoms/ros_ws/install/amy_test/lib/python3.10/site-packages:/home/copperbottoms/code/Copperbottoms/ros_ws/install/robo_rover/local/lib/python3.10/dist-packages:/home/copperbottoms/code/Copperbottoms/ros_ws/install/obstacle_avoidance/lib/python3.10/site-packages:/home/copperbottoms/code/Copperbottoms/ros_ws/install/landmark_slam/lib/python3.10/site-packages:/home/copperbottoms/code/Copperbottoms/ros_ws/install/imu_pose_estimate/lib/python3.10/site-packages:/home/copperbottoms/code/Copperbottoms/ros_ws/install/custom_messages/local/lib/python3.10/dist-packages:/home/copperbottoms/code/Copperbottoms/ros_ws/install/camera_navigation/lib/python3.10/site-packages:/opt/ros/humble/lib/python3.10/site-packages:/opt/ros/humble/local/lib/python3.10/dist-packages /usr/bin/cmake --build /home/copperbottoms/code/Copperbottoms/ros_ws/build/amy_test -- -j4 -l4
[6.103s] DEBUG:colcon.colcon_core.event_handler.log_command:Invoked command in '/home/copperbottoms/code/Copperbottoms/ros_ws/build/amy_test' returned '0': AMENT_PREFIX_PATH=/home/copperbottoms/code/Copperbottoms/ros_ws/install/realsense_publisher:/home/copperbottoms/code/Copperbottoms/ros_ws/install/visualize_sensors:/home/copperbottoms/code/Copperbottoms/ros_ws/install/rplidar_ros:/home/copperbottoms/code/Copperbottoms/ros_ws/install/amy_test:/home/copperbottoms/code/Copperbottoms/ros_ws/install/robo_rover:/home/copperbottoms/code/Copperbottoms/ros_ws/install/rf2o_laser_odometry:/home/copperbottoms/code/Copperbottoms/ros_ws/install/obstacle_avoidance:/home/copperbottoms/code/Copperbottoms/ros_ws/install/landmark_slam:/home/copperbottoms/code/Copperbottoms/ros_ws/install/imu_pose_estimate:/home/copperbottoms/code/Copperbottoms/ros_ws/install/custom_messages:/home/copperbottoms/code/Copperbottoms/ros_ws/install/camera_navigation:/opt/ros/humble CMAKE_PREFIX_PATH=/home/copperbottoms/code/Copperbottoms/ros_ws/install/robo_rover:/home/copperbottoms/code/Copperbottoms/ros_ws/install/custom_messages:/home/copperbottoms/code/Copperbottoms/ros_ws/install/rplidar_ros:/home/copperbottoms/code/Copperbottoms/ros_ws/install/amy_test:/home/copperbottoms/code/Copperbottoms/ros_ws/install/rf2o_laser_odometry:/home/copperbottoms/code/Copperbottoms/ros_ws/install/visualize_sensors:/home/copperbottoms/code/Copperbottoms/ros_ws/install/realsense_publisher:/home/copperbottoms/code/Copperbottoms/ros_ws/install/obstacle_avoidance:/home/copperbottoms/code/Copperbottoms/ros_ws/install/landmark_slam:/home/copperbottoms/code/Copperbottoms/ros_ws/install/imu_pose_estimate:/home/copperbottoms/code/Copperbottoms/ros_ws/install/camera_navigation:/opt/ros/humble LD_LIBRARY_PATH=/home/copperbottoms/code/Copperbottoms/ros_ws/install/custom_messages/lib:/home/copperbottoms/code/Copperbottoms/ros_ws/install/amy_test/lib:/opt/ros/humble/opt/rviz_ogre_vendor/lib:/opt/ros/humble/lib/aarch64-linux-gnu:/opt/ros/humble/lib PYTHONPATH=/home/copperbottoms/code/Copperbottoms/ros_ws/install/realsense_publisher/lib/python3.10/site-packages:/home/copperbottoms/code/Copperbottoms/ros_ws/install/visualize_sensors/lib/python3.10/site-packages:/home/copperbottoms/code/Copperbottoms/ros_ws/install/stop_sign/lib/python3.10/site-packages:/home/copperbottoms/code/Copperbottoms/ros_ws/install/amy_test/local/lib/python3.10/dist-packages:/home/copperbottoms/code/Copperbottoms/ros_ws/install/amy_test/lib/python3.10/site-packages:/home/copperbottoms/code/Copperbottoms/ros_ws/install/robo_rover/local/lib/python3.10/dist-packages:/home/copperbottoms/code/Copperbottoms/ros_ws/install/obstacle_avoidance/lib/python3.10/site-packages:/home/copperbottoms/code/Copperbottoms/ros_ws/install/landmark_slam/lib/python3.10/site-packages:/home/copperbottoms/code/Copperbottoms/ros_ws/install/imu_pose_estimate/lib/python3.10/site-packages:/home/copperbottoms/code/Copperbottoms/ros_ws/install/custom_messages/local/lib/python3.10/dist-packages:/home/copperbottoms/code/Copperbottoms/ros_ws/install/camera_navigation/lib/python3.10/site-packages:/opt/ros/humble/lib/python3.10/site-packages:/opt/ros/humble/local/lib/python3.10/dist-packages /usr/bin/cmake --build /home/copperbottoms/code/Copperbottoms/ros_ws/build/amy_test -- -j4 -l4
[6.145s] DEBUG:colcon.colcon_core.event_handler.log_command:Invoking command in '/home/copperbottoms/code/Copperbottoms/ros_ws/build/amy_test': AMENT_PREFIX_PATH=/home/copperbottoms/code/Copperbottoms/ros_ws/install/realsense_publisher:/home/copperbottoms/code/Copperbottoms/ros_ws/install/visualize_sensors:/home/copperbottoms/code/Copperbottoms/ros_ws/install/rplidar_ros:/home/copperbottoms/code/Copperbottoms/ros_ws/install/amy_test:/home/copperbottoms/code/Copperbottoms/ros_ws/install/robo_rover:/home/copperbottoms/code/Copperbottoms/ros_ws/install/rf2o_laser_odometry:/home/copperbottoms/code/Copperbottoms/ros_ws/install/obstacle_avoidance:/home/copperbottoms/code/Copperbottoms/ros_ws/install/landmark_slam:/home/copperbottoms/code/Copperbottoms/ros_ws/install/imu_pose_estimate:/home/copperbottoms/code/Copperbottoms/ros_ws/install/custom_messages:/home/copperbottoms/code/Copperbottoms/ros_ws/install/camera_navigation:/opt/ros/humble CMAKE_PREFIX_PATH=/home/copperbottoms/code/Copperbottoms/ros_ws/install/robo_rover:/home/copperbottoms/code/Copperbottoms/ros_ws/install/custom_messages:/home/copperbottoms/code/Copperbottoms/ros_ws/install/rplidar_ros:/home/copperbottoms/code/Copperbottoms/ros_ws/install/amy_test:/home/copperbottoms/code/Copperbottoms/ros_ws/install/rf2o_laser_odometry:/home/copperbottoms/code/Copperbottoms/ros_ws/install/visualize_sensors:/home/copperbottoms/code/Copperbottoms/ros_ws/install/realsense_publisher:/home/copperbottoms/code/Copperbottoms/ros_ws/install/obstacle_avoidance:/home/copperbottoms/code/Copperbottoms/ros_ws/install/landmark_slam:/home/copperbottoms/code/Copperbottoms/ros_ws/install/imu_pose_estimate:/home/copperbottoms/code/Copperbottoms/ros_ws/install/camera_navigation:/opt/ros/humble LD_LIBRARY_PATH=/home/copperbottoms/code/Copperbottoms/ros_ws/install/custom_messages/lib:/home/copperbottoms/code/Copperbottoms/ros_ws/install/amy_test/lib:/opt/ros/humble/opt/rviz_ogre_vendor/lib:/opt/ros/humble/lib/aarch64-linux-gnu:/opt/ros/humble/lib PYTHONPATH=/home/copperbottoms/code/Copperbottoms/ros_ws/install/realsense_publisher/lib/python3.10/site-packages:/home/copperbottoms/code/Copperbottoms/ros_ws/install/visualize_sensors/lib/python3.10/site-packages:/home/copperbottoms/code/Copperbottoms/ros_ws/install/stop_sign/lib/python3.10/site-packages:/home/copperbottoms/code/Copperbottoms/ros_ws/install/amy_test/local/lib/python3.10/dist-packages:/home/copperbottoms/code/Copperbottoms/ros_ws/install/amy_test/lib/python3.10/site-packages:/home/copperbottoms/code/Copperbottoms/ros_ws/install/robo_rover/local/lib/python3.10/dist-packages:/home/copperbottoms/code/Copperbottoms/ros_ws/install/obstacle_avoidance/lib/python3.10/site-packages:/home/copperbottoms/code/Copperbottoms/ros_ws/install/landmark_slam/lib/python3.10/site-packages:/home/copperbottoms/code/Copperbottoms/ros_ws/install/imu_pose_estimate/lib/python3.10/site-packages:/home/copperbottoms/code/Copperbottoms/ros_ws/install/custom_messages/local/lib/python3.10/dist-packages:/home/copperbottoms/code/Copperbottoms/ros_ws/install/camera_navigation/lib/python3.10/site-packages:/opt/ros/humble/lib/python3.10/site-packages:/opt/ros/humble/local/lib/python3.10/dist-packages /usr/bin/cmake --install /home/copperbottoms/code/Copperbottoms/ros_ws/build/amy_test
[6.523s] Level 1:colcon.colcon_core.environment:create_environment_scripts_only(amy_test)
[6.541s] DEBUG:colcon.colcon_core.event_handler.log_command:Invoked command in '/home/copperbottoms/code/Copperbottoms/ros_ws/build/amy_test' returned '0': AMENT_PREFIX_PATH=/home/copperbottoms/code/Copperbottoms/ros_ws/install/realsense_publisher:/home/copperbottoms/code/Copperbottoms/ros_ws/install/visualize_sensors:/home/copperbottoms/code/Copperbottoms/ros_ws/install/rplidar_ros:/home/copperbottoms/code/Copperbottoms/ros_ws/install/amy_test:/home/copperbottoms/code/Copperbottoms/ros_ws/install/robo_rover:/home/copperbottoms/code/Copperbottoms/ros_ws/install/rf2o_laser_odometry:/home/copperbottoms/code/Copperbottoms/ros_ws/install/obstacle_avoidance:/home/copperbottoms/code/Copperbottoms/ros_ws/install/landmark_slam:/home/copperbottoms/code/Copperbottoms/ros_ws/install/imu_pose_estimate:/home/copperbottoms/code/Copperbottoms/ros_ws/install/custom_messages:/home/copperbottoms/code/Copperbottoms/ros_ws/install/camera_navigation:/opt/ros/humble CMAKE_PREFIX_PATH=/home/copperbottoms/code/Copperbottoms/ros_ws/install/robo_rover:/home/copperbottoms/code/Copperbottoms/ros_ws/install/custom_messages:/home/copperbottoms/code/Copperbottoms/ros_ws/install/rplidar_ros:/home/copperbottoms/code/Copperbottoms/ros_ws/install/amy_test:/home/copperbottoms/code/Copperbottoms/ros_ws/install/rf2o_laser_odometry:/home/copperbottoms/code/Copperbottoms/ros_ws/install/visualize_sensors:/home/copperbottoms/code/Copperbottoms/ros_ws/install/realsense_publisher:/home/copperbottoms/code/Copperbottoms/ros_ws/install/obstacle_avoidance:/home/copperbottoms/code/Copperbottoms/ros_ws/install/landmark_slam:/home/copperbottoms/code/Copperbottoms/ros_ws/install/imu_pose_estimate:/home/copperbottoms/code/Copperbottoms/ros_ws/install/camera_navigation:/opt/ros/humble LD_LIBRARY_PATH=/home/copperbottoms/code/Copperbottoms/ros_ws/install/custom_messages/lib:/home/copperbottoms/code/Copperbottoms/ros_ws/install/amy_test/lib:/opt/ros/humble/opt/rviz_ogre_vendor/lib:/opt/ros/humble/lib/aarch64-linux-gnu:/opt/ros/humble/lib PYTHONPATH=/home/copperbottoms/code/Copperbottoms/ros_ws/install/realsense_publisher/lib/python3.10/site-packages:/home/copperbottoms/code/Copperbottoms/ros_ws/install/visualize_sensors/lib/python3.10/site-packages:/home/copperbottoms/code/Copperbottoms/ros_ws/install/stop_sign/lib/python3.10/site-packages:/home/copperbottoms/code/Copperbottoms/ros_ws/install/amy_test/local/lib/python3.10/dist-packages:/home/copperbottoms/code/Copperbottoms/ros_ws/install/amy_test/lib/python3.10/site-packages:/home/copperbottoms/code/Copperbottoms/ros_ws/install/robo_rover/local/lib/python3.10/dist-packages:/home/copperbottoms/code/Copperbottoms/ros_ws/install/obstacle_avoidance/lib/python3.10/site-packages:/home/copperbottoms/code/Copperbottoms/ros_ws/install/landmark_slam/lib/python3.10/site-packages:/home/copperbottoms/code/Copperbottoms/ros_ws/install/imu_pose_estimate/lib/python3.10/site-packages:/home/copperbottoms/code/Copperbottoms/ros_ws/install/custom_messages/local/lib/python3.10/dist-packages:/home/copperbottoms/code/Copperbottoms/ros_ws/install/camera_navigation/lib/python3.10/site-packages:/opt/ros/humble/lib/python3.10/site-packages:/opt/ros/humble/local/lib/python3.10/dist-packages /usr/bin/cmake --install /home/copperbottoms/code/Copperbottoms/ros_ws/build/amy_test
[6.550s] Level 1:colcon.colcon_core.environment:checking '/home/copperbottoms/code/Copperbottoms/ros_ws/install/amy_test' for CMake module files
[6.556s] Level 1:colcon.colcon_core.environment:checking '/home/copperbottoms/code/Copperbottoms/ros_ws/install/amy_test' for CMake config files
[6.562s] Level 1:colcon.colcon_core.shell:create_environment_hook('amy_test', 'cmake_prefix_path')
[6.564s] INFO:colcon.colcon_core.shell:Creating environment hook '/home/copperbottoms/code/Copperbottoms/ros_ws/install/amy_test/share/amy_test/hook/cmake_prefix_path.ps1'
[6.566s] INFO:colcon.colcon_core.shell:Creating environment descriptor '/home/copperbottoms/code/Copperbottoms/ros_ws/install/amy_test/share/amy_test/hook/cmake_prefix_path.dsv'
[6.569s] INFO:colcon.colcon_core.shell:Creating environment hook '/home/copperbottoms/code/Copperbottoms/ros_ws/install/amy_test/share/amy_test/hook/cmake_prefix_path.sh'
[6.573s] Level 1:colcon.colcon_core.environment:checking '/home/copperbottoms/code/Copperbottoms/ros_ws/install/amy_test/lib'
[6.574s] Level 1:colcon.colcon_core.shell:create_environment_hook('amy_test', 'ld_library_path_lib')
[6.575s] INFO:colcon.colcon_core.shell:Creating environment hook '/home/copperbottoms/code/Copperbottoms/ros_ws/install/amy_test/share/amy_test/hook/ld_library_path_lib.ps1'
[6.577s] INFO:colcon.colcon_core.shell:Creating environment descriptor '/home/copperbottoms/code/Copperbottoms/ros_ws/install/amy_test/share/amy_test/hook/ld_library_path_lib.dsv'
[6.579s] INFO:colcon.colcon_core.shell:Creating environment hook '/home/copperbottoms/code/Copperbottoms/ros_ws/install/amy_test/share/amy_test/hook/ld_library_path_lib.sh'
[6.582s] Level 1:colcon.colcon_core.environment:checking '/home/copperbottoms/code/Copperbottoms/ros_ws/install/amy_test/bin'
[6.582s] Level 1:colcon.colcon_core.environment:checking '/home/copperbottoms/code/Copperbottoms/ros_ws/install/amy_test/lib/pkgconfig/amy_test.pc'
[6.583s] Level 1:colcon.colcon_core.environment:checking '/home/copperbottoms/code/Copperbottoms/ros_ws/install/amy_test/lib/python3.10/site-packages'
[6.583s] Level 1:colcon.colcon_core.shell:create_environment_hook('amy_test', 'pythonpath')
[6.584s] INFO:colcon.colcon_core.shell:Creating environment hook '/home/copperbottoms/code/Copperbottoms/ros_ws/install/amy_test/share/amy_test/hook/pythonpath.ps1'
[6.586s] INFO:colcon.colcon_core.shell:Creating environment descriptor '/home/copperbottoms/code/Copperbottoms/ros_ws/install/amy_test/share/amy_test/hook/pythonpath.dsv'
[6.589s] INFO:colcon.colcon_core.shell:Creating environment hook '/home/copperbottoms/code/Copperbottoms/ros_ws/install/amy_test/share/amy_test/hook/pythonpath.sh'
[6.593s] Level 1:colcon.colcon_core.environment:checking '/home/copperbottoms/code/Copperbottoms/ros_ws/install/amy_test/bin'
[6.594s] INFO:colcon.colcon_core.shell:Creating package script '/home/copperbottoms/code/Copperbottoms/ros_ws/install/amy_test/share/amy_test/package.ps1'
[6.599s] INFO:colcon.colcon_core.shell:Creating package descriptor '/home/copperbottoms/code/Copperbottoms/ros_ws/install/amy_test/share/amy_test/package.dsv'
[6.602s] INFO:colcon.colcon_core.shell:Creating package script '/home/copperbottoms/code/Copperbottoms/ros_ws/install/amy_test/share/amy_test/package.sh'
[6.607s] INFO:colcon.colcon_core.shell:Creating package script '/home/copperbottoms/code/Copperbottoms/ros_ws/install/amy_test/share/amy_test/package.bash'
[6.610s] INFO:colcon.colcon_core.shell:Creating package script '/home/copperbottoms/code/Copperbottoms/ros_ws/install/amy_test/share/amy_test/package.zsh'
[6.614s] Level 1:colcon.colcon_core.environment:create_file_with_runtime_dependencies(/home/copperbottoms/code/Copperbottoms/ros_ws/install/amy_test/share/colcon-core/packages/amy_test)
[6.618s] Level 1:colcon.colcon_core.environment:create_environment_scripts_only(amy_test)
[6.619s] Level 1:colcon.colcon_core.environment:checking '/home/copperbottoms/code/Copperbottoms/ros_ws/install/amy_test' for CMake module files
[6.624s] Level 1:colcon.colcon_core.environment:checking '/home/copperbottoms/code/Copperbottoms/ros_ws/install/amy_test' for CMake config files
[6.632s] Level 1:colcon.colcon_core.shell:create_environment_hook('amy_test', 'cmake_prefix_path')
[6.633s] INFO:colcon.colcon_core.shell:Creating environment hook '/home/copperbottoms/code/Copperbottoms/ros_ws/install/amy_test/share/amy_test/hook/cmake_prefix_path.ps1'
[6.635s] INFO:colcon.colcon_core.shell:Creating environment descriptor '/home/copperbottoms/code/Copperbottoms/ros_ws/install/amy_test/share/amy_test/hook/cmake_prefix_path.dsv'
[6.638s] INFO:colcon.colcon_core.shell:Creating environment hook '/home/copperbottoms/code/Copperbottoms/ros_ws/install/amy_test/share/amy_test/hook/cmake_prefix_path.sh'
[6.642s] Level 1:colcon.colcon_core.environment:checking '/home/copperbottoms/code/Copperbottoms/ros_ws/install/amy_test/lib'
[6.642s] Level 1:colcon.colcon_core.shell:create_environment_hook('amy_test', 'ld_library_path_lib')
[6.643s] INFO:colcon.colcon_core.shell:Creating environment hook '/home/copperbottoms/code/Copperbottoms/ros_ws/install/amy_test/share/amy_test/hook/ld_library_path_lib.ps1'
[6.646s] INFO:colcon.colcon_core.shell:Creating environment descriptor '/home/copperbottoms/code/Copperbottoms/ros_ws/install/amy_test/share/amy_test/hook/ld_library_path_lib.dsv'
[6.648s] INFO:colcon.colcon_core.shell:Creating environment hook '/home/copperbottoms/code/Copperbottoms/ros_ws/install/amy_test/share/amy_test/hook/ld_library_path_lib.sh'
[6.650s] Level 1:colcon.colcon_core.environment:checking '/home/copperbottoms/code/Copperbottoms/ros_ws/install/amy_test/bin'
[6.651s] Level 1:colcon.colcon_core.environment:checking '/home/copperbottoms/code/Copperbottoms/ros_ws/install/amy_test/lib/pkgconfig/amy_test.pc'
[6.652s] Level 1:colcon.colcon_core.environment:checking '/home/copperbottoms/code/Copperbottoms/ros_ws/install/amy_test/lib/python3.10/site-packages'
[6.652s] Level 1:colcon.colcon_core.shell:create_environment_hook('amy_test', 'pythonpath')
[6.653s] INFO:colcon.colcon_core.shell:Creating environment hook '/home/copperbottoms/code/Copperbottoms/ros_ws/install/amy_test/share/amy_test/hook/pythonpath.ps1'
[6.655s] INFO:colcon.colcon_core.shell:Creating environment descriptor '/home/copperbottoms/code/Copperbottoms/ros_ws/install/amy_test/share/amy_test/hook/pythonpath.dsv'
[6.658s] INFO:colcon.colcon_core.shell:Creating environment hook '/home/copperbottoms/code/Copperbottoms/ros_ws/install/amy_test/share/amy_test/hook/pythonpath.sh'
[6.661s] Level 1:colcon.colcon_core.environment:checking '/home/copperbottoms/code/Copperbottoms/ros_ws/install/amy_test/bin'
[6.663s] INFO:colcon.colcon_core.shell:Creating package script '/home/copperbottoms/code/Copperbottoms/ros_ws/install/amy_test/share/amy_test/package.ps1'
[6.666s] INFO:colcon.colcon_core.shell:Creating package descriptor '/home/copperbottoms/code/Copperbottoms/ros_ws/install/amy_test/share/amy_test/package.dsv'
[6.669s] INFO:colcon.colcon_core.shell:Creating package script '/home/copperbottoms/code/Copperbottoms/ros_ws/install/amy_test/share/amy_test/package.sh'
[6.672s] INFO:colcon.colcon_core.shell:Creating package script '/home/copperbottoms/code/Copperbottoms/ros_ws/install/amy_test/share/amy_test/package.bash'
[6.674s] INFO:colcon.colcon_core.shell:Creating package script '/home/copperbottoms/code/Copperbottoms/ros_ws/install/amy_test/share/amy_test/package.zsh'
[6.676s] Level 1:colcon.colcon_core.environment:create_file_with_runtime_dependencies(/home/copperbottoms/code/Copperbottoms/ros_ws/install/amy_test/share/colcon-core/packages/amy_test)
[6.678s] DEBUG:colcon.colcon_parallel_executor.executor.parallel:closing loop
[6.680s] DEBUG:colcon.colcon_parallel_executor.executor.parallel:loop closed
[6.680s] DEBUG:colcon.colcon_parallel_executor.executor.parallel:run_until_complete finished with '0'
[6.681s] DEBUG:colcon.colcon_core.event_reactor:joining thread
[6.707s] INFO:colcon.colcon_core.plugin_system:Skipping extension 'colcon_notification.desktop_notification.terminal_notifier': Not used on non-Darwin systems
[6.708s] INFO:colcon.colcon_core.plugin_system:Skipping extension 'colcon_notification.desktop_notification.win32': Not used on non-Windows systems
[6.708s] INFO:colcon.colcon_notification.desktop_notification:Sending desktop notification using 'notify2'
[6.713s] DEBUG:colcon.colcon_notification.desktop_notification.notify2:Failed to initialize notify2: org.freedesktop.DBus.Error.ServiceUnknown: The name org.freedesktop.Notifications was not provided by any .service files
[6.713s] DEBUG:colcon.colcon_core.event_reactor:joined thread
[6.714s] INFO:colcon.colcon_core.shell:Creating prefix script '/home/copperbottoms/code/Copperbottoms/ros_ws/install/local_setup.ps1'
[6.718s] INFO:colcon.colcon_core.shell:Creating prefix util module '/home/copperbottoms/code/Copperbottoms/ros_ws/install/_local_setup_util_ps1.py'
[6.727s] INFO:colcon.colcon_core.shell:Creating prefix chain script '/home/copperbottoms/code/Copperbottoms/ros_ws/install/setup.ps1'
[6.735s] INFO:colcon.colcon_core.shell:Creating prefix script '/home/copperbottoms/code/Copperbottoms/ros_ws/install/local_setup.sh'
[6.739s] INFO:colcon.colcon_core.shell:Creating prefix util module '/home/copperbottoms/code/Copperbottoms/ros_ws/install/_local_setup_util_sh.py'
[6.742s] INFO:colcon.colcon_core.shell:Creating prefix chain script '/home/copperbottoms/code/Copperbottoms/ros_ws/install/setup.sh'
[6.751s] INFO:colcon.colcon_core.shell:Creating prefix script '/home/copperbottoms/code/Copperbottoms/ros_ws/install/local_setup.bash'
[6.753s] INFO:colcon.colcon_core.shell:Creating prefix chain script '/home/copperbottoms/code/Copperbottoms/ros_ws/install/setup.bash'
[6.763s] INFO:colcon.colcon_core.shell:Creating prefix script '/home/copperbottoms/code/Copperbottoms/ros_ws/install/local_setup.zsh'
[6.765s] INFO:colcon.colcon_core.shell:Creating prefix chain script '/home/copperbottoms/code/Copperbottoms/ros_ws/install/setup.zsh'
