[1.590s] DEBUG:colcon:Command line arguments: ['/usr/bin/colcon', 'build', '--packages-select', 'stop_sign']
[1.591s] DEBUG:colcon:Parsed command line arguments: Namespace(log_base=None, log_level=None, verb_name='build', build_base='build', install_base='install', merge_install=False, symlink_install=False, test_result_base=None, continue_on_error=False, executor='parallel', parallel_workers=4, event_handlers=None, ignore_user_meta=False, metas=['./colcon.meta'], base_paths=['.'], packages_ignore=None, packages_ignore_regex=None, paths=None, packages_up_to=None, packages_up_to_regex=None, packages_above=None, packages_above_and_dependencies=None, packages_above_depth=None, packages_select_by_dep=None, packages_skip_by_dep=None, packages_skip_up_to=None, packages_select_build_failed=False, packages_skip_build_finished=False, packages_select_test_failures=False, packages_skip_test_passed=False, packages_select=['stop_sign'], packages_skip=None, packages_select_regex=None, packages_skip_regex=None, packages_start=None, packages_end=None, allow_overriding=[], cmake_args=None, cmake_target=None, cmake_target_skip_unavailable=False, cmake_clean_cache=False, cmake_clean_first=False, cmake_force_configure=False, ament_cmake_args=None, catkin_cmake_args=None, catkin_skip_building_tests=False, mixin_files=None, mixin=None, verb_parser=<colcon_mixin.mixin.mixin_argument.MixinArgumentDecorator object at 0xffff87f439a0>, verb_extension=<colcon_core.verb.build.BuildVerb object at 0xffff88140940>, main=<bound method BuildVerb.main of <colcon_core.verb.build.BuildVerb object at 0xffff88140940>>, mixin_verb=('build',))
[4.203s] Level 1:colcon.colcon_core.package_discovery:discover_packages(colcon_meta) check parameters
[4.205s] Level 1:colcon.colcon_core.package_discovery:discover_packages(recursive) check parameters
[4.205s] Level 1:colcon.colcon_core.package_discovery:discover_packages(ignore) check parameters
[4.206s] Level 1:colcon.colcon_core.package_discovery:discover_packages(path) check parameters
[4.207s] Level 1:colcon.colcon_core.package_discovery:discover_packages(colcon_meta) discover
[4.207s] Level 1:colcon.colcon_core.package_discovery:discover_packages(recursive) discover
[4.208s] INFO:colcon.colcon_core.package_discovery:Crawling recursively for packages in '/home/copperbottoms/code/Copperbottoms/ros_ws/src/stop_sign'
[4.210s] Level 1:colcon.colcon_core.package_identification:_identify(.) by extensions ['ignore', 'ignore_ament_install']
[4.211s] Level 1:colcon.colcon_core.package_identification:_identify(.) by extension 'ignore'
[4.212s] Level 1:colcon.colcon_core.package_identification:_identify(.) by extension 'ignore_ament_install'
[4.213s] Level 1:colcon.colcon_core.package_identification:_identify(.) by extensions ['colcon_pkg']
[4.214s] Level 1:colcon.colcon_core.package_identification:_identify(.) by extension 'colcon_pkg'
[4.215s] Level 1:colcon.colcon_core.package_identification:_identify(.) by extensions ['colcon_meta']
[4.216s] Level 1:colcon.colcon_core.package_identification:_identify(.) by extension 'colcon_meta'
[4.217s] Level 1:colcon.colcon_core.package_identification:_identify(.) by extensions ['ros']
[4.218s] Level 1:colcon.colcon_core.package_identification:_identify(.) by extension 'ros'
[4.365s] DEBUG:colcon.colcon_core.package_identification:Package '.' with type 'ros.ament_python' and name 'stop_sign'
[4.367s] Level 1:colcon.colcon_core.package_discovery:discover_packages(recursive) using defaults
[4.368s] Level 1:colcon.colcon_core.package_discovery:discover_packages(ignore) discover
[4.369s] Level 1:colcon.colcon_core.package_discovery:discover_packages(ignore) using defaults
[4.371s] Level 1:colcon.colcon_core.package_discovery:discover_packages(path) discover
[4.372s] Level 1:colcon.colcon_core.package_discovery:discover_packages(path) using defaults
[4.702s] Level 1:colcon.colcon_core.package_discovery:discover_packages(prefix_path) check parameters
[4.702s] Level 1:colcon.colcon_core.package_discovery:discover_packages(prefix_path) discover
[4.717s] DEBUG:colcon.colcon_installed_package_information.package_discovery:Found 1 installed packages in /home/copperbottoms/code/Copperbottoms/ros_ws/src/stop_sign/install
[4.726s] DEBUG:colcon.colcon_installed_package_information.package_discovery:Found 11 installed packages in /home/copperbottoms/code/Copperbottoms/ros_ws/install
[4.739s] DEBUG:colcon.colcon_installed_package_information.package_discovery:Found 297 installed packages in /opt/ros/humble
[4.750s] Level 1:colcon.colcon_core.package_discovery:discover_packages(prefix_path) using defaults
[5.196s] Level 5:colcon.colcon_core.verb:set package 'stop_sign' build argument 'cmake_args' from command line to 'None'
[5.197s] Level 5:colcon.colcon_core.verb:set package 'stop_sign' build argument 'cmake_target' from command line to 'None'
[5.197s] Level 5:colcon.colcon_core.verb:set package 'stop_sign' build argument 'cmake_target_skip_unavailable' from command line to 'False'
[5.197s] Level 5:colcon.colcon_core.verb:set package 'stop_sign' build argument 'cmake_clean_cache' from command line to 'False'
[5.197s] Level 5:colcon.colcon_core.verb:set package 'stop_sign' build argument 'cmake_clean_first' from command line to 'False'
[5.197s] Level 5:colcon.colcon_core.verb:set package 'stop_sign' build argument 'cmake_force_configure' from command line to 'False'
[5.198s] Level 5:colcon.colcon_core.verb:set package 'stop_sign' build argument 'ament_cmake_args' from command line to 'None'
[5.198s] Level 5:colcon.colcon_core.verb:set package 'stop_sign' build argument 'catkin_cmake_args' from command line to 'None'
[5.198s] Level 5:colcon.colcon_core.verb:set package 'stop_sign' build argument 'catkin_skip_building_tests' from command line to 'False'
[5.198s] DEBUG:colcon.colcon_core.verb:Building package 'stop_sign' with the following arguments: {'ament_cmake_args': None, 'build_base': '/home/copperbottoms/code/Copperbottoms/ros_ws/src/stop_sign/build/stop_sign', 'catkin_cmake_args': None, 'catkin_skip_building_tests': False, 'cmake_args': None, 'cmake_clean_cache': False, 'cmake_clean_first': False, 'cmake_force_configure': False, 'cmake_target': None, 'cmake_target_skip_unavailable': False, 'install_base': '/home/copperbottoms/code/Copperbottoms/ros_ws/src/stop_sign/install/stop_sign', 'merge_install': False, 'path': '/home/copperbottoms/code/Copperbottoms/ros_ws/src/stop_sign', 'symlink_install': False, 'test_result_base': None}
[5.199s] INFO:colcon.colcon_core.executor:Executing jobs using 'parallel' executor
[5.203s] DEBUG:colcon.colcon_parallel_executor.executor.parallel:run_until_complete
[5.204s] INFO:colcon.colcon_ros.task.ament_python.build:Building ROS package in '/home/copperbottoms/code/Copperbottoms/ros_ws/src/stop_sign' with build type 'ament_python'
[5.204s] Level 1:colcon.colcon_core.shell:create_environment_hook('stop_sign', 'ament_prefix_path')
[5.217s] INFO:colcon.colcon_core.plugin_system:Skipping extension 'colcon_core.shell.bat': Not used on non-Windows systems
[5.218s] INFO:colcon.colcon_core.shell:Creating environment hook '/home/copperbottoms/code/Copperbottoms/ros_ws/src/stop_sign/install/stop_sign/share/stop_sign/hook/ament_prefix_path.ps1'
[5.224s] INFO:colcon.colcon_core.shell:Creating environment descriptor '/home/copperbottoms/code/Copperbottoms/ros_ws/src/stop_sign/install/stop_sign/share/stop_sign/hook/ament_prefix_path.dsv'
[5.229s] INFO:colcon.colcon_core.shell:Creating environment hook '/home/copperbottoms/code/Copperbottoms/ros_ws/src/stop_sign/install/stop_sign/share/stop_sign/hook/ament_prefix_path.sh'
[5.233s] INFO:colcon.colcon_core.shell:Skip shell extension 'powershell' for command environment: Not usable outside of PowerShell
[5.234s] DEBUG:colcon.colcon_core.shell:Skip shell extension 'dsv' for command environment
[8.840s] INFO:colcon.colcon_core.task.python.build:Building Python package in '/home/copperbottoms/code/Copperbottoms/ros_ws/src/stop_sign'
[8.843s] INFO:colcon.colcon_core.shell:Skip shell extension 'powershell' for command environment: Not usable outside of PowerShell
[8.843s] DEBUG:colcon.colcon_core.shell:Skip shell extension 'dsv' for command environment
[13.967s] DEBUG:colcon.colcon_core.event_handler.log_command:Invoking command in '/home/copperbottoms/code/Copperbottoms/ros_ws/src/stop_sign': PYTHONPATH=/home/copperbottoms/code/Copperbottoms/ros_ws/src/stop_sign/build/stop_sign/prefix_override:/usr/lib/python3/dist-packages/colcon_core/task/python/colcon_distutils_commands:/home/copperbottoms/code/Copperbottoms/ros_ws/src/stop_sign/install/stop_sign/lib/python3.10/site-packages:${PYTHONPATH} /usr/bin/python3 -W ignore:setup.py install is deprecated -W ignore:easy_install command is deprecated setup.py egg_info --egg-base build/stop_sign build --build-base /home/copperbottoms/code/Copperbottoms/ros_ws/src/stop_sign/build/stop_sign/build install --record /home/copperbottoms/code/Copperbottoms/ros_ws/src/stop_sign/build/stop_sign/install.log --single-version-externally-managed install_data
[18.245s] DEBUG:colcon.colcon_core.event_handler.log_command:Invoked command in '/home/copperbottoms/code/Copperbottoms/ros_ws/src/stop_sign' returned '0': PYTHONPATH=/home/copperbottoms/code/Copperbottoms/ros_ws/src/stop_sign/build/stop_sign/prefix_override:/usr/lib/python3/dist-packages/colcon_core/task/python/colcon_distutils_commands:/home/copperbottoms/code/Copperbottoms/ros_ws/src/stop_sign/install/stop_sign/lib/python3.10/site-packages:${PYTHONPATH} /usr/bin/python3 -W ignore:setup.py install is deprecated -W ignore:easy_install command is deprecated setup.py egg_info --egg-base build/stop_sign build --build-base /home/copperbottoms/code/Copperbottoms/ros_ws/src/stop_sign/build/stop_sign/build install --record /home/copperbottoms/code/Copperbottoms/ros_ws/src/stop_sign/build/stop_sign/install.log --single-version-externally-managed install_data
[18.269s] Level 1:colcon.colcon_core.environment:checking '/home/copperbottoms/code/Copperbottoms/ros_ws/src/stop_sign/install/stop_sign' for CMake module files
[18.274s] Level 1:colcon.colcon_core.environment:checking '/home/copperbottoms/code/Copperbottoms/ros_ws/src/stop_sign/install/stop_sign' for CMake config files
[18.298s] Level 1:colcon.colcon_core.environment:checking '/home/copperbottoms/code/Copperbottoms/ros_ws/src/stop_sign/install/stop_sign/lib'
[18.307s] Level 1:colcon.colcon_core.environment:checking '/home/copperbottoms/code/Copperbottoms/ros_ws/src/stop_sign/install/stop_sign/bin'
[18.307s] Level 1:colcon.colcon_core.environment:checking '/home/copperbottoms/code/Copperbottoms/ros_ws/src/stop_sign/install/stop_sign/lib/pkgconfig/stop_sign.pc'
[18.314s] Level 1:colcon.colcon_core.environment:checking '/home/copperbottoms/code/Copperbottoms/ros_ws/src/stop_sign/install/stop_sign/lib/python3.10/site-packages'
[18.315s] Level 1:colcon.colcon_core.shell:create_environment_hook('stop_sign', 'pythonpath')
[18.317s] INFO:colcon.colcon_core.shell:Creating environment hook '/home/copperbottoms/code/Copperbottoms/ros_ws/src/stop_sign/install/stop_sign/share/stop_sign/hook/pythonpath.ps1'
[18.330s] INFO:colcon.colcon_core.shell:Creating environment descriptor '/home/copperbottoms/code/Copperbottoms/ros_ws/src/stop_sign/install/stop_sign/share/stop_sign/hook/pythonpath.dsv'
[18.333s] INFO:colcon.colcon_core.shell:Creating environment hook '/home/copperbottoms/code/Copperbottoms/ros_ws/src/stop_sign/install/stop_sign/share/stop_sign/hook/pythonpath.sh'
[18.338s] Level 1:colcon.colcon_core.environment:checking '/home/copperbottoms/code/Copperbottoms/ros_ws/src/stop_sign/install/stop_sign/bin'
[18.339s] Level 1:colcon.colcon_core.environment:create_environment_scripts_only(stop_sign)
[18.341s] INFO:colcon.colcon_core.shell:Creating package script '/home/copperbottoms/code/Copperbottoms/ros_ws/src/stop_sign/install/stop_sign/share/stop_sign/package.ps1'
[18.351s] INFO:colcon.colcon_core.shell:Creating package descriptor '/home/copperbottoms/code/Copperbottoms/ros_ws/src/stop_sign/install/stop_sign/share/stop_sign/package.dsv'
[18.356s] INFO:colcon.colcon_core.shell:Creating package script '/home/copperbottoms/code/Copperbottoms/ros_ws/src/stop_sign/install/stop_sign/share/stop_sign/package.sh'
[18.363s] INFO:colcon.colcon_core.shell:Creating package script '/home/copperbottoms/code/Copperbottoms/ros_ws/src/stop_sign/install/stop_sign/share/stop_sign/package.bash'
[18.367s] INFO:colcon.colcon_core.shell:Creating package script '/home/copperbottoms/code/Copperbottoms/ros_ws/src/stop_sign/install/stop_sign/share/stop_sign/package.zsh'
[18.371s] Level 1:colcon.colcon_core.environment:create_file_with_runtime_dependencies(/home/copperbottoms/code/Copperbottoms/ros_ws/src/stop_sign/install/stop_sign/share/colcon-core/packages/stop_sign)
[18.374s] DEBUG:colcon.colcon_parallel_executor.executor.parallel:closing loop
[18.375s] DEBUG:colcon.colcon_parallel_executor.executor.parallel:loop closed
[18.376s] DEBUG:colcon.colcon_parallel_executor.executor.parallel:run_until_complete finished with '0'
[18.376s] DEBUG:colcon.colcon_core.event_reactor:joining thread
[18.414s] INFO:colcon.colcon_core.plugin_system:Skipping extension 'colcon_notification.desktop_notification.terminal_notifier': Not used on non-Darwin systems
[18.415s] INFO:colcon.colcon_core.plugin_system:Skipping extension 'colcon_notification.desktop_notification.win32': Not used on non-Windows systems
[18.415s] INFO:colcon.colcon_notification.desktop_notification:Sending desktop notification using 'notify2'
[18.423s] DEBUG:colcon.colcon_notification.desktop_notification.notify2:Failed to initialize notify2: org.freedesktop.DBus.Error.ServiceUnknown: The name org.freedesktop.Notifications was not provided by any .service files
[18.424s] DEBUG:colcon.colcon_core.event_reactor:joined thread
[18.426s] INFO:colcon.colcon_core.shell:Creating prefix script '/home/copperbottoms/code/Copperbottoms/ros_ws/src/stop_sign/install/local_setup.ps1'
[18.432s] INFO:colcon.colcon_core.shell:Creating prefix util module '/home/copperbottoms/code/Copperbottoms/ros_ws/src/stop_sign/install/_local_setup_util_ps1.py'
[18.442s] INFO:colcon.colcon_core.shell:Creating prefix chain script '/home/copperbottoms/code/Copperbottoms/ros_ws/src/stop_sign/install/setup.ps1'
[18.451s] INFO:colcon.colcon_core.shell:Creating prefix script '/home/copperbottoms/code/Copperbottoms/ros_ws/src/stop_sign/install/local_setup.sh'
[18.457s] INFO:colcon.colcon_core.shell:Creating prefix util module '/home/copperbottoms/code/Copperbottoms/ros_ws/src/stop_sign/install/_local_setup_util_sh.py'
[18.462s] INFO:colcon.colcon_core.shell:Creating prefix chain script '/home/copperbottoms/code/Copperbottoms/ros_ws/src/stop_sign/install/setup.sh'
[18.476s] INFO:colcon.colcon_core.shell:Creating prefix script '/home/copperbottoms/code/Copperbottoms/ros_ws/src/stop_sign/install/local_setup.bash'
[18.479s] INFO:colcon.colcon_core.shell:Creating prefix chain script '/home/copperbottoms/code/Copperbottoms/ros_ws/src/stop_sign/install/setup.bash'
[18.490s] INFO:colcon.colcon_core.shell:Creating prefix script '/home/copperbottoms/code/Copperbottoms/ros_ws/src/stop_sign/install/local_setup.zsh'
[18.495s] INFO:colcon.colcon_core.shell:Creating prefix chain script '/home/copperbottoms/code/Copperbottoms/ros_ws/src/stop_sign/install/setup.zsh'
