[3.805s] Invoking command in '/home/copperbottoms/code/Copperbottoms/ros_ws/src/obstacle_avoidance': CMAKE_PREFIX_PATH=/home/copperbottoms/code/Copperbottoms/ros_ws/install/custom_messages:/home/copperbottoms/code/Copperbottoms/ros_ws/install/rplidar_ros:/home/copperbottoms/code/Copperbottoms/ros_ws/install/robo_rover PYTHONPATH=/home/copperbottoms/code/Copperbottoms/ros_ws/build/obstacle_avoidance/prefix_override:/usr/lib/python3/dist-packages/colcon_core/task/python/colcon_distutils_commands:/home/copperbottoms/code/Copperbottoms/ros_ws/install/obstacle_avoidance/lib/python3.10/site-packages:${PYTHONPATH} /usr/bin/python3 -W ignore:setup.py install is deprecated -W ignore:easy_install command is deprecated setup.py egg_info --egg-base ../../build/obstacle_avoidance build --build-base /home/copperbottoms/code/Copperbottoms/ros_ws/build/obstacle_avoidance/build install --record /home/copperbottoms/code/Copperbottoms/ros_ws/build/obstacle_avoidance/install.log --single-version-externally-managed install_data
[5.055s] running egg_info
[5.058s] writing ../../build/obstacle_avoidance/obstacle_avoidance.egg-info/PKG-INFO
[5.059s] writing dependency_links to ../../build/obstacle_avoidance/obstacle_avoidance.egg-info/dependency_links.txt
[5.061s] writing entry points to ../../build/obstacle_avoidance/obstacle_avoidance.egg-info/entry_points.txt
[5.062s] writing requirements to ../../build/obstacle_avoidance/obstacle_avoidance.egg-info/requires.txt
[5.063s] writing top-level names to ../../build/obstacle_avoidance/obstacle_avoidance.egg-info/top_level.txt
[5.073s] reading manifest file '../../build/obstacle_avoidance/obstacle_avoidance.egg-info/SOURCES.txt'
[5.075s] adding license file 'LICENSE'
[5.078s] writing manifest file '../../build/obstacle_avoidance/obstacle_avoidance.egg-info/SOURCES.txt'
[5.078s] running build
[5.079s] running build_py
[5.079s] copying collision/collision.py -> /home/copperbottoms/code/Copperbottoms/ros_ws/build/obstacle_avoidance/build/lib/collision
[5.082s] running install
[5.084s] running install_lib
[5.088s] copying /home/copperbottoms/code/Copperbottoms/ros_ws/build/obstacle_avoidance/build/lib/collision/collision.py -> /home/copperbottoms/code/Copperbottoms/ros_ws/install/obstacle_avoidance/lib/python3.10/site-packages/collision
[5.091s] byte-compiling /home/copperbottoms/code/Copperbottoms/ros_ws/install/obstacle_avoidance/lib/python3.10/site-packages/collision/collision.py to collision.cpython-310.pyc
[5.096s] running install_data
[5.096s] running install_egg_info
[5.104s] removing '/home/copperbottoms/code/Copperbottoms/ros_ws/install/obstacle_avoidance/lib/python3.10/site-packages/obstacle_avoidance-0.0.0-py3.10.egg-info' (and everything under it)
[5.106s] Copying ../../build/obstacle_avoidance/obstacle_avoidance.egg-info to /home/copperbottoms/code/Copperbottoms/ros_ws/install/obstacle_avoidance/lib/python3.10/site-packages/obstacle_avoidance-0.0.0-py3.10.egg-info
[5.116s] running install_scripts
[5.200s] Installing collision script to /home/copperbottoms/code/Copperbottoms/ros_ws/install/obstacle_avoidance/lib/obstacle_avoidance
[5.202s] writing list of installed files to '/home/copperbottoms/code/Copperbottoms/ros_ws/build/obstacle_avoidance/install.log'
[5.321s] Invoked command in '/home/copperbottoms/code/Copperbottoms/ros_ws/src/obstacle_avoidance' returned '0': CMAKE_PREFIX_PATH=/home/copperbottoms/code/Copperbottoms/ros_ws/install/custom_messages:/home/copperbottoms/code/Copperbottoms/ros_ws/install/rplidar_ros:/home/copperbottoms/code/Copperbottoms/ros_ws/install/robo_rover PYTHONPATH=/home/copperbottoms/code/Copperbottoms/ros_ws/build/obstacle_avoidance/prefix_override:/usr/lib/python3/dist-packages/colcon_core/task/python/colcon_distutils_commands:/home/copperbottoms/code/Copperbottoms/ros_ws/install/obstacle_avoidance/lib/python3.10/site-packages:${PYTHONPATH} /usr/bin/python3 -W ignore:setup.py install is deprecated -W ignore:easy_install command is deprecated setup.py egg_info --egg-base ../../build/obstacle_avoidance build --build-base /home/copperbottoms/code/Copperbottoms/ros_ws/build/obstacle_avoidance/build install --record /home/copperbottoms/code/Copperbottoms/ros_ws/build/obstacle_avoidance/install.log --single-version-externally-managed install_data
