[0.049s] Invoking command in '/home/copperbottoms/code/Copperbottoms/ros_ws/build/robo_rover': CMAKE_PREFIX_PATH=${CMAKE_PREFIX_PATH}:/home/copperbottoms/code/Copperbottoms/ros_ws/install/realsense_publisher:/home/copperbottoms/code/Copperbottoms/ros_ws/install/obstacle_avoidance:/opt/ros/humble /usr/bin/cmake --build /home/copperbottoms/code/Copperbottoms/ros_ws/build/robo_rover -- -j4 -l4
[0.296s] Built target ament_cmake_python_symlink_robo_rover
[1.520s] running egg_info
[1.523s] writing robo_rover.egg-info/PKG-INFO
[1.525s] writing dependency_links to robo_rover.egg-info/dependency_links.txt
[1.526s] writing top-level names to robo_rover.egg-info/top_level.txt
[1.540s] reading manifest file 'robo_rover.egg-info/SOURCES.txt'
[1.543s] writing manifest file 'robo_rover.egg-info/SOURCES.txt'
[1.685s] Built target ament_cmake_python_build_robo_rover_egg
[1.724s] Invoked command in '/home/copperbottoms/code/Copperbottoms/ros_ws/build/robo_rover' returned '0': CMAKE_PREFIX_PATH=${CMAKE_PREFIX_PATH}:/home/copperbottoms/code/Copperbottoms/ros_ws/install/realsense_publisher:/home/copperbottoms/code/Copperbottoms/ros_ws/install/obstacle_avoidance:/opt/ros/humble /usr/bin/cmake --build /home/copperbottoms/code/Copperbottoms/ros_ws/build/robo_rover -- -j4 -l4
[1.768s] Invoking command in '/home/copperbottoms/code/Copperbottoms/ros_ws/build/robo_rover': CMAKE_PREFIX_PATH=${CMAKE_PREFIX_PATH}:/home/copperbottoms/code/Copperbottoms/ros_ws/install/realsense_publisher:/home/copperbottoms/code/Copperbottoms/ros_ws/install/obstacle_avoidance:/opt/ros/humble /usr/bin/cmake --install /home/copperbottoms/code/Copperbottoms/ros_ws/build/robo_rover
[1.795s] -- Install configuration: ""
[1.797s] -- Execute custom install script
[1.798s] -- Up-to-date symlink: /home/copperbottoms/code/Copperbottoms/ros_ws/install/robo_rover/share/robo_rover/environment/pythonpath.sh
[1.799s] -- Up-to-date symlink: /home/copperbottoms/code/Copperbottoms/ros_ws/install/robo_rover/share/robo_rover/environment/pythonpath.dsv
[1.801s] -- Up-to-date symlink: /home/copperbottoms/code/Copperbottoms/ros_ws/install/robo_rover/local/lib/python3.10/dist-packages/robo_rover-1.0.0-py3.10.egg-info/PKG-INFO
[1.803s] -- Up-to-date symlink: /home/copperbottoms/code/Copperbottoms/ros_ws/install/robo_rover/local/lib/python3.10/dist-packages/robo_rover-1.0.0-py3.10.egg-info/SOURCES.txt
[1.804s] -- Up-to-date symlink: /home/copperbottoms/code/Copperbottoms/ros_ws/install/robo_rover/local/lib/python3.10/dist-packages/robo_rover-1.0.0-py3.10.egg-info/dependency_links.txt
[1.805s] -- Up-to-date symlink: /home/copperbottoms/code/Copperbottoms/ros_ws/install/robo_rover/local/lib/python3.10/dist-packages/robo_rover-1.0.0-py3.10.egg-info/top_level.txt
[1.808s] -- Up-to-date symlink: /home/copperbottoms/code/Copperbottoms/ros_ws/install/robo_rover/local/lib/python3.10/dist-packages/robo_rover/__init__.py
[1.809s] -- Up-to-date symlink: /home/copperbottoms/code/Copperbottoms/ros_ws/install/robo_rover/local/lib/python3.10/dist-packages/robo_rover/rover_node.py
[1.811s] -- Up-to-date symlink: /home/copperbottoms/code/Copperbottoms/ros_ws/install/robo_rover/share/robo_rover/launch/rover_launch.py
[1.812s] -- Up-to-date symlink: /home/copperbottoms/code/Copperbottoms/ros_ws/install/robo_rover/share/ament_index/resource_index/package_run_dependencies/robo_rover
[1.813s] -- Up-to-date symlink: /home/copperbottoms/code/Copperbottoms/ros_ws/install/robo_rover/share/ament_index/resource_index/parent_prefix_path/robo_rover
[1.814s] -- Up-to-date symlink: /home/copperbottoms/code/Copperbottoms/ros_ws/install/robo_rover/share/robo_rover/environment/ament_prefix_path.sh
[1.815s] -- Up-to-date symlink: /home/copperbottoms/code/Copperbottoms/ros_ws/install/robo_rover/share/robo_rover/environment/ament_prefix_path.dsv
[1.816s] -- Up-to-date symlink: /home/copperbottoms/code/Copperbottoms/ros_ws/install/robo_rover/share/robo_rover/environment/path.sh
[1.817s] -- Up-to-date symlink: /home/copperbottoms/code/Copperbottoms/ros_ws/install/robo_rover/share/robo_rover/environment/path.dsv
[1.818s] -- Up-to-date symlink: /home/copperbottoms/code/Copperbottoms/ros_ws/install/robo_rover/share/robo_rover/local_setup.bash
[1.819s] -- Up-to-date symlink: /home/copperbottoms/code/Copperbottoms/ros_ws/install/robo_rover/share/robo_rover/local_setup.sh
[1.820s] -- Up-to-date symlink: /home/copperbottoms/code/Copperbottoms/ros_ws/install/robo_rover/share/robo_rover/local_setup.zsh
[1.821s] -- Up-to-date symlink: /home/copperbottoms/code/Copperbottoms/ros_ws/install/robo_rover/share/robo_rover/local_setup.dsv
[1.822s] -- Symlinking: /home/copperbottoms/code/Copperbottoms/ros_ws/install/robo_rover/share/robo_rover/package.dsv
[1.855s] -- Up-to-date symlink: /home/copperbottoms/code/Copperbottoms/ros_ws/install/robo_rover/share/ament_index/resource_index/packages/robo_rover
[1.856s] -- Up-to-date symlink: /home/copperbottoms/code/Copperbottoms/ros_ws/install/robo_rover/share/robo_rover/cmake/robo_roverConfig.cmake
[1.857s] -- Up-to-date symlink: /home/copperbottoms/code/Copperbottoms/ros_ws/install/robo_rover/share/robo_rover/cmake/robo_roverConfig-version.cmake
[1.858s] -- Up-to-date symlink: /home/copperbottoms/code/Copperbottoms/ros_ws/install/robo_rover/share/robo_rover/package.xml
[2.031s] Listing '/home/copperbottoms/code/Copperbottoms/ros_ws/install/robo_rover/local/lib/python3.10/dist-packages/robo_rover'...
[2.032s] Compiling '/home/copperbottoms/code/Copperbottoms/ros_ws/install/robo_rover/local/lib/python3.10/dist-packages/robo_rover/rover_node.py'...
[2.056s] -- Installing: /home/copperbottoms/code/Copperbottoms/ros_ws/install/robo_rover/lib/robo_rover/rover_node
[2.064s] Invoked command in '/home/copperbottoms/code/Copperbottoms/ros_ws/build/robo_rover' returned '0': CMAKE_PREFIX_PATH=${CMAKE_PREFIX_PATH}:/home/copperbottoms/code/Copperbottoms/ros_ws/install/realsense_publisher:/home/copperbottoms/code/Copperbottoms/ros_ws/install/obstacle_avoidance:/opt/ros/humble /usr/bin/cmake --install /home/copperbottoms/code/Copperbottoms/ros_ws/build/robo_rover
