[3.096s] Invoking command in '/home/copperbottoms/code/Copperbottoms/ros_ws/src/sensor_visualization': PYTHONPATH=/home/copperbottoms/code/Copperbottoms/ros_ws/build/sensor_visualization/prefix_override:/usr/lib/python3/dist-packages/colcon_core/task/python/colcon_distutils_commands:/home/copperbottoms/code/Copperbottoms/ros_ws/install/sensor_visualization/lib/python3.10/site-packages:${PYTHONPATH} /usr/bin/python3 -W ignore:setup.py install is deprecated -W ignore:easy_install command is deprecated setup.py egg_info --egg-base ../../build/sensor_visualization build --build-base /home/copperbottoms/code/Copperbottoms/ros_ws/build/sensor_visualization/build install --record /home/copperbottoms/code/Copperbottoms/ros_ws/build/sensor_visualization/install.log --single-version-externally-managed install_data
[4.579s] running egg_info
[4.582s] creating ../../build/sensor_visualization/sensor_visualization.egg-info
[4.583s] writing ../../build/sensor_visualization/sensor_visualization.egg-info/PKG-INFO
[4.584s] writing dependency_links to ../../build/sensor_visualization/sensor_visualization.egg-info/dependency_links.txt
[4.586s] writing entry points to ../../build/sensor_visualization/sensor_visualization.egg-info/entry_points.txt
[4.586s] writing requirements to ../../build/sensor_visualization/sensor_visualization.egg-info/requires.txt
[4.587s] writing top-level names to ../../build/sensor_visualization/sensor_visualization.egg-info/top_level.txt
[4.589s] writing manifest file '../../build/sensor_visualization/sensor_visualization.egg-info/SOURCES.txt'
[4.597s] reading manifest file '../../build/sensor_visualization/sensor_visualization.egg-info/SOURCES.txt'
[4.602s] writing manifest file '../../build/sensor_visualization/sensor_visualization.egg-info/SOURCES.txt'
[4.603s] running build
[4.603s] running build_py
[4.604s] creating /home/copperbottoms/code/Copperbottoms/ros_ws/build/sensor_visualization/build
[4.605s] creating /home/copperbottoms/code/Copperbottoms/ros_ws/build/sensor_visualization/build/lib
[4.606s] creating /home/copperbottoms/code/Copperbottoms/ros_ws/build/sensor_visualization/build/lib/sensor_visualization
[4.606s] copying sensor_visualization/__init__.py -> /home/copperbottoms/code/Copperbottoms/ros_ws/build/sensor_visualization/build/lib/sensor_visualization
[4.607s] copying sensor_visualization/sensor_visualization.py -> /home/copperbottoms/code/Copperbottoms/ros_ws/build/sensor_visualization/build/lib/sensor_visualization
[4.608s] running install
[4.609s] running install_lib
[4.612s] creating /home/copperbottoms/code/Copperbottoms/ros_ws/install/sensor_visualization/lib/python3.10/site-packages/sensor_visualization
[4.613s] copying /home/copperbottoms/code/Copperbottoms/ros_ws/build/sensor_visualization/build/lib/sensor_visualization/__init__.py -> /home/copperbottoms/code/Copperbottoms/ros_ws/install/sensor_visualization/lib/python3.10/site-packages/sensor_visualization
[4.614s] copying /home/copperbottoms/code/Copperbottoms/ros_ws/build/sensor_visualization/build/lib/sensor_visualization/sensor_visualization.py -> /home/copperbottoms/code/Copperbottoms/ros_ws/install/sensor_visualization/lib/python3.10/site-packages/sensor_visualization
[4.617s] byte-compiling /home/copperbottoms/code/Copperbottoms/ros_ws/install/sensor_visualization/lib/python3.10/site-packages/sensor_visualization/__init__.py to __init__.cpython-310.pyc
[4.619s] byte-compiling /home/copperbottoms/code/Copperbottoms/ros_ws/install/sensor_visualization/lib/python3.10/site-packages/sensor_visualization/sensor_visualization.py to sensor_visualization.cpython-310.pyc
[4.623s] running install_data
[4.624s] creating /home/copperbottoms/code/Copperbottoms/ros_ws/install/sensor_visualization/share
[4.625s] creating /home/copperbottoms/code/Copperbottoms/ros_ws/install/sensor_visualization/share/ament_index
[4.626s] creating /home/copperbottoms/code/Copperbottoms/ros_ws/install/sensor_visualization/share/ament_index/resource_index
[4.627s] creating /home/copperbottoms/code/Copperbottoms/ros_ws/install/sensor_visualization/share/ament_index/resource_index/packages
[4.629s] copying resource/sensor_visualization -> /home/copperbottoms/code/Copperbottoms/ros_ws/install/sensor_visualization/share/ament_index/resource_index/packages
[4.629s] creating /home/copperbottoms/code/Copperbottoms/ros_ws/install/sensor_visualization/share/sensor_visualization
[4.630s] copying package.xml -> /home/copperbottoms/code/Copperbottoms/ros_ws/install/sensor_visualization/share/sensor_visualization
[4.631s] running install_egg_info
[4.641s] Copying ../../build/sensor_visualization/sensor_visualization.egg-info to /home/copperbottoms/code/Copperbottoms/ros_ws/install/sensor_visualization/lib/python3.10/site-packages/sensor_visualization-0.0.1-py3.10.egg-info
[4.649s] running install_scripts
[4.743s] Installing sensor_visualization_node script to /home/copperbottoms/code/Copperbottoms/ros_ws/install/sensor_visualization/bin
[4.746s] writing list of installed files to '/home/copperbottoms/code/Copperbottoms/ros_ws/build/sensor_visualization/install.log'
[4.887s] Invoked command in '/home/copperbottoms/code/Copperbottoms/ros_ws/src/sensor_visualization' returned '0': PYTHONPATH=/home/copperbottoms/code/Copperbottoms/ros_ws/build/sensor_visualization/prefix_override:/usr/lib/python3/dist-packages/colcon_core/task/python/colcon_distutils_commands:/home/copperbottoms/code/Copperbottoms/ros_ws/install/sensor_visualization/lib/python3.10/site-packages:${PYTHONPATH} /usr/bin/python3 -W ignore:setup.py install is deprecated -W ignore:easy_install command is deprecated setup.py egg_info --egg-base ../../build/sensor_visualization build --build-base /home/copperbottoms/code/Copperbottoms/ros_ws/build/sensor_visualization/build install --record /home/copperbottoms/code/Copperbottoms/ros_ws/build/sensor_visualization/install.log --single-version-externally-managed install_data
