running egg_info
creating ../../build/landmark_slam/landmark_slam.egg-info
writing ../../build/landmark_slam/landmark_slam.egg-info/PKG-INFO
writing dependency_links to ../../build/landmark_slam/landmark_slam.egg-info/dependency_links.txt
writing entry points to ../../build/landmark_slam/landmark_slam.egg-info/entry_points.txt
writing requirements to ../../build/landmark_slam/landmark_slam.egg-info/requires.txt
writing top-level names to ../../build/landmark_slam/landmark_slam.egg-info/top_level.txt
writing manifest file '../../build/landmark_slam/landmark_slam.egg-info/SOURCES.txt'
reading manifest file '../../build/landmark_slam/landmark_slam.egg-info/SOURCES.txt'
writing manifest file '../../build/landmark_slam/landmark_slam.egg-info/SOURCES.txt'
running build
running build_py
creating /home/copperbottoms/code/Copperbottoms/ros_ws/build/landmark_slam/build
creating /home/copperbottoms/code/Copperbottoms/ros_ws/build/landmark_slam/build/lib
creating /home/copperbottoms/code/Copperbottoms/ros_ws/build/landmark_slam/build/lib/landmark_slam
copying landmark_slam/landmark_slam.py -> /home/copperbottoms/code/Copperbottoms/ros_ws/build/landmark_slam/build/lib/landmark_slam
copying landmark_slam/__init__.py -> /home/copperbottoms/code/Copperbottoms/ros_ws/build/landmark_slam/build/lib/landmark_slam
running install
running install_lib
creating /home/copperbottoms/code/Copperbottoms/ros_ws/install/landmark_slam/lib/python3.10/site-packages/landmark_slam
copying /home/copperbottoms/code/Copperbottoms/ros_ws/build/landmark_slam/build/lib/landmark_slam/landmark_slam.py -> /home/copperbottoms/code/Copperbottoms/ros_ws/install/landmark_slam/lib/python3.10/site-packages/landmark_slam
copying /home/copperbottoms/code/Copperbottoms/ros_ws/build/landmark_slam/build/lib/landmark_slam/__init__.py -> /home/copperbottoms/code/Copperbottoms/ros_ws/install/landmark_slam/lib/python3.10/site-packages/landmark_slam
byte-compiling /home/copperbottoms/code/Copperbottoms/ros_ws/install/landmark_slam/lib/python3.10/site-packages/landmark_slam/landmark_slam.py to landmark_slam.cpython-310.pyc
byte-compiling /home/copperbottoms/code/Copperbottoms/ros_ws/install/landmark_slam/lib/python3.10/site-packages/landmark_slam/__init__.py to __init__.cpython-310.pyc
running install_data
creating /home/copperbottoms/code/Copperbottoms/ros_ws/install/landmark_slam/share/ament_index
creating /home/copperbottoms/code/Copperbottoms/ros_ws/install/landmark_slam/share/ament_index/resource_index
creating /home/copperbottoms/code/Copperbottoms/ros_ws/install/landmark_slam/share/ament_index/resource_index/packages
copying resource/landmark_slam -> /home/copperbottoms/code/Copperbottoms/ros_ws/install/landmark_slam/share/ament_index/resource_index/packages
copying package.xml -> /home/copperbottoms/code/Copperbottoms/ros_ws/install/landmark_slam/share/landmark_slam
running install_egg_info
Copying ../../build/landmark_slam/landmark_slam.egg-info to /home/copperbottoms/code/Copperbottoms/ros_ws/install/landmark_slam/lib/python3.10/site-packages/landmark_slam-0.0.0-py3.10.egg-info
running install_scripts
Installing landmark_slam script to /home/copperbottoms/code/Copperbottoms/ros_ws/install/landmark_slam/lib/landmark_slam
writing list of installed files to '/home/copperbottoms/code/Copperbottoms/ros_ws/build/landmark_slam/install.log'
