[7.687s] Invoking command in '/home/copperbottoms/code/Copperbottoms/ros_ws/src/landmark_slam': PYTHONPATH=/home/copperbottoms/code/Copperbottoms/ros_ws/build/landmark_slam/prefix_override:/usr/lib/python3/dist-packages/colcon_core/task/python/colcon_distutils_commands:/home/copperbottoms/code/Copperbottoms/ros_ws/install/landmark_slam/lib/python3.10/site-packages:${PYTHONPATH} /usr/bin/python3 -W ignore:setup.py install is deprecated -W ignore:easy_install command is deprecated setup.py egg_info --egg-base ../../build/landmark_slam build --build-base /home/copperbottoms/code/Copperbottoms/ros_ws/build/landmark_slam/build install --record /home/copperbottoms/code/Copperbottoms/ros_ws/build/landmark_slam/install.log --single-version-externally-managed install_data
[10.787s] running egg_info
[10.801s] creating ../../build/landmark_slam/landmark_slam.egg-info
[10.818s] writing ../../build/landmark_slam/landmark_slam.egg-info/PKG-INFO
[10.841s] writing dependency_links to ../../build/landmark_slam/landmark_slam.egg-info/dependency_links.txt
[10.862s] writing entry points to ../../build/landmark_slam/landmark_slam.egg-info/entry_points.txt
[10.863s] writing requirements to ../../build/landmark_slam/landmark_slam.egg-info/requires.txt
[10.863s] writing top-level names to ../../build/landmark_slam/landmark_slam.egg-info/top_level.txt
[10.864s] writing manifest file '../../build/landmark_slam/landmark_slam.egg-info/SOURCES.txt'
[10.865s] reading manifest file '../../build/landmark_slam/landmark_slam.egg-info/SOURCES.txt'
[10.866s] writing manifest file '../../build/landmark_slam/landmark_slam.egg-info/SOURCES.txt'
[10.866s] running build
[10.867s] running build_py
[10.872s] creating /home/copperbottoms/code/Copperbottoms/ros_ws/build/landmark_slam/build
[10.873s] creating /home/copperbottoms/code/Copperbottoms/ros_ws/build/landmark_slam/build/lib
[10.874s] creating /home/copperbottoms/code/Copperbottoms/ros_ws/build/landmark_slam/build/lib/landmark_slam
[10.874s] copying landmark_slam/landmark_slam.py -> /home/copperbottoms/code/Copperbottoms/ros_ws/build/landmark_slam/build/lib/landmark_slam
[10.875s] copying landmark_slam/__init__.py -> /home/copperbottoms/code/Copperbottoms/ros_ws/build/landmark_slam/build/lib/landmark_slam
[10.875s] running install
[10.876s] running install_lib
[10.876s] creating /home/copperbottoms/code/Copperbottoms/ros_ws/install/landmark_slam/lib/python3.10/site-packages/landmark_slam
[10.877s] copying /home/copperbottoms/code/Copperbottoms/ros_ws/build/landmark_slam/build/lib/landmark_slam/landmark_slam.py -> /home/copperbottoms/code/Copperbottoms/ros_ws/install/landmark_slam/lib/python3.10/site-packages/landmark_slam
[10.877s] copying /home/copperbottoms/code/Copperbottoms/ros_ws/build/landmark_slam/build/lib/landmark_slam/__init__.py -> /home/copperbottoms/code/Copperbottoms/ros_ws/install/landmark_slam/lib/python3.10/site-packages/landmark_slam
[10.877s] byte-compiling /home/copperbottoms/code/Copperbottoms/ros_ws/install/landmark_slam/lib/python3.10/site-packages/landmark_slam/landmark_slam.py to landmark_slam.cpython-310.pyc
[10.878s] byte-compiling /home/copperbottoms/code/Copperbottoms/ros_ws/install/landmark_slam/lib/python3.10/site-packages/landmark_slam/__init__.py to __init__.cpython-310.pyc
[10.879s] running install_data
[10.879s] creating /home/copperbottoms/code/Copperbottoms/ros_ws/install/landmark_slam/share/ament_index
[10.880s] creating /home/copperbottoms/code/Copperbottoms/ros_ws/install/landmark_slam/share/ament_index/resource_index
[10.890s] creating /home/copperbottoms/code/Copperbottoms/ros_ws/install/landmark_slam/share/ament_index/resource_index/packages
[10.894s] copying resource/landmark_slam -> /home/copperbottoms/code/Copperbottoms/ros_ws/install/landmark_slam/share/ament_index/resource_index/packages
[10.894s] copying package.xml -> /home/copperbottoms/code/Copperbottoms/ros_ws/install/landmark_slam/share/landmark_slam
[10.895s] running install_egg_info
[10.895s] Copying ../../build/landmark_slam/landmark_slam.egg-info to /home/copperbottoms/code/Copperbottoms/ros_ws/install/landmark_slam/lib/python3.10/site-packages/landmark_slam-0.0.0-py3.10.egg-info
[10.896s] running install_scripts
[11.014s] Installing landmark_slam script to /home/copperbottoms/code/Copperbottoms/ros_ws/install/landmark_slam/lib/landmark_slam
[11.028s] writing list of installed files to '/home/copperbottoms/code/Copperbottoms/ros_ws/build/landmark_slam/install.log'
[11.342s] Invoked command in '/home/copperbottoms/code/Copperbottoms/ros_ws/src/landmark_slam' returned '0': PYTHONPATH=/home/copperbottoms/code/Copperbottoms/ros_ws/build/landmark_slam/prefix_override:/usr/lib/python3/dist-packages/colcon_core/task/python/colcon_distutils_commands:/home/copperbottoms/code/Copperbottoms/ros_ws/install/landmark_slam/lib/python3.10/site-packages:${PYTHONPATH} /usr/bin/python3 -W ignore:setup.py install is deprecated -W ignore:easy_install command is deprecated setup.py egg_info --egg-base ../../build/landmark_slam build --build-base /home/copperbottoms/code/Copperbottoms/ros_ws/build/landmark_slam/build install --record /home/copperbottoms/code/Copperbottoms/ros_ws/build/landmark_slam/install.log --single-version-externally-managed install_data
